{"/Users/jasonpeterson/Documents/GitHub/project-video-and-messaging-web-app-steven-chang-hanzhang-wu-xiaoyan-su/Chat-App/server/src/middleware/auth.js": {"path":"/Users/jasonpeterson/Documents/GitHub/project-video-and-messaging-web-app-steven-chang-hanzhang-wu-xiaoyan-su/Chat-App/server/src/middleware/auth.js","statementMap":{"0":{"start":{"line":1,"column":12},"end":{"line":1,"column":35}},"1":{"start":{"line":2,"column":13},"end":{"line":2,"column":38}},"2":{"start":{"line":4,"column":13},"end":{"line":25,"column":1}},"3":{"start":{"line":5,"column":4},"end":{"line":24,"column":5}},"4":{"start":{"line":7,"column":22},"end":{"line":7,"column":72}},"5":{"start":{"line":8,"column":24},"end":{"line":8,"column":62}},"6":{"start":{"line":10,"column":21},"end":{"line":10,"column":84}},"7":{"start":{"line":12,"column":8},"end":{"line":15,"column":9}},"8":{"start":{"line":14,"column":12},"end":{"line":14,"column":30}},"9":{"start":{"line":19,"column":8},"end":{"line":19,"column":24}},"10":{"start":{"line":20,"column":8},"end":{"line":20,"column":26}},"11":{"start":{"line":21,"column":8},"end":{"line":21,"column":15}},"12":{"start":{"line":23,"column":8},"end":{"line":23,"column":64}},"13":{"start":{"line":27,"column":0},"end":{"line":27,"column":22}}},"fnMap":{"0":{"name":"(anonymous_0)","decl":{"start":{"line":4,"column":13},"end":{"line":4,"column":14}},"loc":{"start":{"line":4,"column":38},"end":{"line":25,"column":1}},"line":4}},"branchMap":{"0":{"loc":{"start":{"line":12,"column":8},"end":{"line":15,"column":9}},"type":"if","locations":[{"start":{"line":12,"column":8},"end":{"line":15,"column":9}},{"start":{"line":12,"column":8},"end":{"line":15,"column":9}}],"line":12}},"s":{"0":1,"1":1,"2":1,"3":0,"4":0,"5":0,"6":0,"7":0,"8":0,"9":0,"10":0,"11":0,"12":0,"13":1},"f":{"0":0},"b":{"0":[0,0]},"_coverageSchema":"1a1c01bbd47fc00a2c39e90264f33305004495a9","hash":"9e3d8a49976c782d5b4d0580c74641e6ea290483"}
,"/Users/jasonpeterson/Documents/GitHub/project-video-and-messaging-web-app-steven-chang-hanzhang-wu-xiaoyan-su/Chat-App/server/src/models/message.js": {"path":"/Users/jasonpeterson/Documents/GitHub/project-video-and-messaging-web-app-steven-chang-hanzhang-wu-xiaoyan-su/Chat-App/server/src/models/message.js","statementMap":{"0":{"start":{"line":1,"column":17},"end":{"line":1,"column":36}},"1":{"start":{"line":2,"column":18},"end":{"line":2,"column":38}},"2":{"start":{"line":3,"column":15},"end":{"line":3,"column":34}},"3":{"start":{"line":4,"column":12},"end":{"line":4,"column":35}},"4":{"start":{"line":6,"column":22},"end":{"line":39,"column":2}},"5":{"start":{"line":41,"column":16},"end":{"line":41,"column":56}},"6":{"start":{"line":43,"column":0},"end":{"line":43,"column":25}}},"fnMap":{},"branchMap":{},"s":{"0":1,"1":1,"2":1,"3":1,"4":1,"5":1,"6":1},"f":{},"b":{},"_coverageSchema":"1a1c01bbd47fc00a2c39e90264f33305004495a9","hash":"2cec949cc7f5c33b7d9e4aed8ee382445f050aae"}
,"/Users/jasonpeterson/Documents/GitHub/project-video-and-messaging-web-app-steven-chang-hanzhang-wu-xiaoyan-su/Chat-App/server/src/models/status.js": {"path":"/Users/jasonpeterson/Documents/GitHub/project-video-and-messaging-web-app-steven-chang-hanzhang-wu-xiaoyan-su/Chat-App/server/src/models/status.js","statementMap":{"0":{"start":{"line":1,"column":17},"end":{"line":1,"column":36}},"1":{"start":{"line":2,"column":18},"end":{"line":2,"column":38}},"2":{"start":{"line":3,"column":15},"end":{"line":3,"column":34}},"3":{"start":{"line":4,"column":12},"end":{"line":4,"column":35}},"4":{"start":{"line":6,"column":21},"end":{"line":28,"column":2}},"5":{"start":{"line":30,"column":15},"end":{"line":30,"column":53}},"6":{"start":{"line":32,"column":0},"end":{"line":32,"column":24}}},"fnMap":{},"branchMap":{},"s":{"0":1,"1":1,"2":1,"3":1,"4":1,"5":1,"6":1},"f":{},"b":{},"_coverageSchema":"1a1c01bbd47fc00a2c39e90264f33305004495a9","hash":"64cac3dd35a113c94c9c29be69cbccf240c97757"}
,"/Users/jasonpeterson/Documents/GitHub/project-video-and-messaging-web-app-steven-chang-hanzhang-wu-xiaoyan-su/Chat-App/server/src/models/user.js": {"path":"/Users/jasonpeterson/Documents/GitHub/project-video-and-messaging-web-app-steven-chang-hanzhang-wu-xiaoyan-su/Chat-App/server/src/models/user.js","statementMap":{"0":{"start":{"line":1,"column":17},"end":{"line":1,"column":36}},"1":{"start":{"line":2,"column":18},"end":{"line":2,"column":38}},"2":{"start":{"line":3,"column":15},"end":{"line":3,"column":34}},"3":{"start":{"line":4,"column":12},"end":{"line":4,"column":35}},"4":{"start":{"line":7,"column":19},"end":{"line":93,"column":2}},"5":{"start":{"line":22,"column":12},"end":{"line":24,"column":13}},"6":{"start":{"line":23,"column":16},"end":{"line":23,"column":53}},"7":{"start":{"line":31,"column":12},"end":{"line":33,"column":13}},"8":{"start":{"line":32,"column":16},"end":{"line":32,"column":80}},"9":{"start":{"line":35,"column":12},"end":{"line":37,"column":13}},"10":{"start":{"line":36,"column":16},"end":{"line":36,"column":71}},"11":{"start":{"line":39,"column":28},"end":{"line":39,"column":45}},"12":{"start":{"line":40,"column":12},"end":{"line":42,"column":13}},"13":{"start":{"line":41,"column":16},"end":{"line":41,"column":89}},"14":{"start":{"line":49,"column":12},"end":{"line":51,"column":13}},"15":{"start":{"line":50,"column":16},"end":{"line":50,"column":80}},"16":{"start":{"line":53,"column":12},"end":{"line":55,"column":13}},"17":{"start":{"line":54,"column":16},"end":{"line":54,"column":71}},"18":{"start":{"line":96,"column":0},"end":{"line":112,"column":1}},"19":{"start":{"line":97,"column":17},"end":{"line":97,"column":21}},"20":{"start":{"line":102,"column":18},"end":{"line":102,"column":77}},"21":{"start":{"line":106,"column":4},"end":{"line":106,"column":55}},"22":{"start":{"line":109,"column":4},"end":{"line":109,"column":22}},"23":{"start":{"line":111,"column":4},"end":{"line":111,"column":17}},"24":{"start":{"line":114,"column":0},"end":{"line":132,"column":1}},"25":{"start":{"line":115,"column":17},"end":{"line":115,"column":59}},"26":{"start":{"line":116,"column":20},"end":{"line":116,"column":60}},"27":{"start":{"line":117,"column":4},"end":{"line":119,"column":5}},"28":{"start":{"line":118,"column":8},"end":{"line":118,"column":55}},"29":{"start":{"line":120,"column":4},"end":{"line":122,"column":5}},"30":{"start":{"line":121,"column":8},"end":{"line":121,"column":72}},"31":{"start":{"line":123,"column":4},"end":{"line":125,"column":5}},"32":{"start":{"line":124,"column":8},"end":{"line":124,"column":63}},"33":{"start":{"line":126,"column":20},"end":{"line":126,"column":37}},"34":{"start":{"line":127,"column":4},"end":{"line":129,"column":5}},"35":{"start":{"line":128,"column":8},"end":{"line":128,"column":81}},"36":{"start":{"line":130,"column":4},"end":{"line":130,"column":97}},"37":{"start":{"line":131,"column":4},"end":{"line":131,"column":16}},"38":{"start":{"line":134,"column":0},"end":{"line":169,"column":1}},"39":{"start":{"line":135,"column":17},"end":{"line":135,"column":59}},"40":{"start":{"line":136,"column":24},"end":{"line":136,"column":34}},"41":{"start":{"line":137,"column":4},"end":{"line":140,"column":5}},"42":{"start":{"line":138,"column":25},"end":{"line":138,"column":111}},"43":{"start":{"line":139,"column":8},"end":{"line":139,"column":98}},"44":{"start":{"line":142,"column":4},"end":{"line":144,"column":5}},"45":{"start":{"line":143,"column":8},"end":{"line":143,"column":45}},"46":{"start":{"line":146,"column":4},"end":{"line":153,"column":5}},"47":{"start":{"line":147,"column":8},"end":{"line":147,"column":35}},"48":{"start":{"line":149,"column":29},"end":{"line":149,"column":72}},"49":{"start":{"line":150,"column":8},"end":{"line":150,"column":54}},"50":{"start":{"line":151,"column":8},"end":{"line":151,"column":26}},"51":{"start":{"line":152,"column":8},"end":{"line":152,"column":85}},"52":{"start":{"line":155,"column":20},"end":{"line":155,"column":65}},"53":{"start":{"line":157,"column":4},"end":{"line":163,"column":5}},"54":{"start":{"line":160,"column":8},"end":{"line":160,"column":60}},"55":{"start":{"line":161,"column":8},"end":{"line":161,"column":26}},"56":{"start":{"line":162,"column":8},"end":{"line":162,"column":45}},"57":{"start":{"line":165,"column":4},"end":{"line":165,"column":31}},"58":{"start":{"line":166,"column":4},"end":{"line":166,"column":48}},"59":{"start":{"line":167,"column":4},"end":{"line":167,"column":22}},"60":{"start":{"line":168,"column":4},"end":{"line":168,"column":16}},"61":{"start":{"line":171,"column":0},"end":{"line":206,"column":1}},"62":{"start":{"line":172,"column":17},"end":{"line":172,"column":59}},"63":{"start":{"line":173,"column":24},"end":{"line":173,"column":34}},"64":{"start":{"line":174,"column":4},"end":{"line":177,"column":5}},"65":{"start":{"line":175,"column":25},"end":{"line":175,"column":111}},"66":{"start":{"line":176,"column":8},"end":{"line":176,"column":98}},"67":{"start":{"line":179,"column":4},"end":{"line":181,"column":5}},"68":{"start":{"line":180,"column":8},"end":{"line":180,"column":45}},"69":{"start":{"line":183,"column":4},"end":{"line":190,"column":5}},"70":{"start":{"line":184,"column":8},"end":{"line":184,"column":35}},"71":{"start":{"line":186,"column":29},"end":{"line":186,"column":72}},"72":{"start":{"line":187,"column":8},"end":{"line":187,"column":54}},"73":{"start":{"line":188,"column":8},"end":{"line":188,"column":26}},"74":{"start":{"line":189,"column":8},"end":{"line":189,"column":85}},"75":{"start":{"line":192,"column":20},"end":{"line":192,"column":55}},"76":{"start":{"line":194,"column":4},"end":{"line":200,"column":5}},"77":{"start":{"line":197,"column":8},"end":{"line":197,"column":60}},"78":{"start":{"line":198,"column":8},"end":{"line":198,"column":26}},"79":{"start":{"line":199,"column":8},"end":{"line":199,"column":45}},"80":{"start":{"line":202,"column":4},"end":{"line":202,"column":31}},"81":{"start":{"line":203,"column":4},"end":{"line":203,"column":48}},"82":{"start":{"line":204,"column":4},"end":{"line":204,"column":22}},"83":{"start":{"line":205,"column":4},"end":{"line":205,"column":16}},"84":{"start":{"line":210,"column":0},"end":{"line":224,"column":2}},"85":{"start":{"line":212,"column":17},"end":{"line":212,"column":21}},"86":{"start":{"line":215,"column":4},"end":{"line":218,"column":5}},"87":{"start":{"line":217,"column":8},"end":{"line":217,"column":59}},"88":{"start":{"line":220,"column":4},"end":{"line":222,"column":5}},"89":{"start":{"line":221,"column":8},"end":{"line":221,"column":50}},"90":{"start":{"line":223,"column":4},"end":{"line":223,"column":11}},"91":{"start":{"line":227,"column":13},"end":{"line":227,"column":47}},"92":{"start":{"line":229,"column":0},"end":{"line":229,"column":22}}},"fnMap":{"0":{"name":"(anonymous_0)","decl":{"start":{"line":20,"column":8},"end":{"line":20,"column":9}},"loc":{"start":{"line":20,"column":24},"end":{"line":25,"column":9}},"line":20},"1":{"name":"(anonymous_1)","decl":{"start":{"line":30,"column":8},"end":{"line":30,"column":9}},"loc":{"start":{"line":30,"column":24},"end":{"line":43,"column":9}},"line":30},"2":{"name":"(anonymous_2)","decl":{"start":{"line":48,"column":8},"end":{"line":48,"column":9}},"loc":{"start":{"line":48,"column":24},"end":{"line":56,"column":9}},"line":48},"3":{"name":"(anonymous_3)","decl":{"start":{"line":96,"column":39},"end":{"line":96,"column":40}},"loc":{"start":{"line":96,"column":57},"end":{"line":112,"column":1}},"line":96},"4":{"name":"(anonymous_4)","decl":{"start":{"line":114,"column":35},"end":{"line":114,"column":36}},"loc":{"start":{"line":114,"column":65},"end":{"line":132,"column":1}},"line":114},"5":{"name":"(anonymous_5)","decl":{"start":{"line":134,"column":39},"end":{"line":134,"column":40}},"loc":{"start":{"line":134,"column":69},"end":{"line":169,"column":1}},"line":134},"6":{"name":"(anonymous_6)","decl":{"start":{"line":171,"column":48},"end":{"line":171,"column":49}},"loc":{"start":{"line":171,"column":73},"end":{"line":206,"column":1}},"line":171},"7":{"name":"(anonymous_7)","decl":{"start":{"line":210,"column":23},"end":{"line":210,"column":24}},"loc":{"start":{"line":210,"column":45},"end":{"line":224,"column":1}},"line":210}},"branchMap":{"0":{"loc":{"start":{"line":22,"column":12},"end":{"line":24,"column":13}},"type":"if","locations":[{"start":{"line":22,"column":12},"end":{"line":24,"column":13}},{"start":{"line":22,"column":12},"end":{"line":24,"column":13}}],"line":22},"1":{"loc":{"start":{"line":31,"column":12},"end":{"line":33,"column":13}},"type":"if","locations":[{"start":{"line":31,"column":12},"end":{"line":33,"column":13}},{"start":{"line":31,"column":12},"end":{"line":33,"column":13}}],"line":31},"2":{"loc":{"start":{"line":35,"column":12},"end":{"line":37,"column":13}},"type":"if","locations":[{"start":{"line":35,"column":12},"end":{"line":37,"column":13}},{"start":{"line":35,"column":12},"end":{"line":37,"column":13}}],"line":35},"3":{"loc":{"start":{"line":40,"column":12},"end":{"line":42,"column":13}},"type":"if","locations":[{"start":{"line":40,"column":12},"end":{"line":42,"column":13}},{"start":{"line":40,"column":12},"end":{"line":42,"column":13}}],"line":40},"4":{"loc":{"start":{"line":49,"column":12},"end":{"line":51,"column":13}},"type":"if","locations":[{"start":{"line":49,"column":12},"end":{"line":51,"column":13}},{"start":{"line":49,"column":12},"end":{"line":51,"column":13}}],"line":49},"5":{"loc":{"start":{"line":53,"column":12},"end":{"line":55,"column":13}},"type":"if","locations":[{"start":{"line":53,"column":12},"end":{"line":55,"column":13}},{"start":{"line":53,"column":12},"end":{"line":55,"column":13}}],"line":53},"6":{"loc":{"start":{"line":117,"column":4},"end":{"line":119,"column":5}},"type":"if","locations":[{"start":{"line":117,"column":4},"end":{"line":119,"column":5}},{"start":{"line":117,"column":4},"end":{"line":119,"column":5}}],"line":117},"7":{"loc":{"start":{"line":120,"column":4},"end":{"line":122,"column":5}},"type":"if","locations":[{"start":{"line":120,"column":4},"end":{"line":122,"column":5}},{"start":{"line":120,"column":4},"end":{"line":122,"column":5}}],"line":120},"8":{"loc":{"start":{"line":123,"column":4},"end":{"line":125,"column":5}},"type":"if","locations":[{"start":{"line":123,"column":4},"end":{"line":125,"column":5}},{"start":{"line":123,"column":4},"end":{"line":125,"column":5}}],"line":123},"9":{"loc":{"start":{"line":127,"column":4},"end":{"line":129,"column":5}},"type":"if","locations":[{"start":{"line":127,"column":4},"end":{"line":129,"column":5}},{"start":{"line":127,"column":4},"end":{"line":129,"column":5}}],"line":127},"10":{"loc":{"start":{"line":137,"column":4},"end":{"line":140,"column":5}},"type":"if","locations":[{"start":{"line":137,"column":4},"end":{"line":140,"column":5}},{"start":{"line":137,"column":4},"end":{"line":140,"column":5}}],"line":137},"11":{"loc":{"start":{"line":142,"column":4},"end":{"line":144,"column":5}},"type":"if","locations":[{"start":{"line":142,"column":4},"end":{"line":144,"column":5}},{"start":{"line":142,"column":4},"end":{"line":144,"column":5}}],"line":142},"12":{"loc":{"start":{"line":146,"column":4},"end":{"line":153,"column":5}},"type":"if","locations":[{"start":{"line":146,"column":4},"end":{"line":153,"column":5}},{"start":{"line":146,"column":4},"end":{"line":153,"column":5}}],"line":146},"13":{"loc":{"start":{"line":157,"column":4},"end":{"line":163,"column":5}},"type":"if","locations":[{"start":{"line":157,"column":4},"end":{"line":163,"column":5}},{"start":{"line":157,"column":4},"end":{"line":163,"column":5}}],"line":157},"14":{"loc":{"start":{"line":174,"column":4},"end":{"line":177,"column":5}},"type":"if","locations":[{"start":{"line":174,"column":4},"end":{"line":177,"column":5}},{"start":{"line":174,"column":4},"end":{"line":177,"column":5}}],"line":174},"15":{"loc":{"start":{"line":179,"column":4},"end":{"line":181,"column":5}},"type":"if","locations":[{"start":{"line":179,"column":4},"end":{"line":181,"column":5}},{"start":{"line":179,"column":4},"end":{"line":181,"column":5}}],"line":179},"16":{"loc":{"start":{"line":183,"column":4},"end":{"line":190,"column":5}},"type":"if","locations":[{"start":{"line":183,"column":4},"end":{"line":190,"column":5}},{"start":{"line":183,"column":4},"end":{"line":190,"column":5}}],"line":183},"17":{"loc":{"start":{"line":194,"column":4},"end":{"line":200,"column":5}},"type":"if","locations":[{"start":{"line":194,"column":4},"end":{"line":200,"column":5}},{"start":{"line":194,"column":4},"end":{"line":200,"column":5}}],"line":194},"18":{"loc":{"start":{"line":215,"column":4},"end":{"line":218,"column":5}},"type":"if","locations":[{"start":{"line":215,"column":4},"end":{"line":218,"column":5}},{"start":{"line":215,"column":4},"end":{"line":218,"column":5}}],"line":215},"19":{"loc":{"start":{"line":220,"column":4},"end":{"line":222,"column":5}},"type":"if","locations":[{"start":{"line":220,"column":4},"end":{"line":222,"column":5}},{"start":{"line":220,"column":4},"end":{"line":222,"column":5}}],"line":220}},"s":{"0":1,"1":1,"2":1,"3":1,"4":1,"5":0,"6":0,"7":0,"8":0,"9":0,"10":0,"11":0,"12":0,"13":0,"14":0,"15":0,"16":0,"17":0,"18":1,"19":0,"20":0,"21":0,"22":0,"23":0,"24":1,"25":0,"26":0,"27":0,"28":0,"29":0,"30":0,"31":0,"32":0,"33":0,"34":0,"35":0,"36":0,"37":0,"38":1,"39":0,"40":0,"41":0,"42":0,"43":0,"44":0,"45":0,"46":0,"47":0,"48":0,"49":0,"50":0,"51":0,"52":0,"53":0,"54":0,"55":0,"56":0,"57":0,"58":0,"59":0,"60":0,"61":1,"62":0,"63":0,"64":0,"65":0,"66":0,"67":0,"68":0,"69":0,"70":0,"71":0,"72":0,"73":0,"74":0,"75":0,"76":0,"77":0,"78":0,"79":0,"80":0,"81":0,"82":0,"83":0,"84":1,"85":0,"86":0,"87":0,"88":0,"89":0,"90":0,"91":1,"92":1},"f":{"0":0,"1":0,"2":0,"3":0,"4":0,"5":0,"6":0,"7":0},"b":{"0":[0,0],"1":[0,0],"2":[0,0],"3":[0,0],"4":[0,0],"5":[0,0],"6":[0,0],"7":[0,0],"8":[0,0],"9":[0,0],"10":[0,0],"11":[0,0],"12":[0,0],"13":[0,0],"14":[0,0],"15":[0,0],"16":[0,0],"17":[0,0],"18":[0,0],"19":[0,0]},"_coverageSchema":"1a1c01bbd47fc00a2c39e90264f33305004495a9","hash":"911fc120536d76fdced8a7309425971da9089e1a"}
,"/Users/jasonpeterson/Documents/GitHub/project-video-and-messaging-web-app-steven-chang-hanzhang-wu-xiaoyan-su/Chat-App/server/src/routers/config.js": {"path":"/Users/jasonpeterson/Documents/GitHub/project-video-and-messaging-web-app-steven-chang-hanzhang-wu-xiaoyan-su/Chat-App/server/src/routers/config.js","statementMap":{"0":{"start":{"line":1,"column":0},"end":{"line":7,"column":2}}},"fnMap":{},"branchMap":{},"s":{"0":1},"f":{},"b":{},"_coverageSchema":"1a1c01bbd47fc00a2c39e90264f33305004495a9","hash":"7bb00f9cf4584303483c53fa5790cc61e44bc871"}
,"/Users/jasonpeterson/Documents/GitHub/project-video-and-messaging-web-app-steven-chang-hanzhang-wu-xiaoyan-su/Chat-App/server/src/routers/message.js": {"path":"/Users/jasonpeterson/Documents/GitHub/project-video-and-messaging-web-app-steven-chang-hanzhang-wu-xiaoyan-su/Chat-App/server/src/routers/message.js","statementMap":{"0":{"start":{"line":1,"column":16},"end":{"line":1,"column":34}},"1":{"start":{"line":2,"column":13},"end":{"line":2,"column":38}},"2":{"start":{"line":3,"column":16},"end":{"line":3,"column":44}},"3":{"start":{"line":4,"column":13},"end":{"line":4,"column":42}},"4":{"start":{"line":5,"column":15},"end":{"line":5,"column":32}},"5":{"start":{"line":6,"column":11},"end":{"line":6,"column":24}},"6":{"start":{"line":7,"column":15},"end":{"line":9,"column":2}},"7":{"start":{"line":10,"column":13},"end":{"line":10,"column":28}},"8":{"start":{"line":11,"column":15},"end":{"line":11,"column":35}},"9":{"start":{"line":12,"column":12},"end":{"line":12,"column":21}},"10":{"start":{"line":13,"column":0},"end":{"line":13,"column":14}},"11":{"start":{"line":15,"column":0},"end":{"line":27,"column":3}},"12":{"start":{"line":16,"column":20},"end":{"line":16,"column":42}},"13":{"start":{"line":17,"column":21},"end":{"line":17,"column":41}},"14":{"start":{"line":18,"column":4},"end":{"line":20,"column":5}},"15":{"start":{"line":19,"column":8},"end":{"line":19,"column":62}},"16":{"start":{"line":21,"column":4},"end":{"line":26,"column":5}},"17":{"start":{"line":22,"column":8},"end":{"line":22,"column":29}},"18":{"start":{"line":23,"column":8},"end":{"line":23,"column":38}},"19":{"start":{"line":25,"column":8},"end":{"line":25,"column":32}},"20":{"start":{"line":29,"column":0},"end":{"line":43,"column":3}},"21":{"start":{"line":30,"column":20},"end":{"line":30,"column":42}},"22":{"start":{"line":31,"column":21},"end":{"line":31,"column":41}},"23":{"start":{"line":32,"column":4},"end":{"line":34,"column":5}},"24":{"start":{"line":33,"column":8},"end":{"line":33,"column":62}},"25":{"start":{"line":35,"column":4},"end":{"line":35,"column":56}},"26":{"start":{"line":36,"column":4},"end":{"line":36,"column":44}},"27":{"start":{"line":37,"column":4},"end":{"line":42,"column":5}},"28":{"start":{"line":38,"column":8},"end":{"line":38,"column":29}},"29":{"start":{"line":39,"column":8},"end":{"line":39,"column":38}},"30":{"start":{"line":41,"column":8},"end":{"line":41,"column":32}},"31":{"start":{"line":45,"column":0},"end":{"line":59,"column":3}},"32":{"start":{"line":46,"column":20},"end":{"line":46,"column":42}},"33":{"start":{"line":47,"column":21},"end":{"line":47,"column":41}},"34":{"start":{"line":48,"column":4},"end":{"line":50,"column":5}},"35":{"start":{"line":49,"column":8},"end":{"line":49,"column":62}},"36":{"start":{"line":51,"column":4},"end":{"line":51,"column":56}},"37":{"start":{"line":52,"column":4},"end":{"line":52,"column":44}},"38":{"start":{"line":53,"column":4},"end":{"line":58,"column":5}},"39":{"start":{"line":54,"column":8},"end":{"line":54,"column":29}},"40":{"start":{"line":55,"column":8},"end":{"line":55,"column":38}},"41":{"start":{"line":57,"column":8},"end":{"line":57,"column":32}},"42":{"start":{"line":61,"column":0},"end":{"line":75,"column":3}},"43":{"start":{"line":62,"column":20},"end":{"line":62,"column":42}},"44":{"start":{"line":63,"column":21},"end":{"line":63,"column":41}},"45":{"start":{"line":64,"column":4},"end":{"line":66,"column":5}},"46":{"start":{"line":65,"column":8},"end":{"line":65,"column":62}},"47":{"start":{"line":67,"column":4},"end":{"line":67,"column":56}},"48":{"start":{"line":68,"column":4},"end":{"line":68,"column":44}},"49":{"start":{"line":69,"column":4},"end":{"line":74,"column":5}},"50":{"start":{"line":70,"column":8},"end":{"line":70,"column":29}},"51":{"start":{"line":71,"column":8},"end":{"line":71,"column":38}},"52":{"start":{"line":73,"column":8},"end":{"line":73,"column":32}},"53":{"start":{"line":77,"column":0},"end":{"line":84,"column":3}},"54":{"start":{"line":78,"column":4},"end":{"line":83,"column":5}},"55":{"start":{"line":79,"column":8},"end":{"line":79,"column":58}},"56":{"start":{"line":80,"column":8},"end":{"line":80,"column":31}},"57":{"start":{"line":82,"column":8},"end":{"line":82,"column":32}},"58":{"start":{"line":86,"column":0},"end":{"line":94,"column":3}},"59":{"start":{"line":87,"column":4},"end":{"line":93,"column":5}},"60":{"start":{"line":88,"column":8},"end":{"line":89,"column":72}},"61":{"start":{"line":90,"column":8},"end":{"line":90,"column":31}},"62":{"start":{"line":92,"column":8},"end":{"line":92,"column":32}},"63":{"start":{"line":96,"column":0},"end":{"line":109,"column":3}},"64":{"start":{"line":97,"column":4},"end":{"line":108,"column":5}},"65":{"start":{"line":98,"column":25},"end":{"line":98,"column":75}},"66":{"start":{"line":99,"column":8},"end":{"line":104,"column":9}},"67":{"start":{"line":99,"column":21},"end":{"line":99,"column":22}},"68":{"start":{"line":100,"column":12},"end":{"line":103,"column":13}},"69":{"start":{"line":101,"column":16},"end":{"line":101,"column":40}},"70":{"start":{"line":102,"column":16},"end":{"line":102,"column":41}},"71":{"start":{"line":105,"column":8},"end":{"line":105,"column":31}},"72":{"start":{"line":107,"column":8},"end":{"line":107,"column":32}},"73":{"start":{"line":111,"column":0},"end":{"line":124,"column":3}},"74":{"start":{"line":112,"column":4},"end":{"line":123,"column":5}},"75":{"start":{"line":113,"column":25},"end":{"line":113,"column":101}},"76":{"start":{"line":114,"column":8},"end":{"line":119,"column":9}},"77":{"start":{"line":114,"column":21},"end":{"line":114,"column":22}},"78":{"start":{"line":115,"column":12},"end":{"line":118,"column":13}},"79":{"start":{"line":116,"column":16},"end":{"line":116,"column":40}},"80":{"start":{"line":117,"column":16},"end":{"line":117,"column":41}},"81":{"start":{"line":120,"column":8},"end":{"line":120,"column":31}},"82":{"start":{"line":122,"column":8},"end":{"line":122,"column":32}},"83":{"start":{"line":126,"column":0},"end":{"line":140,"column":3}},"84":{"start":{"line":127,"column":4},"end":{"line":139,"column":5}},"85":{"start":{"line":128,"column":25},"end":{"line":129,"column":71}},"86":{"start":{"line":130,"column":32},"end":{"line":130,"column":34}},"87":{"start":{"line":131,"column":8},"end":{"line":135,"column":9}},"88":{"start":{"line":131,"column":20},"end":{"line":131,"column":21}},"89":{"start":{"line":132,"column":12},"end":{"line":134,"column":47}},"90":{"start":{"line":136,"column":8},"end":{"line":136,"column":36}},"91":{"start":{"line":138,"column":8},"end":{"line":138,"column":31}},"92":{"start":{"line":142,"column":0},"end":{"line":142,"column":24}}},"fnMap":{"0":{"name":"(anonymous_0)","decl":{"start":{"line":15,"column":37},"end":{"line":15,"column":38}},"loc":{"start":{"line":15,"column":57},"end":{"line":27,"column":1}},"line":15},"1":{"name":"(anonymous_1)","decl":{"start":{"line":29,"column":62},"end":{"line":29,"column":63}},"loc":{"start":{"line":29,"column":82},"end":{"line":43,"column":1}},"line":29},"2":{"name":"(anonymous_2)","decl":{"start":{"line":45,"column":62},"end":{"line":45,"column":63}},"loc":{"start":{"line":45,"column":82},"end":{"line":59,"column":1}},"line":45},"3":{"name":"(anonymous_3)","decl":{"start":{"line":61,"column":62},"end":{"line":61,"column":63}},"loc":{"start":{"line":61,"column":82},"end":{"line":75,"column":1}},"line":61},"4":{"name":"(anonymous_4)","decl":{"start":{"line":77,"column":39},"end":{"line":77,"column":40}},"loc":{"start":{"line":77,"column":59},"end":{"line":84,"column":1}},"line":77},"5":{"name":"(anonymous_5)","decl":{"start":{"line":86,"column":42},"end":{"line":86,"column":43}},"loc":{"start":{"line":86,"column":62},"end":{"line":94,"column":1}},"line":86},"6":{"name":"(anonymous_6)","decl":{"start":{"line":96,"column":40},"end":{"line":96,"column":41}},"loc":{"start":{"line":96,"column":60},"end":{"line":109,"column":1}},"line":96},"7":{"name":"(anonymous_7)","decl":{"start":{"line":111,"column":37},"end":{"line":111,"column":38}},"loc":{"start":{"line":111,"column":57},"end":{"line":124,"column":1}},"line":111},"8":{"name":"(anonymous_8)","decl":{"start":{"line":126,"column":31},"end":{"line":126,"column":32}},"loc":{"start":{"line":126,"column":51},"end":{"line":140,"column":1}},"line":126}},"branchMap":{"0":{"loc":{"start":{"line":18,"column":4},"end":{"line":20,"column":5}},"type":"if","locations":[{"start":{"line":18,"column":4},"end":{"line":20,"column":5}},{"start":{"line":18,"column":4},"end":{"line":20,"column":5}}],"line":18},"1":{"loc":{"start":{"line":32,"column":4},"end":{"line":34,"column":5}},"type":"if","locations":[{"start":{"line":32,"column":4},"end":{"line":34,"column":5}},{"start":{"line":32,"column":4},"end":{"line":34,"column":5}}],"line":32},"2":{"loc":{"start":{"line":48,"column":4},"end":{"line":50,"column":5}},"type":"if","locations":[{"start":{"line":48,"column":4},"end":{"line":50,"column":5}},{"start":{"line":48,"column":4},"end":{"line":50,"column":5}}],"line":48},"3":{"loc":{"start":{"line":64,"column":4},"end":{"line":66,"column":5}},"type":"if","locations":[{"start":{"line":64,"column":4},"end":{"line":66,"column":5}},{"start":{"line":64,"column":4},"end":{"line":66,"column":5}}],"line":64},"4":{"loc":{"start":{"line":100,"column":12},"end":{"line":103,"column":13}},"type":"if","locations":[{"start":{"line":100,"column":12},"end":{"line":103,"column":13}},{"start":{"line":100,"column":12},"end":{"line":103,"column":13}}],"line":100},"5":{"loc":{"start":{"line":115,"column":12},"end":{"line":118,"column":13}},"type":"if","locations":[{"start":{"line":115,"column":12},"end":{"line":118,"column":13}},{"start":{"line":115,"column":12},"end":{"line":118,"column":13}}],"line":115}},"s":{"0":1,"1":1,"2":1,"3":1,"4":1,"5":1,"6":1,"7":1,"8":1,"9":1,"10":1,"11":1,"12":0,"13":0,"14":0,"15":0,"16":0,"17":0,"18":0,"19":0,"20":1,"21":0,"22":0,"23":0,"24":0,"25":0,"26":0,"27":0,"28":0,"29":0,"30":0,"31":1,"32":0,"33":0,"34":0,"35":0,"36":0,"37":0,"38":0,"39":0,"40":0,"41":0,"42":1,"43":0,"44":0,"45":0,"46":0,"47":0,"48":0,"49":0,"50":0,"51":0,"52":0,"53":1,"54":0,"55":0,"56":0,"57":0,"58":1,"59":0,"60":0,"61":0,"62":0,"63":1,"64":0,"65":0,"66":0,"67":0,"68":0,"69":0,"70":0,"71":0,"72":0,"73":1,"74":0,"75":0,"76":0,"77":0,"78":0,"79":0,"80":0,"81":0,"82":0,"83":1,"84":0,"85":0,"86":0,"87":0,"88":0,"89":0,"90":0,"91":0,"92":1},"f":{"0":0,"1":0,"2":0,"3":0,"4":0,"5":0,"6":0,"7":0,"8":0},"b":{"0":[0,0],"1":[0,0],"2":[0,0],"3":[0,0],"4":[0,0],"5":[0,0]},"_coverageSchema":"1a1c01bbd47fc00a2c39e90264f33305004495a9","hash":"3e8d13009bb386e1c5564a0271f3f674e7eee590"}
,"/Users/jasonpeterson/Documents/GitHub/project-video-and-messaging-web-app-steven-chang-hanzhang-wu-xiaoyan-su/Chat-App/server/src/routers/status.js": {"path":"/Users/jasonpeterson/Documents/GitHub/project-video-and-messaging-web-app-steven-chang-hanzhang-wu-xiaoyan-su/Chat-App/server/src/routers/status.js","statementMap":{"0":{"start":{"line":1,"column":16},"end":{"line":1,"column":34}},"1":{"start":{"line":2,"column":13},"end":{"line":2,"column":38}},"2":{"start":{"line":3,"column":15},"end":{"line":3,"column":42}},"3":{"start":{"line":4,"column":13},"end":{"line":4,"column":42}},"4":{"start":{"line":5,"column":15},"end":{"line":5,"column":32}},"5":{"start":{"line":6,"column":11},"end":{"line":6,"column":24}},"6":{"start":{"line":7,"column":15},"end":{"line":9,"column":2}},"7":{"start":{"line":10,"column":13},"end":{"line":10,"column":28}},"8":{"start":{"line":11,"column":15},"end":{"line":11,"column":35}},"9":{"start":{"line":13,"column":12},"end":{"line":13,"column":21}},"10":{"start":{"line":14,"column":0},"end":{"line":14,"column":14}},"11":{"start":{"line":16,"column":0},"end":{"line":27,"column":3}},"12":{"start":{"line":19,"column":19},"end":{"line":19,"column":40}},"13":{"start":{"line":21,"column":4},"end":{"line":26,"column":5}},"14":{"start":{"line":22,"column":8},"end":{"line":22,"column":28}},"15":{"start":{"line":23,"column":8},"end":{"line":23,"column":37}},"16":{"start":{"line":25,"column":8},"end":{"line":25,"column":32}},"17":{"start":{"line":29,"column":0},"end":{"line":56,"column":3}},"18":{"start":{"line":33,"column":19},"end":{"line":33,"column":40}},"19":{"start":{"line":35,"column":4},"end":{"line":35,"column":24}},"20":{"start":{"line":38,"column":4},"end":{"line":38,"column":61}},"21":{"start":{"line":39,"column":4},"end":{"line":39,"column":48}},"22":{"start":{"line":40,"column":4},"end":{"line":40,"column":46}},"23":{"start":{"line":41,"column":4},"end":{"line":41,"column":49}},"24":{"start":{"line":43,"column":4},"end":{"line":48,"column":5}},"25":{"start":{"line":44,"column":8},"end":{"line":44,"column":28}},"26":{"start":{"line":45,"column":8},"end":{"line":45,"column":37}},"27":{"start":{"line":47,"column":8},"end":{"line":47,"column":32}},"28":{"start":{"line":73,"column":0},"end":{"line":92,"column":3}},"29":{"start":{"line":74,"column":4},"end":{"line":91,"column":5}},"30":{"start":{"line":75,"column":25},"end":{"line":75,"column":77}},"31":{"start":{"line":77,"column":25},"end":{"line":77,"column":131}},"32":{"start":{"line":79,"column":32},"end":{"line":79,"column":34}},"33":{"start":{"line":80,"column":8},"end":{"line":86,"column":9}},"34":{"start":{"line":80,"column":20},"end":{"line":80,"column":39}},"35":{"start":{"line":82,"column":12},"end":{"line":82,"column":171}},"36":{"start":{"line":83,"column":12},"end":{"line":83,"column":56}},"37":{"start":{"line":84,"column":12},"end":{"line":84,"column":37}},"38":{"start":{"line":85,"column":12},"end":{"line":85,"column":37}},"39":{"start":{"line":88,"column":8},"end":{"line":88,"column":36}},"40":{"start":{"line":90,"column":8},"end":{"line":90,"column":31}},"41":{"start":{"line":94,"column":0},"end":{"line":94,"column":24}}},"fnMap":{"0":{"name":"(anonymous_0)","decl":{"start":{"line":16,"column":42},"end":{"line":16,"column":43}},"loc":{"start":{"line":16,"column":62},"end":{"line":27,"column":1}},"line":16},"1":{"name":"(anonymous_1)","decl":{"start":{"line":29,"column":71},"end":{"line":29,"column":72}},"loc":{"start":{"line":29,"column":91},"end":{"line":56,"column":1}},"line":29},"2":{"name":"(anonymous_2)","decl":{"start":{"line":73,"column":30},"end":{"line":73,"column":31}},"loc":{"start":{"line":73,"column":50},"end":{"line":92,"column":1}},"line":73}},"branchMap":{},"s":{"0":1,"1":1,"2":1,"3":1,"4":1,"5":1,"6":1,"7":1,"8":1,"9":1,"10":1,"11":1,"12":0,"13":0,"14":0,"15":0,"16":0,"17":1,"18":0,"19":0,"20":0,"21":0,"22":0,"23":0,"24":0,"25":0,"26":0,"27":0,"28":1,"29":0,"30":0,"31":0,"32":0,"33":0,"34":0,"35":0,"36":0,"37":0,"38":0,"39":0,"40":0,"41":1},"f":{"0":0,"1":0,"2":0},"b":{},"_coverageSchema":"1a1c01bbd47fc00a2c39e90264f33305004495a9","hash":"161df57e4785a5a5a275bfc130d72b8431122a92"}
,"/Users/jasonpeterson/Documents/GitHub/project-video-and-messaging-web-app-steven-chang-hanzhang-wu-xiaoyan-su/Chat-App/server/src/routers/tokens.js": {"path":"/Users/jasonpeterson/Documents/GitHub/project-video-and-messaging-web-app-steven-chang-hanzhang-wu-xiaoyan-su/Chat-App/server/src/routers/tokens.js","statementMap":{"0":{"start":{"line":1,"column":15},"end":{"line":1,"column":32}},"1":{"start":{"line":2,"column":20},"end":{"line":2,"column":42}},"2":{"start":{"line":3,"column":23},"end":{"line":3,"column":34}},"3":{"start":{"line":4,"column":15},"end":{"line":4,"column":34}},"4":{"start":{"line":6,"column":22},"end":{"line":12,"column":1}},"5":{"start":{"line":7,"column":2},"end":{"line":11,"column":4}},"6":{"start":{"line":14,"column":19},"end":{"line":25,"column":1}},"7":{"start":{"line":16,"column":2},"end":{"line":20,"column":3}},"8":{"start":{"line":17,"column":4},"end":{"line":17,"column":42}},"9":{"start":{"line":19,"column":4},"end":{"line":19,"column":34}},"10":{"start":{"line":21,"column":16},"end":{"line":21,"column":37}},"11":{"start":{"line":22,"column":2},"end":{"line":22,"column":29}},"12":{"start":{"line":23,"column":2},"end":{"line":23,"column":28}},"13":{"start":{"line":24,"column":2},"end":{"line":24,"column":15}},"14":{"start":{"line":27,"column":0},"end":{"line":27,"column":32}}},"fnMap":{"0":{"name":"(anonymous_0)","decl":{"start":{"line":6,"column":22},"end":{"line":6,"column":23}},"loc":{"start":{"line":6,"column":32},"end":{"line":12,"column":1}},"line":6},"1":{"name":"(anonymous_1)","decl":{"start":{"line":14,"column":19},"end":{"line":14,"column":20}},"loc":{"start":{"line":14,"column":47},"end":{"line":25,"column":1}},"line":14}},"branchMap":{"0":{"loc":{"start":{"line":16,"column":2},"end":{"line":20,"column":3}},"type":"if","locations":[{"start":{"line":16,"column":2},"end":{"line":20,"column":3}},{"start":{"line":16,"column":2},"end":{"line":20,"column":3}}],"line":16}},"s":{"0":1,"1":1,"2":1,"3":1,"4":1,"5":0,"6":1,"7":0,"8":0,"9":0,"10":0,"11":0,"12":0,"13":0,"14":1},"f":{"0":0,"1":0},"b":{"0":[0,0]},"_coverageSchema":"1a1c01bbd47fc00a2c39e90264f33305004495a9","hash":"189d095d77e1d3d6b06158845a6c150dfa5e4b99"}
,"/Users/jasonpeterson/Documents/GitHub/project-video-and-messaging-web-app-steven-chang-hanzhang-wu-xiaoyan-su/Chat-App/server/src/routers/user.js": {"path":"/Users/jasonpeterson/Documents/GitHub/project-video-and-messaging-web-app-steven-chang-hanzhang-wu-xiaoyan-su/Chat-App/server/src/routers/user.js","statementMap":{"0":{"start":{"line":1,"column":16},"end":{"line":1,"column":34}},"1":{"start":{"line":2,"column":13},"end":{"line":2,"column":38}},"2":{"start":{"line":3,"column":13},"end":{"line":3,"column":42}},"3":{"start":{"line":4,"column":13},"end":{"line":4,"column":28}},"4":{"start":{"line":5,"column":15},"end":{"line":5,"column":35}},"5":{"start":{"line":6,"column":23},"end":{"line":6,"column":42}},"6":{"start":{"line":7,"column":15},"end":{"line":7,"column":32}},"7":{"start":{"line":8,"column":15},"end":{"line":10,"column":2}},"8":{"start":{"line":11,"column":11},"end":{"line":11,"column":24}},"9":{"start":{"line":12,"column":24},"end":{"line":12,"column":44}},"10":{"start":{"line":13,"column":15},"end":{"line":13,"column":34}},"11":{"start":{"line":15,"column":12},"end":{"line":15,"column":21}},"12":{"start":{"line":16,"column":0},"end":{"line":16,"column":14}},"13":{"start":{"line":18,"column":0},"end":{"line":40,"column":3}},"14":{"start":{"line":20,"column":17},"end":{"line":20,"column":36}},"15":{"start":{"line":21,"column":4},"end":{"line":39,"column":5}},"16":{"start":{"line":22,"column":8},"end":{"line":22,"column":26}},"17":{"start":{"line":23,"column":8},"end":{"line":23,"column":35}},"18":{"start":{"line":25,"column":8},"end":{"line":38,"column":9}},"19":{"start":{"line":26,"column":12},"end":{"line":26,"column":36}},"20":{"start":{"line":27,"column":15},"end":{"line":38,"column":9}},"21":{"start":{"line":28,"column":12},"end":{"line":28,"column":33}},"22":{"start":{"line":29,"column":12},"end":{"line":29,"column":36}},"23":{"start":{"line":30,"column":15},"end":{"line":38,"column":9}},"24":{"start":{"line":31,"column":12},"end":{"line":31,"column":36}},"25":{"start":{"line":32,"column":12},"end":{"line":32,"column":36}},"26":{"start":{"line":33,"column":15},"end":{"line":38,"column":9}},"27":{"start":{"line":34,"column":12},"end":{"line":34,"column":31}},"28":{"start":{"line":35,"column":12},"end":{"line":35,"column":36}},"29":{"start":{"line":37,"column":12},"end":{"line":37,"column":36}},"30":{"start":{"line":43,"column":0},"end":{"line":70,"column":2}},"31":{"start":{"line":44,"column":4},"end":{"line":44,"column":27}},"32":{"start":{"line":45,"column":4},"end":{"line":69,"column":5}},"33":{"start":{"line":46,"column":21},"end":{"line":46,"column":89}},"34":{"start":{"line":49,"column":22},"end":{"line":49,"column":52}},"35":{"start":{"line":50,"column":8},"end":{"line":50,"column":27}},"36":{"start":{"line":51,"column":8},"end":{"line":51,"column":26}},"37":{"start":{"line":52,"column":8},"end":{"line":55,"column":11}},"38":{"start":{"line":57,"column":29},"end":{"line":57,"column":41}},"39":{"start":{"line":58,"column":8},"end":{"line":58,"column":34}},"40":{"start":{"line":59,"column":8},"end":{"line":68,"column":9}},"41":{"start":{"line":61,"column":12},"end":{"line":61,"column":36}},"42":{"start":{"line":62,"column":15},"end":{"line":68,"column":9}},"43":{"start":{"line":64,"column":12},"end":{"line":64,"column":36}},"44":{"start":{"line":67,"column":12},"end":{"line":67,"column":36}},"45":{"start":{"line":72,"column":0},"end":{"line":96,"column":2}},"46":{"start":{"line":73,"column":4},"end":{"line":73,"column":27}},"47":{"start":{"line":74,"column":4},"end":{"line":95,"column":5}},"48":{"start":{"line":76,"column":21},"end":{"line":76,"column":94}},"49":{"start":{"line":79,"column":8},"end":{"line":79,"column":44}},"50":{"start":{"line":80,"column":8},"end":{"line":80,"column":26}},"51":{"start":{"line":81,"column":8},"end":{"line":81,"column":31}},"52":{"start":{"line":83,"column":29},"end":{"line":83,"column":41}},"53":{"start":{"line":84,"column":8},"end":{"line":84,"column":34}},"54":{"start":{"line":85,"column":8},"end":{"line":94,"column":9}},"55":{"start":{"line":87,"column":12},"end":{"line":87,"column":36}},"56":{"start":{"line":88,"column":15},"end":{"line":94,"column":9}},"57":{"start":{"line":90,"column":12},"end":{"line":90,"column":36}},"58":{"start":{"line":93,"column":12},"end":{"line":93,"column":36}},"59":{"start":{"line":98,"column":0},"end":{"line":115,"column":2}},"60":{"start":{"line":99,"column":4},"end":{"line":114,"column":5}},"61":{"start":{"line":101,"column":8},"end":{"line":106,"column":11}},"62":{"start":{"line":105,"column":12},"end":{"line":105,"column":44}},"63":{"start":{"line":109,"column":8},"end":{"line":109,"column":30}},"64":{"start":{"line":111,"column":8},"end":{"line":111,"column":19}},"65":{"start":{"line":113,"column":8},"end":{"line":113,"column":31}},"66":{"start":{"line":117,"column":0},"end":{"line":129,"column":2}},"67":{"start":{"line":118,"column":4},"end":{"line":128,"column":5}},"68":{"start":{"line":120,"column":8},"end":{"line":120,"column":29}},"69":{"start":{"line":123,"column":8},"end":{"line":123,"column":30}},"70":{"start":{"line":125,"column":8},"end":{"line":125,"column":19}},"71":{"start":{"line":127,"column":8},"end":{"line":127,"column":31}},"72":{"start":{"line":132,"column":0},"end":{"line":146,"column":3}},"73":{"start":{"line":133,"column":4},"end":{"line":145,"column":5}},"74":{"start":{"line":134,"column":22},"end":{"line":134,"column":39}},"75":{"start":{"line":135,"column":29},"end":{"line":135,"column":31}},"76":{"start":{"line":136,"column":8},"end":{"line":141,"column":9}},"77":{"start":{"line":136,"column":21},"end":{"line":136,"column":22}},"78":{"start":{"line":137,"column":12},"end":{"line":140,"column":15}},"79":{"start":{"line":142,"column":8},"end":{"line":142,"column":33}},"80":{"start":{"line":144,"column":8},"end":{"line":144,"column":31}},"81":{"start":{"line":148,"column":0},"end":{"line":160,"column":3}},"82":{"start":{"line":149,"column":4},"end":{"line":159,"column":5}},"83":{"start":{"line":150,"column":22},"end":{"line":150,"column":39}},"84":{"start":{"line":152,"column":8},"end":{"line":156,"column":9}},"85":{"start":{"line":152,"column":21},"end":{"line":152,"column":22}},"86":{"start":{"line":153,"column":12},"end":{"line":155,"column":13}},"87":{"start":{"line":154,"column":16},"end":{"line":154,"column":47}},"88":{"start":{"line":158,"column":8},"end":{"line":158,"column":31}},"89":{"start":{"line":162,"column":0},"end":{"line":171,"column":3}},"90":{"start":{"line":163,"column":4},"end":{"line":170,"column":5}},"91":{"start":{"line":164,"column":21},"end":{"line":164,"column":73}},"92":{"start":{"line":165,"column":8},"end":{"line":165,"column":30}},"93":{"start":{"line":166,"column":8},"end":{"line":166,"column":26}},"94":{"start":{"line":167,"column":8},"end":{"line":167,"column":31}},"95":{"start":{"line":169,"column":8},"end":{"line":169,"column":31}},"96":{"start":{"line":173,"column":0},"end":{"line":196,"column":3}},"97":{"start":{"line":174,"column":4},"end":{"line":195,"column":5}},"98":{"start":{"line":175,"column":22},"end":{"line":175,"column":39}},"99":{"start":{"line":176,"column":8},"end":{"line":176,"column":83}},"100":{"start":{"line":177,"column":8},"end":{"line":181,"column":9}},"101":{"start":{"line":177,"column":21},"end":{"line":177,"column":22}},"102":{"start":{"line":178,"column":12},"end":{"line":180,"column":13}},"103":{"start":{"line":179,"column":16},"end":{"line":179,"column":39}},"104":{"start":{"line":183,"column":29},"end":{"line":183,"column":41}},"105":{"start":{"line":184,"column":8},"end":{"line":194,"column":9}},"106":{"start":{"line":185,"column":12},"end":{"line":185,"column":36}},"107":{"start":{"line":186,"column":15},"end":{"line":194,"column":9}},"108":{"start":{"line":187,"column":12},"end":{"line":187,"column":36}},"109":{"start":{"line":188,"column":15},"end":{"line":194,"column":9}},"110":{"start":{"line":189,"column":12},"end":{"line":189,"column":36}},"111":{"start":{"line":190,"column":15},"end":{"line":194,"column":9}},"112":{"start":{"line":191,"column":12},"end":{"line":191,"column":36}},"113":{"start":{"line":193,"column":12},"end":{"line":193,"column":36}},"114":{"start":{"line":198,"column":0},"end":{"line":207,"column":3}},"115":{"start":{"line":199,"column":4},"end":{"line":206,"column":5}},"116":{"start":{"line":200,"column":21},"end":{"line":200,"column":73}},"117":{"start":{"line":201,"column":8},"end":{"line":201,"column":46}},"118":{"start":{"line":202,"column":8},"end":{"line":202,"column":26}},"119":{"start":{"line":203,"column":8},"end":{"line":203,"column":31}},"120":{"start":{"line":205,"column":8},"end":{"line":205,"column":31}},"121":{"start":{"line":209,"column":0},"end":{"line":218,"column":3}},"122":{"start":{"line":210,"column":4},"end":{"line":217,"column":5}},"123":{"start":{"line":211,"column":21},"end":{"line":211,"column":73}},"124":{"start":{"line":212,"column":8},"end":{"line":212,"column":46}},"125":{"start":{"line":213,"column":8},"end":{"line":213,"column":26}},"126":{"start":{"line":214,"column":8},"end":{"line":214,"column":31}},"127":{"start":{"line":216,"column":8},"end":{"line":216,"column":31}},"128":{"start":{"line":220,"column":0},"end":{"line":235,"column":3}},"129":{"start":{"line":221,"column":4},"end":{"line":234,"column":5}},"130":{"start":{"line":222,"column":21},"end":{"line":222,"column":73}},"131":{"start":{"line":223,"column":8},"end":{"line":229,"column":9}},"132":{"start":{"line":223,"column":21},"end":{"line":223,"column":22}},"133":{"start":{"line":224,"column":12},"end":{"line":228,"column":13}},"134":{"start":{"line":225,"column":27},"end":{"line":225,"column":40}},"135":{"start":{"line":226,"column":16},"end":{"line":226,"column":34}},"136":{"start":{"line":227,"column":16},"end":{"line":227,"column":37}},"137":{"start":{"line":230,"column":8},"end":{"line":230,"column":26}},"138":{"start":{"line":231,"column":8},"end":{"line":231,"column":31}},"139":{"start":{"line":233,"column":8},"end":{"line":233,"column":31}},"140":{"start":{"line":237,"column":0},"end":{"line":257,"column":3}},"141":{"start":{"line":238,"column":4},"end":{"line":256,"column":5}},"142":{"start":{"line":239,"column":21},"end":{"line":239,"column":73}},"143":{"start":{"line":240,"column":8},"end":{"line":251,"column":9}},"144":{"start":{"line":240,"column":21},"end":{"line":240,"column":22}},"145":{"start":{"line":241,"column":12},"end":{"line":250,"column":13}},"146":{"start":{"line":242,"column":28},"end":{"line":242,"column":30}},"147":{"start":{"line":243,"column":27},"end":{"line":243,"column":40}},"148":{"start":{"line":244,"column":16},"end":{"line":244,"column":34}},"149":{"start":{"line":245,"column":16},"end":{"line":245,"column":45}},"150":{"start":{"line":246,"column":16},"end":{"line":248,"column":17}},"151":{"start":{"line":246,"column":29},"end":{"line":246,"column":30}},"152":{"start":{"line":247,"column":20},"end":{"line":247,"column":40}},"153":{"start":{"line":249,"column":16},"end":{"line":249,"column":38}},"154":{"start":{"line":252,"column":8},"end":{"line":252,"column":26}},"155":{"start":{"line":253,"column":8},"end":{"line":253,"column":31}},"156":{"start":{"line":255,"column":8},"end":{"line":255,"column":31}},"157":{"start":{"line":260,"column":0},"end":{"line":288,"column":3}},"158":{"start":{"line":262,"column":16},"end":{"line":262,"column":29}},"159":{"start":{"line":264,"column":4},"end":{"line":273,"column":5}},"160":{"start":{"line":265,"column":21},"end":{"line":265,"column":45}},"161":{"start":{"line":266,"column":8},"end":{"line":268,"column":9}},"162":{"start":{"line":267,"column":12},"end":{"line":267,"column":42}},"163":{"start":{"line":270,"column":8},"end":{"line":270,"column":23}},"164":{"start":{"line":272,"column":8},"end":{"line":272,"column":31}},"165":{"start":{"line":290,"column":0},"end":{"line":326,"column":3}},"166":{"start":{"line":292,"column":20},"end":{"line":292,"column":41}},"167":{"start":{"line":293,"column":27},"end":{"line":293,"column":60}},"168":{"start":{"line":294,"column":35},"end":{"line":298,"column":6}},"169":{"start":{"line":297,"column":8},"end":{"line":297,"column":47}},"170":{"start":{"line":300,"column":4},"end":{"line":302,"column":5}},"171":{"start":{"line":301,"column":8},"end":{"line":301,"column":67}},"172":{"start":{"line":304,"column":4},"end":{"line":325,"column":5}},"173":{"start":{"line":309,"column":21},"end":{"line":309,"column":55}},"174":{"start":{"line":310,"column":8},"end":{"line":314,"column":11}},"175":{"start":{"line":313,"column":12},"end":{"line":313,"column":44}},"176":{"start":{"line":316,"column":8},"end":{"line":316,"column":26}},"177":{"start":{"line":318,"column":8},"end":{"line":320,"column":9}},"178":{"start":{"line":319,"column":12},"end":{"line":319,"column":42}},"179":{"start":{"line":322,"column":8},"end":{"line":322,"column":23}},"180":{"start":{"line":324,"column":8},"end":{"line":324,"column":32}},"181":{"start":{"line":328,"column":0},"end":{"line":341,"column":3}},"182":{"start":{"line":329,"column":4},"end":{"line":340,"column":5}},"183":{"start":{"line":330,"column":21},"end":{"line":330,"column":64}},"184":{"start":{"line":332,"column":8},"end":{"line":335,"column":9}},"185":{"start":{"line":334,"column":12},"end":{"line":334,"column":42}},"186":{"start":{"line":337,"column":8},"end":{"line":337,"column":23}},"187":{"start":{"line":339,"column":8},"end":{"line":339,"column":31}},"188":{"start":{"line":343,"column":26},"end":{"line":350,"column":1}},"189":{"start":{"line":344,"column":4},"end":{"line":344,"column":48}},"190":{"start":{"line":345,"column":4},"end":{"line":349,"column":6}},"191":{"start":{"line":352,"column":0},"end":{"line":358,"column":3}},"192":{"start":{"line":353,"column":21},"end":{"line":353,"column":39}},"193":{"start":{"line":354,"column":17},"end":{"line":354,"column":31}},"194":{"start":{"line":355,"column":18},"end":{"line":355,"column":52}},"195":{"start":{"line":356,"column":4},"end":{"line":356,"column":34}},"196":{"start":{"line":359,"column":0},"end":{"line":364,"column":3}},"197":{"start":{"line":360,"column":21},"end":{"line":360,"column":38}},"198":{"start":{"line":361,"column":17},"end":{"line":361,"column":30}},"199":{"start":{"line":362,"column":18},"end":{"line":362,"column":52}},"200":{"start":{"line":363,"column":4},"end":{"line":363,"column":34}},"201":{"start":{"line":367,"column":0},"end":{"line":383,"column":3}},"202":{"start":{"line":368,"column":19},"end":{"line":368,"column":34}},"203":{"start":{"line":369,"column":19},"end":{"line":369,"column":34}},"204":{"start":{"line":370,"column":4},"end":{"line":382,"column":5}},"205":{"start":{"line":371,"column":21},"end":{"line":371,"column":61}},"206":{"start":{"line":372,"column":8},"end":{"line":378,"column":9}},"207":{"start":{"line":373,"column":10},"end":{"line":373,"column":31}},"208":{"start":{"line":374,"column":10},"end":{"line":374,"column":28}},"209":{"start":{"line":375,"column":10},"end":{"line":375,"column":33}},"210":{"start":{"line":377,"column":10},"end":{"line":377,"column":33}},"211":{"start":{"line":381,"column":8},"end":{"line":381,"column":31}},"212":{"start":{"line":385,"column":0},"end":{"line":394,"column":3}},"213":{"start":{"line":386,"column":19},"end":{"line":386,"column":35}},"214":{"start":{"line":387,"column":17},"end":{"line":387,"column":57}},"215":{"start":{"line":388,"column":4},"end":{"line":388,"column":48}},"216":{"start":{"line":389,"column":4},"end":{"line":393,"column":6}},"217":{"start":{"line":396,"column":0},"end":{"line":406,"column":3}},"218":{"start":{"line":397,"column":21},"end":{"line":397,"column":38}},"219":{"start":{"line":398,"column":4},"end":{"line":405,"column":5}},"220":{"start":{"line":399,"column":21},"end":{"line":399,"column":63}},"221":{"start":{"line":400,"column":8},"end":{"line":400,"column":28}},"222":{"start":{"line":401,"column":8},"end":{"line":401,"column":26}},"223":{"start":{"line":402,"column":8},"end":{"line":402,"column":31}},"224":{"start":{"line":404,"column":8},"end":{"line":404,"column":31}},"225":{"start":{"line":409,"column":0},"end":{"line":409,"column":24}}},"fnMap":{"0":{"name":"(anonymous_0)","decl":{"start":{"line":18,"column":39},"end":{"line":18,"column":40}},"loc":{"start":{"line":18,"column":59},"end":{"line":40,"column":1}},"line":18},"1":{"name":"(anonymous_1)","decl":{"start":{"line":43,"column":36},"end":{"line":43,"column":37}},"loc":{"start":{"line":43,"column":56},"end":{"line":70,"column":1}},"line":43},"2":{"name":"(anonymous_2)","decl":{"start":{"line":72,"column":42},"end":{"line":72,"column":43}},"loc":{"start":{"line":72,"column":62},"end":{"line":96,"column":1}},"line":72},"3":{"name":"(anonymous_3)","decl":{"start":{"line":98,"column":43},"end":{"line":98,"column":44}},"loc":{"start":{"line":98,"column":63},"end":{"line":115,"column":1}},"line":98},"4":{"name":"(anonymous_4)","decl":{"start":{"line":101,"column":49},"end":{"line":101,"column":50}},"loc":{"start":{"line":101,"column":60},"end":{"line":106,"column":9}},"line":101},"5":{"name":"(anonymous_5)","decl":{"start":{"line":117,"column":46},"end":{"line":117,"column":47}},"loc":{"start":{"line":117,"column":66},"end":{"line":129,"column":1}},"line":117},"6":{"name":"(anonymous_6)","decl":{"start":{"line":132,"column":29},"end":{"line":132,"column":30}},"loc":{"start":{"line":132,"column":49},"end":{"line":146,"column":1}},"line":132},"7":{"name":"(anonymous_7)","decl":{"start":{"line":148,"column":34},"end":{"line":148,"column":35}},"loc":{"start":{"line":148,"column":54},"end":{"line":160,"column":1}},"line":148},"8":{"name":"(anonymous_8)","decl":{"start":{"line":162,"column":41},"end":{"line":162,"column":42}},"loc":{"start":{"line":162,"column":61},"end":{"line":171,"column":1}},"line":162},"9":{"name":"(anonymous_9)","decl":{"start":{"line":173,"column":37},"end":{"line":173,"column":38}},"loc":{"start":{"line":173,"column":57},"end":{"line":196,"column":1}},"line":173},"10":{"name":"(anonymous_10)","decl":{"start":{"line":198,"column":34},"end":{"line":198,"column":35}},"loc":{"start":{"line":198,"column":54},"end":{"line":207,"column":1}},"line":198},"11":{"name":"(anonymous_11)","decl":{"start":{"line":209,"column":37},"end":{"line":209,"column":38}},"loc":{"start":{"line":209,"column":57},"end":{"line":218,"column":1}},"line":209},"12":{"name":"(anonymous_12)","decl":{"start":{"line":220,"column":37},"end":{"line":220,"column":38}},"loc":{"start":{"line":220,"column":57},"end":{"line":235,"column":1}},"line":220},"13":{"name":"(anonymous_13)","decl":{"start":{"line":237,"column":38},"end":{"line":237,"column":39}},"loc":{"start":{"line":237,"column":58},"end":{"line":257,"column":1}},"line":237},"14":{"name":"(anonymous_14)","decl":{"start":{"line":260,"column":33},"end":{"line":260,"column":34}},"loc":{"start":{"line":260,"column":53},"end":{"line":288,"column":1}},"line":260},"15":{"name":"(anonymous_15)","decl":{"start":{"line":290,"column":42},"end":{"line":290,"column":43}},"loc":{"start":{"line":290,"column":62},"end":{"line":326,"column":1}},"line":290},"16":{"name":"(anonymous_16)","decl":{"start":{"line":294,"column":49},"end":{"line":294,"column":50}},"loc":{"start":{"line":294,"column":61},"end":{"line":298,"column":5}},"line":294},"17":{"name":"(anonymous_17)","decl":{"start":{"line":310,"column":24},"end":{"line":310,"column":25}},"loc":{"start":{"line":310,"column":36},"end":{"line":314,"column":9}},"line":310},"18":{"name":"(anonymous_18)","decl":{"start":{"line":328,"column":43},"end":{"line":328,"column":44}},"loc":{"start":{"line":328,"column":63},"end":{"line":341,"column":1}},"line":328},"19":{"name":"(anonymous_19)","decl":{"start":{"line":343,"column":26},"end":{"line":343,"column":27}},"loc":{"start":{"line":343,"column":42},"end":{"line":350,"column":1}},"line":343},"20":{"name":"(anonymous_20)","decl":{"start":{"line":352,"column":27},"end":{"line":352,"column":28}},"loc":{"start":{"line":352,"column":41},"end":{"line":358,"column":1}},"line":352},"21":{"name":"(anonymous_21)","decl":{"start":{"line":359,"column":28},"end":{"line":359,"column":29}},"loc":{"start":{"line":359,"column":42},"end":{"line":364,"column":1}},"line":359},"22":{"name":"(anonymous_22)","decl":{"start":{"line":367,"column":26},"end":{"line":367,"column":27}},"loc":{"start":{"line":367,"column":46},"end":{"line":383,"column":1}},"line":367},"23":{"name":"(anonymous_23)","decl":{"start":{"line":385,"column":34},"end":{"line":385,"column":35}},"loc":{"start":{"line":385,"column":54},"end":{"line":394,"column":1}},"line":385},"24":{"name":"(anonymous_24)","decl":{"start":{"line":396,"column":27},"end":{"line":396,"column":28}},"loc":{"start":{"line":396,"column":47},"end":{"line":406,"column":1}},"line":396}},"branchMap":{"0":{"loc":{"start":{"line":25,"column":8},"end":{"line":38,"column":9}},"type":"if","locations":[{"start":{"line":25,"column":8},"end":{"line":38,"column":9}},{"start":{"line":25,"column":8},"end":{"line":38,"column":9}}],"line":25},"1":{"loc":{"start":{"line":27,"column":15},"end":{"line":38,"column":9}},"type":"if","locations":[{"start":{"line":27,"column":15},"end":{"line":38,"column":9}},{"start":{"line":27,"column":15},"end":{"line":38,"column":9}}],"line":27},"2":{"loc":{"start":{"line":30,"column":15},"end":{"line":38,"column":9}},"type":"if","locations":[{"start":{"line":30,"column":15},"end":{"line":38,"column":9}},{"start":{"line":30,"column":15},"end":{"line":38,"column":9}}],"line":30},"3":{"loc":{"start":{"line":33,"column":15},"end":{"line":38,"column":9}},"type":"if","locations":[{"start":{"line":33,"column":15},"end":{"line":38,"column":9}},{"start":{"line":33,"column":15},"end":{"line":38,"column":9}}],"line":33},"4":{"loc":{"start":{"line":59,"column":8},"end":{"line":68,"column":9}},"type":"if","locations":[{"start":{"line":59,"column":8},"end":{"line":68,"column":9}},{"start":{"line":59,"column":8},"end":{"line":68,"column":9}}],"line":59},"5":{"loc":{"start":{"line":62,"column":15},"end":{"line":68,"column":9}},"type":"if","locations":[{"start":{"line":62,"column":15},"end":{"line":68,"column":9}},{"start":{"line":62,"column":15},"end":{"line":68,"column":9}}],"line":62},"6":{"loc":{"start":{"line":85,"column":8},"end":{"line":94,"column":9}},"type":"if","locations":[{"start":{"line":85,"column":8},"end":{"line":94,"column":9}},{"start":{"line":85,"column":8},"end":{"line":94,"column":9}}],"line":85},"7":{"loc":{"start":{"line":88,"column":15},"end":{"line":94,"column":9}},"type":"if","locations":[{"start":{"line":88,"column":15},"end":{"line":94,"column":9}},{"start":{"line":88,"column":15},"end":{"line":94,"column":9}}],"line":88},"8":{"loc":{"start":{"line":153,"column":12},"end":{"line":155,"column":13}},"type":"if","locations":[{"start":{"line":153,"column":12},"end":{"line":155,"column":13}},{"start":{"line":153,"column":12},"end":{"line":155,"column":13}}],"line":153},"9":{"loc":{"start":{"line":178,"column":12},"end":{"line":180,"column":13}},"type":"if","locations":[{"start":{"line":178,"column":12},"end":{"line":180,"column":13}},{"start":{"line":178,"column":12},"end":{"line":180,"column":13}}],"line":178},"10":{"loc":{"start":{"line":184,"column":8},"end":{"line":194,"column":9}},"type":"if","locations":[{"start":{"line":184,"column":8},"end":{"line":194,"column":9}},{"start":{"line":184,"column":8},"end":{"line":194,"column":9}}],"line":184},"11":{"loc":{"start":{"line":186,"column":15},"end":{"line":194,"column":9}},"type":"if","locations":[{"start":{"line":186,"column":15},"end":{"line":194,"column":9}},{"start":{"line":186,"column":15},"end":{"line":194,"column":9}}],"line":186},"12":{"loc":{"start":{"line":188,"column":15},"end":{"line":194,"column":9}},"type":"if","locations":[{"start":{"line":188,"column":15},"end":{"line":194,"column":9}},{"start":{"line":188,"column":15},"end":{"line":194,"column":9}}],"line":188},"13":{"loc":{"start":{"line":190,"column":15},"end":{"line":194,"column":9}},"type":"if","locations":[{"start":{"line":190,"column":15},"end":{"line":194,"column":9}},{"start":{"line":190,"column":15},"end":{"line":194,"column":9}}],"line":190},"14":{"loc":{"start":{"line":224,"column":12},"end":{"line":228,"column":13}},"type":"if","locations":[{"start":{"line":224,"column":12},"end":{"line":228,"column":13}},{"start":{"line":224,"column":12},"end":{"line":228,"column":13}}],"line":224},"15":{"loc":{"start":{"line":241,"column":12},"end":{"line":250,"column":13}},"type":"if","locations":[{"start":{"line":241,"column":12},"end":{"line":250,"column":13}},{"start":{"line":241,"column":12},"end":{"line":250,"column":13}}],"line":241},"16":{"loc":{"start":{"line":266,"column":8},"end":{"line":268,"column":9}},"type":"if","locations":[{"start":{"line":266,"column":8},"end":{"line":268,"column":9}},{"start":{"line":266,"column":8},"end":{"line":268,"column":9}}],"line":266},"17":{"loc":{"start":{"line":300,"column":4},"end":{"line":302,"column":5}},"type":"if","locations":[{"start":{"line":300,"column":4},"end":{"line":302,"column":5}},{"start":{"line":300,"column":4},"end":{"line":302,"column":5}}],"line":300},"18":{"loc":{"start":{"line":318,"column":8},"end":{"line":320,"column":9}},"type":"if","locations":[{"start":{"line":318,"column":8},"end":{"line":320,"column":9}},{"start":{"line":318,"column":8},"end":{"line":320,"column":9}}],"line":318},"19":{"loc":{"start":{"line":332,"column":8},"end":{"line":335,"column":9}},"type":"if","locations":[{"start":{"line":332,"column":8},"end":{"line":335,"column":9}},{"start":{"line":332,"column":8},"end":{"line":335,"column":9}}],"line":332},"20":{"loc":{"start":{"line":372,"column":8},"end":{"line":378,"column":9}},"type":"if","locations":[{"start":{"line":372,"column":8},"end":{"line":378,"column":9}},{"start":{"line":372,"column":8},"end":{"line":378,"column":9}}],"line":372}},"s":{"0":1,"1":1,"2":1,"3":1,"4":1,"5":1,"6":1,"7":1,"8":1,"9":1,"10":1,"11":1,"12":1,"13":1,"14":0,"15":0,"16":0,"17":0,"18":0,"19":0,"20":0,"21":0,"22":0,"23":0,"24":0,"25":0,"26":0,"27":0,"28":0,"29":0,"30":1,"31":0,"32":0,"33":0,"34":0,"35":0,"36":0,"37":0,"38":0,"39":0,"40":0,"41":0,"42":0,"43":0,"44":0,"45":1,"46":0,"47":0,"48":0,"49":0,"50":0,"51":0,"52":0,"53":0,"54":0,"55":0,"56":0,"57":0,"58":0,"59":1,"60":0,"61":0,"62":0,"63":0,"64":0,"65":0,"66":1,"67":0,"68":0,"69":0,"70":0,"71":0,"72":1,"73":0,"74":0,"75":0,"76":0,"77":0,"78":0,"79":0,"80":0,"81":1,"82":0,"83":0,"84":0,"85":0,"86":0,"87":0,"88":0,"89":1,"90":0,"91":0,"92":0,"93":0,"94":0,"95":0,"96":1,"97":0,"98":0,"99":0,"100":0,"101":0,"102":0,"103":0,"104":0,"105":0,"106":0,"107":0,"108":0,"109":0,"110":0,"111":0,"112":0,"113":0,"114":1,"115":0,"116":0,"117":0,"118":0,"119":0,"120":0,"121":1,"122":0,"123":0,"124":0,"125":0,"126":0,"127":0,"128":1,"129":0,"130":0,"131":0,"132":0,"133":0,"134":0,"135":0,"136":0,"137":0,"138":0,"139":0,"140":1,"141":0,"142":0,"143":0,"144":0,"145":0,"146":0,"147":0,"148":0,"149":0,"150":0,"151":0,"152":0,"153":0,"154":0,"155":0,"156":0,"157":1,"158":0,"159":0,"160":0,"161":0,"162":0,"163":0,"164":0,"165":1,"166":0,"167":0,"168":0,"169":0,"170":0,"171":0,"172":0,"173":0,"174":0,"175":0,"176":0,"177":0,"178":0,"179":0,"180":0,"181":1,"182":0,"183":0,"184":0,"185":0,"186":0,"187":0,"188":1,"189":0,"190":0,"191":1,"192":0,"193":0,"194":0,"195":0,"196":1,"197":0,"198":0,"199":0,"200":0,"201":1,"202":0,"203":0,"204":0,"205":0,"206":0,"207":0,"208":0,"209":0,"210":0,"211":0,"212":1,"213":0,"214":0,"215":0,"216":0,"217":1,"218":0,"219":0,"220":0,"221":0,"222":0,"223":0,"224":0,"225":1},"f":{"0":0,"1":0,"2":0,"3":0,"4":0,"5":0,"6":0,"7":0,"8":0,"9":0,"10":0,"11":0,"12":0,"13":0,"14":0,"15":0,"16":0,"17":0,"18":0,"19":0,"20":0,"21":0,"22":0,"23":0,"24":0},"b":{"0":[0,0],"1":[0,0],"2":[0,0],"3":[0,0],"4":[0,0],"5":[0,0],"6":[0,0],"7":[0,0],"8":[0,0],"9":[0,0],"10":[0,0],"11":[0,0],"12":[0,0],"13":[0,0],"14":[0,0],"15":[0,0],"16":[0,0],"17":[0,0],"18":[0,0],"19":[0,0],"20":[0,0]},"_coverageSchema":"1a1c01bbd47fc00a2c39e90264f33305004495a9","hash":"3585b92eba55ce180bc3a0ef31bba57d8396a1bc"}
}
