{"/Users/jamesbaker/Desktop/project-video-and-messaging-web-app-steven-chang-hanzhang-wu-xiaoyan-su/Chat-App/server/src/index.js": {"path":"/Users/jamesbaker/Desktop/project-video-and-messaging-web-app-steven-chang-hanzhang-wu-xiaoyan-su/Chat-App/server/src/index.js","statementMap":{"0":{"start":{"line":1,"column":16},"end":{"line":1,"column":34}},"1":{"start":{"line":2,"column":13},"end":{"line":2,"column":28}},"2":{"start":{"line":3,"column":12},"end":{"line":3,"column":35}},"3":{"start":{"line":5,"column":0},"end":{"line":5,"column":25}},"4":{"start":{"line":6,"column":19},"end":{"line":6,"column":44}},"5":{"start":{"line":7,"column":21},"end":{"line":7,"column":48}},"6":{"start":{"line":8,"column":22},"end":{"line":8,"column":50}},"7":{"start":{"line":11,"column":12},"end":{"line":11,"column":21}},"8":{"start":{"line":12,"column":13},"end":{"line":12,"column":37}},"9":{"start":{"line":15,"column":0},"end":{"line":15,"column":24}},"10":{"start":{"line":16,"column":0},"end":{"line":16,"column":16}},"11":{"start":{"line":17,"column":0},"end":{"line":17,"column":20}},"12":{"start":{"line":18,"column":0},"end":{"line":18,"column":22}},"13":{"start":{"line":19,"column":0},"end":{"line":19,"column":23}},"14":{"start":{"line":22,"column":0},"end":{"line":24,"column":3}},"15":{"start":{"line":23,"column":4},"end":{"line":23,"column":48}},"16":{"start":{"line":37,"column":0},"end":{"line":37,"column":21}}},"fnMap":{"0":{"name":"(anonymous_0)","decl":{"start":{"line":22,"column":17},"end":{"line":22,"column":18}},"loc":{"start":{"line":22,"column":23},"end":{"line":24,"column":1}},"line":22}},"branchMap":{"0":{"loc":{"start":{"line":12,"column":13},"end":{"line":12,"column":37}},"type":"binary-expr","locations":[{"start":{"line":12,"column":13},"end":{"line":12,"column":29}},{"start":{"line":12,"column":33},"end":{"line":12,"column":37}}],"line":12}},"s":{"0":1,"1":1,"2":1,"3":1,"4":1,"5":1,"6":1,"7":1,"8":1,"9":1,"10":1,"11":1,"12":1,"13":1,"14":1,"15":1,"16":1},"f":{"0":1},"b":{"0":[1,1]},"_coverageSchema":"1a1c01bbd47fc00a2c39e90264f33305004495a9","hash":"7d4a97cefba1b86d2e7ca35651922bbdda3afdf5"}
,"/Users/jamesbaker/Desktop/project-video-and-messaging-web-app-steven-chang-hanzhang-wu-xiaoyan-su/Chat-App/server/src/db/mongoose.js": {"path":"/Users/jamesbaker/Desktop/project-video-and-messaging-web-app-steven-chang-hanzhang-wu-xiaoyan-su/Chat-App/server/src/db/mongoose.js","statementMap":{"0":{"start":{"line":1,"column":17},"end":{"line":1,"column":36}},"1":{"start":{"line":2,"column":18},"end":{"line":2,"column":38}},"2":{"start":{"line":5,"column":12},"end":{"line":5,"column":119}},"3":{"start":{"line":6,"column":0},"end":{"line":15,"column":3}},"4":{"start":{"line":12,"column":4},"end":{"line":12,"column":41}},"5":{"start":{"line":14,"column":4},"end":{"line":14,"column":23}}},"fnMap":{"0":{"name":"(anonymous_0)","decl":{"start":{"line":11,"column":8},"end":{"line":11,"column":9}},"loc":{"start":{"line":11,"column":14},"end":{"line":13,"column":1}},"line":11},"1":{"name":"(anonymous_1)","decl":{"start":{"line":13,"column":9},"end":{"line":13,"column":10}},"loc":{"start":{"line":13,"column":18},"end":{"line":15,"column":1}},"line":13}},"branchMap":{},"s":{"0":1,"1":1,"2":1,"3":1,"4":1,"5":0},"f":{"0":1,"1":0},"b":{},"_coverageSchema":"1a1c01bbd47fc00a2c39e90264f33305004495a9","hash":"e0fd002c9bde813bf07361068c7be4dba68d18bd"}
,"/Users/jamesbaker/Desktop/project-video-and-messaging-web-app-steven-chang-hanzhang-wu-xiaoyan-su/Chat-App/server/src/middleware/auth.js": {"path":"/Users/jamesbaker/Desktop/project-video-and-messaging-web-app-steven-chang-hanzhang-wu-xiaoyan-su/Chat-App/server/src/middleware/auth.js","statementMap":{"0":{"start":{"line":1,"column":12},"end":{"line":1,"column":35}},"1":{"start":{"line":2,"column":13},"end":{"line":2,"column":38}},"2":{"start":{"line":4,"column":13},"end":{"line":25,"column":1}},"3":{"start":{"line":5,"column":4},"end":{"line":24,"column":5}},"4":{"start":{"line":7,"column":22},"end":{"line":7,"column":72}},"5":{"start":{"line":8,"column":24},"end":{"line":8,"column":62}},"6":{"start":{"line":10,"column":21},"end":{"line":10,"column":84}},"7":{"start":{"line":12,"column":8},"end":{"line":15,"column":9}},"8":{"start":{"line":14,"column":12},"end":{"line":14,"column":30}},"9":{"start":{"line":19,"column":8},"end":{"line":19,"column":24}},"10":{"start":{"line":20,"column":8},"end":{"line":20,"column":26}},"11":{"start":{"line":21,"column":8},"end":{"line":21,"column":15}},"12":{"start":{"line":23,"column":8},"end":{"line":23,"column":64}},"13":{"start":{"line":27,"column":0},"end":{"line":27,"column":22}}},"fnMap":{"0":{"name":"(anonymous_0)","decl":{"start":{"line":4,"column":13},"end":{"line":4,"column":14}},"loc":{"start":{"line":4,"column":38},"end":{"line":25,"column":1}},"line":4}},"branchMap":{"0":{"loc":{"start":{"line":12,"column":8},"end":{"line":15,"column":9}},"type":"if","locations":[{"start":{"line":12,"column":8},"end":{"line":15,"column":9}},{"start":{"line":12,"column":8},"end":{"line":15,"column":9}}],"line":12}},"s":{"0":1,"1":1,"2":1,"3":2,"4":2,"5":0,"6":0,"7":0,"8":0,"9":0,"10":0,"11":0,"12":2,"13":1},"f":{"0":2},"b":{"0":[0,0]},"_coverageSchema":"1a1c01bbd47fc00a2c39e90264f33305004495a9","hash":"f54015333c743f27b5d91f913faa358c3360f545"}
,"/Users/jamesbaker/Desktop/project-video-and-messaging-web-app-steven-chang-hanzhang-wu-xiaoyan-su/Chat-App/server/src/models/message.js": {"path":"/Users/jamesbaker/Desktop/project-video-and-messaging-web-app-steven-chang-hanzhang-wu-xiaoyan-su/Chat-App/server/src/models/message.js","statementMap":{"0":{"start":{"line":1,"column":17},"end":{"line":1,"column":36}},"1":{"start":{"line":2,"column":18},"end":{"line":2,"column":38}},"2":{"start":{"line":3,"column":15},"end":{"line":3,"column":34}},"3":{"start":{"line":4,"column":12},"end":{"line":4,"column":35}},"4":{"start":{"line":6,"column":22},"end":{"line":39,"column":2}},"5":{"start":{"line":41,"column":16},"end":{"line":41,"column":56}},"6":{"start":{"line":43,"column":0},"end":{"line":43,"column":25}}},"fnMap":{},"branchMap":{},"s":{"0":1,"1":1,"2":1,"3":1,"4":1,"5":1,"6":1},"f":{},"b":{},"_coverageSchema":"1a1c01bbd47fc00a2c39e90264f33305004495a9","hash":"9ab7108ac23a8dc97fa6c0e537c416da13ccabad"}
,"/Users/jamesbaker/Desktop/project-video-and-messaging-web-app-steven-chang-hanzhang-wu-xiaoyan-su/Chat-App/server/src/models/status.js": {"path":"/Users/jamesbaker/Desktop/project-video-and-messaging-web-app-steven-chang-hanzhang-wu-xiaoyan-su/Chat-App/server/src/models/status.js","statementMap":{"0":{"start":{"line":1,"column":17},"end":{"line":1,"column":36}},"1":{"start":{"line":2,"column":18},"end":{"line":2,"column":38}},"2":{"start":{"line":3,"column":15},"end":{"line":3,"column":34}},"3":{"start":{"line":4,"column":12},"end":{"line":4,"column":35}},"4":{"start":{"line":6,"column":21},"end":{"line":28,"column":2}},"5":{"start":{"line":30,"column":15},"end":{"line":30,"column":53}},"6":{"start":{"line":32,"column":0},"end":{"line":32,"column":24}}},"fnMap":{},"branchMap":{},"s":{"0":1,"1":1,"2":1,"3":1,"4":1,"5":1,"6":1},"f":{},"b":{},"_coverageSchema":"1a1c01bbd47fc00a2c39e90264f33305004495a9","hash":"61fcc5cbd77ff20244717c4b4c06895d69b40798"}
,"/Users/jamesbaker/Desktop/project-video-and-messaging-web-app-steven-chang-hanzhang-wu-xiaoyan-su/Chat-App/server/src/models/user.js": {"path":"/Users/jamesbaker/Desktop/project-video-and-messaging-web-app-steven-chang-hanzhang-wu-xiaoyan-su/Chat-App/server/src/models/user.js","statementMap":{"0":{"start":{"line":1,"column":17},"end":{"line":1,"column":36}},"1":{"start":{"line":2,"column":18},"end":{"line":2,"column":38}},"2":{"start":{"line":3,"column":15},"end":{"line":3,"column":34}},"3":{"start":{"line":4,"column":12},"end":{"line":4,"column":35}},"4":{"start":{"line":7,"column":19},"end":{"line":93,"column":2}},"5":{"start":{"line":22,"column":12},"end":{"line":24,"column":13}},"6":{"start":{"line":23,"column":16},"end":{"line":23,"column":53}},"7":{"start":{"line":31,"column":12},"end":{"line":33,"column":13}},"8":{"start":{"line":32,"column":16},"end":{"line":32,"column":80}},"9":{"start":{"line":35,"column":12},"end":{"line":37,"column":13}},"10":{"start":{"line":36,"column":16},"end":{"line":36,"column":71}},"11":{"start":{"line":39,"column":28},"end":{"line":39,"column":45}},"12":{"start":{"line":40,"column":12},"end":{"line":42,"column":13}},"13":{"start":{"line":41,"column":16},"end":{"line":41,"column":89}},"14":{"start":{"line":49,"column":12},"end":{"line":51,"column":13}},"15":{"start":{"line":50,"column":16},"end":{"line":50,"column":80}},"16":{"start":{"line":53,"column":12},"end":{"line":55,"column":13}},"17":{"start":{"line":54,"column":16},"end":{"line":54,"column":71}},"18":{"start":{"line":96,"column":0},"end":{"line":112,"column":1}},"19":{"start":{"line":97,"column":17},"end":{"line":97,"column":21}},"20":{"start":{"line":102,"column":18},"end":{"line":102,"column":77}},"21":{"start":{"line":106,"column":4},"end":{"line":106,"column":55}},"22":{"start":{"line":109,"column":4},"end":{"line":109,"column":22}},"23":{"start":{"line":111,"column":4},"end":{"line":111,"column":17}},"24":{"start":{"line":114,"column":0},"end":{"line":132,"column":1}},"25":{"start":{"line":115,"column":17},"end":{"line":115,"column":59}},"26":{"start":{"line":116,"column":20},"end":{"line":116,"column":60}},"27":{"start":{"line":117,"column":4},"end":{"line":119,"column":5}},"28":{"start":{"line":118,"column":8},"end":{"line":118,"column":55}},"29":{"start":{"line":120,"column":4},"end":{"line":122,"column":5}},"30":{"start":{"line":121,"column":8},"end":{"line":121,"column":72}},"31":{"start":{"line":123,"column":4},"end":{"line":125,"column":5}},"32":{"start":{"line":124,"column":8},"end":{"line":124,"column":63}},"33":{"start":{"line":126,"column":20},"end":{"line":126,"column":37}},"34":{"start":{"line":127,"column":4},"end":{"line":129,"column":5}},"35":{"start":{"line":128,"column":8},"end":{"line":128,"column":81}},"36":{"start":{"line":130,"column":4},"end":{"line":130,"column":97}},"37":{"start":{"line":131,"column":4},"end":{"line":131,"column":16}},"38":{"start":{"line":134,"column":0},"end":{"line":169,"column":1}},"39":{"start":{"line":135,"column":17},"end":{"line":135,"column":59}},"40":{"start":{"line":136,"column":24},"end":{"line":136,"column":34}},"41":{"start":{"line":137,"column":4},"end":{"line":140,"column":5}},"42":{"start":{"line":138,"column":25},"end":{"line":138,"column":111}},"43":{"start":{"line":139,"column":8},"end":{"line":139,"column":98}},"44":{"start":{"line":142,"column":4},"end":{"line":144,"column":5}},"45":{"start":{"line":143,"column":8},"end":{"line":143,"column":45}},"46":{"start":{"line":146,"column":4},"end":{"line":153,"column":5}},"47":{"start":{"line":147,"column":8},"end":{"line":147,"column":35}},"48":{"start":{"line":149,"column":29},"end":{"line":149,"column":72}},"49":{"start":{"line":150,"column":8},"end":{"line":150,"column":54}},"50":{"start":{"line":151,"column":8},"end":{"line":151,"column":26}},"51":{"start":{"line":152,"column":8},"end":{"line":152,"column":85}},"52":{"start":{"line":155,"column":20},"end":{"line":155,"column":65}},"53":{"start":{"line":157,"column":4},"end":{"line":163,"column":5}},"54":{"start":{"line":160,"column":8},"end":{"line":160,"column":60}},"55":{"start":{"line":161,"column":8},"end":{"line":161,"column":26}},"56":{"start":{"line":162,"column":8},"end":{"line":162,"column":45}},"57":{"start":{"line":165,"column":4},"end":{"line":165,"column":31}},"58":{"start":{"line":166,"column":4},"end":{"line":166,"column":48}},"59":{"start":{"line":167,"column":4},"end":{"line":167,"column":22}},"60":{"start":{"line":168,"column":4},"end":{"line":168,"column":16}},"61":{"start":{"line":171,"column":0},"end":{"line":206,"column":1}},"62":{"start":{"line":172,"column":17},"end":{"line":172,"column":59}},"63":{"start":{"line":173,"column":24},"end":{"line":173,"column":34}},"64":{"start":{"line":174,"column":4},"end":{"line":177,"column":5}},"65":{"start":{"line":175,"column":25},"end":{"line":175,"column":111}},"66":{"start":{"line":176,"column":8},"end":{"line":176,"column":98}},"67":{"start":{"line":179,"column":4},"end":{"line":181,"column":5}},"68":{"start":{"line":180,"column":8},"end":{"line":180,"column":45}},"69":{"start":{"line":183,"column":4},"end":{"line":190,"column":5}},"70":{"start":{"line":184,"column":8},"end":{"line":184,"column":35}},"71":{"start":{"line":186,"column":29},"end":{"line":186,"column":72}},"72":{"start":{"line":187,"column":8},"end":{"line":187,"column":54}},"73":{"start":{"line":188,"column":8},"end":{"line":188,"column":26}},"74":{"start":{"line":189,"column":8},"end":{"line":189,"column":85}},"75":{"start":{"line":192,"column":20},"end":{"line":192,"column":55}},"76":{"start":{"line":194,"column":4},"end":{"line":200,"column":5}},"77":{"start":{"line":197,"column":8},"end":{"line":197,"column":60}},"78":{"start":{"line":198,"column":8},"end":{"line":198,"column":26}},"79":{"start":{"line":199,"column":8},"end":{"line":199,"column":45}},"80":{"start":{"line":202,"column":4},"end":{"line":202,"column":31}},"81":{"start":{"line":203,"column":4},"end":{"line":203,"column":48}},"82":{"start":{"line":204,"column":4},"end":{"line":204,"column":22}},"83":{"start":{"line":205,"column":4},"end":{"line":205,"column":16}},"84":{"start":{"line":210,"column":0},"end":{"line":224,"column":2}},"85":{"start":{"line":212,"column":17},"end":{"line":212,"column":21}},"86":{"start":{"line":215,"column":4},"end":{"line":218,"column":5}},"87":{"start":{"line":217,"column":8},"end":{"line":217,"column":59}},"88":{"start":{"line":220,"column":4},"end":{"line":222,"column":5}},"89":{"start":{"line":221,"column":8},"end":{"line":221,"column":50}},"90":{"start":{"line":223,"column":4},"end":{"line":223,"column":11}},"91":{"start":{"line":227,"column":13},"end":{"line":227,"column":47}},"92":{"start":{"line":229,"column":0},"end":{"line":229,"column":22}}},"fnMap":{"0":{"name":"(anonymous_0)","decl":{"start":{"line":20,"column":8},"end":{"line":20,"column":9}},"loc":{"start":{"line":20,"column":24},"end":{"line":25,"column":9}},"line":20},"1":{"name":"(anonymous_1)","decl":{"start":{"line":30,"column":8},"end":{"line":30,"column":9}},"loc":{"start":{"line":30,"column":24},"end":{"line":43,"column":9}},"line":30},"2":{"name":"(anonymous_2)","decl":{"start":{"line":48,"column":8},"end":{"line":48,"column":9}},"loc":{"start":{"line":48,"column":24},"end":{"line":56,"column":9}},"line":48},"3":{"name":"(anonymous_3)","decl":{"start":{"line":96,"column":39},"end":{"line":96,"column":40}},"loc":{"start":{"line":96,"column":57},"end":{"line":112,"column":1}},"line":96},"4":{"name":"(anonymous_4)","decl":{"start":{"line":114,"column":35},"end":{"line":114,"column":36}},"loc":{"start":{"line":114,"column":65},"end":{"line":132,"column":1}},"line":114},"5":{"name":"(anonymous_5)","decl":{"start":{"line":134,"column":39},"end":{"line":134,"column":40}},"loc":{"start":{"line":134,"column":69},"end":{"line":169,"column":1}},"line":134},"6":{"name":"(anonymous_6)","decl":{"start":{"line":171,"column":48},"end":{"line":171,"column":49}},"loc":{"start":{"line":171,"column":73},"end":{"line":206,"column":1}},"line":171},"7":{"name":"(anonymous_7)","decl":{"start":{"line":210,"column":23},"end":{"line":210,"column":24}},"loc":{"start":{"line":210,"column":45},"end":{"line":224,"column":1}},"line":210}},"branchMap":{"0":{"loc":{"start":{"line":22,"column":12},"end":{"line":24,"column":13}},"type":"if","locations":[{"start":{"line":22,"column":12},"end":{"line":24,"column":13}},{"start":{"line":22,"column":12},"end":{"line":24,"column":13}}],"line":22},"1":{"loc":{"start":{"line":31,"column":12},"end":{"line":33,"column":13}},"type":"if","locations":[{"start":{"line":31,"column":12},"end":{"line":33,"column":13}},{"start":{"line":31,"column":12},"end":{"line":33,"column":13}}],"line":31},"2":{"loc":{"start":{"line":35,"column":12},"end":{"line":37,"column":13}},"type":"if","locations":[{"start":{"line":35,"column":12},"end":{"line":37,"column":13}},{"start":{"line":35,"column":12},"end":{"line":37,"column":13}}],"line":35},"3":{"loc":{"start":{"line":40,"column":12},"end":{"line":42,"column":13}},"type":"if","locations":[{"start":{"line":40,"column":12},"end":{"line":42,"column":13}},{"start":{"line":40,"column":12},"end":{"line":42,"column":13}}],"line":40},"4":{"loc":{"start":{"line":49,"column":12},"end":{"line":51,"column":13}},"type":"if","locations":[{"start":{"line":49,"column":12},"end":{"line":51,"column":13}},{"start":{"line":49,"column":12},"end":{"line":51,"column":13}}],"line":49},"5":{"loc":{"start":{"line":53,"column":12},"end":{"line":55,"column":13}},"type":"if","locations":[{"start":{"line":53,"column":12},"end":{"line":55,"column":13}},{"start":{"line":53,"column":12},"end":{"line":55,"column":13}}],"line":53},"6":{"loc":{"start":{"line":117,"column":4},"end":{"line":119,"column":5}},"type":"if","locations":[{"start":{"line":117,"column":4},"end":{"line":119,"column":5}},{"start":{"line":117,"column":4},"end":{"line":119,"column":5}}],"line":117},"7":{"loc":{"start":{"line":120,"column":4},"end":{"line":122,"column":5}},"type":"if","locations":[{"start":{"line":120,"column":4},"end":{"line":122,"column":5}},{"start":{"line":120,"column":4},"end":{"line":122,"column":5}}],"line":120},"8":{"loc":{"start":{"line":123,"column":4},"end":{"line":125,"column":5}},"type":"if","locations":[{"start":{"line":123,"column":4},"end":{"line":125,"column":5}},{"start":{"line":123,"column":4},"end":{"line":125,"column":5}}],"line":123},"9":{"loc":{"start":{"line":127,"column":4},"end":{"line":129,"column":5}},"type":"if","locations":[{"start":{"line":127,"column":4},"end":{"line":129,"column":5}},{"start":{"line":127,"column":4},"end":{"line":129,"column":5}}],"line":127},"10":{"loc":{"start":{"line":137,"column":4},"end":{"line":140,"column":5}},"type":"if","locations":[{"start":{"line":137,"column":4},"end":{"line":140,"column":5}},{"start":{"line":137,"column":4},"end":{"line":140,"column":5}}],"line":137},"11":{"loc":{"start":{"line":142,"column":4},"end":{"line":144,"column":5}},"type":"if","locations":[{"start":{"line":142,"column":4},"end":{"line":144,"column":5}},{"start":{"line":142,"column":4},"end":{"line":144,"column":5}}],"line":142},"12":{"loc":{"start":{"line":146,"column":4},"end":{"line":153,"column":5}},"type":"if","locations":[{"start":{"line":146,"column":4},"end":{"line":153,"column":5}},{"start":{"line":146,"column":4},"end":{"line":153,"column":5}}],"line":146},"13":{"loc":{"start":{"line":157,"column":4},"end":{"line":163,"column":5}},"type":"if","locations":[{"start":{"line":157,"column":4},"end":{"line":163,"column":5}},{"start":{"line":157,"column":4},"end":{"line":163,"column":5}}],"line":157},"14":{"loc":{"start":{"line":174,"column":4},"end":{"line":177,"column":5}},"type":"if","locations":[{"start":{"line":174,"column":4},"end":{"line":177,"column":5}},{"start":{"line":174,"column":4},"end":{"line":177,"column":5}}],"line":174},"15":{"loc":{"start":{"line":179,"column":4},"end":{"line":181,"column":5}},"type":"if","locations":[{"start":{"line":179,"column":4},"end":{"line":181,"column":5}},{"start":{"line":179,"column":4},"end":{"line":181,"column":5}}],"line":179},"16":{"loc":{"start":{"line":183,"column":4},"end":{"line":190,"column":5}},"type":"if","locations":[{"start":{"line":183,"column":4},"end":{"line":190,"column":5}},{"start":{"line":183,"column":4},"end":{"line":190,"column":5}}],"line":183},"17":{"loc":{"start":{"line":194,"column":4},"end":{"line":200,"column":5}},"type":"if","locations":[{"start":{"line":194,"column":4},"end":{"line":200,"column":5}},{"start":{"line":194,"column":4},"end":{"line":200,"column":5}}],"line":194},"18":{"loc":{"start":{"line":215,"column":4},"end":{"line":218,"column":5}},"type":"if","locations":[{"start":{"line":215,"column":4},"end":{"line":218,"column":5}},{"start":{"line":215,"column":4},"end":{"line":218,"column":5}}],"line":215},"19":{"loc":{"start":{"line":220,"column":4},"end":{"line":222,"column":5}},"type":"if","locations":[{"start":{"line":220,"column":4},"end":{"line":222,"column":5}},{"start":{"line":220,"column":4},"end":{"line":222,"column":5}}],"line":220}},"s":{"0":1,"1":1,"2":1,"3":1,"4":1,"5":13,"6":0,"7":11,"8":0,"9":11,"10":0,"11":11,"12":11,"13":0,"14":12,"15":0,"16":12,"17":0,"18":1,"19":1,"20":1,"21":1,"22":1,"23":1,"24":1,"25":1,"26":1,"27":1,"28":1,"29":0,"30":0,"31":0,"32":0,"33":0,"34":0,"35":0,"36":0,"37":0,"38":1,"39":1,"40":1,"41":1,"42":0,"43":0,"44":1,"45":0,"46":1,"47":0,"48":0,"49":0,"50":0,"51":0,"52":1,"53":1,"54":0,"55":0,"56":0,"57":1,"58":1,"59":1,"60":1,"61":1,"62":1,"63":1,"64":1,"65":0,"66":0,"67":1,"68":0,"69":1,"70":0,"71":0,"72":0,"73":0,"74":0,"75":1,"76":1,"77":0,"78":0,"79":0,"80":1,"81":1,"82":1,"83":1,"84":1,"85":11,"86":11,"87":0,"88":11,"89":0,"90":11,"91":1,"92":1},"f":{"0":13,"1":11,"2":12,"3":1,"4":1,"5":1,"6":1,"7":11},"b":{"0":[0,13],"1":[0,11],"2":[0,11],"3":[0,11],"4":[0,12],"5":[0,12],"6":[1,0],"7":[0,0],"8":[0,0],"9":[0,0],"10":[0,1],"11":[0,1],"12":[0,1],"13":[0,1],"14":[0,1],"15":[0,1],"16":[0,1],"17":[0,1],"18":[0,11],"19":[0,11]},"_coverageSchema":"1a1c01bbd47fc00a2c39e90264f33305004495a9","hash":"8e142f872eca5d96f53577b921528086ae5eb86b"}
,"/Users/jamesbaker/Desktop/project-video-and-messaging-web-app-steven-chang-hanzhang-wu-xiaoyan-su/Chat-App/server/src/routers/config.js": {"path":"/Users/jamesbaker/Desktop/project-video-and-messaging-web-app-steven-chang-hanzhang-wu-xiaoyan-su/Chat-App/server/src/routers/config.js","statementMap":{"0":{"start":{"line":1,"column":0},"end":{"line":7,"column":2}}},"fnMap":{},"branchMap":{},"s":{"0":1},"f":{},"b":{},"_coverageSchema":"1a1c01bbd47fc00a2c39e90264f33305004495a9","hash":"2cc9f287d16f783a7d8ce0396229cc27e6bbdb8a"}
,"/Users/jamesbaker/Desktop/project-video-and-messaging-web-app-steven-chang-hanzhang-wu-xiaoyan-su/Chat-App/server/src/routers/message.js": {"path":"/Users/jamesbaker/Desktop/project-video-and-messaging-web-app-steven-chang-hanzhang-wu-xiaoyan-su/Chat-App/server/src/routers/message.js","statementMap":{"0":{"start":{"line":1,"column":16},"end":{"line":1,"column":34}},"1":{"start":{"line":2,"column":13},"end":{"line":2,"column":38}},"2":{"start":{"line":3,"column":16},"end":{"line":3,"column":44}},"3":{"start":{"line":4,"column":13},"end":{"line":4,"column":42}},"4":{"start":{"line":5,"column":15},"end":{"line":5,"column":32}},"5":{"start":{"line":6,"column":11},"end":{"line":6,"column":24}},"6":{"start":{"line":7,"column":15},"end":{"line":9,"column":2}},"7":{"start":{"line":10,"column":13},"end":{"line":10,"column":28}},"8":{"start":{"line":11,"column":15},"end":{"line":11,"column":35}},"9":{"start":{"line":12,"column":12},"end":{"line":12,"column":21}},"10":{"start":{"line":13,"column":0},"end":{"line":13,"column":14}},"11":{"start":{"line":15,"column":0},"end":{"line":27,"column":3}},"12":{"start":{"line":16,"column":20},"end":{"line":16,"column":42}},"13":{"start":{"line":17,"column":21},"end":{"line":17,"column":41}},"14":{"start":{"line":18,"column":4},"end":{"line":20,"column":5}},"15":{"start":{"line":19,"column":8},"end":{"line":19,"column":62}},"16":{"start":{"line":21,"column":4},"end":{"line":26,"column":1}},"17":{"start":{"line":22,"column":8},"end":{"line":22,"column":29}},"18":{"start":{"line":23,"column":8},"end":{"line":23,"column":38}},"19":{"start":{"line":25,"column":8},"end":{"line":25,"column":32}},"20":{"start":{"line":29,"column":0},"end":{"line":43,"column":3}},"21":{"start":{"line":30,"column":4},"end":{"line":42,"column":5}},"22":{"start":{"line":31,"column":20},"end":{"line":31,"column":42}},"23":{"start":{"line":32,"column":21},"end":{"line":32,"column":41}},"24":{"start":{"line":33,"column":4},"end":{"line":35,"column":5}},"25":{"start":{"line":34,"column":8},"end":{"line":34,"column":62}},"26":{"start":{"line":36,"column":4},"end":{"line":36,"column":56}},"27":{"start":{"line":37,"column":4},"end":{"line":37,"column":44}},"28":{"start":{"line":38,"column":8},"end":{"line":38,"column":29}},"29":{"start":{"line":39,"column":8},"end":{"line":39,"column":38}},"30":{"start":{"line":41,"column":8},"end":{"line":41,"column":32}},"31":{"start":{"line":45,"column":0},"end":{"line":60,"column":3}},"32":{"start":{"line":46,"column":4},"end":{"line":59,"column":5}},"33":{"start":{"line":47,"column":20},"end":{"line":47,"column":42}},"34":{"start":{"line":48,"column":21},"end":{"line":48,"column":41}},"35":{"start":{"line":49,"column":4},"end":{"line":51,"column":5}},"36":{"start":{"line":50,"column":8},"end":{"line":50,"column":62}},"37":{"start":{"line":52,"column":4},"end":{"line":52,"column":56}},"38":{"start":{"line":53,"column":4},"end":{"line":53,"column":44}},"39":{"start":{"line":55,"column":8},"end":{"line":55,"column":29}},"40":{"start":{"line":56,"column":8},"end":{"line":56,"column":38}},"41":{"start":{"line":58,"column":8},"end":{"line":58,"column":32}},"42":{"start":{"line":62,"column":0},"end":{"line":76,"column":3}},"43":{"start":{"line":63,"column":4},"end":{"line":75,"column":5}},"44":{"start":{"line":64,"column":20},"end":{"line":64,"column":42}},"45":{"start":{"line":65,"column":21},"end":{"line":65,"column":41}},"46":{"start":{"line":66,"column":4},"end":{"line":68,"column":5}},"47":{"start":{"line":67,"column":8},"end":{"line":67,"column":62}},"48":{"start":{"line":69,"column":4},"end":{"line":69,"column":56}},"49":{"start":{"line":70,"column":4},"end":{"line":70,"column":44}},"50":{"start":{"line":71,"column":8},"end":{"line":71,"column":29}},"51":{"start":{"line":72,"column":8},"end":{"line":72,"column":38}},"52":{"start":{"line":74,"column":8},"end":{"line":74,"column":32}},"53":{"start":{"line":78,"column":0},"end":{"line":85,"column":3}},"54":{"start":{"line":79,"column":4},"end":{"line":84,"column":5}},"55":{"start":{"line":80,"column":8},"end":{"line":80,"column":58}},"56":{"start":{"line":81,"column":8},"end":{"line":81,"column":31}},"57":{"start":{"line":83,"column":8},"end":{"line":83,"column":32}},"58":{"start":{"line":87,"column":0},"end":{"line":95,"column":3}},"59":{"start":{"line":88,"column":4},"end":{"line":94,"column":5}},"60":{"start":{"line":89,"column":8},"end":{"line":90,"column":72}},"61":{"start":{"line":91,"column":8},"end":{"line":91,"column":31}},"62":{"start":{"line":93,"column":8},"end":{"line":93,"column":32}},"63":{"start":{"line":97,"column":0},"end":{"line":110,"column":3}},"64":{"start":{"line":98,"column":4},"end":{"line":109,"column":5}},"65":{"start":{"line":99,"column":25},"end":{"line":99,"column":75}},"66":{"start":{"line":100,"column":8},"end":{"line":105,"column":9}},"67":{"start":{"line":100,"column":21},"end":{"line":100,"column":22}},"68":{"start":{"line":101,"column":12},"end":{"line":104,"column":13}},"69":{"start":{"line":102,"column":16},"end":{"line":102,"column":40}},"70":{"start":{"line":103,"column":16},"end":{"line":103,"column":41}},"71":{"start":{"line":106,"column":8},"end":{"line":106,"column":31}},"72":{"start":{"line":108,"column":8},"end":{"line":108,"column":32}},"73":{"start":{"line":112,"column":0},"end":{"line":125,"column":3}},"74":{"start":{"line":113,"column":4},"end":{"line":124,"column":5}},"75":{"start":{"line":114,"column":25},"end":{"line":114,"column":101}},"76":{"start":{"line":115,"column":8},"end":{"line":120,"column":9}},"77":{"start":{"line":115,"column":21},"end":{"line":115,"column":22}},"78":{"start":{"line":116,"column":12},"end":{"line":119,"column":13}},"79":{"start":{"line":117,"column":16},"end":{"line":117,"column":40}},"80":{"start":{"line":118,"column":16},"end":{"line":118,"column":41}},"81":{"start":{"line":121,"column":8},"end":{"line":121,"column":31}},"82":{"start":{"line":123,"column":8},"end":{"line":123,"column":32}},"83":{"start":{"line":127,"column":0},"end":{"line":141,"column":3}},"84":{"start":{"line":128,"column":4},"end":{"line":140,"column":5}},"85":{"start":{"line":129,"column":25},"end":{"line":130,"column":71}},"86":{"start":{"line":131,"column":32},"end":{"line":131,"column":34}},"87":{"start":{"line":132,"column":8},"end":{"line":136,"column":9}},"88":{"start":{"line":132,"column":20},"end":{"line":132,"column":21}},"89":{"start":{"line":133,"column":12},"end":{"line":135,"column":47}},"90":{"start":{"line":137,"column":8},"end":{"line":137,"column":36}},"91":{"start":{"line":139,"column":8},"end":{"line":139,"column":31}},"92":{"start":{"line":143,"column":0},"end":{"line":143,"column":24}}},"fnMap":{"0":{"name":"(anonymous_0)","decl":{"start":{"line":15,"column":37},"end":{"line":15,"column":38}},"loc":{"start":{"line":15,"column":57},"end":{"line":27,"column":1}},"line":15},"1":{"name":"(anonymous_1)","decl":{"start":{"line":29,"column":62},"end":{"line":29,"column":63}},"loc":{"start":{"line":29,"column":82},"end":{"line":43,"column":1}},"line":29},"2":{"name":"(anonymous_2)","decl":{"start":{"line":45,"column":62},"end":{"line":45,"column":63}},"loc":{"start":{"line":45,"column":82},"end":{"line":60,"column":1}},"line":45},"3":{"name":"(anonymous_3)","decl":{"start":{"line":62,"column":62},"end":{"line":62,"column":63}},"loc":{"start":{"line":62,"column":82},"end":{"line":76,"column":1}},"line":62},"4":{"name":"(anonymous_4)","decl":{"start":{"line":78,"column":39},"end":{"line":78,"column":40}},"loc":{"start":{"line":78,"column":59},"end":{"line":85,"column":1}},"line":78},"5":{"name":"(anonymous_5)","decl":{"start":{"line":87,"column":42},"end":{"line":87,"column":43}},"loc":{"start":{"line":87,"column":62},"end":{"line":95,"column":1}},"line":87},"6":{"name":"(anonymous_6)","decl":{"start":{"line":97,"column":40},"end":{"line":97,"column":41}},"loc":{"start":{"line":97,"column":60},"end":{"line":110,"column":1}},"line":97},"7":{"name":"(anonymous_7)","decl":{"start":{"line":112,"column":37},"end":{"line":112,"column":38}},"loc":{"start":{"line":112,"column":57},"end":{"line":125,"column":1}},"line":112},"8":{"name":"(anonymous_8)","decl":{"start":{"line":127,"column":31},"end":{"line":127,"column":32}},"loc":{"start":{"line":127,"column":51},"end":{"line":141,"column":1}},"line":127}},"branchMap":{"0":{"loc":{"start":{"line":18,"column":4},"end":{"line":20,"column":5}},"type":"if","locations":[{"start":{"line":18,"column":4},"end":{"line":20,"column":5}},{"start":{"line":18,"column":4},"end":{"line":20,"column":5}}],"line":18},"1":{"loc":{"start":{"line":33,"column":4},"end":{"line":35,"column":5}},"type":"if","locations":[{"start":{"line":33,"column":4},"end":{"line":35,"column":5}},{"start":{"line":33,"column":4},"end":{"line":35,"column":5}}],"line":33},"2":{"loc":{"start":{"line":49,"column":4},"end":{"line":51,"column":5}},"type":"if","locations":[{"start":{"line":49,"column":4},"end":{"line":51,"column":5}},{"start":{"line":49,"column":4},"end":{"line":51,"column":5}}],"line":49},"3":{"loc":{"start":{"line":66,"column":4},"end":{"line":68,"column":5}},"type":"if","locations":[{"start":{"line":66,"column":4},"end":{"line":68,"column":5}},{"start":{"line":66,"column":4},"end":{"line":68,"column":5}}],"line":66},"4":{"loc":{"start":{"line":101,"column":12},"end":{"line":104,"column":13}},"type":"if","locations":[{"start":{"line":101,"column":12},"end":{"line":104,"column":13}},{"start":{"line":101,"column":12},"end":{"line":104,"column":13}}],"line":101},"5":{"loc":{"start":{"line":116,"column":12},"end":{"line":119,"column":13}},"type":"if","locations":[{"start":{"line":116,"column":12},"end":{"line":119,"column":13}},{"start":{"line":116,"column":12},"end":{"line":119,"column":13}}],"line":116}},"s":{"0":1,"1":1,"2":1,"3":1,"4":1,"5":1,"6":1,"7":1,"8":1,"9":1,"10":1,"11":1,"12":1,"13":1,"14":1,"15":1,"16":1,"17":1,"18":1,"19":0,"20":1,"21":1,"22":1,"23":1,"24":1,"25":1,"26":1,"27":0,"28":0,"29":0,"30":1,"31":1,"32":1,"33":1,"34":1,"35":1,"36":1,"37":1,"38":0,"39":0,"40":0,"41":1,"42":1,"43":1,"44":1,"45":1,"46":1,"47":1,"48":1,"49":0,"50":0,"51":0,"52":1,"53":1,"54":1,"55":1,"56":1,"57":0,"58":1,"59":1,"60":1,"61":1,"62":0,"63":1,"64":1,"65":1,"66":1,"67":1,"68":1,"69":1,"70":1,"71":1,"72":0,"73":1,"74":1,"75":1,"76":1,"77":1,"78":1,"79":0,"80":0,"81":1,"82":0,"83":1,"84":1,"85":1,"86":1,"87":1,"88":1,"89":0,"90":1,"91":0,"92":1},"f":{"0":1,"1":1,"2":1,"3":1,"4":1,"5":1,"6":1,"7":1,"8":1},"b":{"0":[1,0],"1":[1,0],"2":[1,0],"3":[1,0],"4":[1,0],"5":[0,1]},"_coverageSchema":"1a1c01bbd47fc00a2c39e90264f33305004495a9","hash":"3ceba7ba90e3b4502710285c62ff06feeac23588"}
,"/Users/jamesbaker/Desktop/project-video-and-messaging-web-app-steven-chang-hanzhang-wu-xiaoyan-su/Chat-App/server/src/routers/status.js": {"path":"/Users/jamesbaker/Desktop/project-video-and-messaging-web-app-steven-chang-hanzhang-wu-xiaoyan-su/Chat-App/server/src/routers/status.js","statementMap":{"0":{"start":{"line":1,"column":16},"end":{"line":1,"column":34}},"1":{"start":{"line":2,"column":13},"end":{"line":2,"column":38}},"2":{"start":{"line":3,"column":15},"end":{"line":3,"column":42}},"3":{"start":{"line":4,"column":13},"end":{"line":4,"column":42}},"4":{"start":{"line":5,"column":15},"end":{"line":5,"column":32}},"5":{"start":{"line":6,"column":11},"end":{"line":6,"column":24}},"6":{"start":{"line":7,"column":15},"end":{"line":9,"column":2}},"7":{"start":{"line":10,"column":13},"end":{"line":10,"column":28}},"8":{"start":{"line":11,"column":15},"end":{"line":11,"column":35}},"9":{"start":{"line":13,"column":12},"end":{"line":13,"column":21}},"10":{"start":{"line":14,"column":0},"end":{"line":14,"column":14}},"11":{"start":{"line":16,"column":0},"end":{"line":27,"column":3}},"12":{"start":{"line":19,"column":19},"end":{"line":19,"column":40}},"13":{"start":{"line":21,"column":4},"end":{"line":26,"column":5}},"14":{"start":{"line":22,"column":8},"end":{"line":22,"column":28}},"15":{"start":{"line":23,"column":8},"end":{"line":23,"column":37}},"16":{"start":{"line":25,"column":8},"end":{"line":25,"column":32}},"17":{"start":{"line":29,"column":0},"end":{"line":57,"column":3}},"18":{"start":{"line":30,"column":4},"end":{"line":49,"column":5}},"19":{"start":{"line":34,"column":19},"end":{"line":34,"column":40}},"20":{"start":{"line":36,"column":4},"end":{"line":36,"column":24}},"21":{"start":{"line":39,"column":4},"end":{"line":39,"column":61}},"22":{"start":{"line":40,"column":4},"end":{"line":40,"column":48}},"23":{"start":{"line":41,"column":4},"end":{"line":41,"column":46}},"24":{"start":{"line":42,"column":4},"end":{"line":42,"column":49}},"25":{"start":{"line":45,"column":8},"end":{"line":45,"column":28}},"26":{"start":{"line":46,"column":8},"end":{"line":46,"column":37}},"27":{"start":{"line":48,"column":8},"end":{"line":48,"column":32}},"28":{"start":{"line":74,"column":0},"end":{"line":93,"column":3}},"29":{"start":{"line":75,"column":4},"end":{"line":92,"column":5}},"30":{"start":{"line":76,"column":25},"end":{"line":76,"column":77}},"31":{"start":{"line":78,"column":25},"end":{"line":78,"column":131}},"32":{"start":{"line":80,"column":32},"end":{"line":80,"column":34}},"33":{"start":{"line":81,"column":8},"end":{"line":87,"column":9}},"34":{"start":{"line":81,"column":20},"end":{"line":81,"column":39}},"35":{"start":{"line":83,"column":12},"end":{"line":83,"column":171}},"36":{"start":{"line":84,"column":12},"end":{"line":84,"column":56}},"37":{"start":{"line":85,"column":12},"end":{"line":85,"column":37}},"38":{"start":{"line":86,"column":12},"end":{"line":86,"column":37}},"39":{"start":{"line":89,"column":8},"end":{"line":89,"column":36}},"40":{"start":{"line":91,"column":8},"end":{"line":91,"column":31}},"41":{"start":{"line":95,"column":0},"end":{"line":95,"column":24}}},"fnMap":{"0":{"name":"(anonymous_0)","decl":{"start":{"line":16,"column":42},"end":{"line":16,"column":43}},"loc":{"start":{"line":16,"column":62},"end":{"line":27,"column":1}},"line":16},"1":{"name":"(anonymous_1)","decl":{"start":{"line":29,"column":71},"end":{"line":29,"column":72}},"loc":{"start":{"line":29,"column":91},"end":{"line":57,"column":1}},"line":29},"2":{"name":"(anonymous_2)","decl":{"start":{"line":74,"column":30},"end":{"line":74,"column":31}},"loc":{"start":{"line":74,"column":50},"end":{"line":93,"column":1}},"line":74}},"branchMap":{},"s":{"0":1,"1":1,"2":1,"3":1,"4":1,"5":1,"6":1,"7":1,"8":1,"9":1,"10":1,"11":1,"12":1,"13":1,"14":1,"15":1,"16":0,"17":1,"18":1,"19":1,"20":1,"21":1,"22":0,"23":0,"24":0,"25":0,"26":0,"27":1,"28":1,"29":1,"30":1,"31":1,"32":1,"33":1,"34":1,"35":0,"36":0,"37":0,"38":0,"39":1,"40":0,"41":1},"f":{"0":1,"1":1,"2":1},"b":{},"_coverageSchema":"1a1c01bbd47fc00a2c39e90264f33305004495a9","hash":"c479f8f53ad9fea2f59e9d5c02e629741e2b084f"}
,"/Users/jamesbaker/Desktop/project-video-and-messaging-web-app-steven-chang-hanzhang-wu-xiaoyan-su/Chat-App/server/src/routers/tokens.js": {"path":"/Users/jamesbaker/Desktop/project-video-and-messaging-web-app-steven-chang-hanzhang-wu-xiaoyan-su/Chat-App/server/src/routers/tokens.js","statementMap":{"0":{"start":{"line":1,"column":15},"end":{"line":1,"column":32}},"1":{"start":{"line":2,"column":20},"end":{"line":2,"column":42}},"2":{"start":{"line":3,"column":23},"end":{"line":3,"column":34}},"3":{"start":{"line":4,"column":15},"end":{"line":4,"column":34}},"4":{"start":{"line":6,"column":22},"end":{"line":12,"column":1}},"5":{"start":{"line":7,"column":2},"end":{"line":11,"column":4}},"6":{"start":{"line":14,"column":19},"end":{"line":27,"column":1}},"7":{"start":{"line":16,"column":2},"end":{"line":16,"column":20}},"8":{"start":{"line":17,"column":2},"end":{"line":21,"column":3}},"9":{"start":{"line":18,"column":4},"end":{"line":18,"column":42}},"10":{"start":{"line":20,"column":4},"end":{"line":20,"column":34}},"11":{"start":{"line":22,"column":16},"end":{"line":22,"column":37}},"12":{"start":{"line":23,"column":2},"end":{"line":23,"column":22}},"13":{"start":{"line":24,"column":2},"end":{"line":24,"column":29}},"14":{"start":{"line":25,"column":2},"end":{"line":25,"column":28}},"15":{"start":{"line":26,"column":2},"end":{"line":26,"column":15}},"16":{"start":{"line":29,"column":0},"end":{"line":29,"column":32}}},"fnMap":{"0":{"name":"(anonymous_0)","decl":{"start":{"line":6,"column":22},"end":{"line":6,"column":23}},"loc":{"start":{"line":6,"column":32},"end":{"line":12,"column":1}},"line":6},"1":{"name":"(anonymous_1)","decl":{"start":{"line":14,"column":19},"end":{"line":14,"column":20}},"loc":{"start":{"line":14,"column":47},"end":{"line":27,"column":1}},"line":14}},"branchMap":{"0":{"loc":{"start":{"line":17,"column":2},"end":{"line":21,"column":3}},"type":"if","locations":[{"start":{"line":17,"column":2},"end":{"line":21,"column":3}},{"start":{"line":17,"column":2},"end":{"line":21,"column":3}}],"line":17}},"s":{"0":1,"1":1,"2":1,"3":1,"4":1,"5":2,"6":1,"7":2,"8":2,"9":0,"10":2,"11":2,"12":2,"13":2,"14":2,"15":2,"16":1},"f":{"0":2,"1":2},"b":{"0":[0,2]},"_coverageSchema":"1a1c01bbd47fc00a2c39e90264f33305004495a9","hash":"28a7584e57ba5abe208e5795bb237b24c63ae020"}
,"/Users/jamesbaker/Desktop/project-video-and-messaging-web-app-steven-chang-hanzhang-wu-xiaoyan-su/Chat-App/server/src/routers/user.js": {"path":"/Users/jamesbaker/Desktop/project-video-and-messaging-web-app-steven-chang-hanzhang-wu-xiaoyan-su/Chat-App/server/src/routers/user.js","statementMap":{"0":{"start":{"line":1,"column":16},"end":{"line":1,"column":34}},"1":{"start":{"line":2,"column":13},"end":{"line":2,"column":38}},"2":{"start":{"line":3,"column":13},"end":{"line":3,"column":42}},"3":{"start":{"line":4,"column":13},"end":{"line":4,"column":28}},"4":{"start":{"line":5,"column":15},"end":{"line":5,"column":35}},"5":{"start":{"line":6,"column":23},"end":{"line":6,"column":42}},"6":{"start":{"line":7,"column":15},"end":{"line":7,"column":32}},"7":{"start":{"line":8,"column":15},"end":{"line":10,"column":2}},"8":{"start":{"line":11,"column":11},"end":{"line":11,"column":24}},"9":{"start":{"line":12,"column":24},"end":{"line":12,"column":44}},"10":{"start":{"line":13,"column":15},"end":{"line":13,"column":34}},"11":{"start":{"line":15,"column":12},"end":{"line":15,"column":21}},"12":{"start":{"line":16,"column":0},"end":{"line":16,"column":14}},"13":{"start":{"line":18,"column":0},"end":{"line":38,"column":3}},"14":{"start":{"line":20,"column":17},"end":{"line":20,"column":36}},"15":{"start":{"line":21,"column":4},"end":{"line":37,"column":5}},"16":{"start":{"line":22,"column":8},"end":{"line":22,"column":26}},"17":{"start":{"line":23,"column":8},"end":{"line":23,"column":35}},"18":{"start":{"line":25,"column":8},"end":{"line":36,"column":9}},"19":{"start":{"line":26,"column":12},"end":{"line":26,"column":36}},"20":{"start":{"line":26,"column":44},"end":{"line":36,"column":9}},"21":{"start":{"line":27,"column":12},"end":{"line":27,"column":33}},"22":{"start":{"line":28,"column":12},"end":{"line":28,"column":36}},"23":{"start":{"line":28,"column":44},"end":{"line":36,"column":9}},"24":{"start":{"line":29,"column":12},"end":{"line":29,"column":36}},"25":{"start":{"line":30,"column":12},"end":{"line":30,"column":36}},"26":{"start":{"line":31,"column":15},"end":{"line":36,"column":9}},"27":{"start":{"line":32,"column":12},"end":{"line":32,"column":31}},"28":{"start":{"line":33,"column":12},"end":{"line":33,"column":36}},"29":{"start":{"line":35,"column":12},"end":{"line":35,"column":36}},"30":{"start":{"line":41,"column":0},"end":{"line":68,"column":2}},"31":{"start":{"line":42,"column":4},"end":{"line":42,"column":27}},"32":{"start":{"line":43,"column":4},"end":{"line":67,"column":5}},"33":{"start":{"line":44,"column":21},"end":{"line":44,"column":89}},"34":{"start":{"line":47,"column":22},"end":{"line":47,"column":52}},"35":{"start":{"line":48,"column":8},"end":{"line":48,"column":27}},"36":{"start":{"line":49,"column":8},"end":{"line":49,"column":26}},"37":{"start":{"line":50,"column":8},"end":{"line":53,"column":11}},"38":{"start":{"line":55,"column":29},"end":{"line":55,"column":41}},"39":{"start":{"line":56,"column":8},"end":{"line":56,"column":34}},"40":{"start":{"line":57,"column":8},"end":{"line":66,"column":9}},"41":{"start":{"line":59,"column":12},"end":{"line":59,"column":36}},"42":{"start":{"line":60,"column":15},"end":{"line":66,"column":9}},"43":{"start":{"line":62,"column":12},"end":{"line":62,"column":36}},"44":{"start":{"line":65,"column":12},"end":{"line":65,"column":36}},"45":{"start":{"line":70,"column":0},"end":{"line":94,"column":2}},"46":{"start":{"line":71,"column":4},"end":{"line":71,"column":27}},"47":{"start":{"line":72,"column":4},"end":{"line":93,"column":5}},"48":{"start":{"line":74,"column":21},"end":{"line":74,"column":94}},"49":{"start":{"line":77,"column":8},"end":{"line":77,"column":44}},"50":{"start":{"line":78,"column":8},"end":{"line":78,"column":26}},"51":{"start":{"line":79,"column":8},"end":{"line":79,"column":31}},"52":{"start":{"line":81,"column":29},"end":{"line":81,"column":41}},"53":{"start":{"line":82,"column":8},"end":{"line":82,"column":34}},"54":{"start":{"line":83,"column":8},"end":{"line":92,"column":9}},"55":{"start":{"line":85,"column":12},"end":{"line":85,"column":36}},"56":{"start":{"line":86,"column":15},"end":{"line":92,"column":9}},"57":{"start":{"line":88,"column":12},"end":{"line":88,"column":36}},"58":{"start":{"line":91,"column":12},"end":{"line":91,"column":36}},"59":{"start":{"line":96,"column":0},"end":{"line":113,"column":2}},"60":{"start":{"line":97,"column":4},"end":{"line":112,"column":5}},"61":{"start":{"line":99,"column":8},"end":{"line":104,"column":11}},"62":{"start":{"line":103,"column":12},"end":{"line":103,"column":44}},"63":{"start":{"line":107,"column":8},"end":{"line":107,"column":30}},"64":{"start":{"line":109,"column":8},"end":{"line":109,"column":19}},"65":{"start":{"line":111,"column":8},"end":{"line":111,"column":31}},"66":{"start":{"line":115,"column":0},"end":{"line":127,"column":2}},"67":{"start":{"line":116,"column":4},"end":{"line":126,"column":5}},"68":{"start":{"line":118,"column":8},"end":{"line":118,"column":29}},"69":{"start":{"line":121,"column":8},"end":{"line":121,"column":30}},"70":{"start":{"line":123,"column":8},"end":{"line":123,"column":19}},"71":{"start":{"line":125,"column":8},"end":{"line":125,"column":31}},"72":{"start":{"line":130,"column":0},"end":{"line":144,"column":3}},"73":{"start":{"line":131,"column":4},"end":{"line":143,"column":5}},"74":{"start":{"line":132,"column":22},"end":{"line":132,"column":39}},"75":{"start":{"line":133,"column":29},"end":{"line":133,"column":31}},"76":{"start":{"line":134,"column":8},"end":{"line":139,"column":9}},"77":{"start":{"line":134,"column":21},"end":{"line":134,"column":22}},"78":{"start":{"line":135,"column":12},"end":{"line":138,"column":15}},"79":{"start":{"line":140,"column":8},"end":{"line":140,"column":33}},"80":{"start":{"line":142,"column":8},"end":{"line":142,"column":31}},"81":{"start":{"line":146,"column":0},"end":{"line":158,"column":3}},"82":{"start":{"line":147,"column":4},"end":{"line":157,"column":5}},"83":{"start":{"line":148,"column":22},"end":{"line":148,"column":39}},"84":{"start":{"line":150,"column":8},"end":{"line":154,"column":9}},"85":{"start":{"line":150,"column":21},"end":{"line":150,"column":22}},"86":{"start":{"line":151,"column":12},"end":{"line":153,"column":13}},"87":{"start":{"line":152,"column":16},"end":{"line":152,"column":47}},"88":{"start":{"line":156,"column":8},"end":{"line":156,"column":31}},"89":{"start":{"line":160,"column":0},"end":{"line":169,"column":3}},"90":{"start":{"line":161,"column":4},"end":{"line":168,"column":5}},"91":{"start":{"line":162,"column":21},"end":{"line":162,"column":73}},"92":{"start":{"line":163,"column":8},"end":{"line":163,"column":30}},"93":{"start":{"line":164,"column":8},"end":{"line":164,"column":26}},"94":{"start":{"line":165,"column":8},"end":{"line":165,"column":31}},"95":{"start":{"line":167,"column":8},"end":{"line":167,"column":31}},"96":{"start":{"line":171,"column":0},"end":{"line":194,"column":3}},"97":{"start":{"line":172,"column":4},"end":{"line":193,"column":5}},"98":{"start":{"line":173,"column":22},"end":{"line":173,"column":39}},"99":{"start":{"line":174,"column":8},"end":{"line":174,"column":83}},"100":{"start":{"line":175,"column":8},"end":{"line":179,"column":9}},"101":{"start":{"line":175,"column":21},"end":{"line":175,"column":22}},"102":{"start":{"line":176,"column":12},"end":{"line":178,"column":13}},"103":{"start":{"line":177,"column":16},"end":{"line":177,"column":39}},"104":{"start":{"line":181,"column":29},"end":{"line":181,"column":41}},"105":{"start":{"line":182,"column":8},"end":{"line":192,"column":9}},"106":{"start":{"line":183,"column":12},"end":{"line":183,"column":36}},"107":{"start":{"line":184,"column":15},"end":{"line":192,"column":9}},"108":{"start":{"line":185,"column":12},"end":{"line":185,"column":36}},"109":{"start":{"line":186,"column":15},"end":{"line":192,"column":9}},"110":{"start":{"line":187,"column":12},"end":{"line":187,"column":36}},"111":{"start":{"line":188,"column":15},"end":{"line":192,"column":9}},"112":{"start":{"line":189,"column":12},"end":{"line":189,"column":36}},"113":{"start":{"line":191,"column":12},"end":{"line":191,"column":36}},"114":{"start":{"line":196,"column":0},"end":{"line":205,"column":3}},"115":{"start":{"line":197,"column":4},"end":{"line":204,"column":5}},"116":{"start":{"line":198,"column":21},"end":{"line":198,"column":73}},"117":{"start":{"line":199,"column":8},"end":{"line":199,"column":46}},"118":{"start":{"line":200,"column":8},"end":{"line":200,"column":26}},"119":{"start":{"line":201,"column":8},"end":{"line":201,"column":31}},"120":{"start":{"line":203,"column":8},"end":{"line":203,"column":31}},"121":{"start":{"line":207,"column":0},"end":{"line":216,"column":3}},"122":{"start":{"line":208,"column":4},"end":{"line":215,"column":5}},"123":{"start":{"line":209,"column":21},"end":{"line":209,"column":73}},"124":{"start":{"line":210,"column":8},"end":{"line":210,"column":46}},"125":{"start":{"line":211,"column":8},"end":{"line":211,"column":26}},"126":{"start":{"line":212,"column":8},"end":{"line":212,"column":31}},"127":{"start":{"line":214,"column":8},"end":{"line":214,"column":31}},"128":{"start":{"line":218,"column":0},"end":{"line":233,"column":3}},"129":{"start":{"line":219,"column":4},"end":{"line":232,"column":5}},"130":{"start":{"line":220,"column":21},"end":{"line":220,"column":73}},"131":{"start":{"line":221,"column":8},"end":{"line":227,"column":9}},"132":{"start":{"line":221,"column":21},"end":{"line":221,"column":22}},"133":{"start":{"line":222,"column":12},"end":{"line":226,"column":13}},"134":{"start":{"line":223,"column":27},"end":{"line":223,"column":40}},"135":{"start":{"line":224,"column":16},"end":{"line":224,"column":34}},"136":{"start":{"line":225,"column":16},"end":{"line":225,"column":37}},"137":{"start":{"line":228,"column":8},"end":{"line":228,"column":26}},"138":{"start":{"line":229,"column":8},"end":{"line":229,"column":31}},"139":{"start":{"line":231,"column":8},"end":{"line":231,"column":31}},"140":{"start":{"line":235,"column":0},"end":{"line":255,"column":3}},"141":{"start":{"line":236,"column":4},"end":{"line":254,"column":5}},"142":{"start":{"line":237,"column":21},"end":{"line":237,"column":73}},"143":{"start":{"line":238,"column":8},"end":{"line":249,"column":9}},"144":{"start":{"line":238,"column":21},"end":{"line":238,"column":22}},"145":{"start":{"line":239,"column":12},"end":{"line":248,"column":13}},"146":{"start":{"line":240,"column":28},"end":{"line":240,"column":30}},"147":{"start":{"line":241,"column":27},"end":{"line":241,"column":40}},"148":{"start":{"line":242,"column":16},"end":{"line":242,"column":34}},"149":{"start":{"line":243,"column":16},"end":{"line":243,"column":45}},"150":{"start":{"line":244,"column":16},"end":{"line":246,"column":17}},"151":{"start":{"line":244,"column":29},"end":{"line":244,"column":30}},"152":{"start":{"line":245,"column":20},"end":{"line":245,"column":40}},"153":{"start":{"line":247,"column":16},"end":{"line":247,"column":38}},"154":{"start":{"line":250,"column":8},"end":{"line":250,"column":26}},"155":{"start":{"line":251,"column":8},"end":{"line":251,"column":31}},"156":{"start":{"line":253,"column":8},"end":{"line":253,"column":31}},"157":{"start":{"line":258,"column":0},"end":{"line":286,"column":3}},"158":{"start":{"line":260,"column":16},"end":{"line":260,"column":29}},"159":{"start":{"line":262,"column":4},"end":{"line":271,"column":5}},"160":{"start":{"line":263,"column":21},"end":{"line":263,"column":45}},"161":{"start":{"line":264,"column":8},"end":{"line":266,"column":9}},"162":{"start":{"line":265,"column":12},"end":{"line":265,"column":42}},"163":{"start":{"line":268,"column":8},"end":{"line":268,"column":23}},"164":{"start":{"line":270,"column":8},"end":{"line":270,"column":31}},"165":{"start":{"line":341,"column":26},"end":{"line":348,"column":1}},"166":{"start":{"line":342,"column":4},"end":{"line":342,"column":48}},"167":{"start":{"line":343,"column":4},"end":{"line":347,"column":6}},"168":{"start":{"line":350,"column":0},"end":{"line":356,"column":3}},"169":{"start":{"line":351,"column":21},"end":{"line":351,"column":39}},"170":{"start":{"line":352,"column":17},"end":{"line":352,"column":31}},"171":{"start":{"line":353,"column":18},"end":{"line":353,"column":52}},"172":{"start":{"line":354,"column":4},"end":{"line":354,"column":34}},"173":{"start":{"line":357,"column":0},"end":{"line":362,"column":3}},"174":{"start":{"line":358,"column":21},"end":{"line":358,"column":38}},"175":{"start":{"line":359,"column":17},"end":{"line":359,"column":30}},"176":{"start":{"line":360,"column":18},"end":{"line":360,"column":52}},"177":{"start":{"line":361,"column":4},"end":{"line":361,"column":34}},"178":{"start":{"line":365,"column":0},"end":{"line":381,"column":3}},"179":{"start":{"line":366,"column":19},"end":{"line":366,"column":34}},"180":{"start":{"line":367,"column":19},"end":{"line":367,"column":34}},"181":{"start":{"line":368,"column":4},"end":{"line":380,"column":5}},"182":{"start":{"line":369,"column":21},"end":{"line":369,"column":61}},"183":{"start":{"line":370,"column":8},"end":{"line":376,"column":9}},"184":{"start":{"line":371,"column":10},"end":{"line":371,"column":31}},"185":{"start":{"line":372,"column":10},"end":{"line":372,"column":28}},"186":{"start":{"line":373,"column":10},"end":{"line":373,"column":33}},"187":{"start":{"line":375,"column":10},"end":{"line":375,"column":33}},"188":{"start":{"line":379,"column":8},"end":{"line":379,"column":31}},"189":{"start":{"line":383,"column":0},"end":{"line":392,"column":3}},"190":{"start":{"line":384,"column":19},"end":{"line":384,"column":35}},"191":{"start":{"line":385,"column":17},"end":{"line":385,"column":57}},"192":{"start":{"line":386,"column":4},"end":{"line":386,"column":48}},"193":{"start":{"line":387,"column":4},"end":{"line":391,"column":6}},"194":{"start":{"line":394,"column":0},"end":{"line":402,"column":35}},"195":{"start":{"line":395,"column":21},"end":{"line":395,"column":38}},"196":{"start":{"line":396,"column":4},"end":{"line":402,"column":32}},"197":{"start":{"line":397,"column":21},"end":{"line":397,"column":63}},"198":{"start":{"line":398,"column":8},"end":{"line":398,"column":28}},"199":{"start":{"line":399,"column":8},"end":{"line":399,"column":26}},"200":{"start":{"line":400,"column":8},"end":{"line":400,"column":31}},"201":{"start":{"line":402,"column":8},"end":{"line":402,"column":31}},"202":{"start":{"line":405,"column":0},"end":{"line":405,"column":24}}},"fnMap":{"0":{"name":"(anonymous_0)","decl":{"start":{"line":18,"column":39},"end":{"line":18,"column":40}},"loc":{"start":{"line":18,"column":59},"end":{"line":38,"column":1}},"line":18},"1":{"name":"(anonymous_1)","decl":{"start":{"line":41,"column":36},"end":{"line":41,"column":37}},"loc":{"start":{"line":41,"column":56},"end":{"line":68,"column":1}},"line":41},"2":{"name":"(anonymous_2)","decl":{"start":{"line":70,"column":42},"end":{"line":70,"column":43}},"loc":{"start":{"line":70,"column":62},"end":{"line":94,"column":1}},"line":70},"3":{"name":"(anonymous_3)","decl":{"start":{"line":96,"column":43},"end":{"line":96,"column":44}},"loc":{"start":{"line":96,"column":63},"end":{"line":113,"column":1}},"line":96},"4":{"name":"(anonymous_4)","decl":{"start":{"line":99,"column":49},"end":{"line":99,"column":50}},"loc":{"start":{"line":99,"column":60},"end":{"line":104,"column":9}},"line":99},"5":{"name":"(anonymous_5)","decl":{"start":{"line":115,"column":46},"end":{"line":115,"column":47}},"loc":{"start":{"line":115,"column":66},"end":{"line":127,"column":1}},"line":115},"6":{"name":"(anonymous_6)","decl":{"start":{"line":130,"column":29},"end":{"line":130,"column":30}},"loc":{"start":{"line":130,"column":49},"end":{"line":144,"column":1}},"line":130},"7":{"name":"(anonymous_7)","decl":{"start":{"line":146,"column":34},"end":{"line":146,"column":35}},"loc":{"start":{"line":146,"column":54},"end":{"line":158,"column":1}},"line":146},"8":{"name":"(anonymous_8)","decl":{"start":{"line":160,"column":41},"end":{"line":160,"column":42}},"loc":{"start":{"line":160,"column":61},"end":{"line":169,"column":1}},"line":160},"9":{"name":"(anonymous_9)","decl":{"start":{"line":171,"column":37},"end":{"line":171,"column":38}},"loc":{"start":{"line":171,"column":57},"end":{"line":194,"column":1}},"line":171},"10":{"name":"(anonymous_10)","decl":{"start":{"line":196,"column":34},"end":{"line":196,"column":35}},"loc":{"start":{"line":196,"column":54},"end":{"line":205,"column":1}},"line":196},"11":{"name":"(anonymous_11)","decl":{"start":{"line":207,"column":37},"end":{"line":207,"column":38}},"loc":{"start":{"line":207,"column":57},"end":{"line":216,"column":1}},"line":207},"12":{"name":"(anonymous_12)","decl":{"start":{"line":218,"column":37},"end":{"line":218,"column":38}},"loc":{"start":{"line":218,"column":57},"end":{"line":233,"column":1}},"line":218},"13":{"name":"(anonymous_13)","decl":{"start":{"line":235,"column":38},"end":{"line":235,"column":39}},"loc":{"start":{"line":235,"column":58},"end":{"line":255,"column":1}},"line":235},"14":{"name":"(anonymous_14)","decl":{"start":{"line":258,"column":33},"end":{"line":258,"column":34}},"loc":{"start":{"line":258,"column":53},"end":{"line":286,"column":1}},"line":258},"15":{"name":"(anonymous_15)","decl":{"start":{"line":341,"column":26},"end":{"line":341,"column":27}},"loc":{"start":{"line":341,"column":42},"end":{"line":348,"column":1}},"line":341},"16":{"name":"(anonymous_16)","decl":{"start":{"line":350,"column":27},"end":{"line":350,"column":28}},"loc":{"start":{"line":350,"column":41},"end":{"line":356,"column":1}},"line":350},"17":{"name":"(anonymous_17)","decl":{"start":{"line":357,"column":28},"end":{"line":357,"column":29}},"loc":{"start":{"line":357,"column":42},"end":{"line":362,"column":1}},"line":357},"18":{"name":"(anonymous_18)","decl":{"start":{"line":365,"column":26},"end":{"line":365,"column":27}},"loc":{"start":{"line":365,"column":46},"end":{"line":381,"column":1}},"line":365},"19":{"name":"(anonymous_19)","decl":{"start":{"line":383,"column":34},"end":{"line":383,"column":35}},"loc":{"start":{"line":383,"column":54},"end":{"line":392,"column":1}},"line":383},"20":{"name":"(anonymous_20)","decl":{"start":{"line":394,"column":27},"end":{"line":394,"column":28}},"loc":{"start":{"line":394,"column":47},"end":{"line":402,"column":33}},"line":394}},"branchMap":{"0":{"loc":{"start":{"line":25,"column":8},"end":{"line":36,"column":9}},"type":"if","locations":[{"start":{"line":25,"column":8},"end":{"line":36,"column":9}},{"start":{"line":25,"column":8},"end":{"line":36,"column":9}}],"line":25},"1":{"loc":{"start":{"line":26,"column":44},"end":{"line":36,"column":9}},"type":"if","locations":[{"start":{"line":26,"column":44},"end":{"line":36,"column":9}},{"start":{"line":26,"column":44},"end":{"line":36,"column":9}}],"line":26},"2":{"loc":{"start":{"line":28,"column":44},"end":{"line":36,"column":9}},"type":"if","locations":[{"start":{"line":28,"column":44},"end":{"line":36,"column":9}},{"start":{"line":28,"column":44},"end":{"line":36,"column":9}}],"line":28},"3":{"loc":{"start":{"line":31,"column":15},"end":{"line":36,"column":9}},"type":"if","locations":[{"start":{"line":31,"column":15},"end":{"line":36,"column":9}},{"start":{"line":31,"column":15},"end":{"line":36,"column":9}}],"line":31},"4":{"loc":{"start":{"line":57,"column":8},"end":{"line":66,"column":9}},"type":"if","locations":[{"start":{"line":57,"column":8},"end":{"line":66,"column":9}},{"start":{"line":57,"column":8},"end":{"line":66,"column":9}}],"line":57},"5":{"loc":{"start":{"line":60,"column":15},"end":{"line":66,"column":9}},"type":"if","locations":[{"start":{"line":60,"column":15},"end":{"line":66,"column":9}},{"start":{"line":60,"column":15},"end":{"line":66,"column":9}}],"line":60},"6":{"loc":{"start":{"line":83,"column":8},"end":{"line":92,"column":9}},"type":"if","locations":[{"start":{"line":83,"column":8},"end":{"line":92,"column":9}},{"start":{"line":83,"column":8},"end":{"line":92,"column":9}}],"line":83},"7":{"loc":{"start":{"line":86,"column":15},"end":{"line":92,"column":9}},"type":"if","locations":[{"start":{"line":86,"column":15},"end":{"line":92,"column":9}},{"start":{"line":86,"column":15},"end":{"line":92,"column":9}}],"line":86},"8":{"loc":{"start":{"line":151,"column":12},"end":{"line":153,"column":13}},"type":"if","locations":[{"start":{"line":151,"column":12},"end":{"line":153,"column":13}},{"start":{"line":151,"column":12},"end":{"line":153,"column":13}}],"line":151},"9":{"loc":{"start":{"line":176,"column":12},"end":{"line":178,"column":13}},"type":"if","locations":[{"start":{"line":176,"column":12},"end":{"line":178,"column":13}},{"start":{"line":176,"column":12},"end":{"line":178,"column":13}}],"line":176},"10":{"loc":{"start":{"line":182,"column":8},"end":{"line":192,"column":9}},"type":"if","locations":[{"start":{"line":182,"column":8},"end":{"line":192,"column":9}},{"start":{"line":182,"column":8},"end":{"line":192,"column":9}}],"line":182},"11":{"loc":{"start":{"line":184,"column":15},"end":{"line":192,"column":9}},"type":"if","locations":[{"start":{"line":184,"column":15},"end":{"line":192,"column":9}},{"start":{"line":184,"column":15},"end":{"line":192,"column":9}}],"line":184},"12":{"loc":{"start":{"line":186,"column":15},"end":{"line":192,"column":9}},"type":"if","locations":[{"start":{"line":186,"column":15},"end":{"line":192,"column":9}},{"start":{"line":186,"column":15},"end":{"line":192,"column":9}}],"line":186},"13":{"loc":{"start":{"line":188,"column":15},"end":{"line":192,"column":9}},"type":"if","locations":[{"start":{"line":188,"column":15},"end":{"line":192,"column":9}},{"start":{"line":188,"column":15},"end":{"line":192,"column":9}}],"line":188},"14":{"loc":{"start":{"line":222,"column":12},"end":{"line":226,"column":13}},"type":"if","locations":[{"start":{"line":222,"column":12},"end":{"line":226,"column":13}},{"start":{"line":222,"column":12},"end":{"line":226,"column":13}}],"line":222},"15":{"loc":{"start":{"line":239,"column":12},"end":{"line":248,"column":13}},"type":"if","locations":[{"start":{"line":239,"column":12},"end":{"line":248,"column":13}},{"start":{"line":239,"column":12},"end":{"line":248,"column":13}}],"line":239},"16":{"loc":{"start":{"line":264,"column":8},"end":{"line":266,"column":9}},"type":"if","locations":[{"start":{"line":264,"column":8},"end":{"line":266,"column":9}},{"start":{"line":264,"column":8},"end":{"line":266,"column":9}}],"line":264},"17":{"loc":{"start":{"line":370,"column":8},"end":{"line":376,"column":9}},"type":"if","locations":[{"start":{"line":370,"column":8},"end":{"line":376,"column":9}},{"start":{"line":370,"column":8},"end":{"line":376,"column":9}}],"line":370}},"s":{"0":1,"1":1,"2":1,"3":1,"4":1,"5":1,"6":1,"7":1,"8":1,"9":1,"10":1,"11":1,"12":1,"13":1,"14":2,"15":2,"16":2,"17":0,"18":2,"19":0,"20":2,"21":1,"22":1,"23":1,"24":1,"25":1,"26":0,"27":0,"28":0,"29":0,"30":1,"31":1,"32":1,"33":1,"34":1,"35":1,"36":1,"37":1,"38":0,"39":0,"40":0,"41":0,"42":0,"43":0,"44":0,"45":1,"46":1,"47":1,"48":1,"49":1,"50":1,"51":0,"52":1,"53":1,"54":1,"55":0,"56":1,"57":0,"58":1,"59":1,"60":0,"61":0,"62":0,"63":0,"64":0,"65":0,"66":1,"67":0,"68":0,"69":0,"70":0,"71":0,"72":1,"73":1,"74":1,"75":1,"76":1,"77":1,"78":24,"79":1,"80":0,"81":1,"82":1,"83":1,"84":1,"85":1,"86":24,"87":1,"88":0,"89":1,"90":1,"91":1,"92":1,"93":1,"94":1,"95":0,"96":1,"97":1,"98":1,"99":1,"100":0,"101":0,"102":0,"103":0,"104":1,"105":1,"106":1,"107":0,"108":0,"109":0,"110":0,"111":0,"112":0,"113":0,"114":1,"115":1,"116":1,"117":1,"118":1,"119":1,"120":0,"121":1,"122":1,"123":1,"124":1,"125":1,"126":1,"127":0,"128":1,"129":1,"130":1,"131":1,"132":1,"133":3,"134":2,"135":2,"136":2,"137":1,"138":1,"139":0,"140":1,"141":1,"142":1,"143":1,"144":1,"145":3,"146":2,"147":2,"148":2,"149":2,"150":2,"151":2,"152":4,"153":2,"154":1,"155":1,"156":0,"157":1,"158":0,"159":0,"160":0,"161":0,"162":0,"163":0,"164":0,"165":1,"166":2,"167":2,"168":1,"169":0,"170":0,"171":0,"172":0,"173":1,"174":2,"175":2,"176":2,"177":2,"178":1,"179":1,"180":1,"181":1,"182":1,"183":1,"184":1,"185":1,"186":1,"187":0,"188":0,"189":1,"190":0,"191":0,"192":0,"193":0,"194":1,"195":1,"196":1,"197":1,"198":1,"199":1,"200":1,"201":0,"202":1},"f":{"0":2,"1":1,"2":1,"3":0,"4":0,"5":0,"6":1,"7":1,"8":1,"9":1,"10":1,"11":1,"12":1,"13":1,"14":0,"15":2,"16":0,"17":2,"18":1,"19":0,"20":1},"b":{"0":[0,2],"1":[1,1],"2":[1,0],"3":[0,0],"4":[0,0],"5":[0,0],"6":[0,1],"7":[0,1],"8":[1,23],"9":[0,0],"10":[1,0],"11":[0,0],"12":[0,0],"13":[0,0],"14":[2,1],"15":[2,1],"16":[0,0],"17":[1,0]},"_coverageSchema":"1a1c01bbd47fc00a2c39e90264f33305004495a9","hash":"56d2e30aa34109c8c29d228811b2aa3435d8cf8b"}
}
