TN:
SF:src/index.js
FN:22,(anonymous_0)
FNF:1
FNH:1
FNDA:1,(anonymous_0)
DA:1,1
DA:2,1
DA:3,1
DA:5,1
DA:6,1
DA:7,1
DA:8,1
DA:11,1
DA:12,1
DA:15,1
DA:16,1
DA:17,1
DA:18,1
DA:19,1
DA:22,1
DA:23,1
DA:37,1
LF:17
LH:17
BRDA:12,0,0,1
BRDA:12,0,1,1
BRF:2
BRH:2
end_of_record
TN:
SF:src/db/mongoose.js
FN:11,(anonymous_0)
FN:13,(anonymous_1)
FNF:2
FNH:1
FNDA:1,(anonymous_0)
FNDA:0,(anonymous_1)
DA:1,1
DA:2,1
DA:5,1
DA:6,1
DA:12,1
DA:14,0
LF:6
LH:5
BRF:0
BRH:0
end_of_record
TN:
SF:src/middleware/auth.js
FN:4,(anonymous_0)
FNF:1
FNH:1
FNDA:2,(anonymous_0)
DA:1,1
DA:2,1
DA:4,1
DA:5,2
DA:7,2
DA:8,0
DA:10,0
DA:12,0
DA:14,0
DA:19,0
DA:20,0
DA:21,0
DA:23,2
DA:27,1
LF:14
LH:7
BRDA:12,0,0,0
BRDA:12,0,1,0
BRF:2
BRH:0
end_of_record
TN:
SF:src/models/message.js
FNF:0
FNH:0
DA:1,1
DA:2,1
DA:3,1
DA:4,1
DA:6,1
DA:41,1
DA:43,1
LF:7
LH:7
BRF:0
BRH:0
end_of_record
TN:
SF:src/models/status.js
FNF:0
FNH:0
DA:1,1
DA:2,1
DA:3,1
DA:4,1
DA:6,1
DA:30,1
DA:32,1
LF:7
LH:7
BRF:0
BRH:0
end_of_record
TN:
SF:src/models/user.js
FN:20,(anonymous_0)
FN:30,(anonymous_1)
FN:48,(anonymous_2)
FN:96,(anonymous_3)
FN:114,(anonymous_4)
FN:134,(anonymous_5)
FN:171,(anonymous_6)
FN:210,(anonymous_7)
FNF:8
FNH:8
FNDA:13,(anonymous_0)
FNDA:11,(anonymous_1)
FNDA:12,(anonymous_2)
FNDA:1,(anonymous_3)
FNDA:1,(anonymous_4)
FNDA:1,(anonymous_5)
FNDA:1,(anonymous_6)
FNDA:11,(anonymous_7)
DA:1,1
DA:2,1
DA:3,1
DA:4,1
DA:7,1
DA:22,13
DA:23,0
DA:31,11
DA:32,0
DA:35,11
DA:36,0
DA:39,11
DA:40,11
DA:41,0
DA:49,12
DA:50,0
DA:53,12
DA:54,0
DA:96,1
DA:97,1
DA:102,1
DA:106,1
DA:109,1
DA:111,1
DA:114,1
DA:115,1
DA:116,1
DA:117,1
DA:118,1
DA:120,0
DA:121,0
DA:123,0
DA:124,0
DA:126,0
DA:127,0
DA:128,0
DA:130,0
DA:131,0
DA:134,1
DA:135,1
DA:136,1
DA:137,1
DA:138,0
DA:139,0
DA:142,1
DA:143,0
DA:146,1
DA:147,0
DA:149,0
DA:150,0
DA:151,0
DA:152,0
DA:155,1
DA:157,1
DA:160,0
DA:161,0
DA:162,0
DA:165,1
DA:166,1
DA:167,1
DA:168,1
DA:171,1
DA:172,1
DA:173,1
DA:174,1
DA:175,0
DA:176,0
DA:179,1
DA:180,0
DA:183,1
DA:184,0
DA:186,0
DA:187,0
DA:188,0
DA:189,0
DA:192,1
DA:194,1
DA:197,0
DA:198,0
DA:199,0
DA:202,1
DA:203,1
DA:204,1
DA:205,1
DA:210,1
DA:212,11
DA:215,11
DA:217,0
DA:220,11
DA:221,0
DA:223,11
DA:227,1
DA:229,1
LF:93
LH:54
BRDA:22,0,0,0
BRDA:22,0,1,13
BRDA:31,1,0,0
BRDA:31,1,1,11
BRDA:35,2,0,0
BRDA:35,2,1,11
BRDA:40,3,0,0
BRDA:40,3,1,11
BRDA:49,4,0,0
BRDA:49,4,1,12
BRDA:53,5,0,0
BRDA:53,5,1,12
BRDA:117,6,0,1
BRDA:117,6,1,0
BRDA:120,7,0,0
BRDA:120,7,1,0
BRDA:123,8,0,0
BRDA:123,8,1,0
BRDA:127,9,0,0
BRDA:127,9,1,0
BRDA:137,10,0,0
BRDA:137,10,1,1
BRDA:142,11,0,0
BRDA:142,11,1,1
BRDA:146,12,0,0
BRDA:146,12,1,1
BRDA:157,13,0,0
BRDA:157,13,1,1
BRDA:174,14,0,0
BRDA:174,14,1,1
BRDA:179,15,0,0
BRDA:179,15,1,1
BRDA:183,16,0,0
BRDA:183,16,1,1
BRDA:194,17,0,0
BRDA:194,17,1,1
BRDA:215,18,0,0
BRDA:215,18,1,11
BRDA:220,19,0,0
BRDA:220,19,1,11
BRF:40
BRH:17
end_of_record
TN:
SF:src/routers/config.js
FNF:0
FNH:0
DA:1,1
LF:1
LH:1
BRF:0
BRH:0
end_of_record
TN:
SF:src/routers/message.js
FN:15,(anonymous_0)
FN:29,(anonymous_1)
FN:45,(anonymous_2)
FN:62,(anonymous_3)
FN:78,(anonymous_4)
FN:87,(anonymous_5)
FN:97,(anonymous_6)
FN:112,(anonymous_7)
FN:127,(anonymous_8)
FNF:9
FNH:9
FNDA:1,(anonymous_0)
FNDA:1,(anonymous_1)
FNDA:1,(anonymous_2)
FNDA:1,(anonymous_3)
FNDA:1,(anonymous_4)
FNDA:1,(anonymous_5)
FNDA:1,(anonymous_6)
FNDA:1,(anonymous_7)
FNDA:1,(anonymous_8)
DA:1,1
DA:2,1
DA:3,1
DA:4,1
DA:5,1
DA:6,1
DA:7,1
DA:10,1
DA:11,1
DA:12,1
DA:13,1
DA:15,1
DA:16,1
DA:17,1
DA:18,1
DA:19,1
DA:21,1
DA:22,1
DA:23,1
DA:25,0
DA:29,1
DA:30,1
DA:31,1
DA:32,1
DA:33,1
DA:34,1
DA:36,1
DA:37,0
DA:38,0
DA:39,0
DA:41,1
DA:45,1
DA:46,1
DA:47,1
DA:48,1
DA:49,1
DA:50,1
DA:52,1
DA:53,0
DA:55,0
DA:56,0
DA:58,1
DA:62,1
DA:63,1
DA:64,1
DA:65,1
DA:66,1
DA:67,1
DA:69,1
DA:70,0
DA:71,0
DA:72,0
DA:74,1
DA:78,1
DA:79,1
DA:80,1
DA:81,1
DA:83,0
DA:87,1
DA:88,1
DA:89,1
DA:91,1
DA:93,0
DA:97,1
DA:98,1
DA:99,1
DA:100,1
DA:101,1
DA:102,1
DA:103,1
DA:106,1
DA:108,0
DA:112,1
DA:113,1
DA:114,1
DA:115,1
DA:116,1
DA:117,0
DA:118,0
DA:121,1
DA:123,0
DA:127,1
DA:128,1
DA:129,1
DA:131,1
DA:132,1
DA:133,0
DA:137,1
DA:139,0
DA:143,1
LF:90
LH:72
BRDA:18,0,0,1
BRDA:18,0,1,0
BRDA:33,1,0,1
BRDA:33,1,1,0
BRDA:49,2,0,1
BRDA:49,2,1,0
BRDA:66,3,0,1
BRDA:66,3,1,0
BRDA:101,4,0,1
BRDA:101,4,1,0
BRDA:116,5,0,0
BRDA:116,5,1,1
BRF:12
BRH:6
end_of_record
TN:
SF:src/routers/status.js
FN:16,(anonymous_0)
FN:29,(anonymous_1)
FN:74,(anonymous_2)
FNF:3
FNH:3
FNDA:1,(anonymous_0)
FNDA:1,(anonymous_1)
FNDA:1,(anonymous_2)
DA:1,1
DA:2,1
DA:3,1
DA:4,1
DA:5,1
DA:6,1
DA:7,1
DA:10,1
DA:11,1
DA:13,1
DA:14,1
DA:16,1
DA:19,1
DA:21,1
DA:22,1
DA:23,1
DA:25,0
DA:29,1
DA:30,1
DA:34,1
DA:36,1
DA:39,1
DA:40,0
DA:41,0
DA:42,0
DA:45,0
DA:46,0
DA:48,1
DA:74,1
DA:75,1
DA:76,1
DA:78,1
DA:80,1
DA:81,1
DA:83,0
DA:84,0
DA:85,0
DA:86,0
DA:89,1
DA:91,0
DA:95,1
LF:41
LH:30
BRF:0
BRH:0
end_of_record
TN:
SF:src/routers/tokens.js
FN:6,(anonymous_0)
FN:14,(anonymous_1)
FNF:2
FNH:2
FNDA:2,(anonymous_0)
FNDA:2,(anonymous_1)
DA:1,1
DA:2,1
DA:3,1
DA:4,1
DA:6,1
DA:7,2
DA:14,1
DA:16,2
DA:17,2
DA:18,0
DA:20,2
DA:22,2
DA:23,2
DA:24,2
DA:25,2
DA:26,2
DA:29,1
LF:17
LH:16
BRDA:17,0,0,0
BRDA:17,0,1,2
BRF:2
BRH:1
end_of_record
TN:
SF:src/routers/user.js
FN:18,(anonymous_0)
FN:41,(anonymous_1)
FN:70,(anonymous_2)
FN:96,(anonymous_3)
FN:99,(anonymous_4)
FN:115,(anonymous_5)
FN:130,(anonymous_6)
FN:146,(anonymous_7)
FN:160,(anonymous_8)
FN:171,(anonymous_9)
FN:196,(anonymous_10)
FN:207,(anonymous_11)
FN:218,(anonymous_12)
FN:235,(anonymous_13)
FN:258,(anonymous_14)
FN:341,(anonymous_15)
FN:350,(anonymous_16)
FN:357,(anonymous_17)
FN:365,(anonymous_18)
FN:383,(anonymous_19)
FN:394,(anonymous_20)
FNF:21
FNH:15
FNDA:2,(anonymous_0)
FNDA:1,(anonymous_1)
FNDA:1,(anonymous_2)
FNDA:0,(anonymous_3)
FNDA:0,(anonymous_4)
FNDA:0,(anonymous_5)
FNDA:1,(anonymous_6)
FNDA:1,(anonymous_7)
FNDA:1,(anonymous_8)
FNDA:1,(anonymous_9)
FNDA:1,(anonymous_10)
FNDA:1,(anonymous_11)
FNDA:1,(anonymous_12)
FNDA:1,(anonymous_13)
FNDA:0,(anonymous_14)
FNDA:2,(anonymous_15)
FNDA:0,(anonymous_16)
FNDA:2,(anonymous_17)
FNDA:1,(anonymous_18)
FNDA:0,(anonymous_19)
FNDA:1,(anonymous_20)
DA:1,1
DA:2,1
DA:3,1
DA:4,1
DA:5,1
DA:6,1
DA:7,1
DA:8,1
DA:11,1
DA:12,1
DA:13,1
DA:15,1
DA:16,1
DA:18,1
DA:20,2
DA:21,2
DA:22,2
DA:23,0
DA:25,2
DA:26,2
DA:27,1
DA:28,1
DA:29,1
DA:30,1
DA:31,0
DA:32,0
DA:33,0
DA:35,0
DA:41,1
DA:42,1
DA:43,1
DA:44,1
DA:47,1
DA:48,1
DA:49,1
DA:50,1
DA:55,0
DA:56,0
DA:57,0
DA:59,0
DA:60,0
DA:62,0
DA:65,0
DA:70,1
DA:71,1
DA:72,1
DA:74,1
DA:77,1
DA:78,1
DA:79,0
DA:81,1
DA:82,1
DA:83,1
DA:85,0
DA:86,1
DA:88,0
DA:91,1
DA:96,1
DA:97,0
DA:99,0
DA:103,0
DA:107,0
DA:109,0
DA:111,0
DA:115,1
DA:116,0
DA:118,0
DA:121,0
DA:123,0
DA:125,0
DA:130,1
DA:131,1
DA:132,1
DA:133,1
DA:134,1
DA:135,24
DA:140,1
DA:142,0
DA:146,1
DA:147,1
DA:148,1
DA:150,1
DA:151,24
DA:152,1
DA:156,0
DA:160,1
DA:161,1
DA:162,1
DA:163,1
DA:164,1
DA:165,1
DA:167,0
DA:171,1
DA:172,1
DA:173,1
DA:174,1
DA:175,0
DA:176,0
DA:177,0
DA:181,1
DA:182,1
DA:183,1
DA:184,0
DA:185,0
DA:186,0
DA:187,0
DA:188,0
DA:189,0
DA:191,0
DA:196,1
DA:197,1
DA:198,1
DA:199,1
DA:200,1
DA:201,1
DA:203,0
DA:207,1
DA:208,1
DA:209,1
DA:210,1
DA:211,1
DA:212,1
DA:214,0
DA:218,1
DA:219,1
DA:220,1
DA:221,1
DA:222,3
DA:223,2
DA:224,2
DA:225,2
DA:228,1
DA:229,1
DA:231,0
DA:235,1
DA:236,1
DA:237,1
DA:238,1
DA:239,3
DA:240,2
DA:241,2
DA:242,2
DA:243,2
DA:244,2
DA:245,4
DA:247,2
DA:250,1
DA:251,1
DA:253,0
DA:258,1
DA:260,0
DA:262,0
DA:263,0
DA:264,0
DA:265,0
DA:268,0
DA:270,0
DA:341,1
DA:342,2
DA:343,2
DA:350,1
DA:351,0
DA:352,0
DA:353,0
DA:354,0
DA:357,1
DA:358,2
DA:359,2
DA:360,2
DA:361,2
DA:365,1
DA:366,1
DA:367,1
DA:368,1
DA:369,1
DA:370,1
DA:371,1
DA:372,1
DA:373,1
DA:375,0
DA:379,0
DA:383,1
DA:384,0
DA:385,0
DA:386,0
DA:387,0
DA:394,1
DA:395,1
DA:396,1
DA:397,1
DA:398,1
DA:399,1
DA:400,1
DA:402,0
DA:405,1
LF:195
LH:134
BRDA:25,0,0,0
BRDA:25,0,1,2
BRDA:26,1,0,1
BRDA:26,1,1,1
BRDA:28,2,0,1
BRDA:28,2,1,0
BRDA:31,3,0,0
BRDA:31,3,1,0
BRDA:57,4,0,0
BRDA:57,4,1,0
BRDA:60,5,0,0
BRDA:60,5,1,0
BRDA:83,6,0,0
BRDA:83,6,1,1
BRDA:86,7,0,0
BRDA:86,7,1,1
BRDA:151,8,0,1
BRDA:151,8,1,23
BRDA:176,9,0,0
BRDA:176,9,1,0
BRDA:182,10,0,1
BRDA:182,10,1,0
BRDA:184,11,0,0
BRDA:184,11,1,0
BRDA:186,12,0,0
BRDA:186,12,1,0
BRDA:188,13,0,0
BRDA:188,13,1,0
BRDA:222,14,0,2
BRDA:222,14,1,1
BRDA:239,15,0,2
BRDA:239,15,1,1
BRDA:264,16,0,0
BRDA:264,16,1,0
BRDA:370,17,0,1
BRDA:370,17,1,0
BRF:36
BRH:14
end_of_record
