<?xml version="1.0" encoding="UTF-8"?>
<coverage generated="1608685750482" clover="3.2.0">
  <project timestamp="1608685750483" name="All files">
    <metrics statements="742" coveredstatements="108" conditionals="411" coveredconditionals="7" methods="172" coveredmethods="24" elements="1325" coveredelements="139" complexity="0" loc="742" ncloc="742" packages="2" files="13" classes="13"/>
    <package name="src">
      <metrics statements="40" coveredstatements="3" conditionals="32" coveredconditionals="3" methods="15" coveredmethods="2"/>
      <file name="index.js" path="/Users/jasonpeterson/Documents/GitHub/project-video-and-messaging-web-app-steven-chang-hanzhang-wu-xiaoyan-su/Chat-App/client/src/index.js">
        <metrics statements="2" coveredstatements="0" conditionals="0" coveredconditionals="0" methods="0" coveredmethods="0"/>
        <line num="7" count="0" type="stmt"/>
        <line num="15" count="0" type="stmt"/>
      </file>
      <file name="serviceWorker.js" path="/Users/jasonpeterson/Documents/GitHub/project-video-and-messaging-web-app-steven-chang-hanzhang-wu-xiaoyan-su/Chat-App/client/src/serviceWorker.js">
        <metrics statements="38" coveredstatements="3" conditionals="32" coveredconditionals="3" methods="15" coveredmethods="2"/>
        <line num="13" count="1" type="stmt"/>
        <line num="24" count="2" type="cond" truecount="2" falsecount="2"/>
        <line num="26" count="0" type="stmt"/>
        <line num="27" count="0" type="cond" truecount="0" falsecount="2"/>
        <line num="31" count="0" type="stmt"/>
        <line num="34" count="0" type="stmt"/>
        <line num="35" count="0" type="stmt"/>
        <line num="37" count="0" type="cond" truecount="0" falsecount="2"/>
        <line num="39" count="0" type="stmt"/>
        <line num="43" count="0" type="stmt"/>
        <line num="44" count="0" type="stmt"/>
        <line num="51" count="0" type="stmt"/>
        <line num="58" count="0" type="stmt"/>
        <line num="61" count="0" type="stmt"/>
        <line num="62" count="0" type="stmt"/>
        <line num="63" count="0" type="cond" truecount="0" falsecount="2"/>
        <line num="64" count="0" type="stmt"/>
        <line num="66" count="0" type="stmt"/>
        <line num="67" count="0" type="cond" truecount="0" falsecount="2"/>
        <line num="68" count="0" type="cond" truecount="0" falsecount="2"/>
        <line num="72" count="0" type="stmt"/>
        <line num="78" count="0" type="cond" truecount="0" falsecount="4"/>
        <line num="79" count="0" type="stmt"/>
        <line num="85" count="0" type="stmt"/>
        <line num="88" count="0" type="cond" truecount="0" falsecount="4"/>
        <line num="89" count="0" type="stmt"/>
        <line num="97" count="0" type="stmt"/>
        <line num="103" count="1" type="stmt"/>
        <line num="108" count="0" type="stmt"/>
        <line num="109" count="0" type="cond" truecount="0" falsecount="2"/>
        <line num="114" count="0" type="stmt"/>
        <line num="115" count="0" type="stmt"/>
        <line num="116" count="0" type="stmt"/>
        <line num="121" count="0" type="stmt"/>
        <line num="125" count="0" type="stmt"/>
        <line num="132" count="0" type="cond" truecount="0" falsecount="2"/>
        <line num="133" count="0" type="stmt"/>
        <line num="134" count="0" type="stmt"/>
      </file>
    </package>
    <package name="src.components">
      <metrics statements="702" coveredstatements="105" conditionals="379" coveredconditionals="4" methods="157" coveredmethods="22"/>
      <file name="App.js" path="/Users/jasonpeterson/Documents/GitHub/project-video-and-messaging-web-app-steven-chang-hanzhang-wu-xiaoyan-su/Chat-App/client/src/components/App.js">
        <metrics statements="9" coveredstatements="0" conditionals="0" coveredconditionals="0" methods="8" coveredmethods="0"/>
        <line num="15" count="0" type="stmt"/>
        <line num="16" count="0" type="stmt"/>
        <line num="22" count="0" type="stmt"/>
        <line num="28" count="0" type="stmt"/>
        <line num="35" count="0" type="stmt"/>
        <line num="41" count="0" type="stmt"/>
        <line num="47" count="0" type="stmt"/>
        <line num="53" count="0" type="stmt"/>
        <line num="59" count="0" type="stmt"/>
      </file>
      <file name="CreateAccount.js" path="/Users/jasonpeterson/Documents/GitHub/project-video-and-messaging-web-app-steven-chang-hanzhang-wu-xiaoyan-su/Chat-App/client/src/components/CreateAccount.js">
        <metrics statements="78" coveredstatements="15" conditionals="26" coveredconditionals="0" methods="21" coveredmethods="2"/>
        <line num="8" count="2" type="stmt"/>
        <line num="12" count="2" type="stmt"/>
        <line num="26" count="2" type="stmt"/>
        <line num="27" count="2" type="stmt"/>
        <line num="28" count="2" type="stmt"/>
        <line num="29" count="2" type="stmt"/>
        <line num="30" count="2" type="stmt"/>
        <line num="31" count="2" type="stmt"/>
        <line num="32" count="2" type="stmt"/>
        <line num="33" count="2" type="stmt"/>
        <line num="34" count="2" type="stmt"/>
        <line num="35" count="2" type="stmt"/>
        <line num="36" count="2" type="stmt"/>
        <line num="37" count="2" type="stmt"/>
        <line num="41" count="0" type="stmt"/>
        <line num="47" count="0" type="stmt"/>
        <line num="53" count="0" type="stmt"/>
        <line num="59" count="0" type="stmt"/>
        <line num="65" count="0" type="stmt"/>
        <line num="71" count="0" type="stmt"/>
        <line num="77" count="0" type="stmt"/>
        <line num="83" count="0" type="stmt"/>
        <line num="89" count="0" type="stmt"/>
        <line num="95" count="0" type="stmt"/>
        <line num="96" count="0" type="stmt"/>
        <line num="97" count="0" type="stmt"/>
        <line num="100" count="0" type="cond" truecount="0" falsecount="2"/>
        <line num="101" count="0" type="stmt"/>
        <line num="102" count="0" type="stmt"/>
        <line num="103" count="0" type="cond" truecount="0" falsecount="2"/>
        <line num="104" count="0" type="stmt"/>
        <line num="105" count="0" type="stmt"/>
        <line num="106" count="0" type="cond" truecount="0" falsecount="2"/>
        <line num="107" count="0" type="stmt"/>
        <line num="108" count="0" type="stmt"/>
        <line num="109" count="0" type="cond" truecount="0" falsecount="2"/>
        <line num="110" count="0" type="stmt"/>
        <line num="111" count="0" type="stmt"/>
        <line num="112" count="0" type="cond" truecount="0" falsecount="2"/>
        <line num="113" count="0" type="stmt"/>
        <line num="114" count="0" type="stmt"/>
        <line num="115" count="0" type="cond" truecount="0" falsecount="2"/>
        <line num="116" count="0" type="stmt"/>
        <line num="117" count="0" type="stmt"/>
        <line num="119" count="0" type="stmt"/>
        <line num="122" count="0" type="stmt"/>
        <line num="127" count="0" type="stmt"/>
        <line num="128" count="0" type="stmt"/>
        <line num="129" count="0" type="stmt"/>
        <line num="130" count="0" type="stmt"/>
        <line num="132" count="0" type="stmt"/>
        <line num="135" count="0" type="cond" truecount="0" falsecount="2"/>
        <line num="136" count="0" type="cond" truecount="0" falsecount="2"/>
        <line num="137" count="0" type="stmt"/>
        <line num="138" count="0" type="stmt"/>
        <line num="140" count="0" type="stmt"/>
        <line num="141" count="0" type="stmt"/>
        <line num="142" count="0" type="stmt"/>
        <line num="143" count="0" type="stmt"/>
        <line num="146" count="0" type="cond" truecount="0" falsecount="2"/>
        <line num="147" count="0" type="stmt"/>
        <line num="148" count="0" type="cond" truecount="0" falsecount="2"/>
        <line num="149" count="0" type="stmt"/>
        <line num="151" count="0" type="stmt"/>
        <line num="155" count="0" type="stmt"/>
        <line num="160" count="0" type="stmt"/>
        <line num="161" count="0" type="stmt"/>
        <line num="162" count="0" type="stmt"/>
        <line num="164" count="0" type="stmt"/>
        <line num="167" count="0" type="cond" truecount="0" falsecount="2"/>
        <line num="168" count="0" type="stmt"/>
        <line num="169" count="0" type="cond" truecount="0" falsecount="2"/>
        <line num="170" count="0" type="stmt"/>
        <line num="171" count="0" type="cond" truecount="0" falsecount="2"/>
        <line num="172" count="0" type="stmt"/>
        <line num="174" count="0" type="stmt"/>
        <line num="178" count="0" type="stmt"/>
        <line num="183" count="2" type="stmt"/>
      </file>
      <file name="Lobby.js" path="/Users/jasonpeterson/Documents/GitHub/project-video-and-messaging-web-app-steven-chang-hanzhang-wu-xiaoyan-su/Chat-App/client/src/components/Lobby.js">
        <metrics statements="11" coveredstatements="11" conditionals="0" coveredconditionals="0" methods="1" coveredmethods="1"/>
        <line num="3" count="2" type="stmt"/>
        <line num="10" count="4" type="stmt"/>
        <line num="11" count="4" type="stmt"/>
        <line num="12" count="4" type="stmt"/>
        <line num="13" count="4" type="stmt"/>
        <line num="14" count="4" type="stmt"/>
        <line num="15" count="4" type="stmt"/>
        <line num="16" count="4" type="stmt"/>
        <line num="17" count="4" type="stmt"/>
        <line num="18" count="4" type="stmt"/>
        <line num="19" count="4" type="stmt"/>
      </file>
      <file name="Mainview.js" path="/Users/jasonpeterson/Documents/GitHub/project-video-and-messaging-web-app-steven-chang-hanzhang-wu-xiaoyan-su/Chat-App/client/src/components/Mainview.js">
        <metrics statements="414" coveredstatements="33" conditionals="293" coveredconditionals="0" methods="64" coveredmethods="4"/>
        <line num="13" count="2" type="stmt"/>
        <line num="14" count="2" type="stmt"/>
        <line num="41" count="2" type="stmt"/>
        <line num="42" count="2" type="stmt"/>
        <line num="43" count="2" type="stmt"/>
        <line num="44" count="2" type="stmt"/>
        <line num="45" count="2" type="stmt"/>
        <line num="46" count="2" type="stmt"/>
        <line num="47" count="2" type="stmt"/>
        <line num="48" count="2" type="stmt"/>
        <line num="49" count="2" type="stmt"/>
        <line num="50" count="2" type="stmt"/>
        <line num="51" count="2" type="stmt"/>
        <line num="52" count="2" type="stmt"/>
        <line num="53" count="2" type="stmt"/>
        <line num="54" count="2" type="stmt"/>
        <line num="55" count="2" type="stmt"/>
        <line num="56" count="2" type="stmt"/>
        <line num="57" count="2" type="stmt"/>
        <line num="58" count="2" type="stmt"/>
        <line num="59" count="2" type="stmt"/>
        <line num="60" count="2" type="stmt"/>
        <line num="64" count="2" type="stmt"/>
        <line num="66" count="0" type="stmt"/>
        <line num="67" count="0" type="stmt"/>
        <line num="68" count="0" type="stmt"/>
        <line num="69" count="0" type="stmt"/>
        <line num="70" count="0" type="cond" truecount="0" falsecount="4"/>
        <line num="71" count="0" type="stmt"/>
        <line num="72" count="0" type="cond" truecount="0" falsecount="2"/>
        <line num="73" count="0" type="stmt"/>
        <line num="74" count="0" type="stmt"/>
        <line num="75" count="0" type="cond" truecount="0" falsecount="4"/>
        <line num="76" count="0" type="stmt"/>
        <line num="82" count="0" type="stmt"/>
        <line num="87" count="2" type="stmt"/>
        <line num="90" count="2" type="stmt"/>
        <line num="91" count="2" type="stmt"/>
        <line num="92" count="0" type="stmt"/>
        <line num="93" count="0" type="stmt"/>
        <line num="94" count="0" type="cond" truecount="0" falsecount="2"/>
        <line num="95" count="0" type="stmt"/>
        <line num="97" count="0" type="stmt"/>
        <line num="98" count="0" type="stmt"/>
        <line num="99" count="0" type="stmt"/>
        <line num="100" count="0" type="stmt"/>
        <line num="101" count="0" type="stmt"/>
        <line num="102" count="0" type="cond" truecount="0" falsecount="5"/>
        <line num="103" count="0" type="stmt"/>
        <line num="106" count="0" type="stmt"/>
        <line num="107" count="0" type="stmt"/>
        <line num="112" count="0" type="stmt"/>
        <line num="113" count="0" type="stmt"/>
        <line num="116" count="0" type="stmt"/>
        <line num="118" count="0" type="cond" truecount="0" falsecount="2"/>
        <line num="119" count="0" type="stmt"/>
        <line num="120" count="0" type="cond" truecount="0" falsecount="2"/>
        <line num="121" count="0" type="stmt"/>
        <line num="122" count="0" type="stmt"/>
        <line num="124" count="0" type="stmt"/>
        <line num="141" count="0" type="stmt"/>
        <line num="142" count="0" type="stmt"/>
        <line num="144" count="0" type="stmt"/>
        <line num="145" count="0" type="stmt"/>
        <line num="146" count="0" type="stmt"/>
        <line num="147" count="0" type="stmt"/>
        <line num="148" count="0" type="stmt"/>
        <line num="150" count="0" type="stmt"/>
        <line num="152" count="0" type="stmt"/>
        <line num="153" count="0" type="stmt"/>
        <line num="154" count="0" type="stmt"/>
        <line num="155" count="0" type="cond" truecount="0" falsecount="2"/>
        <line num="156" count="0" type="stmt"/>
        <line num="157" count="0" type="stmt"/>
        <line num="158" count="0" type="stmt"/>
        <line num="164" count="0" type="stmt"/>
        <line num="168" count="0" type="cond" truecount="0" falsecount="2"/>
        <line num="169" count="0" type="stmt"/>
        <line num="171" count="0" type="stmt"/>
        <line num="172" count="0" type="stmt"/>
        <line num="173" count="0" type="cond" truecount="0" falsecount="4"/>
        <line num="174" count="0" type="cond" truecount="0" falsecount="2"/>
        <line num="175" count="0" type="stmt"/>
        <line num="179" count="0" type="stmt"/>
        <line num="180" count="0" type="cond" truecount="0" falsecount="2"/>
        <line num="181" count="0" type="stmt"/>
        <line num="184" count="0" type="stmt"/>
        <line num="189" count="0" type="stmt"/>
        <line num="190" count="0" type="cond" truecount="0" falsecount="2"/>
        <line num="191" count="0" type="stmt"/>
        <line num="194" count="0" type="stmt"/>
        <line num="199" count="0" type="stmt"/>
        <line num="200" count="0" type="stmt"/>
        <line num="201" count="0" type="stmt"/>
        <line num="206" count="0" type="stmt"/>
        <line num="207" count="0" type="stmt"/>
        <line num="210" count="0" type="cond" truecount="0" falsecount="2"/>
        <line num="211" count="0" type="stmt"/>
        <line num="212" count="0" type="cond" truecount="0" falsecount="2"/>
        <line num="213" count="0" type="stmt"/>
        <line num="214" count="0" type="stmt"/>
        <line num="215" count="0" type="stmt"/>
        <line num="216" count="0" type="stmt"/>
        <line num="218" count="0" type="stmt"/>
        <line num="219" count="0" type="stmt"/>
        <line num="220" count="0" type="stmt"/>
        <line num="222" count="0" type="stmt"/>
        <line num="225" count="0" type="stmt"/>
        <line num="227" count="0" type="stmt"/>
        <line num="230" count="0" type="stmt"/>
        <line num="237" count="2" type="stmt"/>
        <line num="238" count="0" type="stmt"/>
        <line num="239" count="0" type="cond" truecount="0" falsecount="4"/>
        <line num="240" count="0" type="stmt"/>
        <line num="241" count="0" type="stmt"/>
        <line num="242" count="0" type="stmt"/>
        <line num="243" count="0" type="stmt"/>
        <line num="247" count="0" type="cond" truecount="0" falsecount="2"/>
        <line num="248" count="0" type="stmt"/>
        <line num="249" count="0" type="cond" truecount="0" falsecount="2"/>
        <line num="250" count="0" type="stmt"/>
        <line num="251" count="0" type="stmt"/>
        <line num="252" count="0" type="stmt"/>
        <line num="253" count="0" type="stmt"/>
        <line num="255" count="0" type="stmt"/>
        <line num="256" count="0" type="stmt"/>
        <line num="257" count="0" type="stmt"/>
        <line num="259" count="0" type="stmt"/>
        <line num="262" count="0" type="stmt"/>
        <line num="265" count="0" type="cond" truecount="0" falsecount="2"/>
        <line num="266" count="0" type="stmt"/>
        <line num="272" count="2" type="stmt"/>
        <line num="273" count="0" type="stmt"/>
        <line num="274" count="0" type="cond" truecount="0" falsecount="4"/>
        <line num="275" count="0" type="stmt"/>
        <line num="276" count="0" type="stmt"/>
        <line num="277" count="0" type="stmt"/>
        <line num="278" count="0" type="stmt"/>
        <line num="279" count="0" type="stmt"/>
        <line num="283" count="0" type="cond" truecount="0" falsecount="2"/>
        <line num="284" count="0" type="stmt"/>
        <line num="285" count="0" type="cond" truecount="0" falsecount="2"/>
        <line num="286" count="0" type="stmt"/>
        <line num="287" count="0" type="stmt"/>
        <line num="288" count="0" type="stmt"/>
        <line num="289" count="0" type="stmt"/>
        <line num="291" count="0" type="stmt"/>
        <line num="292" count="0" type="stmt"/>
        <line num="293" count="0" type="stmt"/>
        <line num="295" count="0" type="stmt"/>
        <line num="298" count="0" type="stmt"/>
        <line num="301" count="0" type="cond" truecount="0" falsecount="2"/>
        <line num="302" count="0" type="stmt"/>
        <line num="308" count="2" type="stmt"/>
        <line num="309" count="0" type="stmt"/>
        <line num="310" count="0" type="stmt"/>
        <line num="311" count="0" type="stmt"/>
        <line num="315" count="0" type="cond" truecount="0" falsecount="2"/>
        <line num="316" count="0" type="stmt"/>
        <line num="317" count="0" type="cond" truecount="0" falsecount="2"/>
        <line num="318" count="0" type="stmt"/>
        <line num="319" count="0" type="stmt"/>
        <line num="320" count="0" type="stmt"/>
        <line num="321" count="0" type="stmt"/>
        <line num="323" count="0" type="stmt"/>
        <line num="324" count="0" type="stmt"/>
        <line num="325" count="0" type="stmt"/>
        <line num="327" count="0" type="stmt"/>
        <line num="330" count="0" type="stmt"/>
        <line num="333" count="0" type="cond" truecount="0" falsecount="2"/>
        <line num="334" count="0" type="stmt"/>
        <line num="339" count="2" type="stmt"/>
        <line num="340" count="0" type="stmt"/>
        <line num="341" count="0" type="cond" truecount="0" falsecount="4"/>
        <line num="342" count="0" type="stmt"/>
        <line num="343" count="0" type="stmt"/>
        <line num="344" count="0" type="stmt"/>
        <line num="345" count="0" type="stmt"/>
        <line num="349" count="0" type="cond" truecount="0" falsecount="2"/>
        <line num="350" count="0" type="stmt"/>
        <line num="351" count="0" type="cond" truecount="0" falsecount="2"/>
        <line num="352" count="0" type="stmt"/>
        <line num="353" count="0" type="stmt"/>
        <line num="354" count="0" type="stmt"/>
        <line num="355" count="0" type="stmt"/>
        <line num="357" count="0" type="stmt"/>
        <line num="358" count="0" type="stmt"/>
        <line num="359" count="0" type="stmt"/>
        <line num="361" count="0" type="stmt"/>
        <line num="364" count="0" type="stmt"/>
        <line num="367" count="0" type="cond" truecount="0" falsecount="2"/>
        <line num="368" count="0" type="stmt"/>
        <line num="375" count="0" type="cond" truecount="0" falsecount="4"/>
        <line num="376" count="0" type="stmt"/>
        <line num="378" count="0" type="stmt"/>
        <line num="384" count="0" type="cond" truecount="0" falsecount="2"/>
        <line num="385" count="0" type="stmt"/>
        <line num="388" count="0" type="stmt"/>
        <line num="391" count="0" type="stmt"/>
        <line num="392" count="0" type="stmt"/>
        <line num="393" count="0" type="stmt"/>
        <line num="394" count="0" type="cond" truecount="0" falsecount="2"/>
        <line num="395" count="0" type="cond" truecount="0" falsecount="2"/>
        <line num="396" count="0" type="stmt"/>
        <line num="397" count="0" type="cond" truecount="0" falsecount="2"/>
        <line num="398" count="0" type="stmt"/>
        <line num="399" count="0" type="stmt"/>
        <line num="400" count="0" type="stmt"/>
        <line num="401" count="0" type="cond" truecount="0" falsecount="2"/>
        <line num="402" count="0" type="stmt"/>
        <line num="403" count="0" type="stmt"/>
        <line num="406" count="0" type="stmt"/>
        <line num="407" count="0" type="stmt"/>
        <line num="408" count="0" type="stmt"/>
        <line num="411" count="0" type="stmt"/>
        <line num="413" count="0" type="stmt"/>
        <line num="414" count="0" type="cond" truecount="0" falsecount="2"/>
        <line num="415" count="0" type="stmt"/>
        <line num="422" count="0" type="stmt"/>
        <line num="432" count="0" type="stmt"/>
        <line num="433" count="0" type="cond" truecount="0" falsecount="2"/>
        <line num="434" count="0" type="stmt"/>
        <line num="435" count="0" type="stmt"/>
        <line num="437" count="0" type="stmt"/>
        <line num="438" count="0" type="stmt"/>
        <line num="441" count="0" type="stmt"/>
        <line num="443" count="0" type="cond" truecount="0" falsecount="2"/>
        <line num="444" count="0" type="stmt"/>
        <line num="447" count="0" type="stmt"/>
        <line num="448" count="0" type="stmt"/>
        <line num="453" count="0" type="cond" truecount="0" falsecount="2"/>
        <line num="454" count="0" type="stmt"/>
        <line num="456" count="0" type="stmt"/>
        <line num="461" count="0" type="cond" truecount="0" falsecount="2"/>
        <line num="462" count="0" type="stmt"/>
        <line num="463" count="0" type="cond" truecount="0" falsecount="2"/>
        <line num="464" count="0" type="stmt"/>
        <line num="465" count="0" type="stmt"/>
        <line num="466" count="0" type="cond" truecount="0" falsecount="2"/>
        <line num="467" count="0" type="stmt"/>
        <line num="470" count="0" type="cond" truecount="0" falsecount="2"/>
        <line num="471" count="0" type="stmt"/>
        <line num="472" count="0" type="stmt"/>
        <line num="473" count="0" type="stmt"/>
        <line num="474" count="0" type="stmt"/>
        <line num="478" count="0" type="stmt"/>
        <line num="479" count="0" type="stmt"/>
        <line num="485" count="0" type="cond" truecount="0" falsecount="2"/>
        <line num="486" count="0" type="stmt"/>
        <line num="488" count="0" type="stmt"/>
        <line num="493" count="0" type="cond" truecount="0" falsecount="2"/>
        <line num="495" count="0" type="stmt"/>
        <line num="496" count="0" type="cond" truecount="0" falsecount="2"/>
        <line num="497" count="0" type="cond" truecount="0" falsecount="2"/>
        <line num="498" count="0" type="stmt"/>
        <line num="499" count="0" type="stmt"/>
        <line num="500" count="0" type="cond" truecount="0" falsecount="2"/>
        <line num="501" count="0" type="stmt"/>
        <line num="504" count="0" type="cond" truecount="0" falsecount="2"/>
        <line num="505" count="0" type="stmt"/>
        <line num="506" count="0" type="stmt"/>
        <line num="507" count="0" type="stmt"/>
        <line num="508" count="0" type="stmt"/>
        <line num="513" count="0" type="stmt"/>
        <line num="514" count="0" type="cond" truecount="0" falsecount="2"/>
        <line num="515" count="0" type="stmt"/>
        <line num="522" count="0" type="cond" truecount="0" falsecount="4"/>
        <line num="523" count="0" type="stmt"/>
        <line num="524" count="0" type="cond" truecount="0" falsecount="2"/>
        <line num="525" count="0" type="stmt"/>
        <line num="530" count="0" type="cond" truecount="0" falsecount="2"/>
        <line num="531" count="0" type="stmt"/>
        <line num="532" count="0" type="stmt"/>
        <line num="533" count="0" type="stmt"/>
        <line num="534" count="0" type="stmt"/>
        <line num="535" count="0" type="stmt"/>
        <line num="536" count="0" type="cond" truecount="0" falsecount="2"/>
        <line num="537" count="0" type="stmt"/>
        <line num="538" count="0" type="stmt"/>
        <line num="539" count="0" type="stmt"/>
        <line num="540" count="0" type="stmt"/>
        <line num="541" count="0" type="stmt"/>
        <line num="543" count="0" type="stmt"/>
        <line num="544" count="0" type="stmt"/>
        <line num="546" count="0" type="stmt"/>
        <line num="547" count="0" type="stmt"/>
        <line num="549" count="0" type="stmt"/>
        <line num="550" count="0" type="stmt"/>
        <line num="559" count="0" type="stmt"/>
        <line num="563" count="0" type="cond" truecount="0" falsecount="2"/>
        <line num="564" count="0" type="stmt"/>
        <line num="565" count="0" type="stmt"/>
        <line num="570" count="0" type="cond" truecount="0" falsecount="2"/>
        <line num="571" count="0" type="stmt"/>
        <line num="572" count="0" type="stmt"/>
        <line num="577" count="0" type="stmt"/>
        <line num="586" count="0" type="stmt"/>
        <line num="590" count="2" type="stmt"/>
        <line num="591" count="0" type="stmt"/>
        <line num="594" count="2" type="stmt"/>
        <line num="595" count="0" type="stmt"/>
        <line num="599" count="0" type="stmt"/>
        <line num="616" count="0" type="stmt"/>
        <line num="621" count="0" type="stmt"/>
        <line num="627" count="4" type="stmt"/>
        <line num="633" count="0" type="stmt"/>
        <line num="638" count="0" type="cond" truecount="0" falsecount="4"/>
        <line num="639" count="0" type="stmt"/>
        <line num="640" count="0" type="stmt"/>
        <line num="643" count="0" type="cond" truecount="0" falsecount="4"/>
        <line num="644" count="0" type="stmt"/>
        <line num="645" count="0" type="stmt"/>
        <line num="648" count="0" type="cond" truecount="0" falsecount="4"/>
        <line num="649" count="0" type="stmt"/>
        <line num="650" count="0" type="stmt"/>
        <line num="653" count="0" type="cond" truecount="0" falsecount="4"/>
        <line num="654" count="0" type="stmt"/>
        <line num="655" count="0" type="stmt"/>
        <line num="660" count="0" type="cond" truecount="0" falsecount="4"/>
        <line num="661" count="0" type="stmt"/>
        <line num="662" count="0" type="stmt"/>
        <line num="667" count="0" type="cond" truecount="0" falsecount="4"/>
        <line num="668" count="0" type="stmt"/>
        <line num="669" count="0" type="stmt"/>
        <line num="674" count="0" type="cond" truecount="0" falsecount="2"/>
        <line num="675" count="0" type="stmt"/>
        <line num="676" count="0" type="stmt"/>
        <line num="679" count="0" type="cond" truecount="0" falsecount="2"/>
        <line num="680" count="0" type="stmt"/>
        <line num="681" count="0" type="stmt"/>
        <line num="688" count="0" type="stmt"/>
        <line num="696" count="0" type="cond" truecount="0" falsecount="4"/>
        <line num="697" count="0" type="cond" truecount="0" falsecount="2"/>
        <line num="698" count="0" type="cond" truecount="0" falsecount="5"/>
        <line num="699" count="0" type="stmt"/>
        <line num="700" count="0" type="cond" truecount="0" falsecount="5"/>
        <line num="701" count="0" type="stmt"/>
        <line num="702" count="0" type="cond" truecount="0" falsecount="5"/>
        <line num="703" count="0" type="stmt"/>
        <line num="704" count="0" type="cond" truecount="0" falsecount="4"/>
        <line num="705" count="0" type="stmt"/>
        <line num="706" count="0" type="cond" truecount="0" falsecount="4"/>
        <line num="707" count="0" type="stmt"/>
        <line num="708" count="0" type="stmt"/>
        <line num="709" count="0" type="cond" truecount="0" falsecount="4"/>
        <line num="710" count="0" type="stmt"/>
        <line num="711" count="0" type="stmt"/>
        <line num="713" count="0" type="cond" truecount="0" falsecount="2"/>
        <line num="714" count="0" type="stmt"/>
        <line num="715" count="0" type="stmt"/>
        <line num="716" count="0" type="cond" truecount="0" falsecount="5"/>
        <line num="717" count="0" type="stmt"/>
        <line num="718" count="0" type="cond" truecount="0" falsecount="5"/>
        <line num="719" count="0" type="stmt"/>
        <line num="720" count="0" type="cond" truecount="0" falsecount="5"/>
        <line num="721" count="0" type="stmt"/>
        <line num="722" count="0" type="cond" truecount="0" falsecount="4"/>
        <line num="723" count="0" type="stmt"/>
        <line num="724" count="0" type="cond" truecount="0" falsecount="4"/>
        <line num="725" count="0" type="stmt"/>
        <line num="726" count="0" type="stmt"/>
        <line num="727" count="0" type="cond" truecount="0" falsecount="4"/>
        <line num="728" count="0" type="stmt"/>
        <line num="729" count="0" type="stmt"/>
        <line num="731" count="0" type="cond" truecount="0" falsecount="2"/>
        <line num="732" count="0" type="stmt"/>
        <line num="733" count="0" type="stmt"/>
        <line num="734" count="0" type="cond" truecount="0" falsecount="5"/>
        <line num="735" count="0" type="stmt"/>
        <line num="738" count="0" type="cond" truecount="0" falsecount="5"/>
        <line num="739" count="0" type="stmt"/>
        <line num="742" count="0" type="cond" truecount="0" falsecount="5"/>
        <line num="743" count="0" type="stmt"/>
        <line num="746" count="0" type="cond" truecount="0" falsecount="4"/>
        <line num="747" count="0" type="stmt"/>
        <line num="750" count="0" type="cond" truecount="0" falsecount="4"/>
        <line num="751" count="0" type="stmt"/>
        <line num="752" count="0" type="stmt"/>
        <line num="756" count="0" type="cond" truecount="0" falsecount="4"/>
        <line num="757" count="0" type="stmt"/>
        <line num="758" count="0" type="stmt"/>
        <line num="763" count="0" type="cond" truecount="0" falsecount="2"/>
        <line num="764" count="0" type="stmt"/>
        <line num="765" count="0" type="stmt"/>
        <line num="766" count="0" type="cond" truecount="0" falsecount="5"/>
        <line num="767" count="0" type="stmt"/>
        <line num="770" count="0" type="cond" truecount="0" falsecount="5"/>
        <line num="771" count="0" type="stmt"/>
        <line num="774" count="0" type="cond" truecount="0" falsecount="5"/>
        <line num="775" count="0" type="stmt"/>
        <line num="778" count="0" type="cond" truecount="0" falsecount="4"/>
        <line num="779" count="0" type="stmt"/>
        <line num="782" count="0" type="cond" truecount="0" falsecount="4"/>
        <line num="783" count="0" type="stmt"/>
        <line num="784" count="0" type="stmt"/>
        <line num="788" count="0" type="cond" truecount="0" falsecount="4"/>
        <line num="789" count="0" type="stmt"/>
        <line num="790" count="0" type="stmt"/>
        <line num="801" count="0" type="cond" truecount="0" falsecount="2"/>
        <line num="802" count="0" type="stmt"/>
        <line num="806" count="0" type="stmt"/>
        <line num="807" count="0" type="stmt"/>
        <line num="819" count="0" type="cond" truecount="0" falsecount="2"/>
        <line num="820" count="0" type="stmt"/>
        <line num="822" count="0" type="stmt"/>
        <line num="845" count="0" type="cond" truecount="0" falsecount="2"/>
        <line num="846" count="0" type="stmt"/>
        <line num="851" count="0" type="stmt"/>
        <line num="852" count="0" type="stmt"/>
        <line num="864" count="0" type="cond" truecount="0" falsecount="4"/>
        <line num="865" count="0" type="stmt"/>
        <line num="870" count="0" type="cond" truecount="0" falsecount="2"/>
        <line num="871" count="0" type="stmt"/>
        <line num="872" count="0" type="stmt"/>
      </file>
      <file name="PageNavbar.js" path="/Users/jasonpeterson/Documents/GitHub/project-video-and-messaging-web-app-steven-chang-hanzhang-wu-xiaoyan-su/Chat-App/client/src/components/PageNavbar.js">
        <metrics statements="10" coveredstatements="10" conditionals="2" coveredconditionals="2" methods="4" coveredmethods="4"/>
        <line num="7" count="8" type="stmt"/>
        <line num="9" count="8" type="stmt"/>
        <line num="16" count="8" type="stmt"/>
        <line num="19" count="8" type="stmt"/>
        <line num="21" count="8" type="stmt"/>
        <line num="22" count="24" type="cond" truecount="2" falsecount="0"/>
        <line num="23" count="6" type="stmt"/>
        <line num="30" count="18" type="stmt"/>
        <line num="38" count="8" type="stmt"/>
        <line num="44" count="30" type="stmt"/>
      </file>
      <file name="Participant.js" path="/Users/jasonpeterson/Documents/GitHub/project-video-and-messaging-web-app-steven-chang-hanzhang-wu-xiaoyan-su/Chat-App/client/src/components/Participant.js">
        <metrics statements="41" coveredstatements="1" conditionals="12" coveredconditionals="0" methods="18" coveredmethods="0"/>
        <line num="3" count="3" type="stmt"/>
        <line num="4" count="0" type="stmt"/>
        <line num="5" count="0" type="stmt"/>
        <line num="7" count="0" type="stmt"/>
        <line num="8" count="0" type="stmt"/>
        <line num="10" count="0" type="stmt"/>
        <line num="11" count="0" type="stmt"/>
        <line num="12" count="0" type="stmt"/>
        <line num="13" count="0" type="stmt"/>
        <line num="15" count="0" type="stmt"/>
        <line num="16" count="0" type="stmt"/>
        <line num="17" count="0" type="stmt"/>
        <line num="19" count="0" type="stmt"/>
        <line num="20" count="0" type="cond" truecount="0" falsecount="2"/>
        <line num="21" count="0" type="stmt"/>
        <line num="22" count="0" type="cond" truecount="0" falsecount="2"/>
        <line num="23" count="0" type="stmt"/>
        <line num="27" count="0" type="stmt"/>
        <line num="28" count="0" type="cond" truecount="0" falsecount="2"/>
        <line num="29" count="0" type="stmt"/>
        <line num="30" count="0" type="cond" truecount="0" falsecount="2"/>
        <line num="31" count="0" type="stmt"/>
        <line num="35" count="0" type="stmt"/>
        <line num="36" count="0" type="stmt"/>
        <line num="38" count="0" type="stmt"/>
        <line num="39" count="0" type="stmt"/>
        <line num="40" count="0" type="stmt"/>
        <line num="41" count="0" type="stmt"/>
        <line num="45" count="0" type="stmt"/>
        <line num="46" count="0" type="stmt"/>
        <line num="47" count="0" type="cond" truecount="0" falsecount="2"/>
        <line num="48" count="0" type="stmt"/>
        <line num="49" count="0" type="stmt"/>
        <line num="50" count="0" type="stmt"/>
        <line num="55" count="0" type="stmt"/>
        <line num="56" count="0" type="stmt"/>
        <line num="57" count="0" type="cond" truecount="0" falsecount="2"/>
        <line num="58" count="0" type="stmt"/>
        <line num="59" count="0" type="stmt"/>
        <line num="60" count="0" type="stmt"/>
        <line num="65" count="0" type="stmt"/>
      </file>
      <file name="Room.js" path="/Users/jasonpeterson/Documents/GitHub/project-video-and-messaging-web-app-steven-chang-hanzhang-wu-xiaoyan-su/Chat-App/client/src/components/Room.js">
        <metrics statements="36" coveredstatements="1" conditionals="8" coveredconditionals="0" methods="14" coveredmethods="0"/>
        <line num="5" count="2" type="stmt"/>
        <line num="6" count="0" type="stmt"/>
        <line num="7" count="0" type="stmt"/>
        <line num="9" count="0" type="stmt"/>
        <line num="10" count="0" type="stmt"/>
        <line num="11" count="0" type="stmt"/>
        <line num="14" count="0" type="stmt"/>
        <line num="15" count="0" type="stmt"/>
        <line num="16" count="0" type="stmt"/>
        <line num="20" count="0" type="stmt"/>
        <line num="21" count="0" type="stmt"/>
        <line num="22" count="0" type="stmt"/>
        <line num="23" count="0" type="stmt"/>
        <line num="26" count="0" type="stmt"/>
        <line num="27" count="0" type="stmt"/>
        <line num="28" count="0" type="stmt"/>
        <line num="32" count="0" type="stmt"/>
        <line num="33" count="0" type="cond" truecount="0" falsecount="2"/>
        <line num="34" count="0" type="stmt"/>
        <line num="36" count="0" type="stmt"/>
        <line num="40" count="0" type="stmt"/>
        <line num="43" count="0" type="stmt"/>
        <line num="44" count="0" type="stmt"/>
        <line num="45" count="0" type="stmt"/>
        <line num="46" count="0" type="stmt"/>
        <line num="49" count="0" type="stmt"/>
        <line num="50" count="0" type="stmt"/>
        <line num="51" count="0" type="cond" truecount="0" falsecount="4"/>
        <line num="52" count="0" type="stmt"/>
        <line num="53" count="0" type="stmt"/>
        <line num="55" count="0" type="stmt"/>
        <line num="56" count="0" type="stmt"/>
        <line num="58" count="0" type="stmt"/>
        <line num="64" count="0" type="stmt"/>
        <line num="65" count="0" type="stmt"/>
        <line num="68" count="0" type="stmt"/>
      </file>
      <file name="Statuses.js" path="/Users/jasonpeterson/Documents/GitHub/project-video-and-messaging-web-app-steven-chang-hanzhang-wu-xiaoyan-su/Chat-App/client/src/components/Statuses.js">
        <metrics statements="19" coveredstatements="6" conditionals="2" coveredconditionals="0" methods="6" coveredmethods="4"/>
        <line num="9" count="2" type="stmt"/>
        <line num="11" count="2" type="stmt"/>
        <line num="19" count="2" type="stmt"/>
        <line num="22" count="0" type="stmt"/>
        <line num="23" count="0" type="stmt"/>
        <line num="24" count="0" type="stmt"/>
        <line num="25" count="0" type="stmt"/>
        <line num="26" count="0" type="stmt"/>
        <line num="27" count="0" type="stmt"/>
        <line num="29" count="0" type="stmt"/>
        <line num="37" count="2" type="stmt"/>
        <line num="40" count="2" type="stmt"/>
        <line num="44" count="4" type="stmt"/>
        <line num="54" count="0" type="cond" truecount="0" falsecount="2"/>
        <line num="55" count="0" type="stmt"/>
        <line num="63" count="0" type="stmt"/>
        <line num="64" count="0" type="stmt"/>
        <line num="65" count="0" type="stmt"/>
        <line num="66" count="0" type="stmt"/>
      </file>
      <file name="UserProfile.js" path="/Users/jasonpeterson/Documents/GitHub/project-video-and-messaging-web-app-steven-chang-hanzhang-wu-xiaoyan-su/Chat-App/client/src/components/UserProfile.js">
        <metrics statements="63" coveredstatements="11" conditionals="32" coveredconditionals="0" methods="15" coveredmethods="3"/>
        <line num="10" count="2" type="stmt"/>
        <line num="12" count="2" type="stmt"/>
        <line num="18" count="2" type="stmt"/>
        <line num="19" count="2" type="stmt"/>
        <line num="20" count="2" type="stmt"/>
        <line num="21" count="2" type="stmt"/>
        <line num="22" count="2" type="stmt"/>
        <line num="26" count="2" type="stmt"/>
        <line num="29" count="2" type="stmt"/>
        <line num="31" count="0" type="stmt"/>
        <line num="32" count="0" type="cond" truecount="0" falsecount="2"/>
        <line num="33" count="0" type="stmt"/>
        <line num="34" count="0" type="cond" truecount="0" falsecount="2"/>
        <line num="35" count="0" type="stmt"/>
        <line num="37" count="0" type="stmt"/>
        <line num="45" count="0" type="stmt"/>
        <line num="46" count="0" type="stmt"/>
        <line num="47" count="0" type="stmt"/>
        <line num="48" count="0" type="cond" truecount="0" falsecount="4"/>
        <line num="49" count="0" type="stmt"/>
        <line num="51" count="0" type="stmt"/>
        <line num="54" count="0" type="stmt"/>
        <line num="59" count="2" type="stmt"/>
        <line num="60" count="0" type="stmt"/>
        <line num="61" count="0" type="stmt"/>
        <line num="62" count="0" type="stmt"/>
        <line num="63" count="0" type="cond" truecount="0" falsecount="4"/>
        <line num="71" count="0" type="stmt"/>
        <line num="72" count="0" type="stmt"/>
        <line num="73" count="0" type="stmt"/>
        <line num="74" count="0" type="stmt"/>
        <line num="77" count="0" type="stmt"/>
        <line num="79" count="0" type="cond" truecount="0" falsecount="2"/>
        <line num="80" count="0" type="stmt"/>
        <line num="83" count="0" type="stmt"/>
        <line num="90" count="0" type="stmt"/>
        <line num="91" count="0" type="stmt"/>
        <line num="92" count="0" type="stmt"/>
        <line num="93" count="0" type="stmt"/>
        <line num="94" count="0" type="cond" truecount="0" falsecount="2"/>
        <line num="95" count="0" type="stmt"/>
        <line num="97" count="0" type="stmt"/>
        <line num="100" count="0" type="cond" truecount="0" falsecount="2"/>
        <line num="101" count="0" type="stmt"/>
        <line num="102" count="0" type="cond" truecount="0" falsecount="2"/>
        <line num="103" count="0" type="stmt"/>
        <line num="104" count="0" type="cond" truecount="0" falsecount="2"/>
        <line num="105" count="0" type="stmt"/>
        <line num="106" count="0" type="cond" truecount="0" falsecount="2"/>
        <line num="107" count="0" type="stmt"/>
        <line num="108" count="0" type="cond" truecount="0" falsecount="2"/>
        <line num="109" count="0" type="stmt"/>
        <line num="110" count="0" type="cond" truecount="0" falsecount="2"/>
        <line num="111" count="0" type="stmt"/>
        <line num="118" count="0" type="stmt"/>
        <line num="119" count="0" type="cond" truecount="0" falsecount="2"/>
        <line num="120" count="0" type="stmt"/>
        <line num="122" count="0" type="stmt"/>
        <line num="125" count="0" type="cond" truecount="0" falsecount="2"/>
        <line num="126" count="0" type="stmt"/>
        <line num="128" count="0" type="stmt"/>
        <line num="135" count="0" type="stmt"/>
        <line num="139" count="4" type="stmt"/>
      </file>
      <file name="VideoChat.js" path="/Users/jasonpeterson/Documents/GitHub/project-video-and-messaging-web-app-steven-chang-hanzhang-wu-xiaoyan-su/Chat-App/client/src/components/VideoChat.js">
        <metrics statements="18" coveredstatements="14" conditionals="2" coveredconditionals="1" methods="6" coveredmethods="4"/>
        <line num="6" count="1" type="stmt"/>
        <line num="7" count="7" type="stmt"/>
        <line num="8" count="6" type="stmt"/>
        <line num="9" count="6" type="stmt"/>
        <line num="36" count="6" type="stmt"/>
        <line num="37" count="4" type="stmt"/>
        <line num="40" count="6" type="stmt"/>
        <line num="41" count="4" type="stmt"/>
        <line num="44" count="6" type="stmt"/>
        <line num="47" count="4" type="stmt"/>
        <line num="56" count="0" type="stmt"/>
        <line num="57" count="0" type="stmt"/>
        <line num="62" count="6" type="stmt"/>
        <line num="63" count="0" type="stmt"/>
        <line num="67" count="6" type="cond" truecount="1" falsecount="1"/>
        <line num="68" count="0" type="stmt"/>
        <line num="72" count="6" type="stmt"/>
        <line num="82" count="6" type="stmt"/>
      </file>
      <file name="url.js" path="/Users/jasonpeterson/Documents/GitHub/project-video-and-messaging-web-app-steven-chang-hanzhang-wu-xiaoyan-su/Chat-App/client/src/components/url.js">
        <metrics statements="3" coveredstatements="3" conditionals="2" coveredconditionals="1" methods="0" coveredmethods="0"/>
        <line num="1" count="5" type="stmt"/>
        <line num="7" count="5" type="stmt"/>
        <line num="13" count="5" type="cond" truecount="1" falsecount="1"/>
      </file>
    </package>
  </project>
</coverage>
