{"/Users/jasonpeterson/Documents/GitHub/project-video-and-messaging-web-app-steven-chang-hanzhang-wu-xiaoyan-su/Chat-App/client/src/index.js": {"path":"/Users/jasonpeterson/Documents/GitHub/project-video-and-messaging-web-app-steven-chang-hanzhang-wu-xiaoyan-su/Chat-App/client/src/index.js","statementMap":{"0":{"start":{"line":7,"column":0},"end":{"line":10,"column":2}},"1":{"start":{"line":15,"column":0},"end":{"line":15,"column":27}}},"fnMap":{},"branchMap":{},"s":{"0":0,"1":0},"f":{},"b":{},"hash":"4ba062f1401fa19c505cee788f546ba383ffb7cd"}
,"/Users/jasonpeterson/Documents/GitHub/project-video-and-messaging-web-app-steven-chang-hanzhang-wu-xiaoyan-su/Chat-App/client/src/serviceWorker.js": {"path":"/Users/jasonpeterson/Documents/GitHub/project-video-and-messaging-web-app-steven-chang-hanzhang-wu-xiaoyan-su/Chat-App/client/src/serviceWorker.js","statementMap":{"0":{"start":{"line":13,"column":20},"end":{"line":21,"column":1}},"1":{"start":{"line":24,"column":2},"end":{"line":54,"column":3}},"2":{"start":{"line":26,"column":22},"end":{"line":26,"column":75}},"3":{"start":{"line":27,"column":4},"end":{"line":32,"column":5}},"4":{"start":{"line":31,"column":6},"end":{"line":31,"column":13}},"5":{"start":{"line":34,"column":4},"end":{"line":53,"column":7}},"6":{"start":{"line":35,"column":20},"end":{"line":35,"column":65}},"7":{"start":{"line":37,"column":6},"end":{"line":52,"column":7}},"8":{"start":{"line":39,"column":8},"end":{"line":39,"column":47}},"9":{"start":{"line":43,"column":8},"end":{"line":48,"column":11}},"10":{"start":{"line":44,"column":10},"end":{"line":47,"column":12}},"11":{"start":{"line":51,"column":8},"end":{"line":51,"column":39}},"12":{"start":{"line":58,"column":2},"end":{"line":98,"column":7}},"13":{"start":{"line":61,"column":6},"end":{"line":94,"column":8}},"14":{"start":{"line":62,"column":33},"end":{"line":62,"column":56}},"15":{"start":{"line":63,"column":8},"end":{"line":65,"column":9}},"16":{"start":{"line":64,"column":10},"end":{"line":64,"column":17}},"17":{"start":{"line":66,"column":8},"end":{"line":93,"column":10}},"18":{"start":{"line":67,"column":10},"end":{"line":92,"column":11}},"19":{"start":{"line":68,"column":12},"end":{"line":91,"column":13}},"20":{"start":{"line":72,"column":14},"end":{"line":75,"column":16}},"21":{"start":{"line":78,"column":14},"end":{"line":80,"column":15}},"22":{"start":{"line":79,"column":16},"end":{"line":79,"column":46}},"23":{"start":{"line":85,"column":14},"end":{"line":85,"column":64}},"24":{"start":{"line":88,"column":14},"end":{"line":90,"column":15}},"25":{"start":{"line":89,"column":16},"end":{"line":89,"column":47}},"26":{"start":{"line":97,"column":6},"end":{"line":97,"column":72}},"27":{"start":{"line":103,"column":2},"end":{"line":128,"column":7}},"28":{"start":{"line":108,"column":26},"end":{"line":108,"column":62}},"29":{"start":{"line":109,"column":6},"end":{"line":122,"column":7}},"30":{"start":{"line":114,"column":8},"end":{"line":118,"column":11}},"31":{"start":{"line":115,"column":10},"end":{"line":117,"column":13}},"32":{"start":{"line":116,"column":12},"end":{"line":116,"column":37}},"33":{"start":{"line":121,"column":8},"end":{"line":121,"column":39}},"34":{"start":{"line":125,"column":6},"end":{"line":127,"column":8}},"35":{"start":{"line":132,"column":2},"end":{"line":136,"column":3}},"36":{"start":{"line":133,"column":4},"end":{"line":135,"column":7}},"37":{"start":{"line":134,"column":6},"end":{"line":134,"column":32}}},"fnMap":{"0":{"name":"register","decl":{"start":{"line":23,"column":16},"end":{"line":23,"column":24}},"loc":{"start":{"line":23,"column":33},"end":{"line":55,"column":1}},"line":23},"1":{"name":"(anonymous_1)","decl":{"start":{"line":34,"column":36},"end":{"line":34,"column":37}},"loc":{"start":{"line":34,"column":42},"end":{"line":53,"column":5}},"line":34},"2":{"name":"(anonymous_2)","decl":{"start":{"line":43,"column":43},"end":{"line":43,"column":44}},"loc":{"start":{"line":43,"column":49},"end":{"line":48,"column":9}},"line":43},"3":{"name":"registerValidSW","decl":{"start":{"line":57,"column":9},"end":{"line":57,"column":24}},"loc":{"start":{"line":57,"column":40},"end":{"line":99,"column":1}},"line":57},"4":{"name":"(anonymous_4)","decl":{"start":{"line":60,"column":10},"end":{"line":60,"column":11}},"loc":{"start":{"line":60,"column":26},"end":{"line":95,"column":5}},"line":60},"5":{"name":"(anonymous_5)","decl":{"start":{"line":61,"column":35},"end":{"line":61,"column":36}},"loc":{"start":{"line":61,"column":41},"end":{"line":94,"column":7}},"line":61},"6":{"name":"(anonymous_6)","decl":{"start":{"line":66,"column":41},"end":{"line":66,"column":42}},"loc":{"start":{"line":66,"column":47},"end":{"line":93,"column":9}},"line":66},"7":{"name":"(anonymous_7)","decl":{"start":{"line":96,"column":11},"end":{"line":96,"column":12}},"loc":{"start":{"line":96,"column":20},"end":{"line":98,"column":5}},"line":96},"8":{"name":"checkValidServiceWorker","decl":{"start":{"line":101,"column":9},"end":{"line":101,"column":32}},"loc":{"start":{"line":101,"column":48},"end":{"line":129,"column":1}},"line":101},"9":{"name":"(anonymous_9)","decl":{"start":{"line":106,"column":10},"end":{"line":106,"column":11}},"loc":{"start":{"line":106,"column":22},"end":{"line":123,"column":5}},"line":106},"10":{"name":"(anonymous_10)","decl":{"start":{"line":114,"column":43},"end":{"line":114,"column":44}},"loc":{"start":{"line":114,"column":59},"end":{"line":118,"column":9}},"line":114},"11":{"name":"(anonymous_11)","decl":{"start":{"line":115,"column":41},"end":{"line":115,"column":42}},"loc":{"start":{"line":115,"column":47},"end":{"line":117,"column":11}},"line":115},"12":{"name":"(anonymous_12)","decl":{"start":{"line":124,"column":11},"end":{"line":124,"column":12}},"loc":{"start":{"line":124,"column":17},"end":{"line":128,"column":5}},"line":124},"13":{"name":"unregister","decl":{"start":{"line":131,"column":16},"end":{"line":131,"column":26}},"loc":{"start":{"line":131,"column":29},"end":{"line":137,"column":1}},"line":131},"14":{"name":"(anonymous_14)","decl":{"start":{"line":133,"column":39},"end":{"line":133,"column":40}},"loc":{"start":{"line":133,"column":55},"end":{"line":135,"column":5}},"line":133}},"branchMap":{"0":{"loc":{"start":{"line":14,"column":2},"end":{"line":20,"column":5}},"type":"binary-expr","locations":[{"start":{"line":14,"column":2},"end":{"line":14,"column":42}},{"start":{"line":16,"column":4},"end":{"line":16,"column":40}},{"start":{"line":18,"column":4},"end":{"line":20,"column":5}}],"line":14},"1":{"loc":{"start":{"line":24,"column":2},"end":{"line":54,"column":3}},"type":"if","locations":[{"start":{"line":24,"column":2},"end":{"line":54,"column":3}},{"start":{"line":24,"column":2},"end":{"line":54,"column":3}}],"line":24},"2":{"loc":{"start":{"line":24,"column":6},"end":{"line":24,"column":75}},"type":"binary-expr","locations":[{"start":{"line":24,"column":6},"end":{"line":24,"column":43}},{"start":{"line":24,"column":47},"end":{"line":24,"column":75}}],"line":24},"3":{"loc":{"start":{"line":27,"column":4},"end":{"line":32,"column":5}},"type":"if","locations":[{"start":{"line":27,"column":4},"end":{"line":32,"column":5}},{"start":{"line":27,"column":4},"end":{"line":32,"column":5}}],"line":27},"4":{"loc":{"start":{"line":37,"column":6},"end":{"line":52,"column":7}},"type":"if","locations":[{"start":{"line":37,"column":6},"end":{"line":52,"column":7}},{"start":{"line":37,"column":6},"end":{"line":52,"column":7}}],"line":37},"5":{"loc":{"start":{"line":63,"column":8},"end":{"line":65,"column":9}},"type":"if","locations":[{"start":{"line":63,"column":8},"end":{"line":65,"column":9}},{"start":{"line":63,"column":8},"end":{"line":65,"column":9}}],"line":63},"6":{"loc":{"start":{"line":67,"column":10},"end":{"line":92,"column":11}},"type":"if","locations":[{"start":{"line":67,"column":10},"end":{"line":92,"column":11}},{"start":{"line":67,"column":10},"end":{"line":92,"column":11}}],"line":67},"7":{"loc":{"start":{"line":68,"column":12},"end":{"line":91,"column":13}},"type":"if","locations":[{"start":{"line":68,"column":12},"end":{"line":91,"column":13}},{"start":{"line":68,"column":12},"end":{"line":91,"column":13}}],"line":68},"8":{"loc":{"start":{"line":78,"column":14},"end":{"line":80,"column":15}},"type":"if","locations":[{"start":{"line":78,"column":14},"end":{"line":80,"column":15}},{"start":{"line":78,"column":14},"end":{"line":80,"column":15}}],"line":78},"9":{"loc":{"start":{"line":78,"column":18},"end":{"line":78,"column":43}},"type":"binary-expr","locations":[{"start":{"line":78,"column":18},"end":{"line":78,"column":24}},{"start":{"line":78,"column":28},"end":{"line":78,"column":43}}],"line":78},"10":{"loc":{"start":{"line":88,"column":14},"end":{"line":90,"column":15}},"type":"if","locations":[{"start":{"line":88,"column":14},"end":{"line":90,"column":15}},{"start":{"line":88,"column":14},"end":{"line":90,"column":15}}],"line":88},"11":{"loc":{"start":{"line":88,"column":18},"end":{"line":88,"column":44}},"type":"binary-expr","locations":[{"start":{"line":88,"column":18},"end":{"line":88,"column":24}},{"start":{"line":88,"column":28},"end":{"line":88,"column":44}}],"line":88},"12":{"loc":{"start":{"line":109,"column":6},"end":{"line":122,"column":7}},"type":"if","locations":[{"start":{"line":109,"column":6},"end":{"line":122,"column":7}},{"start":{"line":109,"column":6},"end":{"line":122,"column":7}}],"line":109},"13":{"loc":{"start":{"line":110,"column":8},"end":{"line":111,"column":73}},"type":"binary-expr","locations":[{"start":{"line":110,"column":8},"end":{"line":110,"column":31}},{"start":{"line":111,"column":9},"end":{"line":111,"column":28}},{"start":{"line":111,"column":32},"end":{"line":111,"column":72}}],"line":110},"14":{"loc":{"start":{"line":132,"column":2},"end":{"line":136,"column":3}},"type":"if","locations":[{"start":{"line":132,"column":2},"end":{"line":136,"column":3}},{"start":{"line":132,"column":2},"end":{"line":136,"column":3}}],"line":132}},"s":{"0":0,"1":0,"2":0,"3":0,"4":0,"5":0,"6":0,"7":0,"8":0,"9":0,"10":0,"11":0,"12":0,"13":0,"14":0,"15":0,"16":0,"17":0,"18":0,"19":0,"20":0,"21":0,"22":0,"23":0,"24":0,"25":0,"26":0,"27":0,"28":0,"29":0,"30":0,"31":0,"32":0,"33":0,"34":0,"35":0,"36":0,"37":0},"f":{"0":0,"1":0,"2":0,"3":0,"4":0,"5":0,"6":0,"7":0,"8":0,"9":0,"10":0,"11":0,"12":0,"13":0,"14":0},"b":{"0":[0,0,0],"1":[0,0],"2":[0,0],"3":[0,0],"4":[0,0],"5":[0,0],"6":[0,0],"7":[0,0],"8":[0,0],"9":[0,0],"10":[0,0],"11":[0,0],"12":[0,0],"13":[0,0,0],"14":[0,0]},"hash":"f2b648fcc913bf71a3cc7d636f1f903cd2bcf25f"}
,"/Users/jasonpeterson/Documents/GitHub/project-video-and-messaging-web-app-steven-chang-hanzhang-wu-xiaoyan-su/Chat-App/client/src/components/App.js": {"path":"/Users/jasonpeterson/Documents/GitHub/project-video-and-messaging-web-app-steven-chang-hanzhang-wu-xiaoyan-su/Chat-App/client/src/components/App.js","statementMap":{"0":{"start":{"line":15,"column":2},"end":{"line":15,"column":15}},"1":{"start":{"line":16,"column":2},"end":{"line":18,"column":3}},"2":{"start":{"line":22,"column":2},"end":{"line":24,"column":5}},"3":{"start":{"line":28,"column":2},"end":{"line":65,"column":4}},"4":{"start":{"line":35,"column":8},"end":{"line":35,"column":69}},"5":{"start":{"line":41,"column":8},"end":{"line":41,"column":56}},"6":{"start":{"line":47,"column":8},"end":{"line":47,"column":20}},"7":{"start":{"line":53,"column":8},"end":{"line":53,"column":20}},"8":{"start":{"line":59,"column":8},"end":{"line":59,"column":21}}},"fnMap":{"0":{"name":"(anonymous_0)","decl":{"start":{"line":14,"column":1},"end":{"line":14,"column":2}},"loc":{"start":{"line":14,"column":20},"end":{"line":19,"column":2}},"line":14},"1":{"name":"(anonymous_1)","decl":{"start":{"line":21,"column":1},"end":{"line":21,"column":2}},"loc":{"start":{"line":21,"column":22},"end":{"line":25,"column":2}},"line":21},"2":{"name":"(anonymous_2)","decl":{"start":{"line":27,"column":1},"end":{"line":27,"column":2}},"loc":{"start":{"line":27,"column":10},"end":{"line":66,"column":2}},"line":27},"3":{"name":"(anonymous_3)","decl":{"start":{"line":34,"column":15},"end":{"line":34,"column":16}},"loc":{"start":{"line":35,"column":8},"end":{"line":35,"column":69}},"line":35},"4":{"name":"(anonymous_4)","decl":{"start":{"line":40,"column":15},"end":{"line":40,"column":16}},"loc":{"start":{"line":41,"column":8},"end":{"line":41,"column":56}},"line":41},"5":{"name":"(anonymous_5)","decl":{"start":{"line":46,"column":15},"end":{"line":46,"column":16}},"loc":{"start":{"line":47,"column":8},"end":{"line":47,"column":20}},"line":47},"6":{"name":"(anonymous_6)","decl":{"start":{"line":52,"column":15},"end":{"line":52,"column":16}},"loc":{"start":{"line":53,"column":8},"end":{"line":53,"column":20}},"line":53},"7":{"name":"(anonymous_7)","decl":{"start":{"line":58,"column":15},"end":{"line":58,"column":16}},"loc":{"start":{"line":59,"column":8},"end":{"line":59,"column":21}},"line":59}},"branchMap":{},"s":{"0":3,"1":3,"2":0,"3":3,"4":3,"5":0,"6":0,"7":0,"8":0},"f":{"0":3,"1":0,"2":3,"3":3,"4":0,"5":0,"6":0,"7":0},"b":{},"_coverageSchema":"43e27e138ebf9cfc5966b082cf9a028302ed4184","hash":"d7cc1320310760a238ed6070d0453457168962a3"}
,"/Users/jasonpeterson/Documents/GitHub/project-video-and-messaging-web-app-steven-chang-hanzhang-wu-xiaoyan-su/Chat-App/client/src/components/CreateAccount.js": {"path":"/Users/jasonpeterson/Documents/GitHub/project-video-and-messaging-web-app-steven-chang-hanzhang-wu-xiaoyan-su/Chat-App/client/src/components/CreateAccount.js","statementMap":{"0":{"start":{"line":7,"column":2},"end":{"line":7,"column":15}},"1":{"start":{"line":11,"column":2},"end":{"line":23,"column":3}},"2":{"start":{"line":25,"column":2},"end":{"line":25,"column":67}},"3":{"start":{"line":26,"column":2},"end":{"line":26,"column":61}},"4":{"start":{"line":27,"column":2},"end":{"line":27,"column":67}},"5":{"start":{"line":28,"column":2},"end":{"line":28,"column":57}},"6":{"start":{"line":29,"column":2},"end":{"line":29,"column":77}},"7":{"start":{"line":30,"column":2},"end":{"line":30,"column":77}},"8":{"start":{"line":31,"column":2},"end":{"line":31,"column":93}},"9":{"start":{"line":32,"column":2},"end":{"line":32,"column":67}},"10":{"start":{"line":33,"column":2},"end":{"line":33,"column":77}},"11":{"start":{"line":34,"column":2},"end":{"line":34,"column":47}},"12":{"start":{"line":35,"column":2},"end":{"line":35,"column":45}},"13":{"start":{"line":36,"column":2},"end":{"line":36,"column":53}},"14":{"start":{"line":40,"column":2},"end":{"line":42,"column":5}},"15":{"start":{"line":46,"column":2},"end":{"line":48,"column":5}},"16":{"start":{"line":52,"column":2},"end":{"line":54,"column":5}},"17":{"start":{"line":58,"column":2},"end":{"line":60,"column":5}},"18":{"start":{"line":64,"column":2},"end":{"line":66,"column":5}},"19":{"start":{"line":70,"column":2},"end":{"line":72,"column":5}},"20":{"start":{"line":76,"column":2},"end":{"line":78,"column":5}},"21":{"start":{"line":82,"column":2},"end":{"line":84,"column":5}},"22":{"start":{"line":88,"column":2},"end":{"line":90,"column":5}},"23":{"start":{"line":94,"column":19},"end":{"line":94,"column":55}},"24":{"start":{"line":95,"column":2},"end":{"line":95,"column":30}},"25":{"start":{"line":96,"column":2},"end":{"line":122,"column":4}},"26":{"start":{"line":99,"column":3},"end":{"line":117,"column":4}},"27":{"start":{"line":100,"column":4},"end":{"line":100,"column":22}},"28":{"start":{"line":101,"column":4},"end":{"line":101,"column":78}},"29":{"start":{"line":102,"column":10},"end":{"line":117,"column":4}},"30":{"start":{"line":103,"column":4},"end":{"line":103,"column":22}},"31":{"start":{"line":104,"column":4},"end":{"line":104,"column":72}},"32":{"start":{"line":105,"column":10},"end":{"line":117,"column":4}},"33":{"start":{"line":106,"column":4},"end":{"line":106,"column":22}},"34":{"start":{"line":107,"column":4},"end":{"line":107,"column":53}},"35":{"start":{"line":108,"column":10},"end":{"line":117,"column":4}},"36":{"start":{"line":109,"column":4},"end":{"line":109,"column":22}},"37":{"start":{"line":110,"column":4},"end":{"line":110,"column":56}},"38":{"start":{"line":111,"column":10},"end":{"line":117,"column":4}},"39":{"start":{"line":112,"column":4},"end":{"line":112,"column":22}},"40":{"start":{"line":113,"column":4},"end":{"line":113,"column":51}},"41":{"start":{"line":114,"column":10},"end":{"line":117,"column":4}},"42":{"start":{"line":115,"column":4},"end":{"line":115,"column":22}},"43":{"start":{"line":116,"column":4},"end":{"line":116,"column":63}},"44":{"start":{"line":118,"column":3},"end":{"line":118,"column":54}},"45":{"start":{"line":121,"column":3},"end":{"line":121,"column":85}},"46":{"start":{"line":126,"column":19},"end":{"line":126,"column":55}},"47":{"start":{"line":127,"column":2},"end":{"line":127,"column":30}},"48":{"start":{"line":128,"column":2},"end":{"line":128,"column":24}},"49":{"start":{"line":129,"column":2},"end":{"line":129,"column":36}},"50":{"start":{"line":131,"column":2},"end":{"line":155,"column":5}},"51":{"start":{"line":134,"column":3},"end":{"line":151,"column":4}},"52":{"start":{"line":135,"column":4},"end":{"line":144,"column":5}},"53":{"start":{"line":136,"column":5},"end":{"line":143,"column":7}},"54":{"start":{"line":137,"column":6},"end":{"line":137,"column":51}},"55":{"start":{"line":139,"column":6},"end":{"line":139,"column":45}},"56":{"start":{"line":140,"column":6},"end":{"line":140,"column":61}},"57":{"start":{"line":141,"column":6},"end":{"line":141,"column":54}},"58":{"start":{"line":142,"column":6},"end":{"line":142,"column":74}},"59":{"start":{"line":145,"column":10},"end":{"line":151,"column":4}},"60":{"start":{"line":146,"column":4},"end":{"line":146,"column":115}},"61":{"start":{"line":147,"column":10},"end":{"line":151,"column":4}},"62":{"start":{"line":148,"column":4},"end":{"line":148,"column":78}},"63":{"start":{"line":150,"column":4},"end":{"line":150,"column":80}},"64":{"start":{"line":154,"column":3},"end":{"line":154,"column":85}},"65":{"start":{"line":159,"column":21},"end":{"line":159,"column":57}},"66":{"start":{"line":160,"column":2},"end":{"line":160,"column":32}},"67":{"start":{"line":161,"column":2},"end":{"line":161,"column":24}},"68":{"start":{"line":163,"column":2},"end":{"line":178,"column":5}},"69":{"start":{"line":166,"column":3},"end":{"line":174,"column":4}},"70":{"start":{"line":167,"column":4},"end":{"line":167,"column":98}},"71":{"start":{"line":168,"column":10},"end":{"line":174,"column":4}},"72":{"start":{"line":169,"column":4},"end":{"line":169,"column":126}},"73":{"start":{"line":170,"column":10},"end":{"line":174,"column":4}},"74":{"start":{"line":171,"column":4},"end":{"line":171,"column":89}},"75":{"start":{"line":173,"column":4},"end":{"line":173,"column":82}},"76":{"start":{"line":177,"column":3},"end":{"line":177,"column":95}},"77":{"start":{"line":182,"column":2},"end":{"line":241,"column":4}}},"fnMap":{"0":{"name":"(anonymous_0)","decl":{"start":{"line":6,"column":1},"end":{"line":6,"column":2}},"loc":{"start":{"line":6,"column":20},"end":{"line":37,"column":2}},"line":6},"1":{"name":"(anonymous_1)","decl":{"start":{"line":39,"column":1},"end":{"line":39,"column":2}},"loc":{"start":{"line":39,"column":25},"end":{"line":43,"column":2}},"line":39},"2":{"name":"(anonymous_2)","decl":{"start":{"line":45,"column":1},"end":{"line":45,"column":2}},"loc":{"start":{"line":45,"column":22},"end":{"line":49,"column":2}},"line":45},"3":{"name":"(anonymous_3)","decl":{"start":{"line":51,"column":1},"end":{"line":51,"column":2}},"loc":{"start":{"line":51,"column":25},"end":{"line":55,"column":2}},"line":51},"4":{"name":"(anonymous_4)","decl":{"start":{"line":57,"column":1},"end":{"line":57,"column":2}},"loc":{"start":{"line":57,"column":20},"end":{"line":61,"column":2}},"line":57},"5":{"name":"(anonymous_5)","decl":{"start":{"line":63,"column":1},"end":{"line":63,"column":2}},"loc":{"start":{"line":63,"column":30},"end":{"line":67,"column":2}},"line":63},"6":{"name":"(anonymous_6)","decl":{"start":{"line":69,"column":1},"end":{"line":69,"column":2}},"loc":{"start":{"line":69,"column":30},"end":{"line":73,"column":2}},"line":69},"7":{"name":"(anonymous_7)","decl":{"start":{"line":75,"column":1},"end":{"line":75,"column":2}},"loc":{"start":{"line":75,"column":38},"end":{"line":79,"column":2}},"line":75},"8":{"name":"(anonymous_8)","decl":{"start":{"line":81,"column":1},"end":{"line":81,"column":2}},"loc":{"start":{"line":81,"column":25},"end":{"line":85,"column":2}},"line":81},"9":{"name":"(anonymous_9)","decl":{"start":{"line":87,"column":1},"end":{"line":87,"column":2}},"loc":{"start":{"line":87,"column":30},"end":{"line":91,"column":2}},"line":87},"10":{"name":"(anonymous_10)","decl":{"start":{"line":93,"column":1},"end":{"line":93,"column":2}},"loc":{"start":{"line":93,"column":20},"end":{"line":123,"column":2}},"line":93},"11":{"name":"(anonymous_11)","decl":{"start":{"line":98,"column":10},"end":{"line":98,"column":11}},"loc":{"start":{"line":98,"column":20},"end":{"line":119,"column":3}},"line":98},"12":{"name":"(anonymous_12)","decl":{"start":{"line":119,"column":11},"end":{"line":119,"column":12}},"loc":{"start":{"line":119,"column":20},"end":{"line":122,"column":3}},"line":119},"13":{"name":"(anonymous_13)","decl":{"start":{"line":125,"column":1},"end":{"line":125,"column":2}},"loc":{"start":{"line":125,"column":20},"end":{"line":156,"column":2}},"line":125},"14":{"name":"(anonymous_14)","decl":{"start":{"line":133,"column":10},"end":{"line":133,"column":11}},"loc":{"start":{"line":133,"column":24},"end":{"line":152,"column":3}},"line":133},"15":{"name":"(anonymous_15)","decl":{"start":{"line":136,"column":26},"end":{"line":136,"column":27}},"loc":{"start":{"line":136,"column":31},"end":{"line":143,"column":6}},"line":136},"16":{"name":"(anonymous_16)","decl":{"start":{"line":152,"column":11},"end":{"line":152,"column":12}},"loc":{"start":{"line":152,"column":20},"end":{"line":155,"column":3}},"line":152},"17":{"name":"(anonymous_17)","decl":{"start":{"line":158,"column":1},"end":{"line":158,"column":2}},"loc":{"start":{"line":158,"column":23},"end":{"line":179,"column":2}},"line":158},"18":{"name":"(anonymous_18)","decl":{"start":{"line":165,"column":10},"end":{"line":165,"column":11}},"loc":{"start":{"line":165,"column":24},"end":{"line":175,"column":3}},"line":165},"19":{"name":"(anonymous_19)","decl":{"start":{"line":175,"column":11},"end":{"line":175,"column":12}},"loc":{"start":{"line":175,"column":20},"end":{"line":178,"column":3}},"line":175},"20":{"name":"(anonymous_20)","decl":{"start":{"line":181,"column":1},"end":{"line":181,"column":2}},"loc":{"start":{"line":181,"column":10},"end":{"line":242,"column":2}},"line":181}},"branchMap":{"0":{"loc":{"start":{"line":99,"column":3},"end":{"line":117,"column":4}},"type":"if","locations":[{"start":{"line":99,"column":3},"end":{"line":117,"column":4}},{"start":{"line":99,"column":3},"end":{"line":117,"column":4}}],"line":99},"1":{"loc":{"start":{"line":102,"column":10},"end":{"line":117,"column":4}},"type":"if","locations":[{"start":{"line":102,"column":10},"end":{"line":117,"column":4}},{"start":{"line":102,"column":10},"end":{"line":117,"column":4}}],"line":102},"2":{"loc":{"start":{"line":105,"column":10},"end":{"line":117,"column":4}},"type":"if","locations":[{"start":{"line":105,"column":10},"end":{"line":117,"column":4}},{"start":{"line":105,"column":10},"end":{"line":117,"column":4}}],"line":105},"3":{"loc":{"start":{"line":108,"column":10},"end":{"line":117,"column":4}},"type":"if","locations":[{"start":{"line":108,"column":10},"end":{"line":117,"column":4}},{"start":{"line":108,"column":10},"end":{"line":117,"column":4}}],"line":108},"4":{"loc":{"start":{"line":111,"column":10},"end":{"line":117,"column":4}},"type":"if","locations":[{"start":{"line":111,"column":10},"end":{"line":117,"column":4}},{"start":{"line":111,"column":10},"end":{"line":117,"column":4}}],"line":111},"5":{"loc":{"start":{"line":114,"column":10},"end":{"line":117,"column":4}},"type":"if","locations":[{"start":{"line":114,"column":10},"end":{"line":117,"column":4}},{"start":{"line":114,"column":10},"end":{"line":117,"column":4}}],"line":114},"6":{"loc":{"start":{"line":134,"column":3},"end":{"line":151,"column":4}},"type":"if","locations":[{"start":{"line":134,"column":3},"end":{"line":151,"column":4}},{"start":{"line":134,"column":3},"end":{"line":151,"column":4}}],"line":134},"7":{"loc":{"start":{"line":135,"column":4},"end":{"line":144,"column":5}},"type":"if","locations":[{"start":{"line":135,"column":4},"end":{"line":144,"column":5}},{"start":{"line":135,"column":4},"end":{"line":144,"column":5}}],"line":135},"8":{"loc":{"start":{"line":145,"column":10},"end":{"line":151,"column":4}},"type":"if","locations":[{"start":{"line":145,"column":10},"end":{"line":151,"column":4}},{"start":{"line":145,"column":10},"end":{"line":151,"column":4}}],"line":145},"9":{"loc":{"start":{"line":147,"column":10},"end":{"line":151,"column":4}},"type":"if","locations":[{"start":{"line":147,"column":10},"end":{"line":151,"column":4}},{"start":{"line":147,"column":10},"end":{"line":151,"column":4}}],"line":147},"10":{"loc":{"start":{"line":166,"column":3},"end":{"line":174,"column":4}},"type":"if","locations":[{"start":{"line":166,"column":3},"end":{"line":174,"column":4}},{"start":{"line":166,"column":3},"end":{"line":174,"column":4}}],"line":166},"11":{"loc":{"start":{"line":168,"column":10},"end":{"line":174,"column":4}},"type":"if","locations":[{"start":{"line":168,"column":10},"end":{"line":174,"column":4}},{"start":{"line":168,"column":10},"end":{"line":174,"column":4}}],"line":168},"12":{"loc":{"start":{"line":170,"column":10},"end":{"line":174,"column":4}},"type":"if","locations":[{"start":{"line":170,"column":10},"end":{"line":174,"column":4}},{"start":{"line":170,"column":10},"end":{"line":174,"column":4}}],"line":170}},"s":{"0":5,"1":5,"2":5,"3":5,"4":5,"5":5,"6":5,"7":5,"8":5,"9":5,"10":5,"11":5,"12":5,"13":5,"14":0,"15":0,"16":0,"17":0,"18":0,"19":0,"20":0,"21":0,"22":0,"23":0,"24":0,"25":0,"26":0,"27":0,"28":0,"29":0,"30":0,"31":0,"32":0,"33":0,"34":0,"35":0,"36":0,"37":0,"38":0,"39":0,"40":0,"41":0,"42":0,"43":0,"44":0,"45":0,"46":0,"47":0,"48":0,"49":0,"50":0,"51":0,"52":0,"53":0,"54":0,"55":0,"56":0,"57":0,"58":0,"59":0,"60":0,"61":0,"62":0,"63":0,"64":0,"65":0,"66":0,"67":0,"68":0,"69":0,"70":0,"71":0,"72":0,"73":0,"74":0,"75":0,"76":0,"77":5},"f":{"0":5,"1":0,"2":0,"3":0,"4":0,"5":0,"6":0,"7":0,"8":0,"9":0,"10":0,"11":0,"12":0,"13":0,"14":0,"15":0,"16":0,"17":0,"18":0,"19":0,"20":5},"b":{"0":[0,0],"1":[0,0],"2":[0,0],"3":[0,0],"4":[0,0],"5":[0,0],"6":[0,0],"7":[0,0],"8":[0,0],"9":[0,0],"10":[0,0],"11":[0,0],"12":[0,0]},"_coverageSchema":"43e27e138ebf9cfc5966b082cf9a028302ed4184","hash":"6b0b497c8f068e4d1de0a3845ed123607e9e60b9"}
,"/Users/jasonpeterson/Documents/GitHub/project-video-and-messaging-web-app-steven-chang-hanzhang-wu-xiaoyan-su/Chat-App/client/src/components/Lobby.js": {"path":"/Users/jasonpeterson/Documents/GitHub/project-video-and-messaging-web-app-steven-chang-hanzhang-wu-xiaoyan-su/Chat-App/client/src/components/Lobby.js","statementMap":{"0":{"start":{"line":3,"column":14},"end":{"line":47,"column":1}},"1":{"start":{"line":10,"column":22},"end":{"line":10,"column":44}},"2":{"start":{"line":11,"column":2},"end":{"line":11,"column":27}},"3":{"start":{"line":12,"column":20},"end":{"line":12,"column":52}},"4":{"start":{"line":13,"column":20},"end":{"line":13,"column":46}},"5":{"start":{"line":14,"column":20},"end":{"line":14,"column":46}},"6":{"start":{"line":15,"column":2},"end":{"line":15,"column":25}},"7":{"start":{"line":16,"column":2},"end":{"line":16,"column":34}},"8":{"start":{"line":17,"column":2},"end":{"line":17,"column":34}},"9":{"start":{"line":18,"column":2},"end":{"line":18,"column":17}},"10":{"start":{"line":19,"column":2},"end":{"line":46,"column":4}}},"fnMap":{"0":{"name":"(anonymous_0)","decl":{"start":{"line":3,"column":14},"end":{"line":3,"column":15}},"loc":{"start":{"line":9,"column":6},"end":{"line":47,"column":1}},"line":9}},"branchMap":{},"s":{"0":2,"1":2,"2":2,"3":2,"4":2,"5":2,"6":2,"7":2,"8":0,"9":0,"10":0},"f":{"0":2},"b":{},"_coverageSchema":"43e27e138ebf9cfc5966b082cf9a028302ed4184","hash":"9fae1d92e4a2cd44f1d2b17ca5969e1829cc76c5"}
,"/Users/jasonpeterson/Documents/GitHub/project-video-and-messaging-web-app-steven-chang-hanzhang-wu-xiaoyan-su/Chat-App/client/src/components/Mainview.js": {"path":"/Users/jasonpeterson/Documents/GitHub/project-video-and-messaging-web-app-steven-chang-hanzhang-wu-xiaoyan-su/Chat-App/client/src/components/Mainview.js","statementMap":{"0":{"start":{"line":11,"column":8},"end":{"line":11,"column":21}},"1":{"start":{"line":12,"column":8},"end":{"line":37,"column":10}},"2":{"start":{"line":38,"column":8},"end":{"line":38,"column":55}},"3":{"start":{"line":39,"column":8},"end":{"line":39,"column":51}},"4":{"start":{"line":40,"column":8},"end":{"line":40,"column":59}},"5":{"start":{"line":41,"column":8},"end":{"line":41,"column":55}},"6":{"start":{"line":42,"column":8},"end":{"line":42,"column":59}},"7":{"start":{"line":43,"column":8},"end":{"line":43,"column":59}},"8":{"start":{"line":44,"column":8},"end":{"line":44,"column":51}},"9":{"start":{"line":45,"column":8},"end":{"line":45,"column":51}},"10":{"start":{"line":46,"column":8},"end":{"line":46,"column":51}},"11":{"start":{"line":47,"column":8},"end":{"line":47,"column":59}},"12":{"start":{"line":48,"column":8},"end":{"line":48,"column":53}},"13":{"start":{"line":49,"column":8},"end":{"line":49,"column":63}},"14":{"start":{"line":50,"column":8},"end":{"line":50,"column":59}},"15":{"start":{"line":51,"column":8},"end":{"line":51,"column":61}},"16":{"start":{"line":52,"column":8},"end":{"line":52,"column":63}},"17":{"start":{"line":53,"column":8},"end":{"line":53,"column":55}},"18":{"start":{"line":54,"column":8},"end":{"line":54,"column":65}},"19":{"start":{"line":55,"column":8},"end":{"line":55,"column":59}},"20":{"start":{"line":56,"column":8},"end":{"line":56,"column":51}},"21":{"start":{"line":57,"column":8},"end":{"line":57,"column":49}},"22":{"start":{"line":61,"column":8},"end":{"line":80,"column":14}},"23":{"start":{"line":63,"column":30},"end":{"line":63,"column":38}},"24":{"start":{"line":64,"column":33},"end":{"line":64,"column":35}},"25":{"start":{"line":65,"column":36},"end":{"line":65,"column":38}},"26":{"start":{"line":66,"column":16},"end":{"line":78,"column":17}},"27":{"start":{"line":66,"column":29},"end":{"line":66,"column":30}},"28":{"start":{"line":67,"column":20},"end":{"line":77,"column":21}},"29":{"start":{"line":68,"column":24},"end":{"line":68,"column":50}},"30":{"start":{"line":69,"column":27},"end":{"line":77,"column":21}},"31":{"start":{"line":70,"column":24},"end":{"line":76,"column":25}},"32":{"start":{"line":70,"column":37},"end":{"line":70,"column":38}},"33":{"start":{"line":71,"column":28},"end":{"line":75,"column":29}},"34":{"start":{"line":71,"column":41},"end":{"line":71,"column":42}},"35":{"start":{"line":72,"column":32},"end":{"line":74,"column":33}},"36":{"start":{"line":73,"column":36},"end":{"line":73,"column":65}},"37":{"start":{"line":79,"column":16},"end":{"line":79,"column":101}},"38":{"start":{"line":84,"column":8},"end":{"line":86,"column":11}},"39":{"start":{"line":87,"column":8},"end":{"line":87,"column":34}},"40":{"start":{"line":88,"column":8},"end":{"line":88,"column":100}},"41":{"start":{"line":89,"column":8},"end":{"line":108,"column":9}},"42":{"start":{"line":89,"column":21},"end":{"line":89,"column":22}},"43":{"start":{"line":90,"column":12},"end":{"line":107,"column":13}},"44":{"start":{"line":90,"column":25},"end":{"line":90,"column":26}},"45":{"start":{"line":91,"column":16},"end":{"line":106,"column":17}},"46":{"start":{"line":92,"column":20},"end":{"line":105,"column":22}},"47":{"start":{"line":94,"column":40},"end":{"line":94,"column":55}},"48":{"start":{"line":95,"column":36},"end":{"line":95,"column":37}},"49":{"start":{"line":96,"column":38},"end":{"line":96,"column":52}},"50":{"start":{"line":97,"column":41},"end":{"line":97,"column":49}},"51":{"start":{"line":98,"column":24},"end":{"line":102,"column":25}},"52":{"start":{"line":98,"column":37},"end":{"line":98,"column":38}},"53":{"start":{"line":99,"column":28},"end":{"line":101,"column":29}},"54":{"start":{"line":100,"column":32},"end":{"line":100,"column":50}},"55":{"start":{"line":103,"column":24},"end":{"line":103,"column":44}},"56":{"start":{"line":104,"column":24},"end":{"line":104,"column":62}},"57":{"start":{"line":109,"column":8},"end":{"line":133,"column":17}},"58":{"start":{"line":110,"column":23},"end":{"line":114,"column":12}},"59":{"start":{"line":113,"column":12},"end":{"line":113,"column":30}},"60":{"start":{"line":115,"column":10},"end":{"line":132,"column":11}},"61":{"start":{"line":116,"column":25},"end":{"line":116,"column":99}},"62":{"start":{"line":117,"column":12},"end":{"line":131,"column":13}},"63":{"start":{"line":118,"column":26},"end":{"line":118,"column":145}},"64":{"start":{"line":119,"column":14},"end":{"line":119,"column":43}},"65":{"start":{"line":121,"column":14},"end":{"line":130,"column":17}},"66":{"start":{"line":138,"column":8},"end":{"line":138,"column":120}},"67":{"start":{"line":139,"column":8},"end":{"line":148,"column":15}},"68":{"start":{"line":141,"column":16},"end":{"line":141,"column":54}},"69":{"start":{"line":142,"column":31},"end":{"line":142,"column":33}},"70":{"start":{"line":143,"column":33},"end":{"line":143,"column":41}},"71":{"start":{"line":144,"column":16},"end":{"line":146,"column":17}},"72":{"start":{"line":144,"column":29},"end":{"line":144,"column":30}},"73":{"start":{"line":145,"column":20},"end":{"line":145,"column":41}},"74":{"start":{"line":147,"column":16},"end":{"line":147,"column":50}},"75":{"start":{"line":149,"column":8},"end":{"line":149,"column":112}},"76":{"start":{"line":150,"column":8},"end":{"line":157,"column":9}},"77":{"start":{"line":150,"column":21},"end":{"line":150,"column":22}},"78":{"start":{"line":151,"column":12},"end":{"line":151,"column":57}},"79":{"start":{"line":152,"column":12},"end":{"line":156,"column":13}},"80":{"start":{"line":153,"column":27},"end":{"line":153,"column":41}},"81":{"start":{"line":154,"column":16},"end":{"line":154,"column":28}},"82":{"start":{"line":155,"column":16},"end":{"line":155,"column":51}},"83":{"start":{"line":161,"column":8},"end":{"line":161,"column":44}},"84":{"start":{"line":165,"column":8},"end":{"line":182,"column":9}},"85":{"start":{"line":166,"column":12},"end":{"line":166,"column":59}},"86":{"start":{"line":168,"column":32},"end":{"line":168,"column":34}},"87":{"start":{"line":169,"column":12},"end":{"line":175,"column":13}},"88":{"start":{"line":169,"column":25},"end":{"line":169,"column":26}},"89":{"start":{"line":170,"column":16},"end":{"line":174,"column":17}},"90":{"start":{"line":171,"column":20},"end":{"line":173,"column":21}},"91":{"start":{"line":172,"column":24},"end":{"line":172,"column":68}},"92":{"start":{"line":176,"column":12},"end":{"line":180,"column":13}},"93":{"start":{"line":176,"column":25},"end":{"line":176,"column":26}},"94":{"start":{"line":177,"column":16},"end":{"line":179,"column":17}},"95":{"start":{"line":178,"column":20},"end":{"line":178,"column":71}},"96":{"start":{"line":181,"column":12},"end":{"line":181,"column":52}},"97":{"start":{"line":186,"column":20},"end":{"line":186,"column":58}},"98":{"start":{"line":187,"column":8},"end":{"line":192,"column":9}},"99":{"start":{"line":188,"column":12},"end":{"line":188,"column":46}},"100":{"start":{"line":191,"column":12},"end":{"line":191,"column":46}},"101":{"start":{"line":196,"column":20},"end":{"line":196,"column":58}},"102":{"start":{"line":197,"column":21},"end":{"line":197,"column":64}},"103":{"start":{"line":198,"column":8},"end":{"line":198,"column":63}},"104":{"start":{"line":203,"column":22},"end":{"line":203,"column":60}},"105":{"start":{"line":204,"column":8},"end":{"line":226,"column":11}},"106":{"start":{"line":207,"column":12},"end":{"line":225,"column":13}},"107":{"start":{"line":208,"column":16},"end":{"line":221,"column":19}},"108":{"start":{"line":209,"column":20},"end":{"line":214,"column":21}},"109":{"start":{"line":210,"column":39},"end":{"line":210,"column":54}},"110":{"start":{"line":211,"column":40},"end":{"line":211,"column":74}},"111":{"start":{"line":212,"column":24},"end":{"line":212,"column":47}},"112":{"start":{"line":213,"column":24},"end":{"line":213,"column":58}},"113":{"start":{"line":215,"column":31},"end":{"line":215,"column":50}},"114":{"start":{"line":216,"column":20},"end":{"line":216,"column":40}},"115":{"start":{"line":217,"column":20},"end":{"line":217,"column":54}},"116":{"start":{"line":219,"column":33},"end":{"line":219,"column":76}},"117":{"start":{"line":220,"column":20},"end":{"line":220,"column":151}},"118":{"start":{"line":222,"column":16},"end":{"line":224,"column":19}},"119":{"start":{"line":229,"column":16},"end":{"line":259,"column":5}},"120":{"start":{"line":230,"column":21},"end":{"line":230,"column":39}},"121":{"start":{"line":231,"column":8},"end":{"line":258,"column":9}},"122":{"start":{"line":232,"column":26},"end":{"line":232,"column":33}},"123":{"start":{"line":233,"column":27},"end":{"line":233,"column":41}},"124":{"start":{"line":234,"column":12},"end":{"line":234,"column":44}},"125":{"start":{"line":235,"column":12},"end":{"line":257,"column":14}},"126":{"start":{"line":239,"column":16},"end":{"line":256,"column":17}},"127":{"start":{"line":240,"column":20},"end":{"line":250,"column":23}},"128":{"start":{"line":241,"column":24},"end":{"line":246,"column":25}},"129":{"start":{"line":242,"column":43},"end":{"line":242,"column":58}},"130":{"start":{"line":243,"column":44},"end":{"line":243,"column":78}},"131":{"start":{"line":244,"column":28},"end":{"line":244,"column":51}},"132":{"start":{"line":245,"column":28},"end":{"line":245,"column":62}},"133":{"start":{"line":247,"column":35},"end":{"line":247,"column":54}},"134":{"start":{"line":248,"column":24},"end":{"line":248,"column":44}},"135":{"start":{"line":249,"column":24},"end":{"line":249,"column":58}},"136":{"start":{"line":251,"column":20},"end":{"line":253,"column":23}},"137":{"start":{"line":254,"column":23},"end":{"line":256,"column":17}},"138":{"start":{"line":255,"column":20},"end":{"line":255,"column":82}},"139":{"start":{"line":261,"column":16},"end":{"line":291,"column":5}},"140":{"start":{"line":262,"column":21},"end":{"line":262,"column":39}},"141":{"start":{"line":263,"column":8},"end":{"line":290,"column":9}},"142":{"start":{"line":264,"column":26},"end":{"line":264,"column":33}},"143":{"start":{"line":265,"column":27},"end":{"line":265,"column":41}},"144":{"start":{"line":266,"column":12},"end":{"line":266,"column":44}},"145":{"start":{"line":267,"column":12},"end":{"line":289,"column":14}},"146":{"start":{"line":271,"column":16},"end":{"line":288,"column":17}},"147":{"start":{"line":272,"column":20},"end":{"line":282,"column":23}},"148":{"start":{"line":273,"column":24},"end":{"line":278,"column":25}},"149":{"start":{"line":274,"column":43},"end":{"line":274,"column":58}},"150":{"start":{"line":275,"column":44},"end":{"line":275,"column":78}},"151":{"start":{"line":276,"column":28},"end":{"line":276,"column":51}},"152":{"start":{"line":277,"column":28},"end":{"line":277,"column":62}},"153":{"start":{"line":279,"column":35},"end":{"line":279,"column":54}},"154":{"start":{"line":280,"column":24},"end":{"line":280,"column":44}},"155":{"start":{"line":281,"column":24},"end":{"line":281,"column":58}},"156":{"start":{"line":283,"column":20},"end":{"line":285,"column":23}},"157":{"start":{"line":286,"column":23},"end":{"line":288,"column":17}},"158":{"start":{"line":287,"column":20},"end":{"line":287,"column":82}},"159":{"start":{"line":293,"column":16},"end":{"line":323,"column":5}},"160":{"start":{"line":294,"column":21},"end":{"line":294,"column":39}},"161":{"start":{"line":295,"column":8},"end":{"line":322,"column":9}},"162":{"start":{"line":296,"column":26},"end":{"line":296,"column":33}},"163":{"start":{"line":297,"column":27},"end":{"line":297,"column":41}},"164":{"start":{"line":298,"column":12},"end":{"line":298,"column":44}},"165":{"start":{"line":299,"column":12},"end":{"line":321,"column":14}},"166":{"start":{"line":303,"column":16},"end":{"line":320,"column":17}},"167":{"start":{"line":304,"column":20},"end":{"line":314,"column":23}},"168":{"start":{"line":305,"column":24},"end":{"line":310,"column":25}},"169":{"start":{"line":306,"column":43},"end":{"line":306,"column":58}},"170":{"start":{"line":307,"column":44},"end":{"line":307,"column":78}},"171":{"start":{"line":308,"column":28},"end":{"line":308,"column":51}},"172":{"start":{"line":309,"column":28},"end":{"line":309,"column":62}},"173":{"start":{"line":311,"column":35},"end":{"line":311,"column":54}},"174":{"start":{"line":312,"column":24},"end":{"line":312,"column":44}},"175":{"start":{"line":313,"column":24},"end":{"line":313,"column":58}},"176":{"start":{"line":315,"column":20},"end":{"line":317,"column":23}},"177":{"start":{"line":318,"column":23},"end":{"line":320,"column":17}},"178":{"start":{"line":319,"column":20},"end":{"line":319,"column":82}},"179":{"start":{"line":326,"column":8},"end":{"line":330,"column":9}},"180":{"start":{"line":327,"column":12},"end":{"line":327,"column":73}},"181":{"start":{"line":329,"column":12},"end":{"line":329,"column":77}},"182":{"start":{"line":335,"column":8},"end":{"line":369,"column":9}},"183":{"start":{"line":336,"column":12},"end":{"line":340,"column":14}},"184":{"start":{"line":339,"column":16},"end":{"line":339,"column":58}},"185":{"start":{"line":342,"column":20},"end":{"line":342,"column":78}},"186":{"start":{"line":343,"column":20},"end":{"line":343,"column":85}},"187":{"start":{"line":344,"column":12},"end":{"line":363,"column":13}},"188":{"start":{"line":345,"column":16},"end":{"line":361,"column":17}},"189":{"start":{"line":346,"column":20},"end":{"line":360,"column":21}},"190":{"start":{"line":347,"column":24},"end":{"line":347,"column":121}},"191":{"start":{"line":348,"column":24},"end":{"line":356,"column":25}},"192":{"start":{"line":349,"column":43},"end":{"line":349,"column":58}},"193":{"start":{"line":350,"column":28},"end":{"line":350,"column":43}},"194":{"start":{"line":351,"column":28},"end":{"line":351,"column":62}},"195":{"start":{"line":352,"column":28},"end":{"line":355,"column":29}},"196":{"start":{"line":353,"column":47},"end":{"line":353,"column":62}},"197":{"start":{"line":354,"column":32},"end":{"line":354,"column":70}},"198":{"start":{"line":357,"column":35},"end":{"line":357,"column":54}},"199":{"start":{"line":358,"column":24},"end":{"line":358,"column":42}},"200":{"start":{"line":359,"column":24},"end":{"line":359,"column":58}},"201":{"start":{"line":362,"column":16},"end":{"line":362,"column":26}},"202":{"start":{"line":364,"column":12},"end":{"line":368,"column":13}},"203":{"start":{"line":364,"column":25},"end":{"line":364,"column":26}},"204":{"start":{"line":365,"column":16},"end":{"line":367,"column":17}},"205":{"start":{"line":366,"column":20},"end":{"line":366,"column":73}},"206":{"start":{"line":373,"column":6},"end":{"line":382,"column":9}},"207":{"start":{"line":383,"column":18},"end":{"line":383,"column":148}},"208":{"start":{"line":384,"column":6},"end":{"line":384,"column":35}},"209":{"start":{"line":388,"column":8},"end":{"line":392,"column":9}},"210":{"start":{"line":389,"column":12},"end":{"line":389,"column":73}},"211":{"start":{"line":391,"column":12},"end":{"line":391,"column":73}},"212":{"start":{"line":396,"column":8},"end":{"line":416,"column":9}},"213":{"start":{"line":397,"column":12},"end":{"line":412,"column":13}},"214":{"start":{"line":397,"column":25},"end":{"line":397,"column":26}},"215":{"start":{"line":398,"column":16},"end":{"line":411,"column":17}},"216":{"start":{"line":399,"column":37},"end":{"line":399,"column":38}},"217":{"start":{"line":400,"column":20},"end":{"line":404,"column":21}},"218":{"start":{"line":400,"column":33},"end":{"line":400,"column":34}},"219":{"start":{"line":401,"column":24},"end":{"line":403,"column":25}},"220":{"start":{"line":402,"column":28},"end":{"line":402,"column":43}},"221":{"start":{"line":405,"column":20},"end":{"line":410,"column":21}},"222":{"start":{"line":406,"column":35},"end":{"line":406,"column":54}},"223":{"start":{"line":407,"column":24},"end":{"line":407,"column":55}},"224":{"start":{"line":408,"column":24},"end":{"line":408,"column":58}},"225":{"start":{"line":409,"column":24},"end":{"line":409,"column":144}},"226":{"start":{"line":413,"column":12},"end":{"line":415,"column":13}},"227":{"start":{"line":413,"column":25},"end":{"line":413,"column":26}},"228":{"start":{"line":414,"column":16},"end":{"line":414,"column":67}},"229":{"start":{"line":420,"column":8},"end":{"line":424,"column":9}},"230":{"start":{"line":421,"column":12},"end":{"line":421,"column":79}},"231":{"start":{"line":423,"column":12},"end":{"line":423,"column":79}},"232":{"start":{"line":428,"column":8},"end":{"line":453,"column":9}},"233":{"start":{"line":430,"column":12},"end":{"line":447,"column":13}},"234":{"start":{"line":430,"column":25},"end":{"line":430,"column":26}},"235":{"start":{"line":431,"column":16},"end":{"line":446,"column":17}},"236":{"start":{"line":432,"column":20},"end":{"line":445,"column":21}},"237":{"start":{"line":433,"column":41},"end":{"line":433,"column":42}},"238":{"start":{"line":434,"column":24},"end":{"line":438,"column":25}},"239":{"start":{"line":434,"column":37},"end":{"line":434,"column":38}},"240":{"start":{"line":435,"column":28},"end":{"line":437,"column":29}},"241":{"start":{"line":436,"column":32},"end":{"line":436,"column":47}},"242":{"start":{"line":439,"column":24},"end":{"line":444,"column":25}},"243":{"start":{"line":440,"column":39},"end":{"line":440,"column":58}},"244":{"start":{"line":441,"column":28},"end":{"line":441,"column":59}},"245":{"start":{"line":442,"column":28},"end":{"line":442,"column":62}},"246":{"start":{"line":443,"column":28},"end":{"line":443,"column":151}},"247":{"start":{"line":448,"column":12},"end":{"line":452,"column":13}},"248":{"start":{"line":448,"column":25},"end":{"line":448,"column":26}},"249":{"start":{"line":449,"column":16},"end":{"line":451,"column":17}},"250":{"start":{"line":450,"column":20},"end":{"line":450,"column":74}},"251":{"start":{"line":457,"column":8},"end":{"line":461,"column":9}},"252":{"start":{"line":458,"column":12},"end":{"line":458,"column":82}},"253":{"start":{"line":459,"column":15},"end":{"line":461,"column":9}},"254":{"start":{"line":460,"column":12},"end":{"line":460,"column":82}},"255":{"start":{"line":465,"column":8},"end":{"line":489,"column":9}},"256":{"start":{"line":466,"column":20},"end":{"line":466,"column":21}},"257":{"start":{"line":467,"column":20},"end":{"line":467,"column":21}},"258":{"start":{"line":468,"column":20},"end":{"line":468,"column":46}},"259":{"start":{"line":469,"column":34},"end":{"line":469,"column":36}},"260":{"start":{"line":470,"column":12},"end":{"line":480,"column":13}},"261":{"start":{"line":471,"column":16},"end":{"line":477,"column":17}},"262":{"start":{"line":472,"column":20},"end":{"line":472,"column":65}},"263":{"start":{"line":473,"column":31},"end":{"line":473,"column":50}},"264":{"start":{"line":474,"column":20},"end":{"line":474,"column":38}},"265":{"start":{"line":475,"column":20},"end":{"line":475,"column":54}},"266":{"start":{"line":476,"column":20},"end":{"line":476,"column":30}},"267":{"start":{"line":478,"column":16},"end":{"line":478,"column":26}},"268":{"start":{"line":479,"column":16},"end":{"line":479,"column":26}},"269":{"start":{"line":481,"column":12},"end":{"line":483,"column":13}},"270":{"start":{"line":481,"column":25},"end":{"line":481,"column":26}},"271":{"start":{"line":482,"column":16},"end":{"line":482,"column":70}},"272":{"start":{"line":484,"column":12},"end":{"line":488,"column":13}},"273":{"start":{"line":484,"column":25},"end":{"line":484,"column":26}},"274":{"start":{"line":485,"column":16},"end":{"line":487,"column":19}},"275":{"start":{"line":494,"column":8},"end":{"line":494,"column":39}},"276":{"start":{"line":498,"column":8},"end":{"line":501,"column":9}},"277":{"start":{"line":499,"column":25},"end":{"line":499,"column":44}},"278":{"start":{"line":500,"column":12},"end":{"line":500,"column":42}},"279":{"start":{"line":505,"column":8},"end":{"line":508,"column":9}},"280":{"start":{"line":506,"column":25},"end":{"line":506,"column":44}},"281":{"start":{"line":507,"column":12},"end":{"line":507,"column":42}},"282":{"start":{"line":512,"column":8},"end":{"line":767,"column":10}},"283":{"start":{"line":522,"column":28},"end":{"line":570,"column":29}},"284":{"start":{"line":523,"column":32},"end":{"line":526,"column":39}},"285":{"start":{"line":524,"column":59},"end":{"line":524,"column":104}},"286":{"start":{"line":527,"column":35},"end":{"line":570,"column":29}},"287":{"start":{"line":528,"column":32},"end":{"line":531,"column":39}},"288":{"start":{"line":529,"column":59},"end":{"line":529,"column":104}},"289":{"start":{"line":532,"column":35},"end":{"line":570,"column":29}},"290":{"start":{"line":533,"column":32},"end":{"line":536,"column":39}},"291":{"start":{"line":534,"column":59},"end":{"line":534,"column":104}},"292":{"start":{"line":537,"column":35},"end":{"line":570,"column":29}},"293":{"start":{"line":538,"column":49},"end":{"line":538,"column":65}},"294":{"start":{"line":539,"column":32},"end":{"line":543,"column":39}},"295":{"start":{"line":544,"column":35},"end":{"line":570,"column":29}},"296":{"start":{"line":545,"column":49},"end":{"line":545,"column":65}},"297":{"start":{"line":546,"column":32},"end":{"line":550,"column":39}},"298":{"start":{"line":551,"column":35},"end":{"line":570,"column":29}},"299":{"start":{"line":552,"column":49},"end":{"line":552,"column":65}},"300":{"start":{"line":553,"column":32},"end":{"line":557,"column":39}},"301":{"start":{"line":558,"column":35},"end":{"line":570,"column":29}},"302":{"start":{"line":559,"column":32},"end":{"line":562,"column":39}},"303":{"start":{"line":560,"column":59},"end":{"line":560,"column":104}},"304":{"start":{"line":563,"column":35},"end":{"line":570,"column":29}},"305":{"start":{"line":564,"column":49},"end":{"line":564,"column":65}},"306":{"start":{"line":565,"column":32},"end":{"line":569,"column":39}},"307":{"start":{"line":572,"column":73},"end":{"line":572,"column":89}},"308":{"start":{"line":580,"column":36},"end":{"line":680,"column":37}},"309":{"start":{"line":581,"column":40},"end":{"line":679,"column":41}},"310":{"start":{"line":582,"column":44},"end":{"line":596,"column":45}},"311":{"start":{"line":583,"column":48},"end":{"line":583,"column":87}},"312":{"start":{"line":584,"column":51},"end":{"line":596,"column":45}},"313":{"start":{"line":585,"column":48},"end":{"line":585,"column":92}},"314":{"start":{"line":586,"column":51},"end":{"line":596,"column":45}},"315":{"start":{"line":587,"column":48},"end":{"line":587,"column":87}},"316":{"start":{"line":588,"column":51},"end":{"line":596,"column":45}},"317":{"start":{"line":589,"column":48},"end":{"line":589,"column":91}},"318":{"start":{"line":590,"column":51},"end":{"line":596,"column":45}},"319":{"start":{"line":591,"column":64},"end":{"line":591,"column":79}},"320":{"start":{"line":592,"column":48},"end":{"line":592,"column":126}},"321":{"start":{"line":593,"column":51},"end":{"line":596,"column":45}},"322":{"start":{"line":594,"column":64},"end":{"line":594,"column":79}},"323":{"start":{"line":595,"column":48},"end":{"line":595,"column":130}},"324":{"start":{"line":597,"column":47},"end":{"line":679,"column":41}},"325":{"start":{"line":598,"column":58},"end":{"line":598,"column":110}},"326":{"start":{"line":599,"column":62},"end":{"line":599,"column":94}},"327":{"start":{"line":600,"column":44},"end":{"line":614,"column":45}},"328":{"start":{"line":601,"column":48},"end":{"line":601,"column":98}},"329":{"start":{"line":602,"column":51},"end":{"line":614,"column":45}},"330":{"start":{"line":603,"column":48},"end":{"line":603,"column":103}},"331":{"start":{"line":604,"column":51},"end":{"line":614,"column":45}},"332":{"start":{"line":605,"column":48},"end":{"line":605,"column":98}},"333":{"start":{"line":606,"column":51},"end":{"line":614,"column":45}},"334":{"start":{"line":607,"column":48},"end":{"line":607,"column":102}},"335":{"start":{"line":608,"column":51},"end":{"line":614,"column":45}},"336":{"start":{"line":609,"column":64},"end":{"line":609,"column":79}},"337":{"start":{"line":610,"column":48},"end":{"line":610,"column":137}},"338":{"start":{"line":611,"column":51},"end":{"line":614,"column":45}},"339":{"start":{"line":612,"column":64},"end":{"line":612,"column":79}},"340":{"start":{"line":613,"column":48},"end":{"line":613,"column":141}},"341":{"start":{"line":615,"column":47},"end":{"line":679,"column":41}},"342":{"start":{"line":616,"column":58},"end":{"line":616,"column":110}},"343":{"start":{"line":617,"column":62},"end":{"line":617,"column":94}},"344":{"start":{"line":618,"column":44},"end":{"line":646,"column":45}},"345":{"start":{"line":619,"column":48},"end":{"line":621,"column":63}},"346":{"start":{"line":622,"column":51},"end":{"line":646,"column":45}},"347":{"start":{"line":623,"column":48},"end":{"line":625,"column":63}},"348":{"start":{"line":626,"column":51},"end":{"line":646,"column":45}},"349":{"start":{"line":627,"column":48},"end":{"line":629,"column":63}},"350":{"start":{"line":630,"column":51},"end":{"line":646,"column":45}},"351":{"start":{"line":631,"column":48},"end":{"line":633,"column":63}},"352":{"start":{"line":634,"column":51},"end":{"line":646,"column":45}},"353":{"start":{"line":635,"column":64},"end":{"line":635,"column":79}},"354":{"start":{"line":636,"column":48},"end":{"line":639,"column":68}},"355":{"start":{"line":640,"column":51},"end":{"line":646,"column":45}},"356":{"start":{"line":641,"column":64},"end":{"line":641,"column":79}},"357":{"start":{"line":642,"column":48},"end":{"line":645,"column":68}},"358":{"start":{"line":647,"column":47},"end":{"line":679,"column":41}},"359":{"start":{"line":648,"column":58},"end":{"line":648,"column":110}},"360":{"start":{"line":649,"column":62},"end":{"line":649,"column":94}},"361":{"start":{"line":650,"column":44},"end":{"line":678,"column":45}},"362":{"start":{"line":651,"column":48},"end":{"line":653,"column":63}},"363":{"start":{"line":654,"column":51},"end":{"line":678,"column":45}},"364":{"start":{"line":655,"column":48},"end":{"line":657,"column":63}},"365":{"start":{"line":658,"column":51},"end":{"line":678,"column":45}},"366":{"start":{"line":659,"column":48},"end":{"line":661,"column":63}},"367":{"start":{"line":662,"column":51},"end":{"line":678,"column":45}},"368":{"start":{"line":663,"column":48},"end":{"line":665,"column":63}},"369":{"start":{"line":666,"column":51},"end":{"line":678,"column":45}},"370":{"start":{"line":667,"column":64},"end":{"line":667,"column":79}},"371":{"start":{"line":668,"column":48},"end":{"line":671,"column":68}},"372":{"start":{"line":672,"column":51},"end":{"line":678,"column":45}},"373":{"start":{"line":673,"column":64},"end":{"line":673,"column":79}},"374":{"start":{"line":674,"column":48},"end":{"line":677,"column":68}},"375":{"start":{"line":685,"column":40},"end":{"line":693,"column":41}},"376":{"start":{"line":686,"column":44},"end":{"line":688,"column":51}},"377":{"start":{"line":690,"column":44},"end":{"line":692,"column":51}},"378":{"start":{"line":691,"column":71},"end":{"line":691,"column":97}},"379":{"start":{"line":703,"column":40},"end":{"line":707,"column":41}},"380":{"start":{"line":704,"column":44},"end":{"line":704,"column":84}},"381":{"start":{"line":706,"column":44},"end":{"line":706,"column":62}},"382":{"start":{"line":729,"column":28},"end":{"line":741,"column":29}},"383":{"start":{"line":730,"column":32},"end":{"line":733,"column":39}},"384":{"start":{"line":735,"column":46},"end":{"line":735,"column":59}},"385":{"start":{"line":736,"column":32},"end":{"line":740,"column":39}},"386":{"start":{"line":748,"column":28},"end":{"line":762,"column":29}},"387":{"start":{"line":749,"column":32},"end":{"line":752,"column":39}},"388":{"start":{"line":754,"column":32},"end":{"line":761,"column":33}},"389":{"start":{"line":755,"column":53},"end":{"line":755,"column":69}},"390":{"start":{"line":756,"column":36},"end":{"line":760,"column":43}}},"fnMap":{"0":{"name":"(anonymous_0)","decl":{"start":{"line":10,"column":4},"end":{"line":10,"column":5}},"loc":{"start":{"line":10,"column":23},"end":{"line":58,"column":5}},"line":10},"1":{"name":"(anonymous_1)","decl":{"start":{"line":60,"column":4},"end":{"line":60,"column":5}},"loc":{"start":{"line":60,"column":19},"end":{"line":81,"column":5}},"line":60},"2":{"name":"(anonymous_2)","decl":{"start":{"line":62,"column":18},"end":{"line":62,"column":19}},"loc":{"start":{"line":62,"column":25},"end":{"line":80,"column":13}},"line":62},"3":{"name":"(anonymous_3)","decl":{"start":{"line":83,"column":4},"end":{"line":83,"column":5}},"loc":{"start":{"line":83,"column":30},"end":{"line":135,"column":5}},"line":83},"4":{"name":"(anonymous_4)","decl":{"start":{"line":94,"column":28},"end":{"line":94,"column":29}},"loc":{"start":{"line":94,"column":40},"end":{"line":94,"column":55}},"line":94},"5":{"name":"(anonymous_5)","decl":{"start":{"line":94,"column":62},"end":{"line":94,"column":63}},"loc":{"start":{"line":94,"column":82},"end":{"line":105,"column":21}},"line":94},"6":{"name":"(anonymous_6)","decl":{"start":{"line":109,"column":27},"end":{"line":109,"column":28}},"loc":{"start":{"line":109,"column":39},"end":{"line":133,"column":9}},"line":109},"7":{"name":"(anonymous_7)","decl":{"start":{"line":112,"column":18},"end":{"line":112,"column":19}},"loc":{"start":{"line":112,"column":27},"end":{"line":114,"column":11}},"line":112},"8":{"name":"(anonymous_8)","decl":{"start":{"line":137,"column":4},"end":{"line":137,"column":5}},"loc":{"start":{"line":137,"column":35},"end":{"line":158,"column":5}},"line":137},"9":{"name":"(anonymous_9)","decl":{"start":{"line":140,"column":18},"end":{"line":140,"column":19}},"loc":{"start":{"line":140,"column":25},"end":{"line":148,"column":13}},"line":140},"10":{"name":"(anonymous_10)","decl":{"start":{"line":160,"column":4},"end":{"line":160,"column":5}},"loc":{"start":{"line":160,"column":16},"end":{"line":162,"column":5}},"line":160},"11":{"name":"(anonymous_11)","decl":{"start":{"line":164,"column":4},"end":{"line":164,"column":5}},"loc":{"start":{"line":164,"column":21},"end":{"line":183,"column":5}},"line":164},"12":{"name":"(anonymous_12)","decl":{"start":{"line":185,"column":4},"end":{"line":185,"column":5}},"loc":{"start":{"line":185,"column":16},"end":{"line":193,"column":5}},"line":185},"13":{"name":"(anonymous_13)","decl":{"start":{"line":195,"column":4},"end":{"line":195,"column":5}},"loc":{"start":{"line":195,"column":15},"end":{"line":200,"column":5}},"line":195},"14":{"name":"(anonymous_14)","decl":{"start":{"line":202,"column":4},"end":{"line":202,"column":5}},"loc":{"start":{"line":202,"column":24},"end":{"line":227,"column":5}},"line":202},"15":{"name":"(anonymous_15)","decl":{"start":{"line":206,"column":16},"end":{"line":206,"column":17}},"loc":{"start":{"line":206,"column":30},"end":{"line":226,"column":9}},"line":206},"16":{"name":"(anonymous_16)","decl":{"start":{"line":208,"column":37},"end":{"line":208,"column":38}},"loc":{"start":{"line":208,"column":51},"end":{"line":221,"column":17}},"line":208},"17":{"name":"(anonymous_17)","decl":{"start":{"line":229,"column":16},"end":{"line":229,"column":17}},"loc":{"start":{"line":229,"column":33},"end":{"line":259,"column":5}},"line":229},"18":{"name":"(anonymous_18)","decl":{"start":{"line":238,"column":20},"end":{"line":238,"column":21}},"loc":{"start":{"line":238,"column":34},"end":{"line":257,"column":13}},"line":238},"19":{"name":"(anonymous_19)","decl":{"start":{"line":240,"column":41},"end":{"line":240,"column":42}},"loc":{"start":{"line":240,"column":55},"end":{"line":250,"column":21}},"line":240},"20":{"name":"(anonymous_20)","decl":{"start":{"line":261,"column":16},"end":{"line":261,"column":17}},"loc":{"start":{"line":261,"column":33},"end":{"line":291,"column":5}},"line":261},"21":{"name":"(anonymous_21)","decl":{"start":{"line":270,"column":20},"end":{"line":270,"column":21}},"loc":{"start":{"line":270,"column":34},"end":{"line":289,"column":13}},"line":270},"22":{"name":"(anonymous_22)","decl":{"start":{"line":272,"column":41},"end":{"line":272,"column":42}},"loc":{"start":{"line":272,"column":55},"end":{"line":282,"column":21}},"line":272},"23":{"name":"(anonymous_23)","decl":{"start":{"line":293,"column":16},"end":{"line":293,"column":17}},"loc":{"start":{"line":293,"column":33},"end":{"line":323,"column":5}},"line":293},"24":{"name":"(anonymous_24)","decl":{"start":{"line":302,"column":20},"end":{"line":302,"column":21}},"loc":{"start":{"line":302,"column":34},"end":{"line":321,"column":13}},"line":302},"25":{"name":"(anonymous_25)","decl":{"start":{"line":304,"column":41},"end":{"line":304,"column":42}},"loc":{"start":{"line":304,"column":55},"end":{"line":314,"column":21}},"line":304},"26":{"name":"(anonymous_26)","decl":{"start":{"line":325,"column":4},"end":{"line":325,"column":5}},"loc":{"start":{"line":325,"column":20},"end":{"line":331,"column":5}},"line":325},"27":{"name":"(anonymous_27)","decl":{"start":{"line":333,"column":4},"end":{"line":333,"column":5}},"loc":{"start":{"line":333,"column":26},"end":{"line":370,"column":5}},"line":333},"28":{"name":"(anonymous_28)","decl":{"start":{"line":338,"column":20},"end":{"line":338,"column":21}},"loc":{"start":{"line":338,"column":30},"end":{"line":340,"column":13}},"line":338},"29":{"name":"(anonymous_29)","decl":{"start":{"line":372,"column":4},"end":{"line":372,"column":5}},"loc":{"start":{"line":372,"column":22},"end":{"line":385,"column":5}},"line":372},"30":{"name":"(anonymous_30)","decl":{"start":{"line":387,"column":4},"end":{"line":387,"column":5}},"loc":{"start":{"line":387,"column":20},"end":{"line":393,"column":5}},"line":387},"31":{"name":"(anonymous_31)","decl":{"start":{"line":395,"column":4},"end":{"line":395,"column":5}},"loc":{"start":{"line":395,"column":17},"end":{"line":417,"column":5}},"line":395},"32":{"name":"(anonymous_32)","decl":{"start":{"line":419,"column":4},"end":{"line":419,"column":5}},"loc":{"start":{"line":419,"column":23},"end":{"line":425,"column":5}},"line":419},"33":{"name":"(anonymous_33)","decl":{"start":{"line":427,"column":4},"end":{"line":427,"column":5}},"loc":{"start":{"line":427,"column":20},"end":{"line":454,"column":5}},"line":427},"34":{"name":"(anonymous_34)","decl":{"start":{"line":456,"column":4},"end":{"line":456,"column":5}},"loc":{"start":{"line":456,"column":22},"end":{"line":462,"column":5}},"line":456},"35":{"name":"(anonymous_35)","decl":{"start":{"line":464,"column":4},"end":{"line":464,"column":5}},"loc":{"start":{"line":464,"column":26},"end":{"line":490,"column":5}},"line":464},"36":{"name":"(anonymous_36)","decl":{"start":{"line":493,"column":4},"end":{"line":493,"column":5}},"loc":{"start":{"line":493,"column":26},"end":{"line":495,"column":5}},"line":493},"37":{"name":"(anonymous_37)","decl":{"start":{"line":497,"column":4},"end":{"line":497,"column":5}},"loc":{"start":{"line":497,"column":22},"end":{"line":502,"column":5}},"line":497},"38":{"name":"(anonymous_38)","decl":{"start":{"line":504,"column":4},"end":{"line":504,"column":5}},"loc":{"start":{"line":504,"column":18},"end":{"line":509,"column":5}},"line":504},"39":{"name":"(anonymous_39)","decl":{"start":{"line":511,"column":4},"end":{"line":511,"column":5}},"loc":{"start":{"line":511,"column":13},"end":{"line":768,"column":5}},"line":511},"40":{"name":"(anonymous_40)","decl":{"start":{"line":520,"column":49},"end":{"line":520,"column":50}},"loc":{"start":{"line":520,"column":67},"end":{"line":571,"column":25}},"line":520},"41":{"name":"(anonymous_41)","decl":{"start":{"line":524,"column":53},"end":{"line":524,"column":54}},"loc":{"start":{"line":524,"column":59},"end":{"line":524,"column":104}},"line":524},"42":{"name":"(anonymous_42)","decl":{"start":{"line":529,"column":53},"end":{"line":529,"column":54}},"loc":{"start":{"line":529,"column":59},"end":{"line":529,"column":104}},"line":529},"43":{"name":"(anonymous_43)","decl":{"start":{"line":534,"column":53},"end":{"line":534,"column":54}},"loc":{"start":{"line":534,"column":59},"end":{"line":534,"column":104}},"line":534},"44":{"name":"(anonymous_44)","decl":{"start":{"line":560,"column":53},"end":{"line":560,"column":54}},"loc":{"start":{"line":560,"column":59},"end":{"line":560,"column":104}},"line":560},"45":{"name":"(anonymous_45)","decl":{"start":{"line":572,"column":67},"end":{"line":572,"column":68}},"loc":{"start":{"line":572,"column":73},"end":{"line":572,"column":89}},"line":572},"46":{"name":"(anonymous_46)","decl":{"start":{"line":579,"column":57},"end":{"line":579,"column":58}},"loc":{"start":{"line":579,"column":75},"end":{"line":681,"column":33}},"line":579},"47":{"name":"(anonymous_47)","decl":{"start":{"line":684,"column":57},"end":{"line":684,"column":58}},"loc":{"start":{"line":684,"column":75},"end":{"line":694,"column":37}},"line":684},"48":{"name":"(anonymous_48)","decl":{"start":{"line":691,"column":65},"end":{"line":691,"column":66}},"loc":{"start":{"line":691,"column":71},"end":{"line":691,"column":97}},"line":691},"49":{"name":"(anonymous_49)","decl":{"start":{"line":702,"column":58},"end":{"line":702,"column":59}},"loc":{"start":{"line":702,"column":69},"end":{"line":708,"column":37}},"line":702},"50":{"name":"(anonymous_50)","decl":{"start":{"line":728,"column":46},"end":{"line":728,"column":47}},"loc":{"start":{"line":728,"column":64},"end":{"line":742,"column":25}},"line":728},"51":{"name":"(anonymous_51)","decl":{"start":{"line":747,"column":46},"end":{"line":747,"column":47}},"loc":{"start":{"line":747,"column":64},"end":{"line":763,"column":25}},"line":747}},"branchMap":{"0":{"loc":{"start":{"line":67,"column":20},"end":{"line":77,"column":21}},"type":"if","locations":[{"start":{"line":67,"column":20},"end":{"line":77,"column":21}},{"start":{"line":67,"column":20},"end":{"line":77,"column":21}}],"line":67},"1":{"loc":{"start":{"line":67,"column":24},"end":{"line":67,"column":96}},"type":"binary-expr","locations":[{"start":{"line":67,"column":24},"end":{"line":67,"column":65}},{"start":{"line":67,"column":69},"end":{"line":67,"column":96}}],"line":67},"2":{"loc":{"start":{"line":69,"column":27},"end":{"line":77,"column":21}},"type":"if","locations":[{"start":{"line":69,"column":27},"end":{"line":77,"column":21}},{"start":{"line":69,"column":27},"end":{"line":77,"column":21}}],"line":69},"3":{"loc":{"start":{"line":72,"column":32},"end":{"line":74,"column":33}},"type":"if","locations":[{"start":{"line":72,"column":32},"end":{"line":74,"column":33}},{"start":{"line":72,"column":32},"end":{"line":74,"column":33}}],"line":72},"4":{"loc":{"start":{"line":72,"column":36},"end":{"line":72,"column":109}},"type":"binary-expr","locations":[{"start":{"line":72,"column":36},"end":{"line":72,"column":78}},{"start":{"line":72,"column":82},"end":{"line":72,"column":109}}],"line":72},"5":{"loc":{"start":{"line":91,"column":16},"end":{"line":106,"column":17}},"type":"if","locations":[{"start":{"line":91,"column":16},"end":{"line":106,"column":17}},{"start":{"line":91,"column":16},"end":{"line":106,"column":17}}],"line":91},"6":{"loc":{"start":{"line":99,"column":28},"end":{"line":101,"column":29}},"type":"if","locations":[{"start":{"line":99,"column":28},"end":{"line":101,"column":29}},{"start":{"line":99,"column":28},"end":{"line":101,"column":29}}],"line":99},"7":{"loc":{"start":{"line":99,"column":32},"end":{"line":99,"column":134}},"type":"binary-expr","locations":[{"start":{"line":99,"column":33},"end":{"line":99,"column":58}},{"start":{"line":99,"column":62},"end":{"line":99,"column":87}},{"start":{"line":99,"column":92},"end":{"line":99,"column":134}}],"line":99},"8":{"loc":{"start":{"line":115,"column":10},"end":{"line":132,"column":11}},"type":"if","locations":[{"start":{"line":115,"column":10},"end":{"line":132,"column":11}},{"start":{"line":115,"column":10},"end":{"line":132,"column":11}}],"line":115},"9":{"loc":{"start":{"line":117,"column":12},"end":{"line":131,"column":13}},"type":"if","locations":[{"start":{"line":117,"column":12},"end":{"line":131,"column":13}},{"start":{"line":117,"column":12},"end":{"line":131,"column":13}}],"line":117},"10":{"loc":{"start":{"line":152,"column":12},"end":{"line":156,"column":13}},"type":"if","locations":[{"start":{"line":152,"column":12},"end":{"line":156,"column":13}},{"start":{"line":152,"column":12},"end":{"line":156,"column":13}}],"line":152},"11":{"loc":{"start":{"line":165,"column":8},"end":{"line":182,"column":9}},"type":"if","locations":[{"start":{"line":165,"column":8},"end":{"line":182,"column":9}},{"start":{"line":165,"column":8},"end":{"line":182,"column":9}}],"line":165},"12":{"loc":{"start":{"line":170,"column":16},"end":{"line":174,"column":17}},"type":"if","locations":[{"start":{"line":170,"column":16},"end":{"line":174,"column":17}},{"start":{"line":170,"column":16},"end":{"line":174,"column":17}}],"line":170},"13":{"loc":{"start":{"line":170,"column":20},"end":{"line":170,"column":135}},"type":"binary-expr","locations":[{"start":{"line":170,"column":20},"end":{"line":170,"column":77}},{"start":{"line":170,"column":81},"end":{"line":170,"column":135}}],"line":170},"14":{"loc":{"start":{"line":171,"column":20},"end":{"line":173,"column":21}},"type":"if","locations":[{"start":{"line":171,"column":20},"end":{"line":173,"column":21}},{"start":{"line":171,"column":20},"end":{"line":173,"column":21}}],"line":171},"15":{"loc":{"start":{"line":177,"column":16},"end":{"line":179,"column":17}},"type":"if","locations":[{"start":{"line":177,"column":16},"end":{"line":179,"column":17}},{"start":{"line":177,"column":16},"end":{"line":179,"column":17}}],"line":177},"16":{"loc":{"start":{"line":187,"column":8},"end":{"line":192,"column":9}},"type":"if","locations":[{"start":{"line":187,"column":8},"end":{"line":192,"column":9}},{"start":{"line":187,"column":8},"end":{"line":192,"column":9}}],"line":187},"17":{"loc":{"start":{"line":207,"column":12},"end":{"line":225,"column":13}},"type":"if","locations":[{"start":{"line":207,"column":12},"end":{"line":225,"column":13}},{"start":{"line":207,"column":12},"end":{"line":225,"column":13}}],"line":207},"18":{"loc":{"start":{"line":209,"column":20},"end":{"line":214,"column":21}},"type":"if","locations":[{"start":{"line":209,"column":20},"end":{"line":214,"column":21}},{"start":{"line":209,"column":20},"end":{"line":214,"column":21}}],"line":209},"19":{"loc":{"start":{"line":231,"column":8},"end":{"line":258,"column":9}},"type":"if","locations":[{"start":{"line":231,"column":8},"end":{"line":258,"column":9}},{"start":{"line":231,"column":8},"end":{"line":258,"column":9}}],"line":231},"20":{"loc":{"start":{"line":231,"column":12},"end":{"line":231,"column":27}},"type":"binary-expr","locations":[{"start":{"line":231,"column":12},"end":{"line":231,"column":16}},{"start":{"line":231,"column":20},"end":{"line":231,"column":27}}],"line":231},"21":{"loc":{"start":{"line":239,"column":16},"end":{"line":256,"column":17}},"type":"if","locations":[{"start":{"line":239,"column":16},"end":{"line":256,"column":17}},{"start":{"line":239,"column":16},"end":{"line":256,"column":17}}],"line":239},"22":{"loc":{"start":{"line":241,"column":24},"end":{"line":246,"column":25}},"type":"if","locations":[{"start":{"line":241,"column":24},"end":{"line":246,"column":25}},{"start":{"line":241,"column":24},"end":{"line":246,"column":25}}],"line":241},"23":{"loc":{"start":{"line":254,"column":23},"end":{"line":256,"column":17}},"type":"if","locations":[{"start":{"line":254,"column":23},"end":{"line":256,"column":17}},{"start":{"line":254,"column":23},"end":{"line":256,"column":17}}],"line":254},"24":{"loc":{"start":{"line":263,"column":8},"end":{"line":290,"column":9}},"type":"if","locations":[{"start":{"line":263,"column":8},"end":{"line":290,"column":9}},{"start":{"line":263,"column":8},"end":{"line":290,"column":9}}],"line":263},"25":{"loc":{"start":{"line":263,"column":12},"end":{"line":263,"column":27}},"type":"binary-expr","locations":[{"start":{"line":263,"column":12},"end":{"line":263,"column":16}},{"start":{"line":263,"column":20},"end":{"line":263,"column":27}}],"line":263},"26":{"loc":{"start":{"line":271,"column":16},"end":{"line":288,"column":17}},"type":"if","locations":[{"start":{"line":271,"column":16},"end":{"line":288,"column":17}},{"start":{"line":271,"column":16},"end":{"line":288,"column":17}}],"line":271},"27":{"loc":{"start":{"line":273,"column":24},"end":{"line":278,"column":25}},"type":"if","locations":[{"start":{"line":273,"column":24},"end":{"line":278,"column":25}},{"start":{"line":273,"column":24},"end":{"line":278,"column":25}}],"line":273},"28":{"loc":{"start":{"line":286,"column":23},"end":{"line":288,"column":17}},"type":"if","locations":[{"start":{"line":286,"column":23},"end":{"line":288,"column":17}},{"start":{"line":286,"column":23},"end":{"line":288,"column":17}}],"line":286},"29":{"loc":{"start":{"line":295,"column":8},"end":{"line":322,"column":9}},"type":"if","locations":[{"start":{"line":295,"column":8},"end":{"line":322,"column":9}},{"start":{"line":295,"column":8},"end":{"line":322,"column":9}}],"line":295},"30":{"loc":{"start":{"line":295,"column":12},"end":{"line":295,"column":27}},"type":"binary-expr","locations":[{"start":{"line":295,"column":12},"end":{"line":295,"column":16}},{"start":{"line":295,"column":20},"end":{"line":295,"column":27}}],"line":295},"31":{"loc":{"start":{"line":303,"column":16},"end":{"line":320,"column":17}},"type":"if","locations":[{"start":{"line":303,"column":16},"end":{"line":320,"column":17}},{"start":{"line":303,"column":16},"end":{"line":320,"column":17}}],"line":303},"32":{"loc":{"start":{"line":305,"column":24},"end":{"line":310,"column":25}},"type":"if","locations":[{"start":{"line":305,"column":24},"end":{"line":310,"column":25}},{"start":{"line":305,"column":24},"end":{"line":310,"column":25}}],"line":305},"33":{"loc":{"start":{"line":318,"column":23},"end":{"line":320,"column":17}},"type":"if","locations":[{"start":{"line":318,"column":23},"end":{"line":320,"column":17}},{"start":{"line":318,"column":23},"end":{"line":320,"column":17}}],"line":318},"34":{"loc":{"start":{"line":326,"column":8},"end":{"line":330,"column":9}},"type":"if","locations":[{"start":{"line":326,"column":8},"end":{"line":330,"column":9}},{"start":{"line":326,"column":8},"end":{"line":330,"column":9}}],"line":326},"35":{"loc":{"start":{"line":326,"column":12},"end":{"line":326,"column":71}},"type":"binary-expr","locations":[{"start":{"line":326,"column":12},"end":{"line":326,"column":37}},{"start":{"line":326,"column":41},"end":{"line":326,"column":71}}],"line":326},"36":{"loc":{"start":{"line":335,"column":8},"end":{"line":369,"column":9}},"type":"if","locations":[{"start":{"line":335,"column":8},"end":{"line":369,"column":9}},{"start":{"line":335,"column":8},"end":{"line":369,"column":9}}],"line":335},"37":{"loc":{"start":{"line":345,"column":16},"end":{"line":361,"column":17}},"type":"if","locations":[{"start":{"line":345,"column":16},"end":{"line":361,"column":17}},{"start":{"line":345,"column":16},"end":{"line":361,"column":17}}],"line":345},"38":{"loc":{"start":{"line":346,"column":20},"end":{"line":360,"column":21}},"type":"if","locations":[{"start":{"line":346,"column":20},"end":{"line":360,"column":21}},{"start":{"line":346,"column":20},"end":{"line":360,"column":21}}],"line":346},"39":{"loc":{"start":{"line":348,"column":24},"end":{"line":356,"column":25}},"type":"if","locations":[{"start":{"line":348,"column":24},"end":{"line":356,"column":25}},{"start":{"line":348,"column":24},"end":{"line":356,"column":25}}],"line":348},"40":{"loc":{"start":{"line":352,"column":28},"end":{"line":355,"column":29}},"type":"if","locations":[{"start":{"line":352,"column":28},"end":{"line":355,"column":29}},{"start":{"line":352,"column":28},"end":{"line":355,"column":29}}],"line":352},"41":{"loc":{"start":{"line":365,"column":16},"end":{"line":367,"column":17}},"type":"if","locations":[{"start":{"line":365,"column":16},"end":{"line":367,"column":17}},{"start":{"line":365,"column":16},"end":{"line":367,"column":17}}],"line":365},"42":{"loc":{"start":{"line":388,"column":8},"end":{"line":392,"column":9}},"type":"if","locations":[{"start":{"line":388,"column":8},"end":{"line":392,"column":9}},{"start":{"line":388,"column":8},"end":{"line":392,"column":9}}],"line":388},"43":{"loc":{"start":{"line":396,"column":8},"end":{"line":416,"column":9}},"type":"if","locations":[{"start":{"line":396,"column":8},"end":{"line":416,"column":9}},{"start":{"line":396,"column":8},"end":{"line":416,"column":9}}],"line":396},"44":{"loc":{"start":{"line":398,"column":16},"end":{"line":411,"column":17}},"type":"if","locations":[{"start":{"line":398,"column":16},"end":{"line":411,"column":17}},{"start":{"line":398,"column":16},"end":{"line":411,"column":17}}],"line":398},"45":{"loc":{"start":{"line":401,"column":24},"end":{"line":403,"column":25}},"type":"if","locations":[{"start":{"line":401,"column":24},"end":{"line":403,"column":25}},{"start":{"line":401,"column":24},"end":{"line":403,"column":25}}],"line":401},"46":{"loc":{"start":{"line":405,"column":20},"end":{"line":410,"column":21}},"type":"if","locations":[{"start":{"line":405,"column":20},"end":{"line":410,"column":21}},{"start":{"line":405,"column":20},"end":{"line":410,"column":21}}],"line":405},"47":{"loc":{"start":{"line":420,"column":8},"end":{"line":424,"column":9}},"type":"if","locations":[{"start":{"line":420,"column":8},"end":{"line":424,"column":9}},{"start":{"line":420,"column":8},"end":{"line":424,"column":9}}],"line":420},"48":{"loc":{"start":{"line":428,"column":8},"end":{"line":453,"column":9}},"type":"if","locations":[{"start":{"line":428,"column":8},"end":{"line":453,"column":9}},{"start":{"line":428,"column":8},"end":{"line":453,"column":9}}],"line":428},"49":{"loc":{"start":{"line":431,"column":16},"end":{"line":446,"column":17}},"type":"if","locations":[{"start":{"line":431,"column":16},"end":{"line":446,"column":17}},{"start":{"line":431,"column":16},"end":{"line":446,"column":17}}],"line":431},"50":{"loc":{"start":{"line":432,"column":20},"end":{"line":445,"column":21}},"type":"if","locations":[{"start":{"line":432,"column":20},"end":{"line":445,"column":21}},{"start":{"line":432,"column":20},"end":{"line":445,"column":21}}],"line":432},"51":{"loc":{"start":{"line":435,"column":28},"end":{"line":437,"column":29}},"type":"if","locations":[{"start":{"line":435,"column":28},"end":{"line":437,"column":29}},{"start":{"line":435,"column":28},"end":{"line":437,"column":29}}],"line":435},"52":{"loc":{"start":{"line":439,"column":24},"end":{"line":444,"column":25}},"type":"if","locations":[{"start":{"line":439,"column":24},"end":{"line":444,"column":25}},{"start":{"line":439,"column":24},"end":{"line":444,"column":25}}],"line":439},"53":{"loc":{"start":{"line":449,"column":16},"end":{"line":451,"column":17}},"type":"if","locations":[{"start":{"line":449,"column":16},"end":{"line":451,"column":17}},{"start":{"line":449,"column":16},"end":{"line":451,"column":17}}],"line":449},"54":{"loc":{"start":{"line":457,"column":8},"end":{"line":461,"column":9}},"type":"if","locations":[{"start":{"line":457,"column":8},"end":{"line":461,"column":9}},{"start":{"line":457,"column":8},"end":{"line":461,"column":9}}],"line":457},"55":{"loc":{"start":{"line":457,"column":12},"end":{"line":457,"column":79}},"type":"binary-expr","locations":[{"start":{"line":457,"column":12},"end":{"line":457,"column":43}},{"start":{"line":457,"c
[...]
,"/Users/jasonpeterson/Documents/GitHub/project-video-and-messaging-web-app-steven-chang-hanzhang-wu-xiaoyan-su/Chat-App/client/src/components/Statuses.js": {"path":"/Users/jasonpeterson/Documents/GitHub/project-video-and-messaging-web-app-steven-chang-hanzhang-wu-xiaoyan-su/Chat-App/client/src/components/Statuses.js","statementMap":{"0":{"start":{"line":9,"column":2},"end":{"line":9,"column":15}},"1":{"start":{"line":11,"column":2},"end":{"line":15,"column":4}},"2":{"start":{"line":19,"column":2},"end":{"line":33,"column":6}},"3":{"start":{"line":22,"column":20},"end":{"line":22,"column":28}},"4":{"start":{"line":23,"column":23},"end":{"line":23,"column":25}},"5":{"start":{"line":24,"column":13},"end":{"line":24,"column":15}},"6":{"start":{"line":25,"column":3},"end":{"line":28,"column":4}},"7":{"start":{"line":25,"column":15},"end":{"line":25,"column":16}},"8":{"start":{"line":26,"column":4},"end":{"line":26,"column":36}},"9":{"start":{"line":27,"column":4},"end":{"line":27,"column":35}},"10":{"start":{"line":29,"column":3},"end":{"line":31,"column":5}},"11":{"start":{"line":37,"column":2},"end":{"line":39,"column":5}},"12":{"start":{"line":40,"column":2},"end":{"line":40,"column":22}},"13":{"start":{"line":44,"column":2},"end":{"line":80,"column":4}},"14":{"start":{"line":54,"column":6},"end":{"line":75,"column":7}},"15":{"start":{"line":55,"column":7},"end":{"line":61,"column":28}},"16":{"start":{"line":63,"column":7},"end":{"line":63,"column":43}},"17":{"start":{"line":64,"column":21},"end":{"line":64,"column":79}},"18":{"start":{"line":65,"column":25},"end":{"line":65,"column":57}},"19":{"start":{"line":66,"column":7},"end":{"line":74,"column":28}}},"fnMap":{"0":{"name":"(anonymous_0)","decl":{"start":{"line":8,"column":1},"end":{"line":8,"column":2}},"loc":{"start":{"line":8,"column":20},"end":{"line":16,"column":2}},"line":8},"1":{"name":"(anonymous_1)","decl":{"start":{"line":18,"column":1},"end":{"line":18,"column":2}},"loc":{"start":{"line":18,"column":16},"end":{"line":34,"column":4}},"line":18},"2":{"name":"(anonymous_2)","decl":{"start":{"line":20,"column":10},"end":{"line":20,"column":11}},"loc":{"start":{"line":20,"column":17},"end":{"line":33,"column":5}},"line":20},"3":{"name":"(anonymous_3)","decl":{"start":{"line":36,"column":1},"end":{"line":36,"column":2}},"loc":{"start":{"line":36,"column":27},"end":{"line":41,"column":2}},"line":36},"4":{"name":"(anonymous_4)","decl":{"start":{"line":43,"column":1},"end":{"line":43,"column":2}},"loc":{"start":{"line":43,"column":10},"end":{"line":81,"column":2}},"line":43},"5":{"name":"(anonymous_5)","decl":{"start":{"line":53,"column":30},"end":{"line":53,"column":31}},"loc":{"start":{"line":53,"column":41},"end":{"line":76,"column":17}},"line":53}},"branchMap":{"0":{"loc":{"start":{"line":54,"column":6},"end":{"line":75,"column":7}},"type":"if","locations":[{"start":{"line":54,"column":6},"end":{"line":75,"column":7}},{"start":{"line":54,"column":6},"end":{"line":75,"column":7}}],"line":54}},"s":{"0":2,"1":2,"2":2,"3":0,"4":0,"5":0,"6":0,"7":0,"8":0,"9":0,"10":0,"11":2,"12":2,"13":4,"14":0,"15":0,"16":0,"17":0,"18":0,"19":0},"f":{"0":2,"1":2,"2":0,"3":2,"4":4,"5":0},"b":{"0":[0,0]},"_coverageSchema":"43e27e138ebf9cfc5966b082cf9a028302ed4184","hash":"c5cda80b9f1318441ed4de93ffb3fd868a23fa8a"}
,"/Users/jasonpeterson/Documents/GitHub/project-video-and-messaging-web-app-steven-chang-hanzhang-wu-xiaoyan-su/Chat-App/client/src/components/UserProfile.js": {"path":"/Users/jasonpeterson/Documents/GitHub/project-video-and-messaging-web-app-steven-chang-hanzhang-wu-xiaoyan-su/Chat-App/client/src/components/UserProfile.js","statementMap":{"0":{"start":{"line":10,"column":2},"end":{"line":10,"column":15}},"1":{"start":{"line":12,"column":2},"end":{"line":16,"column":4}},"2":{"start":{"line":18,"column":2},"end":{"line":18,"column":47}},"3":{"start":{"line":19,"column":2},"end":{"line":19,"column":57}},"4":{"start":{"line":20,"column":2},"end":{"line":20,"column":55}},"5":{"start":{"line":21,"column":2},"end":{"line":21,"column":61}},"6":{"start":{"line":22,"column":2},"end":{"line":22,"column":39}},"7":{"start":{"line":26,"column":2},"end":{"line":28,"column":5}},"8":{"start":{"line":29,"column":2},"end":{"line":41,"column":4}},"9":{"start":{"line":31,"column":22},"end":{"line":31,"column":37}},"10":{"start":{"line":32,"column":3},"end":{"line":36,"column":4}},"11":{"start":{"line":33,"column":4},"end":{"line":33,"column":37}},"12":{"start":{"line":34,"column":10},"end":{"line":36,"column":4}},"13":{"start":{"line":35,"column":4},"end":{"line":35,"column":42}},"14":{"start":{"line":37,"column":3},"end":{"line":40,"column":6}},"15":{"start":{"line":45,"column":21},"end":{"line":45,"column":57}},"16":{"start":{"line":46,"column":2},"end":{"line":46,"column":32}},"17":{"start":{"line":47,"column":20},"end":{"line":47,"column":63}},"18":{"start":{"line":48,"column":2},"end":{"line":56,"column":3}},"19":{"start":{"line":49,"column":3},"end":{"line":49,"column":56}},"20":{"start":{"line":51,"column":3},"end":{"line":55,"column":5}},"21":{"start":{"line":54,"column":4},"end":{"line":54,"column":48}},"22":{"start":{"line":59,"column":19},"end":{"line":87,"column":2}},"23":{"start":{"line":60,"column":21},"end":{"line":60,"column":57}},"24":{"start":{"line":61,"column":2},"end":{"line":61,"column":32}},"25":{"start":{"line":62,"column":15},"end":{"line":62,"column":33}},"26":{"start":{"line":63,"column":5},"end":{"line":86,"column":3}},"27":{"start":{"line":71,"column":17},"end":{"line":71,"column":24}},"28":{"start":{"line":72,"column":18},"end":{"line":72,"column":32}},"29":{"start":{"line":73,"column":3},"end":{"line":73,"column":35}},"30":{"start":{"line":74,"column":3},"end":{"line":85,"column":5}},"31":{"start":{"line":77,"column":19},"end":{"line":77,"column":30}},"32":{"start":{"line":79,"column":6},"end":{"line":84,"column":7}},"33":{"start":{"line":80,"column":6},"end":{"line":80,"column":24}},"34":{"start":{"line":83,"column":6},"end":{"line":83,"column":23}},"35":{"start":{"line":90,"column":19},"end":{"line":90,"column":55}},"36":{"start":{"line":91,"column":2},"end":{"line":91,"column":30}},"37":{"start":{"line":92,"column":14},"end":{"line":92,"column":50}},"38":{"start":{"line":93,"column":14},"end":{"line":93,"column":50}},"39":{"start":{"line":94,"column":2},"end":{"line":114,"column":3}},"40":{"start":{"line":95,"column":3},"end":{"line":95,"column":60}},"41":{"start":{"line":97,"column":3},"end":{"line":113,"column":5}},"42":{"start":{"line":100,"column":4},"end":{"line":112,"column":5}},"43":{"start":{"line":101,"column":5},"end":{"line":101,"column":49}},"44":{"start":{"line":102,"column":11},"end":{"line":112,"column":5}},"45":{"start":{"line":103,"column":5},"end":{"line":103,"column":59}},"46":{"start":{"line":104,"column":11},"end":{"line":112,"column":5}},"47":{"start":{"line":105,"column":5},"end":{"line":105,"column":76}},"48":{"start":{"line":106,"column":11},"end":{"line":112,"column":5}},"49":{"start":{"line":107,"column":5},"end":{"line":107,"column":69}},"50":{"start":{"line":108,"column":11},"end":{"line":112,"column":5}},"51":{"start":{"line":109,"column":5},"end":{"line":109,"column":85}},"52":{"start":{"line":110,"column":11},"end":{"line":112,"column":5}},"53":{"start":{"line":111,"column":5},"end":{"line":111,"column":55}},"54":{"start":{"line":118,"column":19},"end":{"line":118,"column":55}},"55":{"start":{"line":119,"column":2},"end":{"line":131,"column":3}},"56":{"start":{"line":120,"column":3},"end":{"line":120,"column":65}},"57":{"start":{"line":122,"column":3},"end":{"line":130,"column":5}},"58":{"start":{"line":125,"column":4},"end":{"line":129,"column":5}},"59":{"start":{"line":126,"column":5},"end":{"line":126,"column":52}},"60":{"start":{"line":128,"column":5},"end":{"line":128,"column":52}},"61":{"start":{"line":135,"column":2},"end":{"line":135,"column":29}},"62":{"start":{"line":139,"column":2},"end":{"line":178,"column":4}}},"fnMap":{"0":{"name":"(anonymous_0)","decl":{"start":{"line":9,"column":1},"end":{"line":9,"column":2}},"loc":{"start":{"line":9,"column":20},"end":{"line":23,"column":2}},"line":9},"1":{"name":"(anonymous_1)","decl":{"start":{"line":25,"column":1},"end":{"line":25,"column":2}},"loc":{"start":{"line":25,"column":27},"end":{"line":42,"column":2}},"line":25},"2":{"name":"(anonymous_2)","decl":{"start":{"line":31,"column":10},"end":{"line":31,"column":11}},"loc":{"start":{"line":31,"column":22},"end":{"line":31,"column":37}},"line":31},"3":{"name":"(anonymous_3)","decl":{"start":{"line":31,"column":44},"end":{"line":31,"column":45}},"loc":{"start":{"line":31,"column":58},"end":{"line":41,"column":3}},"line":31},"4":{"name":"(anonymous_4)","decl":{"start":{"line":44,"column":1},"end":{"line":44,"column":2}},"loc":{"start":{"line":44,"column":20},"end":{"line":57,"column":2}},"line":44},"5":{"name":"(anonymous_5)","decl":{"start":{"line":53,"column":11},"end":{"line":53,"column":12}},"loc":{"start":{"line":53,"column":25},"end":{"line":55,"column":4}},"line":53},"6":{"name":"(anonymous_6)","decl":{"start":{"line":59,"column":19},"end":{"line":59,"column":20}},"loc":{"start":{"line":59,"column":35},"end":{"line":87,"column":2}},"line":59},"7":{"name":"(anonymous_7)","decl":{"start":{"line":77,"column":11},"end":{"line":77,"column":12}},"loc":{"start":{"line":77,"column":19},"end":{"line":77,"column":30}},"line":77},"8":{"name":"(anonymous_8)","decl":{"start":{"line":78,"column":9},"end":{"line":78,"column":10}},"loc":{"start":{"line":78,"column":17},"end":{"line":85,"column":4}},"line":78},"9":{"name":"(anonymous_9)","decl":{"start":{"line":89,"column":1},"end":{"line":89,"column":2}},"loc":{"start":{"line":89,"column":24},"end":{"line":115,"column":2}},"line":89},"10":{"name":"(anonymous_10)","decl":{"start":{"line":99,"column":11},"end":{"line":99,"column":12}},"loc":{"start":{"line":99,"column":25},"end":{"line":113,"column":4}},"line":99},"11":{"name":"(anonymous_11)","decl":{"start":{"line":117,"column":1},"end":{"line":117,"column":2}},"loc":{"start":{"line":117,"column":21},"end":{"line":132,"column":2}},"line":117},"12":{"name":"(anonymous_12)","decl":{"start":{"line":124,"column":11},"end":{"line":124,"column":12}},"loc":{"start":{"line":124,"column":25},"end":{"line":130,"column":4}},"line":124},"13":{"name":"(anonymous_13)","decl":{"start":{"line":134,"column":1},"end":{"line":134,"column":2}},"loc":{"start":{"line":134,"column":10},"end":{"line":136,"column":2}},"line":134},"14":{"name":"(anonymous_14)","decl":{"start":{"line":138,"column":1},"end":{"line":138,"column":2}},"loc":{"start":{"line":138,"column":10},"end":{"line":179,"column":2}},"line":138}},"branchMap":{"0":{"loc":{"start":{"line":32,"column":3},"end":{"line":36,"column":4}},"type":"if","locations":[{"start":{"line":32,"column":3},"end":{"line":36,"column":4}},{"start":{"line":32,"column":3},"end":{"line":36,"column":4}}],"line":32},"1":{"loc":{"start":{"line":34,"column":10},"end":{"line":36,"column":4}},"type":"if","locations":[{"start":{"line":34,"column":10},"end":{"line":36,"column":4}},{"start":{"line":34,"column":10},"end":{"line":36,"column":4}}],"line":34},"2":{"loc":{"start":{"line":48,"column":2},"end":{"line":56,"column":3}},"type":"if","locations":[{"start":{"line":48,"column":2},"end":{"line":56,"column":3}},{"start":{"line":48,"column":2},"end":{"line":56,"column":3}}],"line":48},"3":{"loc":{"start":{"line":48,"column":6},"end":{"line":48,"column":36}},"type":"binary-expr","locations":[{"start":{"line":48,"column":6},"end":{"line":48,"column":16}},{"start":{"line":48,"column":20},"end":{"line":48,"column":36}}],"line":48},"4":{"loc":{"start":{"line":63,"column":5},"end":{"line":86,"column":3}},"type":"if","locations":[{"start":{"line":63,"column":5},"end":{"line":86,"column":3}},{"start":{"line":63,"column":5},"end":{"line":86,"column":3}}],"line":63},"5":{"loc":{"start":{"line":63,"column":9},"end":{"line":63,"column":24}},"type":"binary-expr","locations":[{"start":{"line":63,"column":9},"end":{"line":63,"column":13}},{"start":{"line":63,"column":17},"end":{"line":63,"column":24}}],"line":63},"6":{"loc":{"start":{"line":79,"column":6},"end":{"line":84,"column":7}},"type":"if","locations":[{"start":{"line":79,"column":6},"end":{"line":84,"column":7}},{"start":{"line":79,"column":6},"end":{"line":84,"column":7}}],"line":79},"7":{"loc":{"start":{"line":94,"column":2},"end":{"line":114,"column":3}},"type":"if","locations":[{"start":{"line":94,"column":2},"end":{"line":114,"column":3}},{"start":{"line":94,"column":2},"end":{"line":114,"column":3}}],"line":94},"8":{"loc":{"start":{"line":100,"column":4},"end":{"line":112,"column":5}},"type":"if","locations":[{"start":{"line":100,"column":4},"end":{"line":112,"column":5}},{"start":{"line":100,"column":4},"end":{"line":112,"column":5}}],"line":100},"9":{"loc":{"start":{"line":102,"column":11},"end":{"line":112,"column":5}},"type":"if","locations":[{"start":{"line":102,"column":11},"end":{"line":112,"column":5}},{"start":{"line":102,"column":11},"end":{"line":112,"column":5}}],"line":102},"10":{"loc":{"start":{"line":104,"column":11},"end":{"line":112,"column":5}},"type":"if","locations":[{"start":{"line":104,"column":11},"end":{"line":112,"column":5}},{"start":{"line":104,"column":11},"end":{"line":112,"column":5}}],"line":104},"11":{"loc":{"start":{"line":106,"column":11},"end":{"line":112,"column":5}},"type":"if","locations":[{"start":{"line":106,"column":11},"end":{"line":112,"column":5}},{"start":{"line":106,"column":11},"end":{"line":112,"column":5}}],"line":106},"12":{"loc":{"start":{"line":108,"column":11},"end":{"line":112,"column":5}},"type":"if","locations":[{"start":{"line":108,"column":11},"end":{"line":112,"column":5}},{"start":{"line":108,"column":11},"end":{"line":112,"column":5}}],"line":108},"13":{"loc":{"start":{"line":110,"column":11},"end":{"line":112,"column":5}},"type":"if","locations":[{"start":{"line":110,"column":11},"end":{"line":112,"column":5}},{"start":{"line":110,"column":11},"end":{"line":112,"column":5}}],"line":110},"14":{"loc":{"start":{"line":119,"column":2},"end":{"line":131,"column":3}},"type":"if","locations":[{"start":{"line":119,"column":2},"end":{"line":131,"column":3}},{"start":{"line":119,"column":2},"end":{"line":131,"column":3}}],"line":119},"15":{"loc":{"start":{"line":125,"column":4},"end":{"line":129,"column":5}},"type":"if","locations":[{"start":{"line":125,"column":4},"end":{"line":129,"column":5}},{"start":{"line":125,"column":4},"end":{"line":129,"column":5}}],"line":125}},"s":{"0":3,"1":3,"2":3,"3":3,"4":3,"5":3,"6":3,"7":3,"8":3,"9":0,"10":0,"11":0,"12":0,"13":0,"14":0,"15":0,"16":0,"17":0,"18":0,"19":0,"20":0,"21":0,"22":3,"23":0,"24":0,"25":0,"26":0,"27":0,"28":0,"29":0,"30":0,"31":0,"32":0,"33":0,"34":0,"35":0,"36":0,"37":0,"38":0,"39":0,"40":0,"41":0,"42":0,"43":0,"44":0,"45":0,"46":0,"47":0,"48":0,"49":0,"50":0,"51":0,"52":0,"53":0,"54":0,"55":0,"56":0,"57":0,"58":0,"59":0,"60":0,"61":0,"62":6},"f":{"0":3,"1":3,"2":0,"3":0,"4":0,"5":0,"6":0,"7":0,"8":0,"9":0,"10":0,"11":0,"12":0,"13":0,"14":6},"b":{"0":[0,0],"1":[0,0],"2":[0,0],"3":[0,0],"4":[0,0],"5":[0,0],"6":[0,0],"7":[0,0],"8":[0,0],"9":[0,0],"10":[0,0],"11":[0,0],"12":[0,0],"13":[0,0],"14":[0,0],"15":[0,0]},"_coverageSchema":"43e27e138ebf9cfc5966b082cf9a028302ed4184","hash":"6016a49d5a5d8fa719f0408e912bdd0a8c186613"}
,"/Users/jasonpeterson/Documents/GitHub/project-video-and-messaging-web-app-steven-chang-hanzhang-wu-xiaoyan-su/Chat-App/client/src/components/VideoChat.js": {"path":"/Users/jasonpeterson/Documents/GitHub/project-video-and-messaging-web-app-steven-chang-hanzhang-wu-xiaoyan-su/Chat-App/client/src/components/VideoChat.js","statementMap":{"0":{"start":{"line":6,"column":18},"end":{"line":83,"column":1}},"1":{"start":{"line":7,"column":34},"end":{"line":7,"column":46}},"2":{"start":{"line":8,"column":34},"end":{"line":8,"column":46}},"3":{"start":{"line":9,"column":28},"end":{"line":9,"column":42}},"4":{"start":{"line":36,"column":31},"end":{"line":38,"column":8}},"5":{"start":{"line":37,"column":4},"end":{"line":37,"column":23}},"6":{"start":{"line":40,"column":31},"end":{"line":42,"column":8}},"7":{"start":{"line":41,"column":4},"end":{"line":41,"column":23}},"8":{"start":{"line":44,"column":23},"end":{"line":60,"column":3}},"9":{"start":{"line":47,"column":19},"end":{"line":56,"column":32}},"10":{"start":{"line":56,"column":21},"end":{"line":56,"column":31}},"11":{"start":{"line":57,"column":6},"end":{"line":57,"column":27}},"12":{"start":{"line":62,"column":23},"end":{"line":64,"column":16}},"13":{"start":{"line":63,"column":4},"end":{"line":63,"column":89}},"14":{"start":{"line":67,"column":2},"end":{"line":81,"column":3}},"15":{"start":{"line":68,"column":4},"end":{"line":70,"column":6}},"16":{"start":{"line":72,"column":4},"end":{"line":80,"column":6}},"17":{"start":{"line":82,"column":2},"end":{"line":82,"column":16}}},"fnMap":{"0":{"name":"(anonymous_0)","decl":{"start":{"line":6,"column":18},"end":{"line":6,"column":19}},"loc":{"start":{"line":6,"column":24},"end":{"line":83,"column":1}},"line":6},"1":{"name":"(anonymous_1)","decl":{"start":{"line":36,"column":43},"end":{"line":36,"column":44}},"loc":{"start":{"line":36,"column":52},"end":{"line":38,"column":3}},"line":36},"2":{"name":"(anonymous_2)","decl":{"start":{"line":40,"column":43},"end":{"line":40,"column":44}},"loc":{"start":{"line":40,"column":52},"end":{"line":42,"column":3}},"line":40},"3":{"name":"(anonymous_3)","decl":{"start":{"line":45,"column":4},"end":{"line":45,"column":5}},"loc":{"start":{"line":45,"column":16},"end":{"line":58,"column":5}},"line":45},"4":{"name":"(anonymous_4)","decl":{"start":{"line":56,"column":14},"end":{"line":56,"column":15}},"loc":{"start":{"line":56,"column":21},"end":{"line":56,"column":31}},"line":56},"5":{"name":"(anonymous_5)","decl":{"start":{"line":62,"column":35},"end":{"line":62,"column":36}},"loc":{"start":{"line":62,"column":44},"end":{"line":64,"column":3}},"line":62}},"branchMap":{"0":{"loc":{"start":{"line":67,"column":2},"end":{"line":81,"column":3}},"type":"if","locations":[{"start":{"line":67,"column":2},"end":{"line":81,"column":3}},{"start":{"line":67,"column":2},"end":{"line":81,"column":3}}],"line":67}},"s":{"0":1,"1":0,"2":0,"3":0,"4":0,"5":0,"6":0,"7":0,"8":0,"9":0,"10":0,"11":0,"12":0,"13":0,"14":0,"15":0,"16":0,"17":0},"f":{"0":0,"1":0,"2":0,"3":0,"4":0,"5":0},"b":{"0":[0,0]},"_coverageSchema":"43e27e138ebf9cfc5966b082cf9a028302ed4184","hash":"886f6283334e73f55e4f44e1c157256c5953b57a"}
,"/Users/jasonpeterson/Documents/GitHub/project-video-and-messaging-web-app-steven-chang-hanzhang-wu-xiaoyan-su/Chat-App/client/src/components/url.js": {"path":"/Users/jasonpeterson/Documents/GitHub/project-video-and-messaging-web-app-steven-chang-hanzhang-wu-xiaoyan-su/Chat-App/client/src/components/url.js","statementMap":{"0":{"start":{"line":1,"column":13},"end":{"line":5,"column":1}},"1":{"start":{"line":7,"column":12},"end":{"line":11,"column":1}},"2":{"start":{"line":13,"column":24},"end":{"line":13,"column":75}}},"fnMap":{},"branchMap":{"0":{"loc":{"start":{"line":13,"column":24},"end":{"line":13,"column":75}},"type":"cond-expr","locations":[{"start":{"line":13,"column":65},"end":{"line":13,"column":68}},{"start":{"line":13,"column":71},"end":{"line":13,"column":75}}],"line":13}},"s":{"0":5,"1":5,"2":5},"f":{},"b":{"0":[0,5]},"_coverageSchema":"43e27e138ebf9cfc5966b082cf9a028302ed4184","hash":"617c597e875b7297f12dea945436623a031dcc31"}
}
