{"/Users/jamesbaker/Desktop/project-video-and-messaging-web-app-steven-chang-hanzhang-wu-xiaoyan-su/Chat-App/client/src/index.js": {"path":"/Users/jamesbaker/Desktop/project-video-and-messaging-web-app-steven-chang-hanzhang-wu-xiaoyan-su/Chat-App/client/src/index.js","statementMap":{"0":{"start":{"line":7,"column":0},"end":{"line":10,"column":2}},"1":{"start":{"line":15,"column":0},"end":{"line":15,"column":27}}},"fnMap":{},"branchMap":{},"s":{"0":0,"1":0},"f":{},"b":{},"hash":"106a7c4da9f3314259a50789cf0cc615d996ca2b"}
,"/Users/jamesbaker/Desktop/project-video-and-messaging-web-app-steven-chang-hanzhang-wu-xiaoyan-su/Chat-App/client/src/serviceWorker.js": {"path":"/Users/jamesbaker/Desktop/project-video-and-messaging-web-app-steven-chang-hanzhang-wu-xiaoyan-su/Chat-App/client/src/serviceWorker.js","statementMap":{"0":{"start":{"line":13,"column":20},"end":{"line":21,"column":1}},"1":{"start":{"line":24,"column":2},"end":{"line":54,"column":3}},"2":{"start":{"line":26,"column":22},"end":{"line":26,"column":75}},"3":{"start":{"line":27,"column":4},"end":{"line":32,"column":5}},"4":{"start":{"line":31,"column":6},"end":{"line":31,"column":13}},"5":{"start":{"line":34,"column":4},"end":{"line":53,"column":7}},"6":{"start":{"line":35,"column":20},"end":{"line":35,"column":65}},"7":{"start":{"line":37,"column":6},"end":{"line":52,"column":7}},"8":{"start":{"line":39,"column":8},"end":{"line":39,"column":47}},"9":{"start":{"line":43,"column":8},"end":{"line":48,"column":11}},"10":{"start":{"line":44,"column":10},"end":{"line":47,"column":12}},"11":{"start":{"line":51,"column":8},"end":{"line":51,"column":39}},"12":{"start":{"line":58,"column":2},"end":{"line":98,"column":7}},"13":{"start":{"line":61,"column":6},"end":{"line":94,"column":8}},"14":{"start":{"line":62,"column":33},"end":{"line":62,"column":56}},"15":{"start":{"line":63,"column":8},"end":{"line":65,"column":9}},"16":{"start":{"line":64,"column":10},"end":{"line":64,"column":17}},"17":{"start":{"line":66,"column":8},"end":{"line":93,"column":10}},"18":{"start":{"line":67,"column":10},"end":{"line":92,"column":11}},"19":{"start":{"line":68,"column":12},"end":{"line":91,"column":13}},"20":{"start":{"line":72,"column":14},"end":{"line":75,"column":16}},"21":{"start":{"line":78,"column":14},"end":{"line":80,"column":15}},"22":{"start":{"line":79,"column":16},"end":{"line":79,"column":46}},"23":{"start":{"line":85,"column":14},"end":{"line":85,"column":64}},"24":{"start":{"line":88,"column":14},"end":{"line":90,"column":15}},"25":{"start":{"line":89,"column":16},"end":{"line":89,"column":47}},"26":{"start":{"line":97,"column":6},"end":{"line":97,"column":72}},"27":{"start":{"line":103,"column":2},"end":{"line":128,"column":7}},"28":{"start":{"line":108,"column":26},"end":{"line":108,"column":62}},"29":{"start":{"line":109,"column":6},"end":{"line":122,"column":7}},"30":{"start":{"line":114,"column":8},"end":{"line":118,"column":11}},"31":{"start":{"line":115,"column":10},"end":{"line":117,"column":13}},"32":{"start":{"line":116,"column":12},"end":{"line":116,"column":37}},"33":{"start":{"line":121,"column":8},"end":{"line":121,"column":39}},"34":{"start":{"line":125,"column":6},"end":{"line":127,"column":8}},"35":{"start":{"line":132,"column":2},"end":{"line":136,"column":3}},"36":{"start":{"line":133,"column":4},"end":{"line":135,"column":7}},"37":{"start":{"line":134,"column":6},"end":{"line":134,"column":32}}},"fnMap":{"0":{"name":"register","decl":{"start":{"line":23,"column":16},"end":{"line":23,"column":24}},"loc":{"start":{"line":23,"column":33},"end":{"line":55,"column":1}},"line":23},"1":{"name":"(anonymous_1)","decl":{"start":{"line":34,"column":36},"end":{"line":34,"column":37}},"loc":{"start":{"line":34,"column":42},"end":{"line":53,"column":5}},"line":34},"2":{"name":"(anonymous_2)","decl":{"start":{"line":43,"column":43},"end":{"line":43,"column":44}},"loc":{"start":{"line":43,"column":49},"end":{"line":48,"column":9}},"line":43},"3":{"name":"registerValidSW","decl":{"start":{"line":57,"column":16},"end":{"line":57,"column":31}},"loc":{"start":{"line":57,"column":47},"end":{"line":99,"column":1}},"line":57},"4":{"name":"(anonymous_4)","decl":{"start":{"line":60,"column":10},"end":{"line":60,"column":11}},"loc":{"start":{"line":60,"column":26},"end":{"line":95,"column":5}},"line":60},"5":{"name":"(anonymous_5)","decl":{"start":{"line":61,"column":35},"end":{"line":61,"column":36}},"loc":{"start":{"line":61,"column":41},"end":{"line":94,"column":7}},"line":61},"6":{"name":"(anonymous_6)","decl":{"start":{"line":66,"column":41},"end":{"line":66,"column":42}},"loc":{"start":{"line":66,"column":47},"end":{"line":93,"column":9}},"line":66},"7":{"name":"(anonymous_7)","decl":{"start":{"line":96,"column":11},"end":{"line":96,"column":12}},"loc":{"start":{"line":96,"column":20},"end":{"line":98,"column":5}},"line":96},"8":{"name":"checkValidServiceWorker","decl":{"start":{"line":101,"column":16},"end":{"line":101,"column":39}},"loc":{"start":{"line":101,"column":55},"end":{"line":129,"column":1}},"line":101},"9":{"name":"(anonymous_9)","decl":{"start":{"line":106,"column":10},"end":{"line":106,"column":11}},"loc":{"start":{"line":106,"column":22},"end":{"line":123,"column":5}},"line":106},"10":{"name":"(anonymous_10)","decl":{"start":{"line":114,"column":43},"end":{"line":114,"column":44}},"loc":{"start":{"line":114,"column":59},"end":{"line":118,"column":9}},"line":114},"11":{"name":"(anonymous_11)","decl":{"start":{"line":115,"column":41},"end":{"line":115,"column":42}},"loc":{"start":{"line":115,"column":47},"end":{"line":117,"column":11}},"line":115},"12":{"name":"(anonymous_12)","decl":{"start":{"line":124,"column":11},"end":{"line":124,"column":12}},"loc":{"start":{"line":124,"column":17},"end":{"line":128,"column":5}},"line":124},"13":{"name":"unregister","decl":{"start":{"line":131,"column":16},"end":{"line":131,"column":26}},"loc":{"start":{"line":131,"column":29},"end":{"line":137,"column":1}},"line":131},"14":{"name":"(anonymous_14)","decl":{"start":{"line":133,"column":39},"end":{"line":133,"column":40}},"loc":{"start":{"line":133,"column":55},"end":{"line":135,"column":5}},"line":133}},"branchMap":{"0":{"loc":{"start":{"line":14,"column":2},"end":{"line":20,"column":5}},"type":"binary-expr","locations":[{"start":{"line":14,"column":2},"end":{"line":14,"column":42}},{"start":{"line":16,"column":4},"end":{"line":16,"column":40}},{"start":{"line":18,"column":4},"end":{"line":20,"column":5}}],"line":14},"1":{"loc":{"start":{"line":24,"column":2},"end":{"line":54,"column":3}},"type":"if","locations":[{"start":{"line":24,"column":2},"end":{"line":54,"column":3}},{"start":{"line":24,"column":2},"end":{"line":54,"column":3}}],"line":24},"2":{"loc":{"start":{"line":24,"column":6},"end":{"line":24,"column":75}},"type":"binary-expr","locations":[{"start":{"line":24,"column":6},"end":{"line":24,"column":43}},{"start":{"line":24,"column":47},"end":{"line":24,"column":75}}],"line":24},"3":{"loc":{"start":{"line":27,"column":4},"end":{"line":32,"column":5}},"type":"if","locations":[{"start":{"line":27,"column":4},"end":{"line":32,"column":5}},{"start":{"line":27,"column":4},"end":{"line":32,"column":5}}],"line":27},"4":{"loc":{"start":{"line":37,"column":6},"end":{"line":52,"column":7}},"type":"if","locations":[{"start":{"line":37,"column":6},"end":{"line":52,"column":7}},{"start":{"line":37,"column":6},"end":{"line":52,"column":7}}],"line":37},"5":{"loc":{"start":{"line":63,"column":8},"end":{"line":65,"column":9}},"type":"if","locations":[{"start":{"line":63,"column":8},"end":{"line":65,"column":9}},{"start":{"line":63,"column":8},"end":{"line":65,"column":9}}],"line":63},"6":{"loc":{"start":{"line":67,"column":10},"end":{"line":92,"column":11}},"type":"if","locations":[{"start":{"line":67,"column":10},"end":{"line":92,"column":11}},{"start":{"line":67,"column":10},"end":{"line":92,"column":11}}],"line":67},"7":{"loc":{"start":{"line":68,"column":12},"end":{"line":91,"column":13}},"type":"if","locations":[{"start":{"line":68,"column":12},"end":{"line":91,"column":13}},{"start":{"line":68,"column":12},"end":{"line":91,"column":13}}],"line":68},"8":{"loc":{"start":{"line":78,"column":14},"end":{"line":80,"column":15}},"type":"if","locations":[{"start":{"line":78,"column":14},"end":{"line":80,"column":15}},{"start":{"line":78,"column":14},"end":{"line":80,"column":15}}],"line":78},"9":{"loc":{"start":{"line":78,"column":18},"end":{"line":78,"column":43}},"type":"binary-expr","locations":[{"start":{"line":78,"column":18},"end":{"line":78,"column":24}},{"start":{"line":78,"column":28},"end":{"line":78,"column":43}}],"line":78},"10":{"loc":{"start":{"line":88,"column":14},"end":{"line":90,"column":15}},"type":"if","locations":[{"start":{"line":88,"column":14},"end":{"line":90,"column":15}},{"start":{"line":88,"column":14},"end":{"line":90,"column":15}}],"line":88},"11":{"loc":{"start":{"line":88,"column":18},"end":{"line":88,"column":44}},"type":"binary-expr","locations":[{"start":{"line":88,"column":18},"end":{"line":88,"column":24}},{"start":{"line":88,"column":28},"end":{"line":88,"column":44}}],"line":88},"12":{"loc":{"start":{"line":109,"column":6},"end":{"line":122,"column":7}},"type":"if","locations":[{"start":{"line":109,"column":6},"end":{"line":122,"column":7}},{"start":{"line":109,"column":6},"end":{"line":122,"column":7}}],"line":109},"13":{"loc":{"start":{"line":110,"column":8},"end":{"line":111,"column":73}},"type":"binary-expr","locations":[{"start":{"line":110,"column":8},"end":{"line":110,"column":31}},{"start":{"line":111,"column":9},"end":{"line":111,"column":28}},{"start":{"line":111,"column":32},"end":{"line":111,"column":72}}],"line":110},"14":{"loc":{"start":{"line":132,"column":2},"end":{"line":136,"column":3}},"type":"if","locations":[{"start":{"line":132,"column":2},"end":{"line":136,"column":3}},{"start":{"line":132,"column":2},"end":{"line":136,"column":3}}],"line":132}},"s":{"0":1,"1":2,"2":0,"3":0,"4":0,"5":0,"6":0,"7":0,"8":0,"9":0,"10":0,"11":0,"12":0,"13":0,"14":0,"15":0,"16":0,"17":0,"18":0,"19":0,"20":0,"21":0,"22":0,"23":0,"24":0,"25":0,"26":0,"27":1,"28":0,"29":0,"30":0,"31":0,"32":0,"33":0,"34":0,"35":0,"36":0,"37":0},"f":{"0":2,"1":0,"2":0,"3":0,"4":0,"5":0,"6":0,"7":0,"8":1,"9":0,"10":0,"11":0,"12":0,"13":0,"14":0},"b":{"0":[1,0,0],"1":[0,2],"2":[2,0],"3":[0,0],"4":[0,0],"5":[0,0],"6":[0,0],"7":[0,0],"8":[0,0],"9":[0,0],"10":[0,0],"11":[0,0],"12":[0,0],"13":[0,0,0],"14":[0,0]},"_coverageSchema":"43e27e138ebf9cfc5966b082cf9a028302ed4184","hash":"59c02999f5856e8aa6ceb095602724d375cd9b47"}
,"/Users/jamesbaker/Desktop/project-video-and-messaging-web-app-steven-chang-hanzhang-wu-xiaoyan-su/Chat-App/client/src/components/App.js": {"path":"/Users/jamesbaker/Desktop/project-video-and-messaging-web-app-steven-chang-hanzhang-wu-xiaoyan-su/Chat-App/client/src/components/App.js","statementMap":{"0":{"start":{"line":15,"column":2},"end":{"line":15,"column":15}},"1":{"start":{"line":16,"column":2},"end":{"line":18,"column":3}},"2":{"start":{"line":22,"column":2},"end":{"line":24,"column":5}},"3":{"start":{"line":28,"column":2},"end":{"line":65,"column":4}},"4":{"start":{"line":35,"column":8},"end":{"line":35,"column":69}},"5":{"start":{"line":41,"column":8},"end":{"line":41,"column":56}},"6":{"start":{"line":47,"column":8},"end":{"line":47,"column":20}},"7":{"start":{"line":53,"column":8},"end":{"line":53,"column":20}},"8":{"start":{"line":59,"column":8},"end":{"line":59,"column":21}}},"fnMap":{"0":{"name":"(anonymous_0)","decl":{"start":{"line":14,"column":1},"end":{"line":14,"column":2}},"loc":{"start":{"line":14,"column":20},"end":{"line":19,"column":2}},"line":14},"1":{"name":"(anonymous_1)","decl":{"start":{"line":21,"column":1},"end":{"line":21,"column":2}},"loc":{"start":{"line":21,"column":22},"end":{"line":25,"column":2}},"line":21},"2":{"name":"(anonymous_2)","decl":{"start":{"line":27,"column":1},"end":{"line":27,"column":2}},"loc":{"start":{"line":27,"column":10},"end":{"line":66,"column":2}},"line":27},"3":{"name":"(anonymous_3)","decl":{"start":{"line":34,"column":15},"end":{"line":34,"column":16}},"loc":{"start":{"line":35,"column":8},"end":{"line":35,"column":69}},"line":35},"4":{"name":"(anonymous_4)","decl":{"start":{"line":40,"column":15},"end":{"line":40,"column":16}},"loc":{"start":{"line":41,"column":8},"end":{"line":41,"column":56}},"line":41},"5":{"name":"(anonymous_5)","decl":{"start":{"line":46,"column":15},"end":{"line":46,"column":16}},"loc":{"start":{"line":47,"column":8},"end":{"line":47,"column":20}},"line":47},"6":{"name":"(anonymous_6)","decl":{"start":{"line":52,"column":15},"end":{"line":52,"column":16}},"loc":{"start":{"line":53,"column":8},"end":{"line":53,"column":20}},"line":53},"7":{"name":"(anonymous_7)","decl":{"start":{"line":58,"column":15},"end":{"line":58,"column":16}},"loc":{"start":{"line":59,"column":8},"end":{"line":59,"column":21}},"line":59}},"branchMap":{},"s":{"0":0,"1":0,"2":0,"3":0,"4":0,"5":0,"6":0,"7":0,"8":0},"f":{"0":0,"1":0,"2":0,"3":0,"4":0,"5":0,"6":0,"7":0},"b":{},"hash":"6b1ad6b5cfa4c71894cef4f0bd8092c312c09098"}
,"/Users/jamesbaker/Desktop/project-video-and-messaging-web-app-steven-chang-hanzhang-wu-xiaoyan-su/Chat-App/client/src/components/CreateAccount.js": {"path":"/Users/jamesbaker/Desktop/project-video-and-messaging-web-app-steven-chang-hanzhang-wu-xiaoyan-su/Chat-App/client/src/components/CreateAccount.js","statementMap":{"0":{"start":{"line":8,"column":2},"end":{"line":8,"column":15}},"1":{"start":{"line":12,"column":2},"end":{"line":24,"column":3}},"2":{"start":{"line":26,"column":2},"end":{"line":26,"column":67}},"3":{"start":{"line":27,"column":2},"end":{"line":27,"column":61}},"4":{"start":{"line":28,"column":2},"end":{"line":28,"column":67}},"5":{"start":{"line":29,"column":2},"end":{"line":29,"column":57}},"6":{"start":{"line":30,"column":2},"end":{"line":30,"column":77}},"7":{"start":{"line":31,"column":2},"end":{"line":31,"column":77}},"8":{"start":{"line":32,"column":2},"end":{"line":32,"column":93}},"9":{"start":{"line":33,"column":2},"end":{"line":33,"column":67}},"10":{"start":{"line":34,"column":2},"end":{"line":34,"column":77}},"11":{"start":{"line":35,"column":2},"end":{"line":35,"column":47}},"12":{"start":{"line":36,"column":2},"end":{"line":36,"column":45}},"13":{"start":{"line":37,"column":2},"end":{"line":37,"column":53}},"14":{"start":{"line":41,"column":2},"end":{"line":43,"column":5}},"15":{"start":{"line":47,"column":2},"end":{"line":49,"column":5}},"16":{"start":{"line":53,"column":2},"end":{"line":55,"column":5}},"17":{"start":{"line":59,"column":2},"end":{"line":61,"column":5}},"18":{"start":{"line":65,"column":2},"end":{"line":67,"column":5}},"19":{"start":{"line":71,"column":2},"end":{"line":73,"column":5}},"20":{"start":{"line":77,"column":2},"end":{"line":79,"column":5}},"21":{"start":{"line":83,"column":2},"end":{"line":85,"column":5}},"22":{"start":{"line":89,"column":2},"end":{"line":91,"column":5}},"23":{"start":{"line":95,"column":19},"end":{"line":95,"column":55}},"24":{"start":{"line":96,"column":2},"end":{"line":96,"column":30}},"25":{"start":{"line":97,"column":2},"end":{"line":123,"column":4}},"26":{"start":{"line":100,"column":3},"end":{"line":118,"column":4}},"27":{"start":{"line":101,"column":4},"end":{"line":101,"column":22}},"28":{"start":{"line":102,"column":4},"end":{"line":102,"column":78}},"29":{"start":{"line":103,"column":10},"end":{"line":118,"column":4}},"30":{"start":{"line":104,"column":4},"end":{"line":104,"column":22}},"31":{"start":{"line":105,"column":4},"end":{"line":105,"column":72}},"32":{"start":{"line":106,"column":10},"end":{"line":118,"column":4}},"33":{"start":{"line":107,"column":4},"end":{"line":107,"column":22}},"34":{"start":{"line":108,"column":4},"end":{"line":108,"column":53}},"35":{"start":{"line":109,"column":10},"end":{"line":118,"column":4}},"36":{"start":{"line":110,"column":4},"end":{"line":110,"column":22}},"37":{"start":{"line":111,"column":4},"end":{"line":111,"column":56}},"38":{"start":{"line":112,"column":10},"end":{"line":118,"column":4}},"39":{"start":{"line":113,"column":4},"end":{"line":113,"column":22}},"40":{"start":{"line":114,"column":4},"end":{"line":114,"column":51}},"41":{"start":{"line":115,"column":10},"end":{"line":118,"column":4}},"42":{"start":{"line":116,"column":4},"end":{"line":116,"column":22}},"43":{"start":{"line":117,"column":4},"end":{"line":117,"column":63}},"44":{"start":{"line":119,"column":3},"end":{"line":119,"column":54}},"45":{"start":{"line":122,"column":3},"end":{"line":122,"column":85}},"46":{"start":{"line":127,"column":19},"end":{"line":127,"column":55}},"47":{"start":{"line":128,"column":2},"end":{"line":128,"column":30}},"48":{"start":{"line":129,"column":2},"end":{"line":129,"column":24}},"49":{"start":{"line":130,"column":2},"end":{"line":130,"column":36}},"50":{"start":{"line":132,"column":2},"end":{"line":156,"column":5}},"51":{"start":{"line":135,"column":3},"end":{"line":152,"column":4}},"52":{"start":{"line":136,"column":4},"end":{"line":145,"column":5}},"53":{"start":{"line":137,"column":5},"end":{"line":144,"column":7}},"54":{"start":{"line":138,"column":6},"end":{"line":138,"column":51}},"55":{"start":{"line":140,"column":6},"end":{"line":140,"column":45}},"56":{"start":{"line":141,"column":6},"end":{"line":141,"column":61}},"57":{"start":{"line":142,"column":6},"end":{"line":142,"column":54}},"58":{"start":{"line":143,"column":6},"end":{"line":143,"column":74}},"59":{"start":{"line":146,"column":10},"end":{"line":152,"column":4}},"60":{"start":{"line":147,"column":4},"end":{"line":147,"column":115}},"61":{"start":{"line":148,"column":10},"end":{"line":152,"column":4}},"62":{"start":{"line":149,"column":4},"end":{"line":149,"column":78}},"63":{"start":{"line":151,"column":4},"end":{"line":151,"column":80}},"64":{"start":{"line":155,"column":3},"end":{"line":155,"column":85}},"65":{"start":{"line":160,"column":21},"end":{"line":160,"column":57}},"66":{"start":{"line":161,"column":2},"end":{"line":161,"column":32}},"67":{"start":{"line":162,"column":2},"end":{"line":162,"column":24}},"68":{"start":{"line":164,"column":2},"end":{"line":179,"column":5}},"69":{"start":{"line":167,"column":3},"end":{"line":175,"column":4}},"70":{"start":{"line":168,"column":4},"end":{"line":168,"column":98}},"71":{"start":{"line":169,"column":10},"end":{"line":175,"column":4}},"72":{"start":{"line":170,"column":4},"end":{"line":170,"column":126}},"73":{"start":{"line":171,"column":10},"end":{"line":175,"column":4}},"74":{"start":{"line":172,"column":4},"end":{"line":172,"column":89}},"75":{"start":{"line":174,"column":4},"end":{"line":174,"column":82}},"76":{"start":{"line":178,"column":3},"end":{"line":178,"column":95}},"77":{"start":{"line":183,"column":2},"end":{"line":241,"column":4}}},"fnMap":{"0":{"name":"(anonymous_0)","decl":{"start":{"line":7,"column":1},"end":{"line":7,"column":2}},"loc":{"start":{"line":7,"column":20},"end":{"line":38,"column":2}},"line":7},"1":{"name":"(anonymous_1)","decl":{"start":{"line":40,"column":1},"end":{"line":40,"column":2}},"loc":{"start":{"line":40,"column":25},"end":{"line":44,"column":2}},"line":40},"2":{"name":"(anonymous_2)","decl":{"start":{"line":46,"column":1},"end":{"line":46,"column":2}},"loc":{"start":{"line":46,"column":22},"end":{"line":50,"column":2}},"line":46},"3":{"name":"(anonymous_3)","decl":{"start":{"line":52,"column":1},"end":{"line":52,"column":2}},"loc":{"start":{"line":52,"column":25},"end":{"line":56,"column":2}},"line":52},"4":{"name":"(anonymous_4)","decl":{"start":{"line":58,"column":1},"end":{"line":58,"column":2}},"loc":{"start":{"line":58,"column":20},"end":{"line":62,"column":2}},"line":58},"5":{"name":"(anonymous_5)","decl":{"start":{"line":64,"column":1},"end":{"line":64,"column":2}},"loc":{"start":{"line":64,"column":30},"end":{"line":68,"column":2}},"line":64},"6":{"name":"(anonymous_6)","decl":{"start":{"line":70,"column":1},"end":{"line":70,"column":2}},"loc":{"start":{"line":70,"column":30},"end":{"line":74,"column":2}},"line":70},"7":{"name":"(anonymous_7)","decl":{"start":{"line":76,"column":1},"end":{"line":76,"column":2}},"loc":{"start":{"line":76,"column":38},"end":{"line":80,"column":2}},"line":76},"8":{"name":"(anonymous_8)","decl":{"start":{"line":82,"column":1},"end":{"line":82,"column":2}},"loc":{"start":{"line":82,"column":25},"end":{"line":86,"column":2}},"line":82},"9":{"name":"(anonymous_9)","decl":{"start":{"line":88,"column":1},"end":{"line":88,"column":2}},"loc":{"start":{"line":88,"column":30},"end":{"line":92,"column":2}},"line":88},"10":{"name":"(anonymous_10)","decl":{"start":{"line":94,"column":1},"end":{"line":94,"column":2}},"loc":{"start":{"line":94,"column":20},"end":{"line":124,"column":2}},"line":94},"11":{"name":"(anonymous_11)","decl":{"start":{"line":99,"column":10},"end":{"line":99,"column":11}},"loc":{"start":{"line":99,"column":20},"end":{"line":120,"column":3}},"line":99},"12":{"name":"(anonymous_12)","decl":{"start":{"line":120,"column":11},"end":{"line":120,"column":12}},"loc":{"start":{"line":120,"column":20},"end":{"line":123,"column":3}},"line":120},"13":{"name":"(anonymous_13)","decl":{"start":{"line":126,"column":1},"end":{"line":126,"column":2}},"loc":{"start":{"line":126,"column":20},"end":{"line":157,"column":2}},"line":126},"14":{"name":"(anonymous_14)","decl":{"start":{"line":134,"column":10},"end":{"line":134,"column":11}},"loc":{"start":{"line":134,"column":24},"end":{"line":153,"column":3}},"line":134},"15":{"name":"(anonymous_15)","decl":{"start":{"line":137,"column":26},"end":{"line":137,"column":27}},"loc":{"start":{"line":137,"column":31},"end":{"line":144,"column":6}},"line":137},"16":{"name":"(anonymous_16)","decl":{"start":{"line":153,"column":11},"end":{"line":153,"column":12}},"loc":{"start":{"line":153,"column":20},"end":{"line":156,"column":3}},"line":153},"17":{"name":"(anonymous_17)","decl":{"start":{"line":159,"column":1},"end":{"line":159,"column":2}},"loc":{"start":{"line":159,"column":23},"end":{"line":180,"column":2}},"line":159},"18":{"name":"(anonymous_18)","decl":{"start":{"line":166,"column":10},"end":{"line":166,"column":11}},"loc":{"start":{"line":166,"column":24},"end":{"line":176,"column":3}},"line":166},"19":{"name":"(anonymous_19)","decl":{"start":{"line":176,"column":11},"end":{"line":176,"column":12}},"loc":{"start":{"line":176,"column":20},"end":{"line":179,"column":3}},"line":176},"20":{"name":"(anonymous_20)","decl":{"start":{"line":182,"column":1},"end":{"line":182,"column":2}},"loc":{"start":{"line":182,"column":10},"end":{"line":242,"column":2}},"line":182}},"branchMap":{"0":{"loc":{"start":{"line":100,"column":3},"end":{"line":118,"column":4}},"type":"if","locations":[{"start":{"line":100,"column":3},"end":{"line":118,"column":4}},{"start":{"line":100,"column":3},"end":{"line":118,"column":4}}],"line":100},"1":{"loc":{"start":{"line":103,"column":10},"end":{"line":118,"column":4}},"type":"if","locations":[{"start":{"line":103,"column":10},"end":{"line":118,"column":4}},{"start":{"line":103,"column":10},"end":{"line":118,"column":4}}],"line":103},"2":{"loc":{"start":{"line":106,"column":10},"end":{"line":118,"column":4}},"type":"if","locations":[{"start":{"line":106,"column":10},"end":{"line":118,"column":4}},{"start":{"line":106,"column":10},"end":{"line":118,"column":4}}],"line":106},"3":{"loc":{"start":{"line":109,"column":10},"end":{"line":118,"column":4}},"type":"if","locations":[{"start":{"line":109,"column":10},"end":{"line":118,"column":4}},{"start":{"line":109,"column":10},"end":{"line":118,"column":4}}],"line":109},"4":{"loc":{"start":{"line":112,"column":10},"end":{"line":118,"column":4}},"type":"if","locations":[{"start":{"line":112,"column":10},"end":{"line":118,"column":4}},{"start":{"line":112,"column":10},"end":{"line":118,"column":4}}],"line":112},"5":{"loc":{"start":{"line":115,"column":10},"end":{"line":118,"column":4}},"type":"if","locations":[{"start":{"line":115,"column":10},"end":{"line":118,"column":4}},{"start":{"line":115,"column":10},"end":{"line":118,"column":4}}],"line":115},"6":{"loc":{"start":{"line":135,"column":3},"end":{"line":152,"column":4}},"type":"if","locations":[{"start":{"line":135,"column":3},"end":{"line":152,"column":4}},{"start":{"line":135,"column":3},"end":{"line":152,"column":4}}],"line":135},"7":{"loc":{"start":{"line":136,"column":4},"end":{"line":145,"column":5}},"type":"if","locations":[{"start":{"line":136,"column":4},"end":{"line":145,"column":5}},{"start":{"line":136,"column":4},"end":{"line":145,"column":5}}],"line":136},"8":{"loc":{"start":{"line":146,"column":10},"end":{"line":152,"column":4}},"type":"if","locations":[{"start":{"line":146,"column":10},"end":{"line":152,"column":4}},{"start":{"line":146,"column":10},"end":{"line":152,"column":4}}],"line":146},"9":{"loc":{"start":{"line":148,"column":10},"end":{"line":152,"column":4}},"type":"if","locations":[{"start":{"line":148,"column":10},"end":{"line":152,"column":4}},{"start":{"line":148,"column":10},"end":{"line":152,"column":4}}],"line":148},"10":{"loc":{"start":{"line":167,"column":3},"end":{"line":175,"column":4}},"type":"if","locations":[{"start":{"line":167,"column":3},"end":{"line":175,"column":4}},{"start":{"line":167,"column":3},"end":{"line":175,"column":4}}],"line":167},"11":{"loc":{"start":{"line":169,"column":10},"end":{"line":175,"column":4}},"type":"if","locations":[{"start":{"line":169,"column":10},"end":{"line":175,"column":4}},{"start":{"line":169,"column":10},"end":{"line":175,"column":4}}],"line":169},"12":{"loc":{"start":{"line":171,"column":10},"end":{"line":175,"column":4}},"type":"if","locations":[{"start":{"line":171,"column":10},"end":{"line":175,"column":4}},{"start":{"line":171,"column":10},"end":{"line":175,"column":4}}],"line":171}},"s":{"0":2,"1":2,"2":2,"3":2,"4":2,"5":2,"6":2,"7":2,"8":2,"9":2,"10":2,"11":2,"12":2,"13":2,"14":0,"15":0,"16":0,"17":0,"18":0,"19":0,"20":0,"21":0,"22":0,"23":0,"24":0,"25":0,"26":0,"27":0,"28":0,"29":0,"30":0,"31":0,"32":0,"33":0,"34":0,"35":0,"36":0,"37":0,"38":0,"39":0,"40":0,"41":0,"42":0,"43":0,"44":0,"45":0,"46":0,"47":0,"48":0,"49":0,"50":0,"51":0,"52":0,"53":0,"54":0,"55":0,"56":0,"57":0,"58":0,"59":0,"60":0,"61":0,"62":0,"63":0,"64":0,"65":0,"66":0,"67":0,"68":0,"69":0,"70":0,"71":0,"72":0,"73":0,"74":0,"75":0,"76":0,"77":2},"f":{"0":2,"1":0,"2":0,"3":0,"4":0,"5":0,"6":0,"7":0,"8":0,"9":0,"10":0,"11":0,"12":0,"13":0,"14":0,"15":0,"16":0,"17":0,"18":0,"19":0,"20":2},"b":{"0":[0,0],"1":[0,0],"2":[0,0],"3":[0,0],"4":[0,0],"5":[0,0],"6":[0,0],"7":[0,0],"8":[0,0],"9":[0,0],"10":[0,0],"11":[0,0],"12":[0,0]},"_coverageSchema":"43e27e138ebf9cfc5966b082cf9a028302ed4184","hash":"974033d11ff78dd9ceb679af5b79d6eadbc81486"}
,"/Users/jamesbaker/Desktop/project-video-and-messaging-web-app-steven-chang-hanzhang-wu-xiaoyan-su/Chat-App/client/src/components/Lobby.js": {"path":"/Users/jamesbaker/Desktop/project-video-and-messaging-web-app-steven-chang-hanzhang-wu-xiaoyan-su/Chat-App/client/src/components/Lobby.js","statementMap":{"0":{"start":{"line":3,"column":14},"end":{"line":47,"column":1}},"1":{"start":{"line":10,"column":22},"end":{"line":10,"column":44}},"2":{"start":{"line":11,"column":2},"end":{"line":11,"column":27}},"3":{"start":{"line":12,"column":20},"end":{"line":12,"column":52}},"4":{"start":{"line":13,"column":20},"end":{"line":13,"column":46}},"5":{"start":{"line":14,"column":20},"end":{"line":14,"column":46}},"6":{"start":{"line":15,"column":2},"end":{"line":15,"column":25}},"7":{"start":{"line":16,"column":2},"end":{"line":16,"column":34}},"8":{"start":{"line":17,"column":2},"end":{"line":17,"column":34}},"9":{"start":{"line":18,"column":2},"end":{"line":18,"column":17}},"10":{"start":{"line":19,"column":2},"end":{"line":46,"column":4}}},"fnMap":{"0":{"name":"(anonymous_0)","decl":{"start":{"line":3,"column":14},"end":{"line":3,"column":15}},"loc":{"start":{"line":9,"column":6},"end":{"line":47,"column":1}},"line":9}},"branchMap":{},"s":{"0":2,"1":2,"2":2,"3":2,"4":2,"5":2,"6":2,"7":2,"8":2,"9":2,"10":2},"f":{"0":2},"b":{},"_coverageSchema":"43e27e138ebf9cfc5966b082cf9a028302ed4184","hash":"10991a598ea79ca87f45c240ffea89a73de517f1"}
,"/Users/jamesbaker/Desktop/project-video-and-messaging-web-app-steven-chang-hanzhang-wu-xiaoyan-su/Chat-App/client/src/components/Mainview.js": {"path":"/Users/jamesbaker/Desktop/project-video-and-messaging-web-app-steven-chang-hanzhang-wu-xiaoyan-su/Chat-App/client/src/components/Mainview.js","statementMap":{"0":{"start":{"line":13,"column":8},"end":{"line":13,"column":21}},"1":{"start":{"line":14,"column":8},"end":{"line":40,"column":10}},"2":{"start":{"line":41,"column":8},"end":{"line":41,"column":55}},"3":{"start":{"line":42,"column":8},"end":{"line":42,"column":51}},"4":{"start":{"line":43,"column":8},"end":{"line":43,"column":59}},"5":{"start":{"line":44,"column":8},"end":{"line":44,"column":55}},"6":{"start":{"line":45,"column":8},"end":{"line":45,"column":59}},"7":{"start":{"line":46,"column":8},"end":{"line":46,"column":59}},"8":{"start":{"line":47,"column":8},"end":{"line":47,"column":51}},"9":{"start":{"line":48,"column":8},"end":{"line":48,"column":51}},"10":{"start":{"line":49,"column":8},"end":{"line":49,"column":51}},"11":{"start":{"line":50,"column":8},"end":{"line":50,"column":59}},"12":{"start":{"line":51,"column":8},"end":{"line":51,"column":53}},"13":{"start":{"line":52,"column":8},"end":{"line":52,"column":63}},"14":{"start":{"line":53,"column":8},"end":{"line":53,"column":59}},"15":{"start":{"line":54,"column":8},"end":{"line":54,"column":61}},"16":{"start":{"line":55,"column":8},"end":{"line":55,"column":63}},"17":{"start":{"line":56,"column":8},"end":{"line":56,"column":55}},"18":{"start":{"line":57,"column":8},"end":{"line":57,"column":65}},"19":{"start":{"line":58,"column":8},"end":{"line":58,"column":59}},"20":{"start":{"line":59,"column":8},"end":{"line":59,"column":51}},"21":{"start":{"line":60,"column":8},"end":{"line":60,"column":49}},"22":{"start":{"line":64,"column":8},"end":{"line":83,"column":14}},"23":{"start":{"line":66,"column":30},"end":{"line":66,"column":38}},"24":{"start":{"line":67,"column":33},"end":{"line":67,"column":35}},"25":{"start":{"line":68,"column":36},"end":{"line":68,"column":38}},"26":{"start":{"line":69,"column":16},"end":{"line":81,"column":17}},"27":{"start":{"line":69,"column":29},"end":{"line":69,"column":30}},"28":{"start":{"line":70,"column":20},"end":{"line":80,"column":21}},"29":{"start":{"line":71,"column":24},"end":{"line":71,"column":50}},"30":{"start":{"line":72,"column":27},"end":{"line":80,"column":21}},"31":{"start":{"line":73,"column":24},"end":{"line":79,"column":25}},"32":{"start":{"line":73,"column":37},"end":{"line":73,"column":38}},"33":{"start":{"line":74,"column":28},"end":{"line":78,"column":29}},"34":{"start":{"line":74,"column":41},"end":{"line":74,"column":42}},"35":{"start":{"line":75,"column":32},"end":{"line":77,"column":33}},"36":{"start":{"line":76,"column":36},"end":{"line":76,"column":65}},"37":{"start":{"line":82,"column":16},"end":{"line":82,"column":101}},"38":{"start":{"line":87,"column":8},"end":{"line":89,"column":11}},"39":{"start":{"line":90,"column":8},"end":{"line":90,"column":34}},"40":{"start":{"line":91,"column":8},"end":{"line":91,"column":100}},"41":{"start":{"line":92,"column":8},"end":{"line":111,"column":9}},"42":{"start":{"line":92,"column":21},"end":{"line":92,"column":22}},"43":{"start":{"line":93,"column":12},"end":{"line":110,"column":13}},"44":{"start":{"line":93,"column":25},"end":{"line":93,"column":26}},"45":{"start":{"line":94,"column":16},"end":{"line":109,"column":17}},"46":{"start":{"line":95,"column":20},"end":{"line":108,"column":22}},"47":{"start":{"line":97,"column":40},"end":{"line":97,"column":55}},"48":{"start":{"line":98,"column":36},"end":{"line":98,"column":37}},"49":{"start":{"line":99,"column":38},"end":{"line":99,"column":52}},"50":{"start":{"line":100,"column":41},"end":{"line":100,"column":49}},"51":{"start":{"line":101,"column":24},"end":{"line":105,"column":25}},"52":{"start":{"line":101,"column":37},"end":{"line":101,"column":38}},"53":{"start":{"line":102,"column":28},"end":{"line":104,"column":29}},"54":{"start":{"line":103,"column":32},"end":{"line":103,"column":50}},"55":{"start":{"line":106,"column":24},"end":{"line":106,"column":44}},"56":{"start":{"line":107,"column":24},"end":{"line":107,"column":62}},"57":{"start":{"line":112,"column":8},"end":{"line":136,"column":17}},"58":{"start":{"line":113,"column":25},"end":{"line":117,"column":14}},"59":{"start":{"line":116,"column":16},"end":{"line":116,"column":34}},"60":{"start":{"line":118,"column":12},"end":{"line":135,"column":13}},"61":{"start":{"line":119,"column":29},"end":{"line":119,"column":103}},"62":{"start":{"line":120,"column":16},"end":{"line":134,"column":17}},"63":{"start":{"line":121,"column":32},"end":{"line":121,"column":151}},"64":{"start":{"line":122,"column":20},"end":{"line":122,"column":49}},"65":{"start":{"line":124,"column":20},"end":{"line":133,"column":23}},"66":{"start":{"line":141,"column":8},"end":{"line":141,"column":120}},"67":{"start":{"line":142,"column":8},"end":{"line":151,"column":15}},"68":{"start":{"line":144,"column":16},"end":{"line":144,"column":54}},"69":{"start":{"line":145,"column":31},"end":{"line":145,"column":33}},"70":{"start":{"line":146,"column":33},"end":{"line":146,"column":41}},"71":{"start":{"line":147,"column":16},"end":{"line":149,"column":17}},"72":{"start":{"line":147,"column":29},"end":{"line":147,"column":30}},"73":{"start":{"line":148,"column":20},"end":{"line":148,"column":41}},"74":{"start":{"line":150,"column":16},"end":{"line":150,"column":50}},"75":{"start":{"line":152,"column":8},"end":{"line":152,"column":112}},"76":{"start":{"line":153,"column":8},"end":{"line":160,"column":9}},"77":{"start":{"line":153,"column":21},"end":{"line":153,"column":22}},"78":{"start":{"line":154,"column":12},"end":{"line":154,"column":57}},"79":{"start":{"line":155,"column":12},"end":{"line":159,"column":13}},"80":{"start":{"line":156,"column":27},"end":{"line":156,"column":41}},"81":{"start":{"line":157,"column":16},"end":{"line":157,"column":28}},"82":{"start":{"line":158,"column":16},"end":{"line":158,"column":51}},"83":{"start":{"line":164,"column":8},"end":{"line":164,"column":44}},"84":{"start":{"line":168,"column":8},"end":{"line":185,"column":9}},"85":{"start":{"line":169,"column":12},"end":{"line":169,"column":59}},"86":{"start":{"line":171,"column":32},"end":{"line":171,"column":34}},"87":{"start":{"line":172,"column":12},"end":{"line":178,"column":13}},"88":{"start":{"line":172,"column":25},"end":{"line":172,"column":26}},"89":{"start":{"line":173,"column":16},"end":{"line":177,"column":17}},"90":{"start":{"line":174,"column":20},"end":{"line":176,"column":21}},"91":{"start":{"line":175,"column":24},"end":{"line":175,"column":68}},"92":{"start":{"line":179,"column":12},"end":{"line":183,"column":13}},"93":{"start":{"line":179,"column":25},"end":{"line":179,"column":26}},"94":{"start":{"line":180,"column":16},"end":{"line":182,"column":17}},"95":{"start":{"line":181,"column":20},"end":{"line":181,"column":71}},"96":{"start":{"line":184,"column":12},"end":{"line":184,"column":52}},"97":{"start":{"line":189,"column":20},"end":{"line":189,"column":58}},"98":{"start":{"line":190,"column":8},"end":{"line":195,"column":9}},"99":{"start":{"line":191,"column":12},"end":{"line":191,"column":46}},"100":{"start":{"line":194,"column":12},"end":{"line":194,"column":46}},"101":{"start":{"line":199,"column":20},"end":{"line":199,"column":58}},"102":{"start":{"line":200,"column":21},"end":{"line":200,"column":64}},"103":{"start":{"line":201,"column":8},"end":{"line":201,"column":63}},"104":{"start":{"line":206,"column":22},"end":{"line":206,"column":60}},"105":{"start":{"line":207,"column":8},"end":{"line":234,"column":11}},"106":{"start":{"line":210,"column":12},"end":{"line":233,"column":13}},"107":{"start":{"line":211,"column":16},"end":{"line":226,"column":19}},"108":{"start":{"line":212,"column":20},"end":{"line":217,"column":21}},"109":{"start":{"line":213,"column":39},"end":{"line":213,"column":54}},"110":{"start":{"line":214,"column":40},"end":{"line":214,"column":74}},"111":{"start":{"line":215,"column":24},"end":{"line":215,"column":47}},"112":{"start":{"line":216,"column":24},"end":{"line":216,"column":58}},"113":{"start":{"line":218,"column":31},"end":{"line":218,"column":50}},"114":{"start":{"line":219,"column":20},"end":{"line":219,"column":40}},"115":{"start":{"line":220,"column":20},"end":{"line":220,"column":54}},"116":{"start":{"line":222,"column":33},"end":{"line":222,"column":76}},"117":{"start":{"line":225,"column":20},"end":{"line":225,"column":170}},"118":{"start":{"line":227,"column":16},"end":{"line":229,"column":19}},"119":{"start":{"line":230,"column":16},"end":{"line":232,"column":19}},"120":{"start":{"line":237,"column":16},"end":{"line":270,"column":5}},"121":{"start":{"line":238,"column":21},"end":{"line":238,"column":39}},"122":{"start":{"line":239,"column":8},"end":{"line":269,"column":9}},"123":{"start":{"line":240,"column":26},"end":{"line":240,"column":33}},"124":{"start":{"line":241,"column":27},"end":{"line":241,"column":41}},"125":{"start":{"line":242,"column":12},"end":{"line":242,"column":44}},"126":{"start":{"line":243,"column":12},"end":{"line":268,"column":14}},"127":{"start":{"line":247,"column":16},"end":{"line":267,"column":17}},"128":{"start":{"line":248,"column":20},"end":{"line":258,"column":23}},"129":{"start":{"line":249,"column":24},"end":{"line":254,"column":25}},"130":{"start":{"line":250,"column":43},"end":{"line":250,"column":58}},"131":{"start":{"line":251,"column":44},"end":{"line":251,"column":78}},"132":{"start":{"line":252,"column":28},"end":{"line":252,"column":51}},"133":{"start":{"line":253,"column":28},"end":{"line":253,"column":62}},"134":{"start":{"line":255,"column":35},"end":{"line":255,"column":54}},"135":{"start":{"line":256,"column":24},"end":{"line":256,"column":44}},"136":{"start":{"line":257,"column":24},"end":{"line":257,"column":58}},"137":{"start":{"line":259,"column":20},"end":{"line":261,"column":23}},"138":{"start":{"line":262,"column":20},"end":{"line":264,"column":23}},"139":{"start":{"line":265,"column":23},"end":{"line":267,"column":17}},"140":{"start":{"line":266,"column":20},"end":{"line":266,"column":82}},"141":{"start":{"line":272,"column":16},"end":{"line":306,"column":5}},"142":{"start":{"line":273,"column":21},"end":{"line":273,"column":39}},"143":{"start":{"line":274,"column":8},"end":{"line":305,"column":9}},"144":{"start":{"line":275,"column":26},"end":{"line":275,"column":33}},"145":{"start":{"line":276,"column":27},"end":{"line":276,"column":41}},"146":{"start":{"line":277,"column":12},"end":{"line":277,"column":31}},"147":{"start":{"line":278,"column":12},"end":{"line":278,"column":44}},"148":{"start":{"line":279,"column":12},"end":{"line":304,"column":14}},"149":{"start":{"line":283,"column":16},"end":{"line":303,"column":17}},"150":{"start":{"line":284,"column":20},"end":{"line":294,"column":23}},"151":{"start":{"line":285,"column":24},"end":{"line":290,"column":25}},"152":{"start":{"line":286,"column":43},"end":{"line":286,"column":58}},"153":{"start":{"line":287,"column":44},"end":{"line":287,"column":78}},"154":{"start":{"line":288,"column":28},"end":{"line":288,"column":51}},"155":{"start":{"line":289,"column":28},"end":{"line":289,"column":62}},"156":{"start":{"line":291,"column":35},"end":{"line":291,"column":54}},"157":{"start":{"line":292,"column":24},"end":{"line":292,"column":44}},"158":{"start":{"line":293,"column":24},"end":{"line":293,"column":58}},"159":{"start":{"line":295,"column":20},"end":{"line":297,"column":23}},"160":{"start":{"line":298,"column":20},"end":{"line":300,"column":23}},"161":{"start":{"line":301,"column":23},"end":{"line":303,"column":17}},"162":{"start":{"line":302,"column":20},"end":{"line":302,"column":82}},"163":{"start":{"line":308,"column":20},"end":{"line":337,"column":5}},"164":{"start":{"line":309,"column":23},"end":{"line":309,"column":37}},"165":{"start":{"line":310,"column":8},"end":{"line":310,"column":40}},"166":{"start":{"line":311,"column":8},"end":{"line":336,"column":10}},"167":{"start":{"line":315,"column":12},"end":{"line":335,"column":13}},"168":{"start":{"line":316,"column":16},"end":{"line":326,"column":19}},"169":{"start":{"line":317,"column":20},"end":{"line":322,"column":21}},"170":{"start":{"line":318,"column":39},"end":{"line":318,"column":54}},"171":{"start":{"line":319,"column":40},"end":{"line":319,"column":74}},"172":{"start":{"line":320,"column":24},"end":{"line":320,"column":47}},"173":{"start":{"line":321,"column":24},"end":{"line":321,"column":58}},"174":{"start":{"line":323,"column":31},"end":{"line":323,"column":50}},"175":{"start":{"line":324,"column":20},"end":{"line":324,"column":40}},"176":{"start":{"line":325,"column":20},"end":{"line":325,"column":54}},"177":{"start":{"line":327,"column":16},"end":{"line":329,"column":19}},"178":{"start":{"line":330,"column":16},"end":{"line":332,"column":19}},"179":{"start":{"line":333,"column":19},"end":{"line":335,"column":13}},"180":{"start":{"line":334,"column":16},"end":{"line":334,"column":78}},"181":{"start":{"line":339,"column":16},"end":{"line":372,"column":5}},"182":{"start":{"line":340,"column":21},"end":{"line":340,"column":39}},"183":{"start":{"line":341,"column":8},"end":{"line":371,"column":9}},"184":{"start":{"line":342,"column":26},"end":{"line":342,"column":33}},"185":{"start":{"line":343,"column":27},"end":{"line":343,"column":39}},"186":{"start":{"line":344,"column":12},"end":{"line":344,"column":44}},"187":{"start":{"line":345,"column":12},"end":{"line":370,"column":14}},"188":{"start":{"line":349,"column":16},"end":{"line":369,"column":17}},"189":{"start":{"line":350,"column":20},"end":{"line":360,"column":23}},"190":{"start":{"line":351,"column":24},"end":{"line":356,"column":25}},"191":{"start":{"line":352,"column":43},"end":{"line":352,"column":58}},"192":{"start":{"line":353,"column":44},"end":{"line":353,"column":78}},"193":{"start":{"line":354,"column":28},"end":{"line":354,"column":51}},"194":{"start":{"line":355,"column":28},"end":{"line":355,"column":62}},"195":{"start":{"line":357,"column":35},"end":{"line":357,"column":54}},"196":{"start":{"line":358,"column":24},"end":{"line":358,"column":44}},"197":{"start":{"line":359,"column":24},"end":{"line":359,"column":58}},"198":{"start":{"line":361,"column":20},"end":{"line":363,"column":23}},"199":{"start":{"line":364,"column":20},"end":{"line":366,"column":23}},"200":{"start":{"line":367,"column":23},"end":{"line":369,"column":17}},"201":{"start":{"line":368,"column":20},"end":{"line":368,"column":82}},"202":{"start":{"line":375,"column":8},"end":{"line":379,"column":9}},"203":{"start":{"line":376,"column":12},"end":{"line":376,"column":73}},"204":{"start":{"line":378,"column":12},"end":{"line":378,"column":77}},"205":{"start":{"line":384,"column":8},"end":{"line":418,"column":9}},"206":{"start":{"line":385,"column":12},"end":{"line":389,"column":14}},"207":{"start":{"line":388,"column":16},"end":{"line":388,"column":58}},"208":{"start":{"line":391,"column":20},"end":{"line":391,"column":78}},"209":{"start":{"line":392,"column":20},"end":{"line":392,"column":85}},"210":{"start":{"line":393,"column":12},"end":{"line":412,"column":13}},"211":{"start":{"line":394,"column":16},"end":{"line":410,"column":17}},"212":{"start":{"line":395,"column":20},"end":{"line":409,"column":21}},"213":{"start":{"line":396,"column":24},"end":{"line":396,"column":121}},"214":{"start":{"line":397,"column":24},"end":{"line":405,"column":25}},"215":{"start":{"line":398,"column":43},"end":{"line":398,"column":58}},"216":{"start":{"line":399,"column":28},"end":{"line":399,"column":43}},"217":{"start":{"line":400,"column":28},"end":{"line":400,"column":62}},"218":{"start":{"line":401,"column":28},"end":{"line":404,"column":29}},"219":{"start":{"line":402,"column":47},"end":{"line":402,"column":62}},"220":{"start":{"line":403,"column":32},"end":{"line":403,"column":70}},"221":{"start":{"line":406,"column":35},"end":{"line":406,"column":54}},"222":{"start":{"line":407,"column":24},"end":{"line":407,"column":42}},"223":{"start":{"line":408,"column":24},"end":{"line":408,"column":58}},"224":{"start":{"line":411,"column":16},"end":{"line":411,"column":26}},"225":{"start":{"line":413,"column":12},"end":{"line":417,"column":13}},"226":{"start":{"line":413,"column":25},"end":{"line":413,"column":26}},"227":{"start":{"line":414,"column":16},"end":{"line":416,"column":17}},"228":{"start":{"line":415,"column":20},"end":{"line":415,"column":73}},"229":{"start":{"line":422,"column":8},"end":{"line":449,"column":10}},"230":{"start":{"line":432,"column":12},"end":{"line":432,"column":41}},"231":{"start":{"line":433,"column":12},"end":{"line":436,"column":13}},"232":{"start":{"line":434,"column":16},"end":{"line":434,"column":75}},"233":{"start":{"line":435,"column":16},"end":{"line":435,"column":22}},"234":{"start":{"line":437,"column":12},"end":{"line":446,"column":21}},"235":{"start":{"line":438,"column":29},"end":{"line":442,"column":18}},"236":{"start":{"line":441,"column":20},"end":{"line":441,"column":38}},"237":{"start":{"line":443,"column":16},"end":{"line":445,"column":17}},"238":{"start":{"line":444,"column":20},"end":{"line":444,"column":87}},"239":{"start":{"line":447,"column":24},"end":{"line":447,"column":154}},"240":{"start":{"line":448,"column":12},"end":{"line":448,"column":41}},"241":{"start":{"line":453,"column":8},"end":{"line":457,"column":9}},"242":{"start":{"line":454,"column":12},"end":{"line":454,"column":73}},"243":{"start":{"line":456,"column":12},"end":{"line":456,"column":73}},"244":{"start":{"line":461,"column":8},"end":{"line":481,"column":9}},"245":{"start":{"line":462,"column":12},"end":{"line":477,"column":13}},"246":{"start":{"line":462,"column":25},"end":{"line":462,"column":26}},"247":{"start":{"line":463,"column":16},"end":{"line":476,"column":17}},"248":{"start":{"line":464,"column":37},"end":{"line":464,"column":38}},"249":{"start":{"line":465,"column":20},"end":{"line":469,"column":21}},"250":{"start":{"line":465,"column":33},"end":{"line":465,"column":34}},"251":{"start":{"line":466,"column":24},"end":{"line":468,"column":25}},"252":{"start":{"line":467,"column":28},"end":{"line":467,"column":43}},"253":{"start":{"line":470,"column":20},"end":{"line":475,"column":21}},"254":{"start":{"line":471,"column":35},"end":{"line":471,"column":54}},"255":{"start":{"line":472,"column":24},"end":{"line":472,"column":55}},"256":{"start":{"line":473,"column":24},"end":{"line":473,"column":58}},"257":{"start":{"line":474,"column":24},"end":{"line":474,"column":144}},"258":{"start":{"line":478,"column":12},"end":{"line":480,"column":13}},"259":{"start":{"line":478,"column":25},"end":{"line":478,"column":26}},"260":{"start":{"line":479,"column":16},"end":{"line":479,"column":67}},"261":{"start":{"line":485,"column":8},"end":{"line":489,"column":9}},"262":{"start":{"line":486,"column":12},"end":{"line":486,"column":79}},"263":{"start":{"line":488,"column":12},"end":{"line":488,"column":79}},"264":{"start":{"line":493,"column":8},"end":{"line":518,"column":9}},"265":{"start":{"line":495,"column":12},"end":{"line":512,"column":13}},"266":{"start":{"line":495,"column":25},"end":{"line":495,"column":26}},"267":{"start":{"line":496,"column":16},"end":{"line":511,"column":17}},"268":{"start":{"line":497,"column":20},"end":{"line":510,"column":21}},"269":{"start":{"line":498,"column":41},"end":{"line":498,"column":42}},"270":{"start":{"line":499,"column":24},"end":{"line":503,"column":25}},"271":{"start":{"line":499,"column":37},"end":{"line":499,"column":38}},"272":{"start":{"line":500,"column":28},"end":{"line":502,"column":29}},"273":{"start":{"line":501,"column":32},"end":{"line":501,"column":47}},"274":{"start":{"line":504,"column":24},"end":{"line":509,"column":25}},"275":{"start":{"line":505,"column":39},"end":{"line":505,"column":58}},"276":{"start":{"line":506,"column":28},"end":{"line":506,"column":59}},"277":{"start":{"line":507,"column":28},"end":{"line":507,"column":62}},"278":{"start":{"line":508,"column":28},"end":{"line":508,"column":151}},"279":{"start":{"line":513,"column":12},"end":{"line":517,"column":13}},"280":{"start":{"line":513,"column":25},"end":{"line":513,"column":26}},"281":{"start":{"line":514,"column":16},"end":{"line":516,"column":17}},"282":{"start":{"line":515,"column":20},"end":{"line":515,"column":74}},"283":{"start":{"line":522,"column":8},"end":{"line":526,"column":9}},"284":{"start":{"line":523,"column":12},"end":{"line":523,"column":82}},"285":{"start":{"line":524,"column":15},"end":{"line":526,"column":9}},"286":{"start":{"line":525,"column":12},"end":{"line":525,"column":82}},"287":{"start":{"line":530,"column":8},"end":{"line":554,"column":9}},"288":{"start":{"line":531,"column":20},"end":{"line":531,"column":21}},"289":{"start":{"line":532,"column":20},"end":{"line":532,"column":21}},"290":{"start":{"line":533,"column":20},"end":{"line":533,"column":46}},"291":{"start":{"line":534,"column":34},"end":{"line":534,"column":36}},"292":{"start":{"line":535,"column":12},"end":{"line":545,"column":13}},"293":{"start":{"line":536,"column":16},"end":{"line":542,"column":17}},"294":{"start":{"line":537,"column":20},"end":{"line":537,"column":65}},"295":{"start":{"line":538,"column":31},"end":{"line":538,"column":50}},"296":{"start":{"line":539,"column":20},"end":{"line":539,"column":38}},"297":{"start":{"line":540,"column":20},"end":{"line":540,"column":54}},"298":{"start":{"line":541,"column":20},"end":{"line":541,"column":30}},"299":{"start":{"line":543,"column":16},"end":{"line":543,"column":26}},"300":{"start":{"line":544,"column":16},"end":{"line":544,"column":26}},"301":{"start":{"line":546,"column":12},"end":{"line":548,"column":13}},"302":{"start":{"line":546,"column":25},"end":{"line":546,"column":26}},"303":{"start":{"line":547,"column":16},"end":{"line":547,"column":70}},"304":{"start":{"line":549,"column":12},"end":{"line":553,"column":13}},"305":{"start":{"line":549,"column":25},"end":{"line":549,"column":26}},"306":{"start":{"line":550,"column":16},"end":{"line":552,"column":19}},"307":{"start":{"line":559,"column":8},"end":{"line":559,"column":39}},"308":{"start":{"line":563,"column":8},"end":{"line":566,"column":9}},"309":{"start":{"line":564,"column":25},"end":{"line":564,"column":44}},"310":{"start":{"line":565,"column":12},"end":{"line":565,"column":42}},"311":{"start":{"line":570,"column":8},"end":{"line":573,"column":9}},"312":{"start":{"line":571,"column":25},"end":{"line":571,"column":44}},"313":{"start":{"line":572,"column":12},"end":{"line":572,"column":42}},"314":{"start":{"line":577,"column":8},"end":{"line":585,"column":11}},"315":{"start":{"line":586,"column":8},"end":{"line":586,"column":58}},"316":{"start":{"line":590,"column":21},"end":{"line":592,"column":5}},"317":{"start":{"line":591,"column":8},"end":{"line":591,"column":40}},"318":{"start":{"line":594,"column":20},"end":{"line":596,"column":5}},"319":{"start":{"line":595,"column":8},"end":{"line":595,"column":41}},"320":{"start":{"line":599,"column":8},"end":{"line":599,"column":66}},"321":{"start":{"line":616,"column":8},"end":{"line":616,"column":55}},"322":{"start":{"line":621,"column":8},"end":{"line":621,"column":41}},"323":{"start":{"line":627,"column":8},"end":{"line":883,"column":10}},"324":{"start":{"line":633,"column":47},"end":{"line":633,"column":64}},"325":{"start":{"line":638,"column":28},"end":{"line":686,"column":29}},"326":{"start":{"line":639,"column":32},"end":{"line":642,"column":39}},"327":{"start":{"line":640,"column":59},"end":{"line":640,"column":104}},"328":{"start":{"line":643,"column":35},"end":{"line":686,"column":29}},"329":{"start":{"line":644,"column":32},"end":{"line":647,"column":39}},"330":{"start":{"line":645,"column":59},"end":{"line":645,"column":104}},"331":{"start":{"line":648,"column":35},"end":{"line":686,"column":29}},"332":{"start":{"line":649,"column":32},"end":{"line":652,"column":39}},"333":{"start":{"line":650,"column":59},"end":{"line":650,"column":104}},"334":{"start":{"line":653,"column":35},"end":{"line":686,"column":29}},"335":{"start":{"line":654,"column":49},"end":{"line":654,"column":65}},"336":{"start":{"line":655,"column":32},"end":{"line":659,"column":39}},"337":{"start":{"line":660,"column":35},"end":{"line":686,"column":29}},"338":{"start":{"line":661,"column":49},"end":{"line":661,"column":65}},"339":{"start":{"line":662,"column":32},"end":{"line":666,"column":39}},"340":{"start":{"line":667,"column":35},"end":{"line":686,"column":29}},"341":{"start":{"line":668,"column":49},"end":{"line":668,"column":65}},"342":{"start":{"line":669,"column":32},"end":{"line":673,"column":39}},"343":{"start":{"line":674,"column":35},"end":{"line":686,"column":29}},"344":{"start":{"line":675,"column":32},"end":{"line":678,"column":39}},"345":{"start":{"line":676,"column":59},"end":{"line":676,"column":104}},"346":{"start":{"line":679,"column":35},"end":{"line":686,"column":29}},"347":{"start":{"line":680,"column":49},"end":{"line":680,"column":65}},"348":{"start":{"line":681,"column":32},"end":{"line":685,"column":39}},"349":{"start":{"line":688,"column":73},"end":{"line":688,"column":89}},"350":{"start":{"line":696,"column":36},"end":{"line":796,"column":37}},"351":{"start":{"line":697,"column":40},"end":{"line":795,"column":41}},"352":{"start":{"line":698,"column":44},"end":{"line":712,"column":45}},"353":{"start":{"line":699,"column":48},"end":{"line":699,"column":87}},"354":{"start":{"line":700,"column":51},"end":{"line":712,"column":45}},"355":{"start":{"line":701,"column":48},"end":{"line":701,"column":92}},"356":{"start":{"line":702,"column":51},"end":{"line":712,"column":45}},"357":{"start":{"line":703,"column":48},"end":{"line":703,"column":87}},"358":{"start":{"line":704,"column":51},"end":{"line":712,"column":45}},"359":{"start":{"line":705,"column":48},"end":{"line":705,"column":91}},"360":{"start":{"line":706,"column":51},"end":{"line":712,"column":45}},"361":{"start":{"line":707,"column":64},"end":{"line":707,"column":79}},"362":{"start":{"line":708,"column":48},"end":{"line":708,"column":126}},"363":{"start":{"line":709,"column":51},"end":{"line":712,"column":45}},"364":{"start":{"line":710,"column":64},"end":{"line":710,"column":79}},"365":{"start":{"line":711,"column":48},"end":{"line":711,"column":130}},"366":{"start":{"line":713,"column":47},"end":{"line":795,"column":41}},"367":{"start":{"line":714,"column":58},"end":{"line":714,"column":110}},"368":{"start":{"line":715,"column":62},"end":{"line":715,"column":94}},"369":{"start":{"line":716,"column":44},"end":{"line":730,"column":45}},"370":{"start":{"line":717,"column":48},"end":{"line":717,"column":98}},"371":{"start":{"line":718,"column":51},"end":{"line":730,"column":45}},"372":{"start":{"line":719,"column":48},"end":{"line":719,"column":103}},"373":{"start":{"line":720,"column":51},"end":{"line":730,"column":45}},"374":{"start":{"line":721,"column":48},"end":{"line":721,"column":98}},"375":{"start":{"line":722,"column":51},"end":{"line":730,"column":45}},"376":{"start":{"line":723,"column":48},"end":{"line":723,"column":102}},"377":{"start":{"line":724,"column":51},"end":{"line":730,"column":45}},"378":{"start":{"line":725,"column":64},"end":{"line":725,"column":79}},"379":{"start":{"line":726,"column":48},"end":{"line":726,"column":137}},"380":{"start":{"line":727,"column":51},"end":{"line":730,"column":45}},"381":{"start":{"line":728,"column":64},"end":{"line":728,"column":79}},"382":{"start":{"line":729,"column":48},"end":{"line":729,"column":141}},"383":{"start":{"line":731,"column":47},"end":{"line":795,"column":41}},"384":{"start":{"line":732,"column":58},"end":{"line":732,"column":110}},"385":{"start":{"line":733,"column":62},"end":{"line":733,"column":94}},"386":{"start":{"line":734,"column":44},"end":{"line":762,"column":45}},"387":{"start":{"line":735,"column":48},"end":{"line":737,"column":63}},"388":{"start":{"line":738,"column":51},"end":{"line":762,"column":45}},"389":{"start":{"line":739,"column":48},"end":{"line":741,"column":63}},"390":{"start":{"line":742,"column":51},"end":{"line":762,"column":45}},"391":{"start":{"line":743,"column":48},"end":{"line":745,"column":63}},"392":{"start":{"line":746,"column":51},"end":{"line":762,"column":45}},"393":{"start":{"line":747,"column":48},"end":{"line":749,"column":63}},"394":{"start":{"line":750,"column":51},"end":{"line":762,"column":45}},"395":{"start":{"line":751,"column":64},"end":{"line":751,"column":79}},"396":{"start":{"line":752,"column":48},"end":{"line":755,"column":68}},"397":{"start":{"line":756,"column":51},"end":{"line":762,"column":45}},"398":{"start":{"line":757,"column":64},"end":{"line":757,"column":79}},"399":{"start":{"line":758,"column":48},"end":{"line":761,"column":68}},"400":{"start":{"line":763,"column":47},"end":{"line":795,"column":41}},"401":{"start":{"line":764,"column":58},"end":{"line":764,"column":110}},"402":{"start":{"line":765,"column":62},"end":{"line":765,"column":94}},"403":{"start":{"line":766,"column":44},"end":{"line":794,"column":45}},"404":{"start":{"line":767,"column":48},"end":{"line":769,"column":63}},"405":{"start":{"line":770,"column":51},"end":{"line":794,"column":45}},"406":{"start":{"line":771,"column":48},"end":{"line":773,"column":63}},"407":{"start":{"line":774,"column":51},"end":{"line":794,"column":45}},"408":{"start":{"line":775,"column":48},"end":{"line":777,"column":63}},"409":{"start":{"line":778,"column":51},"end":{"line":794,"column":45}},"410":{"start":{"line":779,"column":48},"end":{"line":781,"column":63}},"411":{"start":{"line":782,"column":51},"end":{"line":794,"column":45}},"412":{"start":{"line":783,"column":64},"end":{"line":783,"column":79}},"413":{"start":{"line":784,"column":48},"end":{"line":787,"column":68}},"414":{"start":{"line":788,"column":51},"end":{"line":794,"column":45}},"415":{"start":{"line":789,"column":64},"end":{"line":789,"column":79}},"416":{"start":{"line":790,"column":48},"end":{"line":793,"column":68}},"417":{"start":{"line":801,"column":40},"end":{"line":809,"column":41}},"418":{"start":{"line":802,"column":44},"end":{"line":804,"column":51}},"419":{"start":{"line":806,"column":44},"end":{"line":808,"column":51}},"420":{"start":{"line":807,"column":71},"end":{"line":807,"column":97}},"421":{"start":{"line":819,"column":40},"end":{"line":823,"column":41}},"422":{"start":{"line":820,"column":44},"end":{"line":820,"column":84}},"423":{"start":{"line":822,"column":44},"end":{"line":822,"column":62}},"424":{"start":{"line":845,"column":28},"end":{"line":857,"column":29}},"425":{"start":{"line":846,"column":32},"end":{"line":849,"column":39}},"426":{"start":{"line":851,"column":46},"end":{"line":851,"column":59}},"427":{"start":{"line":852,"column":32},"end":{"line":856,"column":39}},"428":{"start":{"line":864,"column":28},"end":{"line":878,"column":29}},"429":{"start":{"line":865,"column":32},"end":{"line":868,"column":39}},"430":{"start":{"line":870,"column":32},"end":{"line":877,"column":33}},"431":{"start":{"line":871,"column":53},"end":{"line":871,"column":69}},"432":{"start":{"line":872,"column":36},"end":{"line":876,"column":43}}},"fnMap":{"0":{"name":"(anonymous_0)","decl":{"start":{"line":12,"column":4},"end":{"line":12,"column":5}},"loc":{"start":{"line":12,"column":23},"end":{"line":61,"column":5}},"line":12},"1":{"name":"(anonymous_1)","decl":{"start":{"line":63,"column":4},"end":{"line":63,"column":5}},"loc":{"start":{"line":63,"column":19},"end":{"line":84,"column":5}},"line":63},"2":{"name":"(anonymous_2)","decl":{"start":{"line":65,"column":18},"end":{"line":65,"column":19}},"loc":{"start":{"line":65,"column":25},"end":{"line":83,"column":13}},"line":65},"3":{"name":"(anonymous_3)","decl":{"start":{"line":86,"column":4},"end":{"line":86,"column":5}},"loc":{"start":{"line":86,"column":30},"end":{"line":138,"column":5}},"line":86},"4":{"name":"(anonymous_4)","decl":{"start":{"line":97,"column":28},"end":{"line":97,"column":29}},"loc":{"start":{"line":97,"column":40},"end":{"line":97,"column":55}},"line":97},"5":{"name":"(anonymous_5)","decl":{"start":{"line":97,"column":62},"end":{"line":97,"column":63}},"loc":{"start":{"line":97,"column":82},"end":{"line":108,"column":21}},"line":97},"6":{"name":"(anonymous_6)","decl":{"start":{"line":112,"column":27},"end":{"line":112,"column":28}},"loc":{"start":{"line":112,"column":39},"end":{"line":136,"column":9}},"line":112},"7":{"name":"(anonymous_7)","decl":{"start":{"line":115,"column":20},"end":{"line":115,"column":21}},"loc":{"start":{"line":115,"column":29},"end":{"line":117,"column":13}},"line":115},"8":{"name":"(anonymous_8)","decl":{"start":{"line":140,"column":4},"end":{"line":140,"column":5}},"loc":{"start":{"line":140,"column":35},"end":{"line":161,"column":5}},"line":140},"9":{"name":"(anonymous_9)","decl":{"start":{"line":143,"column":18},"end":{"line":143,"column":19}},"loc":{"start":{"line":143,"column":25},"end":{"line":151,"column":13}},"line":143},"10":{"name":"(anonymous_10)","decl":{"start":{"line":163,"column":4},"end":{"line":163,"column":5}},"loc":{"start":{"line":163,"column":16},"end":{"line":165,"column":5}},"line":163},"11":{"name":"(anonymous_11)","decl":{"start":{"line":167,"column":4},"end":{"line":167,"column":5}},"loc":{"start":{"line":167,"column":21},"end":{"line":186,"column":5}},"line":167},"12":{"name":"(anonymous_12)","decl":{"start":{"line":188,"column":4},"end":{"line":188,"column":5}},"loc":{"start":{"line":188,"column":16},"end":{"line":196,"column":5}},"line":188},"13":{"name":"(anonymous_13)","decl":{"start":{"line":198,"column":4},"end":{"line":198,"column":5}},"loc":{"start":{"line":198,"column":15},"end":{"line":203,"column":5}},"line":198},"14":{"name":"(anonymous_14)","decl":{"start":{"line":205,"column":4},"end":{"line":205,"column":5}},"loc":{"start":{"line":205,"column":24},"end":{"line":235,"column":5}},"line":205},"15":{"name":"(anonymous_15)","decl":{"start":{"line":209,"column":16},"end":{"line":209,"column":17}},"loc":{"start":{"line":209,"column":30},"end":{"line":234,"column":9}},"line":209},"16":{"name":"(anonymous_16)","decl":{"start":{"line":211,"column":37},"end":{"line":211,"column":38}},"loc":{"start":{"line":211,"column":51},"end":{"line":226,"column":17}},"line":211},"17":{"name":"(anonymous_17)","decl":{"start":{"line":237,"column":16},"end":{"line":237,"column":17}},"loc":{"start":{"line":237,"column":33},"end":{"line":270,"column":5}},"line":237},"18":{"name":"(anonymous_18)","decl":{"start":{"line":246,"column":20},"end":{"line":246,"column":21}},"loc":{"start":{"line":246,"column":34},"end":{"line":268,"column":13}},"line":246},"19":{"name":"(anonymous_19)","decl":{"start":{"line":248,"column":41},"end":{"line":248,"column":42}},"loc":{"start":{"line":248,"column":55},"end":{"line":258,"column":21}},"line":248},"20":{"name":"(anonymous_20)","decl":{"start":{"line":272,"column":16},"end":{"line":272,"column":17}},"loc":{"start":{"line":272,"column":33},"end":{"line":306,"column":5}},"line":272},"21":{"name":"(anonymous_21)","decl":{"start":{"line":282,"column":20},"end":{"line":282,"column":21}},"loc":{"start":{"line":282,"column":34},"end":{"line":304,"column":13}},"line":282},"22":{"name":"(anonymous_22)","decl":{"start":{"line":284,"column":41},"end":{"line":284,"column":42}},"loc":{"start":{"line":284,"column":55},"end":{"line":294,"column":21}},"line":284},"23":{"name":"(anonymous_23)","decl":{"start":{"line":308,"column":20},"end":{"line":308,"column":21}},"loc":{"start":{"line":308,"column":37},"end":{"line":337,"column":5}},"line":308},"24":{"name":"(anonymous_24)","decl":{"start":{"line":314,"column":16},"end":{"line":314,"column":17}},"loc":{"start":{"line":314,"column":30},"end":{"line":336,"column":9}},"line":314},"25":{"name":"(anonymous_25)","decl":{"start":{"line":316,"column":37},"end":{"line":316,"column":38}},"loc":{"start":{"line":316,"column":51},"end":{"line":326,"column":17}},"line":316},"26":{"name":"(anonymous_26)","decl":{"start":{"line":339,"column":16},"end":{"line":339,"column":17}},"loc":{"start":{"line":339,"column":33},"end":{"line":372,"column":5}},"line":339},"27":{"name":"(anonymous_27)","decl":{"start":{"line":348,"column":20},"end":{"line":348,"column":21}},"loc":{"start":{"line":348,"column":34},"end":{"line":370,"column":13}},"line":348},"28":{"name":"(anonymous_28)","decl":{"start":{"line":350,"column":41},"end":{"line":350,"column":42}},"loc":{"start":{"line":350,"column":55},"end":{"line":360,"column":21}},"line":350},"29":{"name":"(anonymous_29)","decl":{"start":{"line":374,"column":4},"end":{"line":374,"column":5}},"loc":{"start":{"line":374,"column":20},"end":{"line":380,"column":5}},"line":374},"30":{"name":"(anonymous_30)","decl":{"start":{"line":382,"column":4},"end":{"line":382,"column":5}},"loc":{"start":{"line":382,"column":26},"end":{"line":419,"column":5}},"line":382},"31":{"name":"(anonymous_31)","decl":{"start":{"line":387,"column":20},"end":{"line":387,"column":21}},"loc":{"start":{"line":387,"column":30},"end":{"line":389,"column":13}},"line":387},"32":{"name":"(anonymous_32)","decl":{"start":{"line":421,"column":4},"end":{"line":421,"column":5}},"loc":{"start":{"line":421,"column":22},"end":{"line":450,"column":5}},"line":421},"33":{"name":"(anonymous_33)","decl":{"start":{"line":431,"column":16},"end":{"line":431,"column":17}},"loc":{"start":{"line":431,"column":28},"end":{"line":449,"column":9}},"line":431},"34":{"name":"(anonymous_34)","decl":{"start":{"line":437,"column":30},"end":{"line":437,"column":31}},"loc":{"start":{"line":437,"column":42},"end":{"line":446,"column":13}},"line":437},"35":{"name":"(anonymous_35)","decl":{"start":{"line":440,"column":24},"end":{"line":440,"column":25}},"loc":{"start":{"line":440,"column":33},"end":{"line":442,"column":17}},"line":440},"36":{"name":"(anonymous_36)","decl":{"start":{"line":452,"column":4},"end":{"line":452,"column":5}},"loc":{"start":{"line":452,"column":20},"end":{"line":458,"column":5}},"line":452},"37":{"name":"(anonymous_37)","decl":{"start":{"line":460,"column":4},"end":{"line":460,"column":5}},"loc":{"start":{"line":460,"column":17},"end":{"line":482,"column":5}},"line":460},"38":{"name":"(anonymous_38)","decl":{"start":{"line":484,"column":4},"end":{"line":484,"column":5}},"loc":{"start":{"line":484,"column":23},"end":{"line":490,"column":5}},"line":484},"39":{"name":"(anonymous_39)","decl":{"start":{"line":492,"column":4},"end":{"line":492,"column":5}},"loc":{"start":{"line":492,"column":20},"end":{"line":519,"column":5}},"line":492},"40":{"name":"(anonymous_40)","decl":{"start":{"line":521,"column":4},"end":{"line":521,"column":5}},"loc":{"start":{"line":521,"column":22},"end":{"line":527,"column":5}},"line":521},"41":{"name":"(anonymous_41)","decl":{"start":{"line":529,"column":4},"end":{"line":529,"column":5}},"loc":{"start":{"line":529,"column":26},"end":{"line":555,"column":5}},"line":529},"42":{"name":"(anonymous_42)","decl":{"start":{"line":558,"column":4},"end":{"line":558,"column":5}},"loc":{"start":{"line":558,"column":26},"end":{"line":560,"column":5}},"line":558},"43":{"name":"(anonymous_43)","decl":{"start":{"line":562,"column":4},"end":{"line":562,"column":5}},"loc":{"start":{"line":562,"column":22},"end":{"line":567,"column":5}},"line":562},"44":{"name":"(anonymous_44)","decl":{"start":{"line":569,"column":4},"end":{"line":569,"column":5}},"loc":{"start":{"line":569,"column":18},"end":{"line":574,"column":5}},"line":569},"45":{"name":"(anonymous_45)","decl":{"start":{"line":576,"column":4},"end":{"line":576,"column":5}},"loc":{"start":{"line":576,"column":23},"end":{"line":587,"column":5}},"line":576},"46":{"name":"(anonymous_46)","decl":{"start":{"line":590,"column":21},"end":{"line":590,"column":22}},"loc":{"start":{"line":590,"column":27},"end":{"line":592,"column":5}},"line":590},"47":{"name":"(anonymous_47)","decl":{"start":{"line":594,"column":20},"end":{"line":594,"column":21}},"loc":{"start":{"line":594,"column":26},"end":{"line":596,"column":5}},"line":594},"48":{"name":"(anonymous_48)","decl":{"start":{"line":598,"column":4},"end":{"line":598,"column":5}},"loc":{"start":{"line":598,"column":25},"end":{"line":613,"column":5}},"line":598},"49":{"name":"(anonymous_49)","decl":{"start":{"line":615,"column":4},"end":{"line":615,"column":5}},"loc":{"start":{"line":615,"column":25},"end":{"line":624,"column":5}},"line":615},"50":{"name":"(anonymous_50)","decl":{"start":{"line":626,"column":4},"end":{"line":626,"column":5}},"loc":{"start":{"line":626,"column":13},"end":{"line":884,"column":5}},"line":626},"51":{"name":"(anonymous_51)","decl":{"start":{"line":633,"column":41},"end":{"line":633,"column":42}},"loc":{"start":{"line":633,"column":47},"end":{"line":633,"column":64}},"line":633},"52":{"name":"(anonymous_52)","decl":{"start":{"line":636,"column":49},"end":{"line":636,"column":50}},"loc":{"start":{"line":636,"column":67},"end":{"line":687,"column":25}},"line":636},"53":{"name":"(anonymous_53)","decl":{"start":{"line":640,"column":53},"end":{"line":640,"column":54}},"loc":{"start":{"line":640,"column":59},"end":{"line":640,"column":104}},"line":640},"54":{"name":"(anonymous_54)","decl":{"start":{"line":645,"column":53},"end":{"line":645,"column":54}},"loc":{"start":{"line":645,"column":59},"end":{"line":645,"column":104}},"line":645},"55":{"name":"(anonymous_55)","decl":{"start":{"line":650,"column":53},"end":{"line":650,"column":54}},"loc":{"start":{"line":650,"column":59},"end":{"line":650,"column":104}},"line":650},"56":{"name":"(anonymous_56)","decl":{"start":{"line":676,"column":53},"end":{"line":676,"column":54}},"loc":{"start":{"line":676,"column":59},"end":{"line":676,"column":104}},"line":676},"57":{"name":"(anonymous_57)","decl":{"start":{"line":688,"column":67},"end":{"line":688,"column":68}},"loc":{"start":{"line":688,"column":73},"end":{"line":688,"column":89}},"line":688},"58":{"name":"(anonymous_58)","decl":{"start":{"line":695,"column":57},"end":{"line":695,"column":58}},"loc":{"start":{"line":695,"column":75},"end":{"line":797,"column":33}},"line":695},"59":{"name":"(anonymous_59)","decl":{"start":{"line":800,"column":57},"end":{"line":800,"column":58}},"loc":{"start":{"line":800,"column":75},"end":{"line":810,"column":37}},"line":800},"60":{"name":"(anonymous_60)","decl":{"start":{"line":807,"column":65},"end":{"line":807,"column":66}},"loc":{"start":{"line":807,"column":71},"end":{"line":807,"column":97}},"line":807},"61":{"name":"(anonymous_61)","decl":{"start":{"line":818,"column":58},"end":{"line":818,"column":59}},"loc":{"start":{"line":818,"column":69},"end":{"line":824,"column":37}},"line":818},"62":{"name":"(anonymous_62)","decl":{"start":{"line":844,"column":46},"end":{"line":844,"column":47}},"loc":{"start":{"line":844,"column":64},"end":{"line":858,"column":25}},"line":844},"63":{"name":"(anonymous_63)","decl":{"start":{"line":863,"column":46},"end":{"line":863,"column":47}},"loc":{"start":{"line":863,"column":64},"end":{"line":879,"column":25}},"line":863}},"branchMap":{"0":{"loc":{"start":{"line":70,"column":20},"end":{"line":80,"column":21}},"type":"if","locations":[{"start":{"line":70,"column":20},"end":{"line":80,"column":21}},{"start":{"line":70,"column":20},"end":{"line":80,"column":21}}],"line":70},"1":{"loc":{"start":{"line":70,"column":24},"end":{"line":70,"column":96}},"type":"binary-expr","locations":[{"start":{"line":70,"column":24},"end":{"line":70,"column":65}},{"start":{"line":70,"column":69},"end":{"line":70,"column":96}}],"line":70},"2":{"loc":{"start":{"line":72,"column":27},"end":{"line":80,"column":21}},"type":"if","locations":[{"start":{"line":72,"column":27},"end":{"line":80,"column":21}},{"start":{"line":72,"column":27},"end":{"line":80,"column":21}}],"line":72},"3":{"loc":{"start":{"line":75,"column":32},"end":{"line":77,"column":33}},"type":"if","locations":[{"start":{"line":75,"column":32},"end":{"line":77,"column":33}},{"start":{"line":75,"column":32},"end":{"line":77,"column":33}}],"line":75},"4":{"loc":{"start":{"line":75,"column":36},"end":{"line":75,"column":109}},"type":"binary-expr","locations":[{"start":{"line":75,"column":36},"end":{"line":75,"column":78}},{"start":{"line":75,"column":82},"end":{"line":75,"column":109}}],"line":75},"5":{"loc":{"start":{"line":94,"column":16},"end":{"line":109,"column":17}},"type":"if","locations":[{"start":{"line":94,"column":16},"end":{"line":109,"column":17}},{"start":{"line":94,"column":16},"end":{"line":109,"column":17}}],"line":94},"6":{"loc":{"start":{"line":102,"column":28},"end":{"line":104,"column":29}},"type":"if","locations":[{"start":{"line":102,"column":28},"end":{"line":104,"column":29}},{"start":{"line":102,"column":28},"end":{"line":104,"column":29}}],"line":102},"7":{"loc":{"start":{"line":102,"column":32},"end":{"line":102,"column":134}},"type":"binary-expr","locations":[{"start":{"line":102,"column":33},"end":{"line":102,"column":58}},{"start":{"line":102,"column":62},"end":{"line":102,"column":87}},{"start":{"line":102,"column":92},"end":{"line":102,"column":134}}],"line":102},"8":{"loc":{"start":{"line":118,"column":12},"end":{"line":135,"column":13}},"type":"if","locations":[{"start":{"line":118,"column":12},"end":{"line":135,"column":13}},{"start":{"line":118,"column":12},"end":{"line":135,"column":13}}],"line":118},"9":{"loc":{"start":{"line":120,"column":16},"end":{"line":134,"column":17}},"type":"if","locations":[{"start":{"line":120,"column":16},"end":{"line":134,"column":17}},{"start":{"line":120,"column":16},"end":{"line":134,"column":17}}],"line":120},"10":{"loc":{"start":{"line":155,"column":12},"end":{"line":159,"column":13}},"type":"if","locations":[{"start":{"line":155,"column":12},"end":{"line":159,"column":13}},{"start":{"line":155,"column":12},"end":{"line":159,"column":13}}],"line":155},"11":{"loc":{"start":{"line":168,"column":8},"end":{"line":185,"column":9}},"type":"if","locations":[{"start":{"line":168,"column":8},"end":{"line":185,"column":9}},{"start":{"line":168,"column":8},"end":{"line":185,"column":9}}],"line":168},"12":{"loc":{"start":{"line":173,"column":16},"end":{"line":177,"column":17}},"type":"if","locations":[{"start":{"line":173,"column":16},"end":{"line":177,"column":17}},{"start":{"line":173,"column":16},"end":{"line":177,"column":17}}],"line":173},"13":{"loc":{"start":{"line":173,"column":20},"end":{"line":173,"column":135}},"type":"binary-expr","locations":[{"start":{"line":173,"column":20},"end":{"line":173,"column":77}},{"start":{"line":173,"column":81},"end":{"line":173,"column":135}}],"line":173},"14":{"loc":{"start":{"line":174,"column":20},"end":{"line":176,"column":21}},"type":"if","locations":[{"start":{"line":174,"column":20},"end":{"line":176,"column":21}},{"start":{"line":174,"column":20},"end":{"line":176,"column":21}}],"line":174},"15":{"loc":{"start":{"line":180,"column":16},"end":{"line":182,"column":17}},"type":"if","locations":[{"start":{"line":180,"column":16},"end":{"line":182,"column":17}},{"start":{"line":180,"column":16},"end":{"line":182,"column":17}}],"line":180},"16":{"loc":{"start":{"line":190,"column":8},"end":{"line":195,"column":9}},"type":"if","locations":[{"start":{"line":190,"column":8},"end":{"line":195,"column":9}},{"start":{"line":190,"column":8},"end":{"line":195,"column":9}}],"line":190},"17":{"loc":{"start":{"line":210,"column":12},"end":{"line":233,"column":13}},"type":"if","locations":[{"start":{"line":210,"column":12},"end":{"line":233,"column":13}},{"start":{"line":210,"column":12},"end":{"line":233,"column":13}}],"line":210},"18":{"loc":{"start":{"line":212,"column":20},"end":{"line":217,"column":21}},"type":"if","locations":[{"start":{"line":212,"column":20},"end":{"line":217,"column":21}},{"start":{"line":212,"column":20},"end":{"line":217,"column":21}}],"line":212},"19":{"loc":{"start":{"line":239,"column":8},"end":{"line":269,"column":9}},"type":"if","locations":[{"start":{"line":239,"column":8},"end":{"line":269,"column":9}},{"start":{"line":239,"column":8},"end":{"line":269,"column":9}}],"line":239},"20":{"loc":{"start":{"line":239,"column":12},"end":{"line":239,"column":27}},"type":"binary-expr","locations":[{"start":{"line":239,"column":12},"end":{"line":239,"column":16}},{"start":{"line":239,"column":20},"end":{"line":239,"column":27}}],"line":239},"21":{"loc":{"start":{"line":247,"column":16},"end":{"line":267,"column":17}},"type":"if","locations":[{"start":{"line":247,"column":16},"end":{"line":267,"column":17}},{"start":{"line":247,"column":16},"end":{"line":267,"column":17}}],"line":247},"22":{"loc":{"start":{"line":249,"column":24},"end":{"line":254,"column":25}},"type":"if","locations":[{"start":{"line":249,"column":24},"end":{"line":254,"column":25}},{"start":{"line":249,"column":24},"end":{"line":254,"column":25}}],"line":249},"23":{"loc":{"start":{"line":265,"column":23},"end":{"line":267,"column":17}},"type":"if","locations":[{"start":{"line":265,"column":23},"end":{"line":267,"column":17}},{"start":{"line":265,"column":23},"end":{"line":267,"column":17}}],"line":265},"24":{"loc":{"start":{"line":274,"column":8},"end":{"line":305,"column":9}},"type":"if","locations":[{"start":{"line":274,"column":8},"end":{"line":305,"column":9}},{"start":{"line":274,"column":8},"end":{"line":305,"column":9}}],"line":274},"25":{"loc":{"start":{"line":274,"column":12},"end":{"line":274,"column":27}},"type":"binary-expr","locations":[{"start":{"line":274,"column":12},"end":{"line":274,"column":16}},{"start":{"line":274,"column":20},"end":{"line":274,"column":27}}],"line":274},"26":{"loc":{"start":{"line":283,"column":16},"end":{"line":303,"column":17}},"type":"if","locations":[{"start":{"line":283,"column":16},"end":{"line":303,"column":17}},{"start":{"line":283,"column":16},"end":{"line":303,"column":17}}],"line":283},"27":{"loc":{"start":{"line":285,"column":24},"end":{"line":290,"column":25}},"type":"if","locations":[{"start":{"line":285,"column":24},"end":{"line":290,"column":25}},{"start":{"line":285,"column":24},"end":{"line":290,"column":25}}],"line":285},"28":{"loc":{"start":{"line":301,"column":23},"end":{"line":303,"column":17}},"type":"if","locations":[{"start":{"line":301,"column":23},"end":{"line":303,"column":17}},{"start":{"line":301,"column":23},"end":{"line":303,"column":17}}],"line":301},"29":{"loc":{"start":{"line":315,"column":12},"end":{"line":335,"column":13}},"type":"if","locations":[{"start":{"line":315,"column":12},"end":{"line":335,"column":13}},{"start":{"line":315,"column":12},"end":{"line":335,"column":13}}],"line":315},"30":{"loc":{"start":{"line":317,"column":20},"end":{"line":322,"column":21}},"type":"if","locations":[{"start":{"line":317,"column":20},"end":{"line":322,"column":21}},{"start":{"line":317,"column":20},"end":{"line":322,"column":21}}],"line":317},"31":{"loc":{"start":{"line":333,"column":19},"end":{"line":335,"column":13}},"type":"if","locations":[{"start":{"line":333,"column":19},"end":{"line":335,"column":13}},{"start":{"line":333,"column":19},"end":{"line":335,"column":13}}],"line":333},"32":{"loc":{"start":{"line":341,"column":8},"end":{"line":371,"column":9}},"type":"if","locations":[{"start":{"line":341,"column":8},"end":{"line":371,"column":9}},{"start":{"line":341,"column":8},"end":{"line":371,"column":9}}],"line":341},"33":{"loc":{"start":{"line":341,"column":12},"end":{"line":341,"column":27}},"type":"binary-expr","locations":[{"start":{"line":341,"column":12},"end":{"line":341,"column":16}},{"start":{"line":341,"column":20},"end":{"line":341,"column":27}}],"line":341},"34":{"loc":{"start":{"line":349,"column":16},"end":{"line":369,"column":17}},"type":"if","locations":[{"start":{"line":349,"column":16},"end":{"line":369,"column":17}},{"start":{"line":349,"column":16},"end":{"line":369,"column":17}}],"line":349},"
[...]
,"/Users/jamesbaker/Desktop/project-video-and-messaging-web-app-steven-chang-hanzhang-wu-xiaoyan-su/Chat-App/client/src/components/Statuses.js": {"path":"/Users/jamesbaker/Desktop/project-video-and-messaging-web-app-steven-chang-hanzhang-wu-xiaoyan-su/Chat-App/client/src/components/Statuses.js","statementMap":{"0":{"start":{"line":9,"column":2},"end":{"line":9,"column":15}},"1":{"start":{"line":11,"column":2},"end":{"line":15,"column":4}},"2":{"start":{"line":19,"column":2},"end":{"line":33,"column":6}},"3":{"start":{"line":22,"column":20},"end":{"line":22,"column":28}},"4":{"start":{"line":23,"column":23},"end":{"line":23,"column":25}},"5":{"start":{"line":24,"column":13},"end":{"line":24,"column":15}},"6":{"start":{"line":25,"column":3},"end":{"line":28,"column":4}},"7":{"start":{"line":25,"column":15},"end":{"line":25,"column":16}},"8":{"start":{"line":26,"column":4},"end":{"line":26,"column":36}},"9":{"start":{"line":27,"column":4},"end":{"line":27,"column":35}},"10":{"start":{"line":29,"column":3},"end":{"line":31,"column":5}},"11":{"start":{"line":37,"column":2},"end":{"line":39,"column":5}},"12":{"start":{"line":40,"column":2},"end":{"line":40,"column":22}},"13":{"start":{"line":44,"column":2},"end":{"line":80,"column":4}},"14":{"start":{"line":54,"column":6},"end":{"line":75,"column":7}},"15":{"start":{"line":55,"column":7},"end":{"line":61,"column":28}},"16":{"start":{"line":63,"column":7},"end":{"line":63,"column":43}},"17":{"start":{"line":64,"column":21},"end":{"line":64,"column":79}},"18":{"start":{"line":65,"column":25},"end":{"line":65,"column":57}},"19":{"start":{"line":66,"column":7},"end":{"line":74,"column":28}}},"fnMap":{"0":{"name":"(anonymous_0)","decl":{"start":{"line":8,"column":1},"end":{"line":8,"column":2}},"loc":{"start":{"line":8,"column":20},"end":{"line":16,"column":2}},"line":8},"1":{"name":"(anonymous_1)","decl":{"start":{"line":18,"column":1},"end":{"line":18,"column":2}},"loc":{"start":{"line":18,"column":16},"end":{"line":34,"column":4}},"line":18},"2":{"name":"(anonymous_2)","decl":{"start":{"line":20,"column":10},"end":{"line":20,"column":11}},"loc":{"start":{"line":20,"column":17},"end":{"line":33,"column":5}},"line":20},"3":{"name":"(anonymous_3)","decl":{"start":{"line":36,"column":1},"end":{"line":36,"column":2}},"loc":{"start":{"line":36,"column":27},"end":{"line":41,"column":2}},"line":36},"4":{"name":"(anonymous_4)","decl":{"start":{"line":43,"column":1},"end":{"line":43,"column":2}},"loc":{"start":{"line":43,"column":10},"end":{"line":81,"column":2}},"line":43},"5":{"name":"(anonymous_5)","decl":{"start":{"line":53,"column":30},"end":{"line":53,"column":31}},"loc":{"start":{"line":53,"column":41},"end":{"line":76,"column":17}},"line":53}},"branchMap":{"0":{"loc":{"start":{"line":54,"column":6},"end":{"line":75,"column":7}},"type":"if","locations":[{"start":{"line":54,"column":6},"end":{"line":75,"column":7}},{"start":{"line":54,"column":6},"end":{"line":75,"column":7}}],"line":54}},"s":{"0":2,"1":2,"2":2,"3":0,"4":0,"5":0,"6":0,"7":0,"8":0,"9":0,"10":0,"11":2,"12":2,"13":4,"14":0,"15":0,"16":0,"17":0,"18":0,"19":0},"f":{"0":2,"1":2,"2":0,"3":2,"4":4,"5":0},"b":{"0":[0,0]},"_coverageSchema":"43e27e138ebf9cfc5966b082cf9a028302ed4184","hash":"bed7108d23e8ced1306f30d68cdc0308c8359d1b"}
,"/Users/jamesbaker/Desktop/project-video-and-messaging-web-app-steven-chang-hanzhang-wu-xiaoyan-su/Chat-App/client/src/components/UserProfile.js": {"path":"/Users/jamesbaker/Desktop/project-video-and-messaging-web-app-steven-chang-hanzhang-wu-xiaoyan-su/Chat-App/client/src/components/UserProfile.js","statementMap":{"0":{"start":{"line":10,"column":2},"end":{"line":10,"column":15}},"1":{"start":{"line":12,"column":2},"end":{"line":16,"column":4}},"2":{"start":{"line":18,"column":2},"end":{"line":18,"column":47}},"3":{"start":{"line":19,"column":2},"end":{"line":19,"column":57}},"4":{"start":{"line":20,"column":2},"end":{"line":20,"column":55}},"5":{"start":{"line":21,"column":2},"end":{"line":21,"column":61}},"6":{"start":{"line":22,"column":2},"end":{"line":22,"column":39}},"7":{"start":{"line":26,"column":2},"end":{"line":28,"column":5}},"8":{"start":{"line":29,"column":2},"end":{"line":41,"column":4}},"9":{"start":{"line":31,"column":22},"end":{"line":31,"column":37}},"10":{"start":{"line":32,"column":3},"end":{"line":36,"column":4}},"11":{"start":{"line":33,"column":4},"end":{"line":33,"column":37}},"12":{"start":{"line":34,"column":10},"end":{"line":36,"column":4}},"13":{"start":{"line":35,"column":4},"end":{"line":35,"column":42}},"14":{"start":{"line":37,"column":3},"end":{"line":40,"column":6}},"15":{"start":{"line":45,"column":21},"end":{"line":45,"column":57}},"16":{"start":{"line":46,"column":2},"end":{"line":46,"column":32}},"17":{"start":{"line":47,"column":20},"end":{"line":47,"column":63}},"18":{"start":{"line":48,"column":2},"end":{"line":56,"column":3}},"19":{"start":{"line":49,"column":3},"end":{"line":49,"column":56}},"20":{"start":{"line":51,"column":3},"end":{"line":55,"column":5}},"21":{"start":{"line":54,"column":4},"end":{"line":54,"column":48}},"22":{"start":{"line":59,"column":19},"end":{"line":87,"column":2}},"23":{"start":{"line":60,"column":21},"end":{"line":60,"column":57}},"24":{"start":{"line":61,"column":2},"end":{"line":61,"column":32}},"25":{"start":{"line":62,"column":15},"end":{"line":62,"column":33}},"26":{"start":{"line":63,"column":5},"end":{"line":86,"column":3}},"27":{"start":{"line":71,"column":17},"end":{"line":71,"column":24}},"28":{"start":{"line":72,"column":18},"end":{"line":72,"column":32}},"29":{"start":{"line":73,"column":3},"end":{"line":73,"column":35}},"30":{"start":{"line":74,"column":3},"end":{"line":85,"column":5}},"31":{"start":{"line":77,"column":19},"end":{"line":77,"column":30}},"32":{"start":{"line":79,"column":6},"end":{"line":84,"column":7}},"33":{"start":{"line":80,"column":6},"end":{"line":80,"column":24}},"34":{"start":{"line":83,"column":6},"end":{"line":83,"column":23}},"35":{"start":{"line":90,"column":19},"end":{"line":90,"column":55}},"36":{"start":{"line":91,"column":2},"end":{"line":91,"column":30}},"37":{"start":{"line":92,"column":14},"end":{"line":92,"column":50}},"38":{"start":{"line":93,"column":14},"end":{"line":93,"column":50}},"39":{"start":{"line":94,"column":2},"end":{"line":114,"column":3}},"40":{"start":{"line":95,"column":3},"end":{"line":95,"column":60}},"41":{"start":{"line":97,"column":3},"end":{"line":113,"column":5}},"42":{"start":{"line":100,"column":4},"end":{"line":112,"column":5}},"43":{"start":{"line":101,"column":5},"end":{"line":101,"column":49}},"44":{"start":{"line":102,"column":11},"end":{"line":112,"column":5}},"45":{"start":{"line":103,"column":5},"end":{"line":103,"column":59}},"46":{"start":{"line":104,"column":11},"end":{"line":112,"column":5}},"47":{"start":{"line":105,"column":5},"end":{"line":105,"column":76}},"48":{"start":{"line":106,"column":11},"end":{"line":112,"column":5}},"49":{"start":{"line":107,"column":5},"end":{"line":107,"column":69}},"50":{"start":{"line":108,"column":11},"end":{"line":112,"column":5}},"51":{"start":{"line":109,"column":5},"end":{"line":109,"column":85}},"52":{"start":{"line":110,"column":11},"end":{"line":112,"column":5}},"53":{"start":{"line":111,"column":5},"end":{"line":111,"column":55}},"54":{"start":{"line":118,"column":19},"end":{"line":118,"column":55}},"55":{"start":{"line":119,"column":2},"end":{"line":131,"column":3}},"56":{"start":{"line":120,"column":3},"end":{"line":120,"column":65}},"57":{"start":{"line":122,"column":3},"end":{"line":130,"column":5}},"58":{"start":{"line":125,"column":4},"end":{"line":129,"column":5}},"59":{"start":{"line":126,"column":5},"end":{"line":126,"column":52}},"60":{"start":{"line":128,"column":5},"end":{"line":128,"column":52}},"61":{"start":{"line":135,"column":2},"end":{"line":135,"column":29}},"62":{"start":{"line":139,"column":2},"end":{"line":178,"column":4}}},"fnMap":{"0":{"name":"(anonymous_0)","decl":{"start":{"line":9,"column":1},"end":{"line":9,"column":2}},"loc":{"start":{"line":9,"column":20},"end":{"line":23,"column":2}},"line":9},"1":{"name":"(anonymous_1)","decl":{"start":{"line":25,"column":1},"end":{"line":25,"column":2}},"loc":{"start":{"line":25,"column":27},"end":{"line":42,"column":2}},"line":25},"2":{"name":"(anonymous_2)","decl":{"start":{"line":31,"column":10},"end":{"line":31,"column":11}},"loc":{"start":{"line":31,"column":22},"end":{"line":31,"column":37}},"line":31},"3":{"name":"(anonymous_3)","decl":{"start":{"line":31,"column":44},"end":{"line":31,"column":45}},"loc":{"start":{"line":31,"column":58},"end":{"line":41,"column":3}},"line":31},"4":{"name":"(anonymous_4)","decl":{"start":{"line":44,"column":1},"end":{"line":44,"column":2}},"loc":{"start":{"line":44,"column":20},"end":{"line":57,"column":2}},"line":44},"5":{"name":"(anonymous_5)","decl":{"start":{"line":53,"column":11},"end":{"line":53,"column":12}},"loc":{"start":{"line":53,"column":25},"end":{"line":55,"column":4}},"line":53},"6":{"name":"(anonymous_6)","decl":{"start":{"line":59,"column":19},"end":{"line":59,"column":20}},"loc":{"start":{"line":59,"column":35},"end":{"line":87,"column":2}},"line":59},"7":{"name":"(anonymous_7)","decl":{"start":{"line":77,"column":11},"end":{"line":77,"column":12}},"loc":{"start":{"line":77,"column":19},"end":{"line":77,"column":30}},"line":77},"8":{"name":"(anonymous_8)","decl":{"start":{"line":78,"column":9},"end":{"line":78,"column":10}},"loc":{"start":{"line":78,"column":17},"end":{"line":85,"column":4}},"line":78},"9":{"name":"(anonymous_9)","decl":{"start":{"line":89,"column":1},"end":{"line":89,"column":2}},"loc":{"start":{"line":89,"column":24},"end":{"line":115,"column":2}},"line":89},"10":{"name":"(anonymous_10)","decl":{"start":{"line":99,"column":11},"end":{"line":99,"column":12}},"loc":{"start":{"line":99,"column":25},"end":{"line":113,"column":4}},"line":99},"11":{"name":"(anonymous_11)","decl":{"start":{"line":117,"column":1},"end":{"line":117,"column":2}},"loc":{"start":{"line":117,"column":21},"end":{"line":132,"column":2}},"line":117},"12":{"name":"(anonymous_12)","decl":{"start":{"line":124,"column":11},"end":{"line":124,"column":12}},"loc":{"start":{"line":124,"column":25},"end":{"line":130,"column":4}},"line":124},"13":{"name":"(anonymous_13)","decl":{"start":{"line":134,"column":1},"end":{"line":134,"column":2}},"loc":{"start":{"line":134,"column":10},"end":{"line":136,"column":2}},"line":134},"14":{"name":"(anonymous_14)","decl":{"start":{"line":138,"column":1},"end":{"line":138,"column":2}},"loc":{"start":{"line":138,"column":10},"end":{"line":179,"column":2}},"line":138}},"branchMap":{"0":{"loc":{"start":{"line":32,"column":3},"end":{"line":36,"column":4}},"type":"if","locations":[{"start":{"line":32,"column":3},"end":{"line":36,"column":4}},{"start":{"line":32,"column":3},"end":{"line":36,"column":4}}],"line":32},"1":{"loc":{"start":{"line":34,"column":10},"end":{"line":36,"column":4}},"type":"if","locations":[{"start":{"line":34,"column":10},"end":{"line":36,"column":4}},{"start":{"line":34,"column":10},"end":{"line":36,"column":4}}],"line":34},"2":{"loc":{"start":{"line":48,"column":2},"end":{"line":56,"column":3}},"type":"if","locations":[{"start":{"line":48,"column":2},"end":{"line":56,"column":3}},{"start":{"line":48,"column":2},"end":{"line":56,"column":3}}],"line":48},"3":{"loc":{"start":{"line":48,"column":6},"end":{"line":48,"column":36}},"type":"binary-expr","locations":[{"start":{"line":48,"column":6},"end":{"line":48,"column":16}},{"start":{"line":48,"column":20},"end":{"line":48,"column":36}}],"line":48},"4":{"loc":{"start":{"line":63,"column":5},"end":{"line":86,"column":3}},"type":"if","locations":[{"start":{"line":63,"column":5},"end":{"line":86,"column":3}},{"start":{"line":63,"column":5},"end":{"line":86,"column":3}}],"line":63},"5":{"loc":{"start":{"line":63,"column":9},"end":{"line":63,"column":24}},"type":"binary-expr","locations":[{"start":{"line":63,"column":9},"end":{"line":63,"column":13}},{"start":{"line":63,"column":17},"end":{"line":63,"column":24}}],"line":63},"6":{"loc":{"start":{"line":79,"column":6},"end":{"line":84,"column":7}},"type":"if","locations":[{"start":{"line":79,"column":6},"end":{"line":84,"column":7}},{"start":{"line":79,"column":6},"end":{"line":84,"column":7}}],"line":79},"7":{"loc":{"start":{"line":94,"column":2},"end":{"line":114,"column":3}},"type":"if","locations":[{"start":{"line":94,"column":2},"end":{"line":114,"column":3}},{"start":{"line":94,"column":2},"end":{"line":114,"column":3}}],"line":94},"8":{"loc":{"start":{"line":100,"column":4},"end":{"line":112,"column":5}},"type":"if","locations":[{"start":{"line":100,"column":4},"end":{"line":112,"column":5}},{"start":{"line":100,"column":4},"end":{"line":112,"column":5}}],"line":100},"9":{"loc":{"start":{"line":102,"column":11},"end":{"line":112,"column":5}},"type":"if","locations":[{"start":{"line":102,"column":11},"end":{"line":112,"column":5}},{"start":{"line":102,"column":11},"end":{"line":112,"column":5}}],"line":102},"10":{"loc":{"start":{"line":104,"column":11},"end":{"line":112,"column":5}},"type":"if","locations":[{"start":{"line":104,"column":11},"end":{"line":112,"column":5}},{"start":{"line":104,"column":11},"end":{"line":112,"column":5}}],"line":104},"11":{"loc":{"start":{"line":106,"column":11},"end":{"line":112,"column":5}},"type":"if","locations":[{"start":{"line":106,"column":11},"end":{"line":112,"column":5}},{"start":{"line":106,"column":11},"end":{"line":112,"column":5}}],"line":106},"12":{"loc":{"start":{"line":108,"column":11},"end":{"line":112,"column":5}},"type":"if","locations":[{"start":{"line":108,"column":11},"end":{"line":112,"column":5}},{"start":{"line":108,"column":11},"end":{"line":112,"column":5}}],"line":108},"13":{"loc":{"start":{"line":110,"column":11},"end":{"line":112,"column":5}},"type":"if","locations":[{"start":{"line":110,"column":11},"end":{"line":112,"column":5}},{"start":{"line":110,"column":11},"end":{"line":112,"column":5}}],"line":110},"14":{"loc":{"start":{"line":119,"column":2},"end":{"line":131,"column":3}},"type":"if","locations":[{"start":{"line":119,"column":2},"end":{"line":131,"column":3}},{"start":{"line":119,"column":2},"end":{"line":131,"column":3}}],"line":119},"15":{"loc":{"start":{"line":125,"column":4},"end":{"line":129,"column":5}},"type":"if","locations":[{"start":{"line":125,"column":4},"end":{"line":129,"column":5}},{"start":{"line":125,"column":4},"end":{"line":129,"column":5}}],"line":125}},"s":{"0":2,"1":2,"2":2,"3":2,"4":2,"5":2,"6":2,"7":2,"8":2,"9":0,"10":0,"11":0,"12":0,"13":0,"14":0,"15":0,"16":0,"17":0,"18":0,"19":0,"20":0,"21":0,"22":2,"23":0,"24":0,"25":0,"26":0,"27":0,"28":0,"29":0,"30":0,"31":0,"32":0,"33":0,"34":0,"35":0,"36":0,"37":0,"38":0,"39":0,"40":0,"41":0,"42":0,"43":0,"44":0,"45":0,"46":0,"47":0,"48":0,"49":0,"50":0,"51":0,"52":0,"53":0,"54":0,"55":0,"56":0,"57":0,"58":0,"59":0,"60":0,"61":0,"62":4},"f":{"0":2,"1":2,"2":0,"3":0,"4":0,"5":0,"6":0,"7":0,"8":0,"9":0,"10":0,"11":0,"12":0,"13":0,"14":4},"b":{"0":[0,0],"1":[0,0],"2":[0,0],"3":[0,0],"4":[0,0],"5":[0,0],"6":[0,0],"7":[0,0],"8":[0,0],"9":[0,0],"10":[0,0],"11":[0,0],"12":[0,0],"13":[0,0],"14":[0,0],"15":[0,0]},"_coverageSchema":"43e27e138ebf9cfc5966b082cf9a028302ed4184","hash":"ae4ea57f50aa0626518234cc0ba1270f6ff573b3"}
,"/Users/jamesbaker/Desktop/project-video-and-messaging-web-app-steven-chang-hanzhang-wu-xiaoyan-su/Chat-App/client/src/components/VideoChat.js": {"path":"/Users/jamesbaker/Desktop/project-video-and-messaging-web-app-steven-chang-hanzhang-wu-xiaoyan-su/Chat-App/client/src/components/VideoChat.js","statementMap":{"0":{"start":{"line":6,"column":18},"end":{"line":83,"column":1}},"1":{"start":{"line":7,"column":34},"end":{"line":7,"column":46}},"2":{"start":{"line":8,"column":34},"end":{"line":8,"column":46}},"3":{"start":{"line":9,"column":28},"end":{"line":9,"column":42}},"4":{"start":{"line":36,"column":31},"end":{"line":38,"column":8}},"5":{"start":{"line":37,"column":4},"end":{"line":37,"column":23}},"6":{"start":{"line":40,"column":31},"end":{"line":42,"column":8}},"7":{"start":{"line":41,"column":4},"end":{"line":41,"column":23}},"8":{"start":{"line":44,"column":23},"end":{"line":60,"column":3}},"9":{"start":{"line":47,"column":19},"end":{"line":56,"column":32}},"10":{"start":{"line":56,"column":21},"end":{"line":56,"column":31}},"11":{"start":{"line":57,"column":6},"end":{"line":57,"column":27}},"12":{"start":{"line":62,"column":23},"end":{"line":64,"column":16}},"13":{"start":{"line":63,"column":4},"end":{"line":63,"column":89}},"14":{"start":{"line":67,"column":2},"end":{"line":81,"column":3}},"15":{"start":{"line":68,"column":4},"end":{"line":70,"column":6}},"16":{"start":{"line":72,"column":4},"end":{"line":80,"column":6}},"17":{"start":{"line":82,"column":2},"end":{"line":82,"column":16}}},"fnMap":{"0":{"name":"(anonymous_0)","decl":{"start":{"line":6,"column":18},"end":{"line":6,"column":19}},"loc":{"start":{"line":6,"column":24},"end":{"line":83,"column":1}},"line":6},"1":{"name":"(anonymous_1)","decl":{"start":{"line":36,"column":43},"end":{"line":36,"column":44}},"loc":{"start":{"line":36,"column":52},"end":{"line":38,"column":3}},"line":36},"2":{"name":"(anonymous_2)","decl":{"start":{"line":40,"column":43},"end":{"line":40,"column":44}},"loc":{"start":{"line":40,"column":52},"end":{"line":42,"column":3}},"line":40},"3":{"name":"(anonymous_3)","decl":{"start":{"line":45,"column":4},"end":{"line":45,"column":5}},"loc":{"start":{"line":45,"column":16},"end":{"line":58,"column":5}},"line":45},"4":{"name":"(anonymous_4)","decl":{"start":{"line":56,"column":14},"end":{"line":56,"column":15}},"loc":{"start":{"line":56,"column":21},"end":{"line":56,"column":31}},"line":56},"5":{"name":"(anonymous_5)","decl":{"start":{"line":62,"column":35},"end":{"line":62,"column":36}},"loc":{"start":{"line":62,"column":44},"end":{"line":64,"column":3}},"line":62}},"branchMap":{"0":{"loc":{"start":{"line":67,"column":2},"end":{"line":81,"column":3}},"type":"if","locations":[{"start":{"line":67,"column":2},"end":{"line":81,"column":3}},{"start":{"line":67,"column":2},"end":{"line":81,"column":3}}],"line":67}},"s":{"0":1,"1":3,"2":3,"3":3,"4":3,"5":2,"6":3,"7":2,"8":3,"9":2,"10":0,"11":0,"12":3,"13":0,"14":3,"15":0,"16":3,"17":3},"f":{"0":3,"1":2,"2":2,"3":2,"4":0,"5":0},"b":{"0":[0,3]},"_coverageSchema":"43e27e138ebf9cfc5966b082cf9a028302ed4184","hash":"47d9cbfb66cc6977dab29c43a9afd60d9934f42f"}
,"/Users/jamesbaker/Desktop/project-video-and-messaging-web-app-steven-chang-hanzhang-wu-xiaoyan-su/Chat-App/client/src/components/url.js": {"path":"/Users/jamesbaker/Desktop/project-video-and-messaging-web-app-steven-chang-hanzhang-wu-xiaoyan-su/Chat-App/client/src/components/url.js","statementMap":{"0":{"start":{"line":1,"column":13},"end":{"line":5,"column":1}},"1":{"start":{"line":7,"column":12},"end":{"line":11,"column":1}},"2":{"start":{"line":13,"column":24},"end":{"line":13,"column":75}}},"fnMap":{},"branchMap":{"0":{"loc":{"start":{"line":13,"column":24},"end":{"line":13,"column":75}},"type":"cond-expr","locations":[{"start":{"line":13,"column":65},"end":{"line":13,"column":68}},{"start":{"line":13,"column":71},"end":{"line":13,"column":75}}],"line":13}},"s":{"0":8,"1":8,"2":8},"f":{},"b":{"0":[0,8]},"_coverageSchema":"43e27e138ebf9cfc5966b082cf9a028302ed4184","hash":"7662e7278566e70b22c4c399d2dcc7a77bc82a20"}
}
