TN:
SF:/Users/jasonpeterson/Documents/GitHub/project-video-and-messaging-web-app-steven-chang-hanzhang-wu-xiaoyan-su/Chat-App/client/src/index.js
FNF:0
FNH:0
DA:7,0
DA:15,0
LF:2
LH:0
BRF:0
BRH:0
end_of_record
TN:
SF:/Users/jasonpeterson/Documents/GitHub/project-video-and-messaging-web-app-steven-chang-hanzhang-wu-xiaoyan-su/Chat-App/client/src/serviceWorker.js
FN:23,register
FN:34,(anonymous_1)
FN:43,(anonymous_2)
FN:57,registerValidSW
FN:60,(anonymous_4)
FN:61,(anonymous_5)
FN:66,(anonymous_6)
FN:96,(anonymous_7)
FN:101,checkValidServiceWorker
FN:106,(anonymous_9)
FN:114,(anonymous_10)
FN:115,(anonymous_11)
FN:124,(anonymous_12)
FN:131,unregister
FN:133,(anonymous_14)
FNF:15
FNH:0
FNDA:0,register
FNDA:0,(anonymous_1)
FNDA:0,(anonymous_2)
FNDA:0,registerValidSW
FNDA:0,(anonymous_4)
FNDA:0,(anonymous_5)
FNDA:0,(anonymous_6)
FNDA:0,(anonymous_7)
FNDA:0,checkValidServiceWorker
FNDA:0,(anonymous_9)
FNDA:0,(anonymous_10)
FNDA:0,(anonymous_11)
FNDA:0,(anonymous_12)
FNDA:0,unregister
FNDA:0,(anonymous_14)
DA:13,0
DA:24,0
DA:26,0
DA:27,0
DA:31,0
DA:34,0
DA:35,0
DA:37,0
DA:39,0
DA:43,0
DA:44,0
DA:51,0
DA:58,0
DA:61,0
DA:62,0
DA:63,0
DA:64,0
DA:66,0
DA:67,0
DA:68,0
DA:72,0
DA:78,0
DA:79,0
DA:85,0
DA:88,0
DA:89,0
DA:97,0
DA:103,0
DA:108,0
DA:109,0
DA:114,0
DA:115,0
DA:116,0
DA:121,0
DA:125,0
DA:132,0
DA:133,0
DA:134,0
LF:38
LH:0
BRDA:14,0,0,0
BRDA:14,0,1,0
BRDA:14,0,2,0
BRDA:24,1,0,0
BRDA:24,1,1,0
BRDA:24,2,0,0
BRDA:24,2,1,0
BRDA:27,3,0,0
BRDA:27,3,1,0
BRDA:37,4,0,0
BRDA:37,4,1,0
BRDA:63,5,0,0
BRDA:63,5,1,0
BRDA:67,6,0,0
BRDA:67,6,1,0
BRDA:68,7,0,0
BRDA:68,7,1,0
BRDA:78,8,0,0
BRDA:78,8,1,0
BRDA:78,9,0,0
BRDA:78,9,1,0
BRDA:88,10,0,0
BRDA:88,10,1,0
BRDA:88,11,0,0
BRDA:88,11,1,0
BRDA:109,12,0,0
BRDA:109,12,1,0
BRDA:110,13,0,0
BRDA:110,13,1,0
BRDA:110,13,2,0
BRDA:132,14,0,0
BRDA:132,14,1,0
BRF:32
BRH:0
end_of_record
TN:
SF:/Users/jasonpeterson/Documents/GitHub/project-video-and-messaging-web-app-steven-chang-hanzhang-wu-xiaoyan-su/Chat-App/client/src/components/App.js
FN:14,(anonymous_0)
FN:21,(anonymous_1)
FN:27,(anonymous_2)
FN:34,(anonymous_3)
FN:40,(anonymous_4)
FN:46,(anonymous_5)
FN:52,(anonymous_6)
FN:58,(anonymous_7)
FNF:8
FNH:3
FNDA:2,(anonymous_0)
FNDA:0,(anonymous_1)
FNDA:2,(anonymous_2)
FNDA:2,(anonymous_3)
FNDA:0,(anonymous_4)
FNDA:0,(anonymous_5)
FNDA:0,(anonymous_6)
FNDA:0,(anonymous_7)
DA:15,2
DA:16,2
DA:22,0
DA:28,2
DA:35,2
DA:41,0
DA:47,0
DA:53,0
DA:59,0
LF:9
LH:4
BRF:0
BRH:0
end_of_record
TN:
SF:/Users/jasonpeterson/Documents/GitHub/project-video-and-messaging-web-app-steven-chang-hanzhang-wu-xiaoyan-su/Chat-App/client/src/components/CreateAccount.js
FN:6,(anonymous_0)
FN:39,(anonymous_1)
FN:45,(anonymous_2)
FN:51,(anonymous_3)
FN:57,(anonymous_4)
FN:63,(anonymous_5)
FN:69,(anonymous_6)
FN:75,(anonymous_7)
FN:81,(anonymous_8)
FN:87,(anonymous_9)
FN:93,(anonymous_10)
FN:98,(anonymous_11)
FN:119,(anonymous_12)
FN:125,(anonymous_13)
FN:133,(anonymous_14)
FN:136,(anonymous_15)
FN:152,(anonymous_16)
FN:158,(anonymous_17)
FN:165,(anonymous_18)
FN:175,(anonymous_19)
FN:181,(anonymous_20)
FNF:21
FNH:2
FNDA:2,(anonymous_0)
FNDA:0,(anonymous_1)
FNDA:0,(anonymous_2)
FNDA:0,(anonymous_3)
FNDA:0,(anonymous_4)
FNDA:0,(anonymous_5)
FNDA:0,(anonymous_6)
FNDA:0,(anonymous_7)
FNDA:0,(anonymous_8)
FNDA:0,(anonymous_9)
FNDA:0,(anonymous_10)
FNDA:0,(anonymous_11)
FNDA:0,(anonymous_12)
FNDA:0,(anonymous_13)
FNDA:0,(anonymous_14)
FNDA:0,(anonymous_15)
FNDA:0,(anonymous_16)
FNDA:0,(anonymous_17)
FNDA:0,(anonymous_18)
FNDA:0,(anonymous_19)
FNDA:2,(anonymous_20)
DA:7,2
DA:11,2
DA:25,2
DA:26,2
DA:27,2
DA:28,2
DA:29,2
DA:30,2
DA:31,2
DA:32,2
DA:33,2
DA:34,2
DA:35,2
DA:36,2
DA:40,0
DA:46,0
DA:52,0
DA:58,0
DA:64,0
DA:70,0
DA:76,0
DA:82,0
DA:88,0
DA:94,0
DA:95,0
DA:96,0
DA:99,0
DA:100,0
DA:101,0
DA:102,0
DA:103,0
DA:104,0
DA:105,0
DA:106,0
DA:107,0
DA:108,0
DA:109,0
DA:110,0
DA:111,0
DA:112,0
DA:113,0
DA:114,0
DA:115,0
DA:116,0
DA:118,0
DA:121,0
DA:126,0
DA:127,0
DA:128,0
DA:129,0
DA:131,0
DA:134,0
DA:135,0
DA:136,0
DA:137,0
DA:139,0
DA:140,0
DA:141,0
DA:142,0
DA:145,0
DA:146,0
DA:147,0
DA:148,0
DA:150,0
DA:154,0
DA:159,0
DA:160,0
DA:161,0
DA:163,0
DA:166,0
DA:167,0
DA:168,0
DA:169,0
DA:170,0
DA:171,0
DA:173,0
DA:177,0
DA:182,2
LF:78
LH:15
BRDA:99,0,0,0
BRDA:99,0,1,0
BRDA:102,1,0,0
BRDA:102,1,1,0
BRDA:105,2,0,0
BRDA:105,2,1,0
BRDA:108,3,0,0
BRDA:108,3,1,0
BRDA:111,4,0,0
BRDA:111,4,1,0
BRDA:114,5,0,0
BRDA:114,5,1,0
BRDA:134,6,0,0
BRDA:134,6,1,0
BRDA:135,7,0,0
BRDA:135,7,1,0
BRDA:145,8,0,0
BRDA:145,8,1,0
BRDA:147,9,0,0
BRDA:147,9,1,0
BRDA:166,10,0,0
BRDA:166,10,1,0
BRDA:168,11,0,0
BRDA:168,11,1,0
BRDA:170,12,0,0
BRDA:170,12,1,0
BRF:26
BRH:0
end_of_record
TN:
SF:/Users/jasonpeterson/Documents/GitHub/project-video-and-messaging-web-app-steven-chang-hanzhang-wu-xiaoyan-su/Chat-App/client/src/components/Lobby.js
FN:3,(anonymous_0)
FNF:1
FNH:0
FNDA:0,(anonymous_0)
DA:3,1
DA:10,0
DA:11,0
DA:12,0
DA:13,0
DA:14,0
DA:15,0
DA:16,0
DA:17,0
DA:18,0
DA:19,0
LF:11
LH:1
BRF:0
BRH:0
end_of_record
TN:
SF:/Users/jasonpeterson/Documents/GitHub/project-video-and-messaging-web-app-steven-chang-hanzhang-wu-xiaoyan-su/Chat-App/client/src/components/Mainview.js
FN:10,(anonymous_0)
FN:60,(anonymous_1)
FN:62,(anonymous_2)
FN:83,(anonymous_3)
FN:94,(anonymous_4)
FN:94,(anonymous_5)
FN:109,(anonymous_6)
FN:112,(anonymous_7)
FN:137,(anonymous_8)
FN:140,(anonymous_9)
FN:160,(anonymous_10)
FN:164,(anonymous_11)
FN:185,(anonymous_12)
FN:195,(anonymous_13)
FN:202,(anonymous_14)
FN:206,(anonymous_15)
FN:208,(anonymous_16)
FN:229,(anonymous_17)
FN:238,(anonymous_18)
FN:240,(anonymous_19)
FN:261,(anonymous_20)
FN:270,(anonymous_21)
FN:272,(anonymous_22)
FN:293,(anonymous_23)
FN:302,(anonymous_24)
FN:304,(anonymous_25)
FN:325,(anonymous_26)
FN:333,(anonymous_27)
FN:338,(anonymous_28)
FN:372,(anonymous_29)
FN:387,(anonymous_30)
FN:395,(anonymous_31)
FN:419,(anonymous_32)
FN:427,(anonymous_33)
FN:456,(anonymous_34)
FN:464,(anonymous_35)
FN:493,(anonymous_36)
FN:497,(anonymous_37)
FN:504,(anonymous_38)
FN:511,(anonymous_39)
FN:520,(anonymous_40)
FN:524,(anonymous_41)
FN:529,(anonymous_42)
FN:534,(anonymous_43)
FN:560,(anonymous_44)
FN:572,(anonymous_45)
FN:579,(anonymous_46)
FN:684,(anonymous_47)
FN:691,(anonymous_48)
FN:702,(anonymous_49)
FN:728,(anonymous_50)
FN:747,(anonymous_51)
FNF:52
FNH:4
FNDA:1,(anonymous_0)
FNDA:1,(anonymous_1)
FNDA:0,(anonymous_2)
FNDA:1,(anonymous_3)
FNDA:0,(anonymous_4)
FNDA:0,(anonymous_5)
FNDA:0,(anonymous_6)
FNDA:0,(anonymous_7)
FNDA:0,(anonymous_8)
FNDA:0,(anonymous_9)
FNDA:0,(anonymous_10)
FNDA:0,(anonymous_11)
FNDA:0,(anonymous_12)
FNDA:0,(anonymous_13)
FNDA:0,(anonymous_14)
FNDA:0,(anonymous_15)
FNDA:0,(anonymous_16)
FNDA:0,(anonymous_17)
FNDA:0,(anonymous_18)
FNDA:0,(anonymous_19)
FNDA:0,(anonymous_20)
FNDA:0,(anonymous_21)
FNDA:0,(anonymous_22)
FNDA:0,(anonymous_23)
FNDA:0,(anonymous_24)
FNDA:0,(anonymous_25)
FNDA:0,(anonymous_26)
FNDA:0,(anonymous_27)
FNDA:0,(anonymous_28)
FNDA:0,(anonymous_29)
FNDA:0,(anonymous_30)
FNDA:0,(anonymous_31)
FNDA:0,(anonymous_32)
FNDA:0,(anonymous_33)
FNDA:0,(anonymous_34)
FNDA:0,(anonymous_35)
FNDA:0,(anonymous_36)
FNDA:0,(anonymous_37)
FNDA:0,(anonymous_38)
FNDA:2,(anonymous_39)
FNDA:0,(anonymous_40)
FNDA:0,(anonymous_41)
FNDA:0,(anonymous_42)
FNDA:0,(anonymous_43)
FNDA:0,(anonymous_44)
FNDA:0,(anonymous_45)
FNDA:0,(anonymous_46)
FNDA:0,(anonymous_47)
FNDA:0,(anonymous_48)
FNDA:0,(anonymous_49)
FNDA:0,(anonymous_50)
FNDA:0,(anonymous_51)
DA:11,1
DA:12,1
DA:38,1
DA:39,1
DA:40,1
DA:41,1
DA:42,1
DA:43,1
DA:44,1
DA:45,1
DA:46,1
DA:47,1
DA:48,1
DA:49,1
DA:50,1
DA:51,1
DA:52,1
DA:53,1
DA:54,1
DA:55,1
DA:56,1
DA:57,1
DA:61,1
DA:63,0
DA:64,0
DA:65,0
DA:66,0
DA:67,0
DA:68,0
DA:69,0
DA:70,0
DA:71,0
DA:72,0
DA:73,0
DA:79,0
DA:84,1
DA:87,1
DA:88,1
DA:89,0
DA:90,0
DA:91,0
DA:92,0
DA:94,0
DA:95,0
DA:96,0
DA:97,0
DA:98,0
DA:99,0
DA:100,0
DA:103,0
DA:104,0
DA:109,0
DA:110,0
DA:113,0
DA:115,0
DA:116,0
DA:117,0
DA:118,0
DA:119,0
DA:121,0
DA:138,0
DA:139,0
DA:141,0
DA:142,0
DA:143,0
DA:144,0
DA:145,0
DA:147,0
DA:149,0
DA:150,0
DA:151,0
DA:152,0
DA:153,0
DA:154,0
DA:155,0
DA:161,0
DA:165,0
DA:166,0
DA:168,0
DA:169,0
DA:170,0
DA:171,0
DA:172,0
DA:176,0
DA:177,0
DA:178,0
DA:181,0
DA:186,0
DA:187,0
DA:188,0
DA:191,0
DA:196,0
DA:197,0
DA:198,0
DA:203,0
DA:204,0
DA:207,0
DA:208,0
DA:209,0
DA:210,0
DA:211,0
DA:212,0
DA:213,0
DA:215,0
DA:216,0
DA:217,0
DA:219,0
DA:220,0
DA:222,0
DA:229,1
DA:230,0
DA:231,0
DA:232,0
DA:233,0
DA:234,0
DA:235,0
DA:239,0
DA:240,0
DA:241,0
DA:242,0
DA:243,0
DA:244,0
DA:245,0
DA:247,0
DA:248,0
DA:249,0
DA:251,0
DA:254,0
DA:255,0
DA:261,1
DA:262,0
DA:263,0
DA:264,0
DA:265,0
DA:266,0
DA:267,0
DA:271,0
DA:272,0
DA:273,0
DA:274,0
DA:275,0
DA:276,0
DA:277,0
DA:279,0
DA:280,0
DA:281,0
DA:283,0
DA:286,0
DA:287,0
DA:293,1
DA:294,0
DA:295,0
DA:296,0
DA:297,0
DA:298,0
DA:299,0
DA:303,0
DA:304,0
DA:305,0
DA:306,0
DA:307,0
DA:308,0
DA:309,0
DA:311,0
DA:312,0
DA:313,0
DA:315,0
DA:318,0
DA:319,0
DA:326,0
DA:327,0
DA:329,0
DA:335,0
DA:336,0
DA:339,0
DA:342,0
DA:343,0
DA:344,0
DA:345,0
DA:346,0
DA:347,0
DA:348,0
DA:349,0
DA:350,0
DA:351,0
DA:352,0
DA:353,0
DA:354,0
DA:357,0
DA:358,0
DA:359,0
DA:362,0
DA:364,0
DA:365,0
DA:366,0
DA:373,0
DA:383,0
DA:384,0
DA:388,0
DA:389,0
DA:391,0
DA:396,0
DA:397,0
DA:398,0
DA:399,0
DA:400,0
DA:401,0
DA:402,0
DA:405,0
DA:406,0
DA:407,0
DA:408,0
DA:409,0
DA:413,0
DA:414,0
DA:420,0
DA:421,0
DA:423,0
DA:428,0
DA:430,0
DA:431,0
DA:432,0
DA:433,0
DA:434,0
DA:435,0
DA:436,0
DA:439,0
DA:440,0
DA:441,0
DA:442,0
DA:443,0
DA:448,0
DA:449,0
DA:450,0
DA:457,0
DA:458,0
DA:459,0
DA:460,0
DA:465,0
DA:466,0
DA:467,0
DA:468,0
DA:469,0
DA:470,0
DA:471,0
DA:472,0
DA:473,0
DA:474,0
DA:475,0
DA:476,0
DA:478,0
DA:479,0
DA:481,0
DA:482,0
DA:484,0
DA:485,0
DA:494,0
DA:498,0
DA:499,0
DA:500,0
DA:505,0
DA:506,0
DA:507,0
DA:512,2
DA:522,0
DA:523,0
DA:524,0
DA:527,0
DA:528,0
DA:529,0
DA:532,0
DA:533,0
DA:534,0
DA:537,0
DA:538,0
DA:539,0
DA:544,0
DA:545,0
DA:546,0
DA:551,0
DA:552,0
DA:553,0
DA:558,0
DA:559,0
DA:560,0
DA:563,0
DA:564,0
DA:565,0
DA:572,0
DA:580,0
DA:581,0
DA:582,0
DA:583,0
DA:584,0
DA:585,0
DA:586,0
DA:587,0
DA:588,0
DA:589,0
DA:590,0
DA:591,0
DA:592,0
DA:593,0
DA:594,0
DA:595,0
DA:597,0
DA:598,0
DA:599,0
DA:600,0
DA:601,0
DA:602,0
DA:603,0
DA:604,0
DA:605,0
DA:606,0
DA:607,0
DA:608,0
DA:609,0
DA:610,0
DA:611,0
DA:612,0
DA:613,0
DA:615,0
DA:616,0
DA:617,0
DA:618,0
DA:619,0
DA:622,0
DA:623,0
DA:626,0
DA:627,0
DA:630,0
DA:631,0
DA:634,0
DA:635,0
DA:636,0
DA:640,0
DA:641,0
DA:642,0
DA:647,0
DA:648,0
DA:649,0
DA:650,0
DA:651,0
DA:654,0
DA:655,0
DA:658,0
DA:659,0
DA:662,0
DA:663,0
DA:666,0
DA:667,0
DA:668,0
DA:672,0
DA:673,0
DA:674,0
DA:685,0
DA:686,0
DA:690,0
DA:691,0
DA:703,0
DA:704,0
DA:706,0
DA:729,0
DA:730,0
DA:735,0
DA:736,0
DA:748,0
DA:749,0
DA:754,0
DA:755,0
DA:756,0
LF:372
LH:30
BRDA:67,0,0,0
BRDA:67,0,1,0
BRDA:67,1,0,0
BRDA:67,1,1,0
BRDA:69,2,0,0
BRDA:69,2,1,0
BRDA:72,3,0,0
BRDA:72,3,1,0
BRDA:72,4,0,0
BRDA:72,4,1,0
BRDA:91,5,0,0
BRDA:91,5,1,0
BRDA:99,6,0,0
BRDA:99,6,1,0
BRDA:99,7,0,0
BRDA:99,7,1,0
BRDA:99,7,2,0
BRDA:115,8,0,0
BRDA:115,8,1,0
BRDA:117,9,0,0
BRDA:117,9,1,0
BRDA:152,10,0,0
BRDA:152,10,1,0
BRDA:165,11,0,0
BRDA:165,11,1,0
BRDA:170,12,0,0
BRDA:170,12,1,0
BRDA:170,13,0,0
BRDA:170,13,1,0
BRDA:171,14,0,0
BRDA:171,14,1,0
BRDA:177,15,0,0
BRDA:177,15,1,0
BRDA:187,16,0,0
BRDA:187,16,1,0
BRDA:207,17,0,0
BRDA:207,17,1,0
BRDA:209,18,0,0
BRDA:209,18,1,0
BRDA:231,19,0,0
BRDA:231,19,1,0
BRDA:231,20,0,0
BRDA:231,20,1,0
BRDA:239,21,0,0
BRDA:239,21,1,0
BRDA:241,22,0,0
BRDA:241,22,1,0
BRDA:254,23,0,0
BRDA:254,23,1,0
BRDA:263,24,0,0
BRDA:263,24,1,0
BRDA:263,25,0,0
BRDA:263,25,1,0
BRDA:271,26,0,0
BRDA:271,26,1,0
BRDA:273,27,0,0
BRDA:273,27,1,0
BRDA:286,28,0,0
BRDA:286,28,1,0
BRDA:295,29,0,0
BRDA:295,29,1,0
BRDA:295,30,0,0
BRDA:295,30,1,0
BRDA:303,31,0,0
BRDA:303,31,1,0
BRDA:305,32,0,0
BRDA:305,32,1,0
BRDA:318,33,0,0
BRDA:318,33,1,0
BRDA:326,34,0,0
BRDA:326,34,1,0
BRDA:326,35,0,0
BRDA:326,35,1,0
BRDA:335,36,0,0
BRDA:335,36,1,0
BRDA:345,37,0,0
BRDA:345,37,1,0
BRDA:346,38,0,0
BRDA:346,38,1,0
BRDA:348,39,0,0
BRDA:348,39,1,0
BRDA:352,40,0,0
BRDA:352,40,1,0
BRDA:365,41,0,0
BRDA:365,41,1,0
BRDA:388,42,0,0
BRDA:388,42,1,0
BRDA:396,43,0,0
BRDA:396,43,1,0
BRDA:398,44,0,0
BRDA:398,44,1,0
BRDA:401,45,0,0
BRDA:401,45,1,0
BRDA:405,46,0,0
BRDA:405,46,1,0
BRDA:420,47,0,0
BRDA:420,47,1,0
BRDA:428,48,0,0
BRDA:428,48,1,0
BRDA:431,49,0,0
BRDA:431,49,1,0
BRDA:432,50,0,0
BRDA:432,50,1,0
BRDA:435,51,0,0
BRDA:435,51,1,0
BRDA:439,52,0,0
BRDA:439,52,1,0
BRDA:449,53,0,0
BRDA:449,53,1,0
BRDA:457,54,0,0
BRDA:457,54,1,0
BRDA:457,55,0,0
BRDA:457,55,1,0
BRDA:459,56,0,0
BRDA:459,56,1,0
BRDA:465,57,0,0
BRDA:465,57,1,0
BRDA:471,58,0,0
BRDA:471,58,1,0
BRDA:498,59,0,0
BRDA:498,59,1,0
BRDA:505,60,0,0
BRDA:505,60,1,0
BRDA:522,61,0,0
BRDA:522,61,1,0
BRDA:522,62,0,0
BRDA:522,62,1,0
BRDA:527,63,0,0
BRDA:527,63,1,0
BRDA:527,64,0,0
BRDA:527,64,1,0
BRDA:532,65,0,0
BRDA:532,65,1,0
BRDA:532,66,0,0
BRDA:532,66,1,0
BRDA:537,67,0,0
BRDA:537,67,1,0
BRDA:537,68,0,0
BRDA:537,68,1,0
BRDA:544,69,0,0
BRDA:544,69,1,0
BRDA:544,70,0,0
BRDA:544,70,1,0
BRDA:551,71,0,0
BRDA:551,71,1,0
BRDA:551,72,0,0
BRDA:551,72,1,0
BRDA:558,73,0,0
BRDA:558,73,1,0
BRDA:563,74,0,0
BRDA:563,74,1,0
BRDA:580,75,0,0
BRDA:580,75,1,0
BRDA:580,76,0,0
BRDA:580,76,1,0
BRDA:581,77,0,0
BRDA:581,77,1,0
BRDA:582,78,0,0
BRDA:582,78,1,0
BRDA:582,79,0,0
BRDA:582,79,1,0
BRDA:582,79,2,0
BRDA:584,80,0,0
BRDA:584,80,1,0
BRDA:584,81,0,0
BRDA:584,81,1,0
BRDA:584,81,2,0
BRDA:586,82,0,0
BRDA:586,82,1,0
BRDA:586,83,0,0
BRDA:586,83,1,0
BRDA:586,83,2,0
BRDA:588,84,0,0
BRDA:588,84,1,0
BRDA:588,85,0,0
BRDA:588,85,1,0
BRDA:590,86,0,0
BRDA:590,86,1,0
BRDA:590,87,0,0
BRDA:590,87,1,0
BRDA:593,88,0,0
BRDA:593,88,1,0
BRDA:593,89,0,0
BRDA:593,89,1,0
BRDA:597,90,0,0
BRDA:597,90,1,0
BRDA:600,91,0,0
BRDA:600,91,1,0
BRDA:600,92,0,0
BRDA:600,92,1,0
BRDA:600,92,2,0
BRDA:602,93,0,0
BRDA:602,93,1,0
BRDA:602,94,0,0
BRDA:602,94,1,0
BRDA:602,94,2,0
BRDA:604,95,0,0
BRDA:604,95,1,0
BRDA:604,96,0,0
BRDA:604,96,1,0
BRDA:604,96,2,0
BRDA:606,97,0,0
BRDA:606,97,1,0
BRDA:606,98,0,0
BRDA:606,98,1,0
BRDA:608,99,0,0
BRDA:608,99,1,0
BRDA:608,100,0,0
BRDA:608,100,1,0
BRDA:611,101,0,0
BRDA:611,101,1,0
BRDA:611,102,0,0
BRDA:611,102,1,0
BRDA:615,103,0,0
BRDA:615,103,1,0
BRDA:618,104,0,0
BRDA:618,104,1,0
BRDA:618,105,0,0
BRDA:618,105,1,0
BRDA:618,105,2,0
BRDA:622,106,0,0
BRDA:622,106,1,0
BRDA:622,107,0,0
BRDA:622,107,1,0
BRDA:622,107,2,0
BRDA:626,108,0,0
BRDA:626,108,1,0
BRDA:626,109,0,0
BRDA:626,109,1,0
BRDA:626,109,2,0
BRDA:630,110,0,0
BRDA:630,110,1,0
BRDA:630,111,0,0
BRDA:630,111,1,0
BRDA:634,112,0,0
BRDA:634,112,1,0
BRDA:634,113,0,0
BRDA:634,113,1,0
BRDA:640,114,0,0
BRDA:640,114,1,0
BRDA:640,115,0,0
BRDA:640,115,1,0
BRDA:647,116,0,0
BRDA:647,116,1,0
BRDA:650,117,0,0
BRDA:650,117,1,0
BRDA:650,118,0,0
BRDA:650,118,1,0
BRDA:650,118,2,0
BRDA:654,119,0,0
BRDA:654,119,1,0
BRDA:654,120,0,0
BRDA:654,120,1,0
BRDA:654,120,2,0
BRDA:658,121,0,0
BRDA:658,121,1,0
BRDA:658,122,0,0
BRDA:658,122,1,0
BRDA:658,122,2,0
BRDA:662,123,0,0
BRDA:662,123,1,0
BRDA:662,124,0,0
BRDA:662,124,1,0
BRDA:666,125,0,0
BRDA:666,125,1,0
BRDA:666,126,0,0
BRDA:666,126,1,0
BRDA:672,127,0,0
BRDA:672,127,1,0
BRDA:672,128,0,0
BRDA:672,128,1,0
BRDA:685,129,0,0
BRDA:685,129,1,0
BRDA:703,130,0,0
BRDA:703,130,1,0
BRDA:729,131,0,0
BRDA:729,131,1,0
BRDA:748,132,0,0
BRDA:748,132,1,0
BRDA:748,133,0,0
BRDA:748,133,1,0
BRDA:754,134,0,0
BRDA:754,134,1,0
BRF:283
BRH:0
end_of_record
TN:
SF:/Users/jasonpeterson/Documents/GitHub/project-video-and-messaging-web-app-steven-chang-hanzhang-wu-xiaoyan-su/Chat-App/client/src/components/PageNavbar.js
FN:5,(anonymous_0)
FN:14,(anonymous_1)
FN:20,(anonymous_2)
FN:42,(anonymous_3)
FNF:4
FNH:4
FNDA:2,(anonymous_0)
FNDA:2,(anonymous_1)
FNDA:6,(anonymous_2)
FNDA:8,(anonymous_3)
DA:6,2
DA:8,2
DA:15,2
DA:18,2
DA:20,2
DA:21,6
DA:22,2
DA:29,4
DA:37,2
DA:43,8
LF:10
LH:10
BRDA:21,0,0,2
BRDA:21,0,1,4
BRF:2
BRH:2
end_of_record
TN:
SF:/Users/jasonpeterson/Documents/GitHub/project-video-and-messaging-web-app-steven-chang-hanzhang-wu-xiaoyan-su/Chat-App/client/src/components/Participant.js
FN:3,(anonymous_0)
FN:10,(anonymous_1)
FN:12,(anonymous_2)
FN:13,(anonymous_3)
FN:15,(anonymous_4)
FN:19,(anonymous_5)
FN:21,(anonymous_6)
FN:23,(anonymous_7)
FN:27,(anonymous_8)
FN:29,(anonymous_9)
FN:29,(anonymous_10)
FN:31,(anonymous_11)
FN:31,(anonymous_12)
FN:38,(anonymous_13)
FN:45,(anonymous_14)
FN:49,(anonymous_15)
FN:55,(anonymous_16)
FN:59,(anonymous_17)
FNF:18
FNH:0
FNDA:0,(anonymous_0)
FNDA:0,(anonymous_1)
FNDA:0,(anonymous_2)
FNDA:0,(anonymous_3)
FNDA:0,(anonymous_4)
FNDA:0,(anonymous_5)
FNDA:0,(anonymous_6)
FNDA:0,(anonymous_7)
FNDA:0,(anonymous_8)
FNDA:0,(anonymous_9)
FNDA:0,(anonymous_10)
FNDA:0,(anonymous_11)
FNDA:0,(anonymous_12)
FNDA:0,(anonymous_13)
FNDA:0,(anonymous_14)
FNDA:0,(anonymous_15)
FNDA:0,(anonymous_16)
FNDA:0,(anonymous_17)
DA:3,1
DA:4,0
DA:5,0
DA:7,0
DA:8,0
DA:10,0
DA:11,0
DA:12,0
DA:13,0
DA:15,0
DA:16,0
DA:17,0
DA:19,0
DA:20,0
DA:21,0
DA:22,0
DA:23,0
DA:27,0
DA:28,0
DA:29,0
DA:30,0
DA:31,0
DA:35,0
DA:36,0
DA:38,0
DA:39,0
DA:40,0
DA:41,0
DA:45,0
DA:46,0
DA:47,0
DA:48,0
DA:49,0
DA:50,0
DA:55,0
DA:56,0
DA:57,0
DA:58,0
DA:59,0
DA:60,0
DA:65,0
LF:41
LH:1
BRDA:20,0,0,0
BRDA:20,0,1,0
BRDA:22,1,0,0
BRDA:22,1,1,0
BRDA:28,2,0,0
BRDA:28,2,1,0
BRDA:30,3,0,0
BRDA:30,3,1,0
BRDA:47,4,0,0
BRDA:47,4,1,0
BRDA:57,5,0,0
BRDA:57,5,1,0
BRF:12
BRH:0
end_of_record
TN:
SF:/Users/jasonpeterson/Documents/GitHub/project-video-and-messaging-web-app-steven-chang-hanzhang-wu-xiaoyan-su/Chat-App/client/src/components/Room.js
FN:5,(anonymous_0)
FN:9,(anonymous_1)
FN:10,(anonymous_2)
FN:11,(anonymous_3)
FN:14,(anonymous_4)
FN:15,(anonymous_5)
FN:16,(anonymous_6)
FN:25,setTime
FN:31,pad
FN:42,(anonymous_9)
FN:49,(anonymous_10)
FN:50,(anonymous_11)
FN:52,(anonymous_12)
FN:64,(anonymous_13)
FNF:14
FNH:0
FNDA:0,(anonymous_0)
FNDA:0,(anonymous_1)
FNDA:0,(anonymous_2)
FNDA:0,(anonymous_3)
FNDA:0,(anonymous_4)
FNDA:0,(anonymous_5)
FNDA:0,(anonymous_6)
FNDA:0,setTime
FNDA:0,pad
FNDA:0,(anonymous_9)
FNDA:0,(anonymous_10)
FNDA:0,(anonymous_11)
FNDA:0,(anonymous_12)
FNDA:0,(anonymous_13)
DA:5,1
DA:6,0
DA:7,0
DA:9,0
DA:10,0
DA:11,0
DA:14,0
DA:15,0
DA:16,0
DA:20,0
DA:21,0
DA:22,0
DA:23,0
DA:26,0
DA:27,0
DA:28,0
DA:32,0
DA:33,0
DA:34,0
DA:36,0
DA:40,0
DA:43,0
DA:44,0
DA:45,0
DA:46,0
DA:49,0
DA:50,0
DA:51,0
DA:52,0
DA:53,0
DA:55,0
DA:56,0
DA:58,0
DA:64,0
DA:65,0
DA:68,0
LF:36
LH:1
BRDA:33,0,0,0
BRDA:33,0,1,0
BRDA:51,1,0,0
BRDA:51,1,1,0
BRDA:51,2,0,0
BRDA:51,2,1,0
BRDA:75,3,0,0
BRDA:75,3,1,0
BRF:8
BRH:0
end_of_record
TN:
SF:/Users/jasonpeterson/Documents/GitHub/project-video-and-messaging-web-app-steven-chang-hanzhang-wu-xiaoyan-su/Chat-App/client/src/components/Statuses.js
FN:8,(anonymous_0)
FN:18,(anonymous_1)
FN:20,(anonymous_2)
FN:36,(anonymous_3)
FN:43,(anonymous_4)
FN:53,(anonymous_5)
FNF:6
FNH:0
FNDA:0,(anonymous_0)
FNDA:0,(anonymous_1)
FNDA:0,(anonymous_2)
FNDA:0,(anonymous_3)
FNDA:0,(anonymous_4)
FNDA:0,(anonymous_5)
DA:9,0
DA:11,0
DA:19,0
DA:22,0
DA:23,0
DA:24,0
DA:25,0
DA:26,0
DA:27,0
DA:29,0
DA:37,0
DA:40,0
DA:44,0
DA:54,0
DA:55,0
DA:63,0
DA:64,0
DA:65,0
DA:66,0
LF:19
LH:0
BRDA:54,0,0,0
BRDA:54,0,1,0
BRF:2
BRH:0
end_of_record
TN:
SF:/Users/jasonpeterson/Documents/GitHub/project-video-and-messaging-web-app-steven-chang-hanzhang-wu-xiaoyan-su/Chat-App/client/src/components/UserProfile.js
FN:9,(anonymous_0)
FN:25,(anonymous_1)
FN:31,(anonymous_2)
FN:31,(anonymous_3)
FN:44,(anonymous_4)
FN:53,(anonymous_5)
FN:59,(anonymous_6)
FN:77,(anonymous_7)
FN:78,(anonymous_8)
FN:89,(anonymous_9)
FN:99,(anonymous_10)
FN:117,(anonymous_11)
FN:124,(anonymous_12)
FN:134,(anonymous_13)
FN:138,(anonymous_14)
FNF:15
FNH:3
FNDA:1,(anonymous_0)
FNDA:1,(anonymous_1)
FNDA:0,(anonymous_2)
FNDA:0,(anonymous_3)
FNDA:0,(anonymous_4)
FNDA:0,(anonymous_5)
FNDA:0,(anonymous_6)
FNDA:0,(anonymous_7)
FNDA:0,(anonymous_8)
FNDA:0,(anonymous_9)
FNDA:0,(anonymous_10)
FNDA:0,(anonymous_11)
FNDA:0,(anonymous_12)
FNDA:0,(anonymous_13)
FNDA:2,(anonymous_14)
DA:10,1
DA:12,1
DA:18,1
DA:19,1
DA:20,1
DA:21,1
DA:22,1
DA:26,1
DA:29,1
DA:31,0
DA:32,0
DA:33,0
DA:34,0
DA:35,0
DA:37,0
DA:45,0
DA:46,0
DA:47,0
DA:48,0
DA:49,0
DA:51,0
DA:54,0
DA:59,1
DA:60,0
DA:61,0
DA:62,0
DA:63,0
DA:71,0
DA:72,0
DA:73,0
DA:74,0
DA:77,0
DA:79,0
DA:80,0
DA:83,0
DA:90,0
DA:91,0
DA:92,0
DA:93,0
DA:94,0
DA:95,0
DA:97,0
DA:100,0
DA:101,0
DA:102,0
DA:103,0
DA:104,0
DA:105,0
DA:106,0
DA:107,0
DA:108,0
DA:109,0
DA:110,0
DA:111,0
DA:118,0
DA:119,0
DA:120,0
DA:122,0
DA:125,0
DA:126,0
DA:128,0
DA:135,0
DA:139,2
LF:63
LH:11
BRDA:32,0,0,0
BRDA:32,0,1,0
BRDA:34,1,0,0
BRDA:34,1,1,0
BRDA:48,2,0,0
BRDA:48,2,1,0
BRDA:48,3,0,0
BRDA:48,3,1,0
BRDA:63,4,0,0
BRDA:63,4,1,0
BRDA:63,5,0,0
BRDA:63,5,1,0
BRDA:79,6,0,0
BRDA:79,6,1,0
BRDA:94,7,0,0
BRDA:94,7,1,0
BRDA:100,8,0,0
BRDA:100,8,1,0
BRDA:102,9,0,0
BRDA:102,9,1,0
BRDA:104,10,0,0
BRDA:104,10,1,0
BRDA:106,11,0,0
BRDA:106,11,1,0
BRDA:108,12,0,0
BRDA:108,12,1,0
BRDA:110,13,0,0
BRDA:110,13,1,0
BRDA:119,14,0,0
BRDA:119,14,1,0
BRDA:125,15,0,0
BRDA:125,15,1,0
BRF:32
BRH:0
end_of_record
TN:
SF:/Users/jasonpeterson/Documents/GitHub/project-video-and-messaging-web-app-steven-chang-hanzhang-wu-xiaoyan-su/Chat-App/client/src/components/VideoChat.js
FN:6,(anonymous_0)
FN:36,(anonymous_1)
FN:40,(anonymous_2)
FN:45,(anonymous_3)
FN:56,(anonymous_4)
FN:62,(anonymous_5)
FNF:6
FNH:0
FNDA:0,(anonymous_0)
FNDA:0,(anonymous_1)
FNDA:0,(anonymous_2)
FNDA:0,(anonymous_3)
FNDA:0,(anonymous_4)
FNDA:0,(anonymous_5)
DA:6,1
DA:7,0
DA:8,0
DA:9,0
DA:36,0
DA:37,0
DA:40,0
DA:41,0
DA:44,0
DA:47,0
DA:56,0
DA:57,0
DA:62,0
DA:63,0
DA:67,0
DA:68,0
DA:72,0
DA:82,0
LF:18
LH:1
BRDA:67,0,0,0
BRDA:67,0,1,0
BRF:2
BRH:0
end_of_record
TN:
SF:/Users/jasonpeterson/Documents/GitHub/project-video-and-messaging-web-app-steven-chang-hanzhang-wu-xiaoyan-su/Chat-App/client/src/components/url.js
FNF:0
FNH:0
DA:1,3
DA:7,3
DA:13,3
LF:3
LH:3
BRDA:13,0,0,0
BRDA:13,0,1,3
BRF:2
BRH:1
end_of_record
